Log file open, 06/12/19 14:22:10
LogWindows: Failed to load 'aqProf.dll' (GetLastError=126)
LogWindows: File 'aqProf.dll' does not exist
LogWindows: Failed to load 'VtuneApi.dll' (GetLastError=126)
LogWindows: File 'VtuneApi.dll' does not exist
LogWindows: Failed to load 'VtuneApi32e.dll' (GetLastError=126)
LogWindows: File 'VtuneApi32e.dll' does not exist
LogConsoleResponse: Display: Failed to find resolution value strings in scalability ini. Falling back to default.
LogInit: Display: Running engine for game: Prototype4
LogPakFile: Registered encryption key '00000000000000000000000000000000': 0 pak files mounted, 0 remain pending
LogPlatformFile: Not using cached read wrapper
LogTaskGraph: Started task graph with 5 named threads and 23 total threads with 3 sets of task threads.
LogStats: Stats thread started at 0.323563
LogD3D11RHI: Loaded GFSDK_Aftermath_Lib.x64.dll
LogICUInternationalization: ICU TimeZone Detection - Raw Offset: +12:00, Platform Override: ''
LogPluginManager: Mounting plugin Paper2D
LogPluginManager: Mounting plugin AISupport
LogPluginManager: Mounting plugin LightPropagationVolume
LogPluginManager: Mounting plugin ActorLayerUtilities
LogPluginManager: Mounting plugin AnimationSharing
LogPluginManager: Mounting plugin CLionSourceCodeAccess
LogPluginManager: Mounting plugin CodeLiteSourceCodeAccess
LogPluginManager: Mounting plugin ConcertFrontend
LogPluginManager: Mounting plugin ConcertMain
LogPluginManager: Mounting plugin ConcertSyncClient
LogPluginManager: Mounting plugin ConcertSyncCore
LogPluginManager: Found config from plugin[ConcertSyncCore] D:/P4/Prototype4/Saved/Config/Windows/Engine.ini
LogPluginManager: Mounting plugin GitSourceControl
LogPluginManager: Mounting plugin KDevelopSourceCodeAccess
LogPluginManager: Mounting plugin NullSourceCodeAccess
LogPluginManager: Mounting plugin PerforceSourceControl
LogPluginManager: Mounting plugin SubversionSourceControl
LogPluginManager: Mounting plugin UObjectPlugin
LogPluginManager: Mounting plugin VisualStudioCodeSourceCodeAccess
LogPluginManager: Mounting plugin VisualStudioSourceCodeAccess
LogPluginManager: Mounting plugin XCodeSourceCodeAccess
LogPluginManager: Mounting plugin AssetManagerEditor
LogPluginManager: Mounting plugin CryptoKeys
LogPluginManager: Mounting plugin DataValidation
LogPluginManager: Mounting plugin FacialAnimation
LogPluginManager: Mounting plugin GameplayTagsEditor
LogPluginManager: Mounting plugin MacGraphicsSwitching
LogPluginManager: Mounting plugin MaterialAnalyzer
LogPluginManager: Mounting plugin MobileLauncherProfileWizard
LogPluginManager: Mounting plugin PluginBrowser
LogPluginManager: Mounting plugin SpeedTreeImporter
LogPluginManager: Mounting plugin DatasmithContent
LogPluginManager: Mounting plugin VariantManagerContent
LogPluginManager: Mounting plugin AlembicImporter
LogPluginManager: Mounting plugin AppleImageUtils
LogPluginManager: Mounting plugin AppleVision
LogPluginManager: Mounting plugin BackChannel
LogPluginManager: Mounting plugin CharacterAI
LogPluginManager: Mounting plugin GeometryCache
LogPluginManager: Mounting plugin HTML5Networking
LogPluginManager: Mounting plugin ProxyLODPlugin
LogPluginManager: Mounting plugin SkeletalReduction
LogPluginManager: Mounting plugin MagicLeap
LogPluginManager: Mounting plugin MagicLeapMedia
LogPluginManager: Mounting plugin AndroidMedia
LogPluginManager: Mounting plugin AvfMedia
LogPluginManager: Mounting plugin ImgMedia
LogPluginManager: Mounting plugin LinearTimecode
LogPluginManager: Mounting plugin MediaCompositing
LogPluginManager: Mounting plugin MediaPlayerEditor
LogPluginManager: Mounting plugin WebMMedia
LogPluginManager: Mounting plugin WmfMedia
LogPluginManager: Mounting plugin TcpMessaging
LogPluginManager: Mounting plugin UdpMessaging
LogPluginManager: Mounting plugin ActorSequence
LogPluginManager: Mounting plugin LevelSequenceEditor
LogPluginManager: Mounting plugin MatineeToLevelSequence
LogPluginManager: Mounting plugin NetcodeUnitTest
LogPluginManager: Mounting plugin NUTUnrealEngine4
LogPluginManager: Mounting plugin OnlineSubsystemGooglePlay
LogPluginManager: Mounting plugin OnlineSubsystemIOS
LogPluginManager: Mounting plugin OnlineSubsystem
LogPluginManager: Mounting plugin OnlineSubsystemNull
LogPluginManager: Mounting plugin OnlineSubsystemUtils
LogPluginManager: Mounting plugin LauncherChunkInstaller
LogPluginManager: Mounting plugin AndroidDeviceProfileSelector
LogPluginManager: Mounting plugin AndroidMoviePlayer
LogPluginManager: Mounting plugin AndroidPermission
LogPluginManager: Mounting plugin AppleMoviePlayer
LogPluginManager: Mounting plugin ArchVisCharacter
LogPluginManager: Mounting plugin AudioCapture
LogPluginManager: Mounting plugin CableComponent
LogPluginManager: Mounting plugin CustomMeshComponent
LogPluginManager: Mounting plugin EditableMesh
LogPluginManager: Mounting plugin ExampleDeviceProfileSelector
LogPluginManager: Mounting plugin Firebase
LogPluginManager: Mounting plugin GoogleCloudMessaging
LogPluginManager: Mounting plugin IOSDeviceProfileSelector
LogPluginManager: Mounting plugin LinuxDeviceProfileSelector
LogPluginManager: Mounting plugin LocationServicesBPLibrary
LogPluginManager: Mounting plugin MobilePatchingUtils
LogPluginManager: Mounting plugin OculusVR
LogPluginManager: Mounting plugin PhysXVehicles
LogPluginManager: Mounting plugin ProceduralMeshComponent
LogPluginManager: Mounting plugin RuntimePhysXCooking
LogPluginManager: Mounting plugin SignificanceManager
LogPluginManager: Mounting plugin SteamVR
LogPluginManager: Mounting plugin WebMMoviePlayer
LogPluginManager: Mounting plugin WindowsMoviePlayer
LogInit: Using libcurl 7.55.1-DEV
LogInit:  - built for x86_64-pc-win32
LogInit:  - supports SSL with OpenSSL/1.1.1
LogInit:  - supports HTTP deflate (compression) using libz 1.2.8
LogInit:  - other features:
LogInit:      CURL_VERSION_SSL
LogInit:      CURL_VERSION_LIBZ
LogInit:      CURL_VERSION_IPV6
LogInit:      CURL_VERSION_ASYNCHDNS
LogInit:      CURL_VERSION_LARGEFILE
LogInit:      CURL_VERSION_IDN
LogInit:  CurlRequestOptions (configurable via config and command line):
LogInit:  - bVerifyPeer = true  - Libcurl will verify peer certificate
LogInit:  - bUseHttpProxy = false  - Libcurl will NOT use HTTP proxy
LogInit:  - bDontReuseConnections = false  - Libcurl will reuse connections
LogInit:  - MaxHostConnections = 16  - Libcurl will limit the number of connections to a host
LogInit:  - LocalHostAddr = Default
LogInit:  - BufferSize = 65536
LogInit: WinSock: version 1.1 (2.2), MaxSocks=32767, MaxUdp=65467
LogHMD: Failed initializing OVRPlugin 1.32.0
LogInit: Build: ++UE4+Release-4.22-CL-6574378
LogInit: Engine Version: 4.22.2-6574378+++UE4+Release-4.22
LogInit: Compatible Engine Version: 4.22.0-5660361+++UE4+Release-4.22
LogInit: Net CL: 5660361
LogInit: OS: Windows 10 (Release 1803) (), CPU: Intel(R) Core(TM) i7-4770 CPU @ 3.40GHz, GPU: NVIDIA GeForce GTX 760
LogInit: Compiled (64-bit): May 20 2019 09:54:56
LogInit: Compiled with Visual C++: 19.16.27025.01
LogInit: Build Configuration: Development
LogInit: Branch Name: ++UE4+Release-4.22
LogInit: Command Line: 
LogInit: Base Directory: C:/Program Files/Epic Games/UE_4.22/Engine/Binaries/Win64/
LogInit: Installed Engine Build: 1
LogDevObjectVersion: Number of dev versions registered: 23
LogDevObjectVersion:   Dev-Blueprints (B0D832E4-1F89-4F0D-ACCF-7EB736FD4AA2): 10
LogDevObjectVersion:   Dev-Build (E1C64328-A22C-4D53-A36C-8E866417BD8C): 0
LogDevObjectVersion:   Dev-Core (375EC13C-06E4-48FB-B500-84F0262A717E): 3
LogDevObjectVersion:   Dev-Editor (E4B068ED-F494-42E9-A231-DA0B2E46BB41): 30
LogDevObjectVersion:   Dev-Framework (CFFC743F-43B0-4480-9391-14DF171D2073): 35
LogDevObjectVersion:   Dev-Mobile (B02B49B5-BB20-44E9-A304-32B752E40360): 2
LogDevObjectVersion:   Dev-Networking (A4E4105C-59A1-49B5-A7C5-40C4547EDFEE): 0
LogDevObjectVersion:   Dev-Online (39C831C9-5AE6-47DC-9A44-9C173E1C8E7C): 0
LogDevObjectVersion:   Dev-Physics (78F01B33-EBEA-4F98-B9B4-84EACCB95AA2): 0
LogDevObjectVersion:   Dev-Platform (6631380F-2D4D-43E0-8009-CF276956A95A): 0
LogDevObjectVersion:   Dev-Rendering (12F88B9F-8875-4AFC-A67C-D90C383ABD29): 28
LogDevObjectVersion:   Dev-Sequencer (7B5AE74C-D270-4C10-A958-57980B212A5A): 11
LogDevObjectVersion:   Dev-VR (D7296918-1DD6-4BDD-9DE2-64A83CC13884): 2
LogDevObjectVersion:   Dev-LoadTimes (C2A15278-BFE7-4AFE-6C17-90FF531DF755): 1
LogDevObjectVersion:   Private-Geometry (6EACA3D4-40EC-4CC1-B786-8BED09428FC5): 3
LogDevObjectVersion:   Dev-AnimPhys (29E575DD-E0A3-4627-9D10-D276232CDCEA): 17
LogDevObjectVersion:   Dev-Anim (AF43A65D-7FD3-4947-9873-3E8ED9C1BB05): 2
LogDevObjectVersion:   Dev-ReflectionCapture (6B266CEC-1EC7-4B8F-A30B-E4D90942FC07): 1
LogDevObjectVersion:   Dev-Automation (0DF73D61-A23F-47EA-B727-89E90C41499A): 1
LogDevObjectVersion:   FortniteMain (601D1886-AC64-4F84-AA16-D3DE0DEAC7D6): 25
LogDevObjectVersion:   Dev-Enterprise (9DFFBCD6-494F-0158-E221-12823C92A888): 6
LogDevObjectVersion:   Dev-Niagara (F2AED0AC-9AFE-416F-8664-AA7FFA26D6FC): 1
LogDevObjectVersion:   Dev-Destruction (174F1F0B-B4C6-45A5-B13F-2EE8D0FB917D): 2
LogInit: Presizing for max 16777216 objects, including 0 objects not considered by GC, pre-allocating 0 bytes for permanent pool.
LogInit: Object subsystem initialized
LogConfig: Setting CVar [[con.DebugEarlyDefault:1]]
LogConfig: Setting CVar [[r.setres:1280x720]]
[2019.06.12-02.22.10:645][  0]LogConfig: Setting CVar [[r.VSync:0]]
[2019.06.12-02.22.10:645][  0]LogConfig: Setting CVar [[r.RHICmdBypass:0]]
[2019.06.12-02.22.10:645][  0]LogConfig: Applying CVar settings from Section [/Script/Engine.RendererSettings] File [D:/P4/Prototype4/Saved/Config/Windows/Engine.ini]
[2019.06.12-02.22.10:645][  0]LogConfig: Setting CVar [[r.GPUCrashDebugging:0]]
[2019.06.12-02.22.10:645][  0]LogConfig: Setting CVar [[r.DefaultFeature.AutoExposure:0]]
[2019.06.12-02.22.10:646][  0]LogConfig: Applying CVar settings from Section [/Script/Engine.RendererOverrideSettings] File [D:/P4/Prototype4/Saved/Config/Windows/Engine.ini]
[2019.06.12-02.22.10:646][  0]LogConfig: Applying CVar settings from Section [/Script/Engine.StreamingSettings] File [D:/P4/Prototype4/Saved/Config/Windows/Engine.ini]
[2019.06.12-02.22.10:646][  0]LogConfig: Setting CVar [[s.MinBulkDataSizeForAsyncLoading:131072]]
[2019.06.12-02.22.10:646][  0]LogConfig: Setting CVar [[s.AsyncLoadingThreadEnabled:0]]
[2019.06.12-02.22.10:646][  0]LogConfig: Setting CVar [[s.EventDrivenLoaderEnabled:1]]
[2019.06.12-02.22.10:646][  0]LogConfig: Setting CVar [[s.WarnIfTimeLimitExceeded:0]]
[2019.06.12-02.22.10:646][  0]LogConfig: Setting CVar [[s.TimeLimitExceededMultiplier:1.5]]
[2019.06.12-02.22.10:646][  0]LogConfig: Setting CVar [[s.TimeLimitExceededMinTime:0.005]]
[2019.06.12-02.22.10:646][  0]LogConfig: Setting CVar [[s.UseBackgroundLevelStreaming:1]]
[2019.06.12-02.22.10:646][  0]LogConfig: Setting CVar [[s.PriorityAsyncLoadingExtraTime:15.0]]
[2019.06.12-02.22.10:646][  0]LogConfig: Setting CVar [[s.LevelStreamingActorsUpdateTimeLimit:5.0]]
[2019.06.12-02.22.10:646][  0]LogConfig: Setting CVar [[s.PriorityLevelStreamingActorsUpdateExtraTime:5.0]]
[2019.06.12-02.22.10:646][  0]LogConfig: Setting CVar [[s.LevelStreamingComponentsRegistrationGranularity:10]]
[2019.06.12-02.22.10:646][  0]LogConfig: Setting CVar [[s.UnregisterComponentsTimeLimit:1.0]]
[2019.06.12-02.22.10:646][  0]LogConfig: Setting CVar [[s.LevelStreamingComponentsUnregistrationGranularity:5]]
[2019.06.12-02.22.10:646][  0]LogConfig: Applying CVar settings from Section [/Script/Engine.GarbageCollectionSettings] File [D:/P4/Prototype4/Saved/Config/Windows/Engine.ini]
[2019.06.12-02.22.10:646][  0]LogConfig: Setting CVar [[gc.MaxObjectsNotConsideredByGC:1]]
[2019.06.12-02.22.10:646][  0]LogConfig: Setting CVar [[gc.SizeOfPermanentObjectPool:0]]
[2019.06.12-02.22.10:646][  0]LogConfig: Setting CVar [[gc.FlushStreamingOnGC:0]]
[2019.06.12-02.22.10:646][  0]LogConfig: Setting CVar [[gc.NumRetriesBeforeForcingGC:10]]
[2019.06.12-02.22.10:646][  0]LogConfig: Setting CVar [[gc.AllowParallelGC:1]]
[2019.06.12-02.22.10:646][  0]LogConfig: Setting CVar [[gc.TimeBetweenPurgingPendingKillObjects:61.1]]
[2019.06.12-02.22.10:646][  0]LogConfig: Setting CVar [[gc.MaxObjectsInEditor:16777216]]
[2019.06.12-02.22.10:646][  0]LogConfig: Setting CVar [[gc.IncrementalBeginDestroyEnabled:1]]
[2019.06.12-02.22.10:646][  0]LogConfig: Setting CVar [[gc.CreateGCClusters:1]]
[2019.06.12-02.22.10:646][  0]LogConfig: Setting CVar [[gc.MinGCClusterSize:5]]
[2019.06.12-02.22.10:646][  0]LogConfig: Setting CVar [[gc.ActorClusteringEnabled:0]]
[2019.06.12-02.22.10:646][  0]LogConfig: Setting CVar [[gc.BlueprintClusteringEnabled:0]]
[2019.06.12-02.22.10:646][  0]LogConfig: Setting CVar [[gc.UseDisregardForGCOnDedicatedServers:0]]
[2019.06.12-02.22.10:646][  0]LogConfig: Applying CVar settings from Section [/Script/Engine.NetworkSettings] File [D:/P4/Prototype4/Saved/Config/Windows/Engine.ini]
[2019.06.12-02.22.10:646][  0]LogConfig: Applying CVar settings from Section [/Script/UnrealEd.CookerSettings] File [D:/P4/Prototype4/Saved/Config/Windows/Engine.ini]
[2019.06.12-02.22.10:652][  0]LogConfig: Applying CVar settings from Section [ViewDistanceQuality@3] File [D:/P4/Prototype4/Saved/Config/Windows/Scalability.ini]
[2019.06.12-02.22.10:652][  0]LogConfig: Setting CVar [[r.SkeletalMeshLODBias:0]]
[2019.06.12-02.22.10:652][  0]LogConfig: Setting CVar [[r.ViewDistanceScale:1.0]]
[2019.06.12-02.22.10:652][  0]LogConfig: Applying CVar settings from Section [AntiAliasingQuality@3] File [D:/P4/Prototype4/Saved/Config/Windows/Scalability.ini]
[2019.06.12-02.22.10:652][  0]LogConfig: Setting CVar [[r.PostProcessAAQuality:4]]
[2019.06.12-02.22.10:652][  0]LogConfig: Applying CVar settings from Section [ShadowQuality@3] File [D:/P4/Prototype4/Saved/Config/Windows/Scalability.ini]
[2019.06.12-02.22.10:652][  0]LogConfig: Setting CVar [[r.LightFunctionQuality:1]]
[2019.06.12-02.22.10:652][  0]LogConfig: Setting CVar [[r.ShadowQuality:5]]
[2019.06.12-02.22.10:652][  0]LogConfig: Setting CVar [[r.Shadow.CSM.MaxCascades:10]]
[2019.06.12-02.22.10:652][  0]LogConfig: Setting CVar [[r.Shadow.MaxResolution:2048]]
[2019.06.12-02.22.10:652][  0]LogConfig: Setting CVar [[r.Shadow.MaxCSMResolution:2048]]
[2019.06.12-02.22.10:652][  0]LogConfig: Setting CVar [[r.Shadow.RadiusThreshold:0.01]]
[2019.06.12-02.22.10:652][  0]LogConfig: Setting CVar [[r.Shadow.DistanceScale:1.0]]
[2019.06.12-02.22.10:652][  0]LogConfig: Setting CVar [[r.Shadow.CSM.TransitionScale:1.0]]
[2019.06.12-02.22.10:652][  0]LogConfig: Setting CVar [[r.Shadow.PreShadowResolutionFactor:1.0]]
[2019.06.12-02.22.10:652][  0]LogConfig: Setting CVar [[r.DistanceFieldShadowing:1]]
[2019.06.12-02.22.10:652][  0]LogConfig: Setting CVar [[r.DistanceFieldAO:1]]
[2019.06.12-02.22.10:652][  0]LogConfig: Setting CVar [[r.AOQuality:2]]
[2019.06.12-02.22.10:652][  0]LogConfig: Setting CVar [[r.VolumetricFog:1]]
[2019.06.12-02.22.10:652][  0]LogConfig: Setting CVar [[r.VolumetricFog.GridPixelSize:8]]
[2019.06.12-02.22.10:652][  0]LogConfig: Setting CVar [[r.VolumetricFog.GridSizeZ:128]]
[2019.06.12-02.22.10:652][  0]LogConfig: Setting CVar [[r.VolumetricFog.HistoryMissSupersampleCount:4]]
[2019.06.12-02.22.10:652][  0]LogConfig: Setting CVar [[r.LightMaxDrawDistanceScale:1]]
[2019.06.12-02.22.10:652][  0]LogConfig: Setting CVar [[r.CapsuleShadows:1]]
[2019.06.12-02.22.10:652][  0]LogConfig: Applying CVar settings from Section [PostProcessQuality@3] File [D:/P4/Prototype4/Saved/Config/Windows/Scalability.ini]
[2019.06.12-02.22.10:652][  0]LogConfig: Setting CVar [[r.MotionBlurQuality:4]]
[2019.06.12-02.22.10:652][  0]LogConfig: Setting CVar [[r.AmbientOcclusionMipLevelFactor:0.4]]
[2019.06.12-02.22.10:652][  0]LogConfig: Setting CVar [[r.AmbientOcclusionMaxQuality:100]]
[2019.06.12-02.22.10:652][  0]LogConfig: Setting CVar [[r.AmbientOcclusionLevels:-1]]
[2019.06.12-02.22.10:652][  0]LogConfig: Setting CVar [[r.AmbientOcclusionRadiusScale:1.0]]
[2019.06.12-02.22.10:652][  0]LogConfig: Setting CVar [[r.DepthOfFieldQuality:2]]
[2019.06.12-02.22.10:652][  0]LogConfig: Setting CVar [[r.RenderTargetPoolMin:400]]
[2019.06.12-02.22.10:652][  0]LogConfig: Setting CVar [[r.LensFlareQuality:2]]
[2019.06.12-02.22.10:653][  0]LogConfig: Setting CVar [[r.SceneColorFringeQuality:1]]
[2019.06.12-02.22.10:653][  0]LogConfig: Setting CVar [[r.EyeAdaptationQuality:2]]
[2019.06.12-02.22.10:653][  0]LogConfig: Setting CVar [[r.BloomQuality:5]]
[2019.06.12-02.22.10:653][  0]LogConfig: Setting CVar [[r.FastBlurThreshold:100]]
[2019.06.12-02.22.10:653][  0]LogConfig: Setting CVar [[r.Upscale.Quality:3]]
[2019.06.12-02.22.10:653][  0]LogConfig: Setting CVar [[r.Tonemapper.GrainQuantization:1]]
[2019.06.12-02.22.10:653][  0]LogConfig: Setting CVar [[r.LightShaftQuality:1]]
[2019.06.12-02.22.10:653][  0]LogConfig: Setting CVar [[r.Filter.SizeScale:1]]
[2019.06.12-02.22.10:653][  0]LogConfig: Setting CVar [[r.Tonemapper.Quality:5]]
[2019.06.12-02.22.10:653][  0]LogConfig: Setting CVar [[r.DOF.Gather.AccumulatorQuality:1        ; higher gathering accumulator quality]]
[2019.06.12-02.22.10:653][  0]LogConfig: Setting CVar [[r.DOF.Gather.PostfilterMethod:1          ; Median3x3 postfilering method]]
[2019.06.12-02.22.10:653][  0]LogConfig: Setting CVar [[r.DOF.Gather.EnableBokehSettings:0       ; no bokeh simulation when gathering]]
[2019.06.12-02.22.10:653][  0]LogConfig: Setting CVar [[r.DOF.Gather.RingCount:4                 ; medium number of samples when gathering]]
[2019.06.12-02.22.10:653][  0]LogConfig: Setting CVar [[r.DOF.Scatter.ForegroundCompositing:1    ; additive foreground scattering]]
[2019.06.12-02.22.10:653][  0]LogConfig: Setting CVar [[r.DOF.Scatter.BackgroundCompositing:2    ; additive background scattering]]
[2019.06.12-02.22.10:653][  0]LogConfig: Setting CVar [[r.DOF.Scatter.EnableBokehSettings:1      ; bokeh simulation when scattering]]
[2019.06.12-02.22.10:653][  0]LogConfig: Setting CVar [[r.DOF.Scatter.MaxSpriteRatio:0.1         ; only a maximum of 10% of scattered bokeh]]
[2019.06.12-02.22.10:653][  0]LogConfig: Setting CVar [[r.DOF.Recombine.Quality:1                ; cheap slight out of focus]]
[2019.06.12-02.22.10:653][  0]LogConfig: Setting CVar [[r.DOF.Recombine.EnableBokehSettings:0    ; no bokeh simulation on slight out of focus]]
[2019.06.12-02.22.10:653][  0]LogConfig: Setting CVar [[r.DOF.TemporalAAQuality:1                ; more stable temporal accumulation]]
[2019.06.12-02.22.10:653][  0]LogConfig: Setting CVar [[r.DOF.Kernel.MaxForegroundRadius:0.025]]
[2019.06.12-02.22.10:653][  0]LogConfig: Setting CVar [[r.DOF.Kernel.MaxBackgroundRadius:0.025]]
[2019.06.12-02.22.10:653][  0]LogConfig: Applying CVar settings from Section [TextureQuality@3] File [D:/P4/Prototype4/Saved/Config/Windows/Scalability.ini]
[2019.06.12-02.22.10:653][  0]LogConfig: Setting CVar [[r.Streaming.MipBias:0]]
[2019.06.12-02.22.10:653][  0]LogConfig: Setting CVar [[r.Streaming.AmortizeCPUToGPUCopy:0]]
[2019.06.12-02.22.10:653][  0]LogConfig: Setting CVar [[r.Streaming.MaxNumTexturesToStreamPerFrame:0]]
[2019.06.12-02.22.10:653][  0]LogConfig: Setting CVar [[r.Streaming.Boost:1]]
[2019.06.12-02.22.10:653][  0]LogConfig: Setting CVar [[r.MaxAnisotropy:8]]
[2019.06.12-02.22.10:653][  0]LogConfig: Setting CVar [[r.Streaming.LimitPoolSizeToVRAM:0]]
[2019.06.12-02.22.10:653][  0]LogConfig: Setting CVar [[r.Streaming.PoolSize:1000]]
[2019.06.12-02.22.10:653][  0]LogConfig: Setting CVar [[r.Streaming.MaxEffectiveScreenSize:0]]
[2019.06.12-02.22.10:653][  0]LogConfig: Applying CVar settings from Section [EffectsQuality@3] File [D:/P4/Prototype4/Saved/Config/Windows/Scalability.ini]
[2019.06.12-02.22.10:653][  0]LogConfig: Setting CVar [[r.TranslucencyLightingVolumeDim:64]]
[2019.06.12-02.22.10:653][  0]LogConfig: Setting CVar [[r.RefractionQuality:2]]
[2019.06.12-02.22.10:653][  0]LogConfig: Setting CVar [[r.SSR.Quality:3]]
[2019.06.12-02.22.10:653][  0]LogConfig: Setting CVar [[r.SceneColorFormat:4]]
[2019.06.12-02.22.10:653][  0]LogConfig: Setting CVar [[r.DetailMode:2]]
[2019.06.12-02.22.10:653][  0]LogConfig: Setting CVar [[r.TranslucencyVolumeBlur:1]]
[2019.06.12-02.22.10:653][  0]LogConfig: Setting CVar [[r.MaterialQualityLevel:1 ; High quality]]
[2019.06.12-02.22.10:653][  0]LogConfig: Setting CVar [[r.SSS.Scale:1]]
[2019.06.12-02.22.10:653][  0]LogConfig: Setting CVar [[r.SSS.SampleSet:2]]
[2019.06.12-02.22.10:653][  0]LogConfig: Setting CVar [[r.SSS.Quality:1]]
[2019.06.12-02.22.10:653][  0]LogConfig: Setting CVar [[r.SSS.HalfRes:1]]
[2019.06.12-02.22.10:653][  0]LogConfig: Setting CVar [[r.EmitterSpawnRateScale:1.0]]
[2019.06.12-02.22.10:653][  0]LogConfig: Setting CVar [[r.ParticleLightQuality:2]]
[2019.06.12-02.22.10:653][  0]LogConfig: Applying CVar settings from Section [FoliageQuality@3] File [D:/P4/Prototype4/Saved/Config/Windows/Scalability.ini]
[2019.06.12-02.22.10:653][  0]LogConfig: Setting CVar [[foliage.DensityScale:1.0]]
[2019.06.12-02.22.10:653][  0]LogConfig: Setting CVar [[grass.DensityScale:1.0]]
[2019.06.12-02.22.10:653][  0]LogInit: Selected Device Profile: [Windows]
[2019.06.12-02.22.10:653][  0]LogInit: Applying CVar settings loaded from the selected device profile: [Windows]
[2019.06.12-02.22.10:702][  0]LogHAL: Display: Platform has ~ 16 GB [17061502976 / 17179869184 / 16], which maps to Larger [LargestMinGB=32, LargerMinGB=12, DefaultMinGB=8, SmallerMinGB=6, SmallestMinGB=0)
[2019.06.12-02.22.10:702][  0]LogConfig: Setting CVar [[r.Vulkan.UseRealUBs:0		; Required until we fix HLR fall-out]]
[2019.06.12-02.22.10:702][  0]LogInit: Going up to parent DeviceProfile []
[2019.06.12-02.22.10:702][  0]LogConfig: Applying CVar settings from Section [ViewDistanceQuality@3] File [D:/P4/Prototype4/Saved/Config/Windows/Scalability.ini]
[2019.06.12-02.22.10:702][  0]LogConfig: Setting CVar [[r.SkeletalMeshLODBias:0]]
[2019.06.12-02.22.10:702][  0]LogConfig: Setting CVar [[r.ViewDistanceScale:1.0]]
[2019.06.12-02.22.10:702][  0]LogConfig: Applying CVar settings from Section [AntiAliasingQuality@3] File [D:/P4/Prototype4/Saved/Config/Windows/Scalability.ini]
[2019.06.12-02.22.10:702][  0]LogConfig: Setting CVar [[r.PostProcessAAQuality:4]]
[2019.06.12-02.22.10:702][  0]LogConfig: Applying CVar settings from Section [ShadowQuality@3] File [D:/P4/Prototype4/Saved/Config/Windows/Scalability.ini]
[2019.06.12-02.22.10:702][  0]LogConfig: Setting CVar [[r.LightFunctionQuality:1]]
[2019.06.12-02.22.10:702][  0]LogConfig: Setting CVar [[r.ShadowQuality:5]]
[2019.06.12-02.22.10:702][  0]LogConfig: Setting CVar [[r.Shadow.CSM.MaxCascades:10]]
[2019.06.12-02.22.10:702][  0]LogConfig: Setting CVar [[r.Shadow.MaxResolution:2048]]
[2019.06.12-02.22.10:702][  0]LogConfig: Setting CVar [[r.Shadow.MaxCSMResolution:2048]]
[2019.06.12-02.22.10:702][  0]LogConfig: Setting CVar [[r.Shadow.RadiusThreshold:0.01]]
[2019.06.12-02.22.10:702][  0]LogConfig: Setting CVar [[r.Shadow.DistanceScale:1.0]]
[2019.06.12-02.22.10:702][  0]LogConfig: Setting CVar [[r.Shadow.CSM.TransitionScale:1.0]]
[2019.06.12-02.22.10:702][  0]LogConfig: Setting CVar [[r.Shadow.PreShadowResolutionFactor:1.0]]
[2019.06.12-02.22.10:702][  0]LogConfig: Setting CVar [[r.DistanceFieldShadowing:1]]
[2019.06.12-02.22.10:702][  0]LogConfig: Setting CVar [[r.DistanceFieldAO:1]]
[2019.06.12-02.22.10:702][  0]LogConfig: Setting CVar [[r.AOQuality:2]]
[2019.06.12-02.22.10:702][  0]LogConfig: Setting CVar [[r.VolumetricFog:1]]
[2019.06.12-02.22.10:703][  0]LogConfig: Setting CVar [[r.VolumetricFog.GridPixelSize:8]]
[2019.06.12-02.22.10:703][  0]LogConfig: Setting CVar [[r.VolumetricFog.GridSizeZ:128]]
[2019.06.12-02.22.10:703][  0]LogConfig: Setting CVar [[r.VolumetricFog.HistoryMissSupersampleCount:4]]
[2019.06.12-02.22.10:703][  0]LogConfig: Setting CVar [[r.LightMaxDrawDistanceScale:1]]
[2019.06.12-02.22.10:703][  0]LogConfig: Setting CVar [[r.CapsuleShadows:1]]
[2019.06.12-02.22.10:703][  0]LogConfig: Applying CVar settings from Section [PostProcessQuality@3] File [D:/P4/Prototype4/Saved/Config/Windows/Scalability.ini]
[2019.06.12-02.22.10:703][  0]LogConfig: Setting CVar [[r.MotionBlurQuality:4]]
[2019.06.12-02.22.10:703][  0]LogConfig: Setting CVar [[r.AmbientOcclusionMipLevelFactor:0.4]]
[2019.06.12-02.22.10:703][  0]LogConfig: Setting CVar [[r.AmbientOcclusionMaxQuality:100]]
[2019.06.12-02.22.10:703][  0]LogConfig: Setting CVar [[r.AmbientOcclusionLevels:-1]]
[2019.06.12-02.22.10:703][  0]LogConfig: Setting CVar [[r.AmbientOcclusionRadiusScale:1.0]]
[2019.06.12-02.22.10:703][  0]LogConfig: Setting CVar [[r.DepthOfFieldQuality:2]]
[2019.06.12-02.22.10:703][  0]LogConfig: Setting CVar [[r.RenderTargetPoolMin:400]]
[2019.06.12-02.22.10:703][  0]LogConfig: Setting CVar [[r.LensFlareQuality:2]]
[2019.06.12-02.22.10:703][  0]LogConfig: Setting CVar [[r.SceneColorFringeQuality:1]]
[2019.06.12-02.22.10:703][  0]LogConfig: Setting CVar [[r.EyeAdaptationQuality:2]]
[2019.06.12-02.22.10:703][  0]LogConfig: Setting CVar [[r.BloomQuality:5]]
[2019.06.12-02.22.10:703][  0]LogConfig: Setting CVar [[r.FastBlurThreshold:100]]
[2019.06.12-02.22.10:703][  0]LogConfig: Setting CVar [[r.Upscale.Quality:3]]
[2019.06.12-02.22.10:703][  0]LogConfig: Setting CVar [[r.Tonemapper.GrainQuantization:1]]
[2019.06.12-02.22.10:703][  0]LogConfig: Setting CVar [[r.LightShaftQuality:1]]
[2019.06.12-02.22.10:703][  0]LogConfig: Setting CVar [[r.Filter.SizeScale:1]]
[2019.06.12-02.22.10:703][  0]LogConfig: Setting CVar [[r.Tonemapper.Quality:5]]
[2019.06.12-02.22.10:703][  0]LogConfig: Setting CVar [[r.DOF.Gather.AccumulatorQuality:1        ; higher gathering accumulator quality]]
[2019.06.12-02.22.10:703][  0]LogConfig: Setting CVar [[r.DOF.Gather.PostfilterMethod:1          ; Median3x3 postfilering method]]
[2019.06.12-02.22.10:703][  0]LogConfig: Setting CVar [[r.DOF.Gather.EnableBokehSettings:0       ; no bokeh simulation when gathering]]
[2019.06.12-02.22.10:703][  0]LogConfig: Setting CVar [[r.DOF.Gather.RingCount:4                 ; medium number of samples when gathering]]
[2019.06.12-02.22.10:703][  0]LogConfig: Setting CVar [[r.DOF.Scatter.ForegroundCompositing:1    ; additive foreground scattering]]
[2019.06.12-02.22.10:703][  0]LogConfig: Setting CVar [[r.DOF.Scatter.BackgroundCompositing:2    ; additive background scattering]]
[2019.06.12-02.22.10:703][  0]LogConfig: Setting CVar [[r.DOF.Scatter.EnableBokehSettings:1      ; bokeh simulation when scattering]]
[2019.06.12-02.22.10:703][  0]LogConfig: Setting CVar [[r.DOF.Scatter.MaxSpriteRatio:0.1         ; only a maximum of 10% of scattered bokeh]]
[2019.06.12-02.22.10:703][  0]LogConfig: Setting CVar [[r.DOF.Recombine.Quality:1                ; cheap slight out of focus]]
[2019.06.12-02.22.10:703][  0]LogConfig: Setting CVar [[r.DOF.Recombine.EnableBokehSettings:0    ; no bokeh simulation on slight out of focus]]
[2019.06.12-02.22.10:703][  0]LogConfig: Setting CVar [[r.DOF.TemporalAAQuality:1                ; more stable temporal accumulation]]
[2019.06.12-02.22.10:703][  0]LogConfig: Setting CVar [[r.DOF.Kernel.MaxForegroundRadius:0.025]]
[2019.06.12-02.22.10:703][  0]LogConfig: Setting CVar [[r.DOF.Kernel.MaxBackgroundRadius:0.025]]
[2019.06.12-02.22.10:703][  0]LogConfig: Applying CVar settings from Section [TextureQuality@3] File [D:/P4/Prototype4/Saved/Config/Windows/Scalability.ini]
[2019.06.12-02.22.10:703][  0]LogConfig: Setting CVar [[r.Streaming.MipBias:0]]
[2019.06.12-02.22.10:703][  0]LogConfig: Setting CVar [[r.Streaming.AmortizeCPUToGPUCopy:0]]
[2019.06.12-02.22.10:703][  0]LogConfig: Setting CVar [[r.Streaming.MaxNumTexturesToStreamPerFrame:0]]
[2019.06.12-02.22.10:703][  0]LogConfig: Setting CVar [[r.Streaming.Boost:1]]
[2019.06.12-02.22.10:703][  0]LogConfig: Setting CVar [[r.MaxAnisotropy:8]]
[2019.06.12-02.22.10:703][  0]LogConfig: Setting CVar [[r.Streaming.LimitPoolSizeToVRAM:0]]
[2019.06.12-02.22.10:703][  0]LogConfig: Setting CVar [[r.Streaming.PoolSize:1000]]
[2019.06.12-02.22.10:703][  0]LogConfig: Setting CVar [[r.Streaming.MaxEffectiveScreenSize:0]]
[2019.06.12-02.22.10:703][  0]LogConfig: Applying CVar settings from Section [EffectsQuality@3] File [D:/P4/Prototype4/Saved/Config/Windows/Scalability.ini]
[2019.06.12-02.22.10:703][  0]LogConfig: Setting CVar [[r.TranslucencyLightingVolumeDim:64]]
[2019.06.12-02.22.10:703][  0]LogConfig: Setting CVar [[r.RefractionQuality:2]]
[2019.06.12-02.22.10:703][  0]LogConfig: Setting CVar [[r.SSR.Quality:3]]
[2019.06.12-02.22.10:703][  0]LogConfig: Setting CVar [[r.SceneColorFormat:4]]
[2019.06.12-02.22.10:703][  0]LogConfig: Setting CVar [[r.DetailMode:2]]
[2019.06.12-02.22.10:703][  0]LogConfig: Setting CVar [[r.TranslucencyVolumeBlur:1]]
[2019.06.12-02.22.10:703][  0]LogConfig: Setting CVar [[r.MaterialQualityLevel:1 ; High quality]]
[2019.06.12-02.22.10:703][  0]LogConfig: Setting CVar [[r.SSS.Scale:1]]
[2019.06.12-02.22.10:703][  0]LogConfig: Setting CVar [[r.SSS.SampleSet:2]]
[2019.06.12-02.22.10:703][  0]LogConfig: Setting CVar [[r.SSS.Quality:1]]
[2019.06.12-02.22.10:703][  0]LogConfig: Setting CVar [[r.SSS.HalfRes:1]]
[2019.06.12-02.22.10:703][  0]LogConfig: Setting CVar [[r.EmitterSpawnRateScale:1.0]]
[2019.06.12-02.22.10:703][  0]LogConfig: Setting CVar [[r.ParticleLightQuality:2]]
[2019.06.12-02.22.10:703][  0]LogConfig: Applying CVar settings from Section [FoliageQuality@3] File [D:/P4/Prototype4/Saved/Config/Windows/Scalability.ini]
[2019.06.12-02.22.10:703][  0]LogConfig: Setting CVar [[foliage.DensityScale:1.0]]
[2019.06.12-02.22.10:703][  0]LogConfig: Setting CVar [[grass.DensityScale:1.0]]
[2019.06.12-02.22.10:703][  0]LogConfig: Applying CVar settings from Section [Startup] File [../../../Engine/Config/ConsoleVariables.ini]
[2019.06.12-02.22.10:717][  0]LogConfig: Setting CVar [[net.UseAdaptiveNetUpdateFrequency:0]]
[2019.06.12-02.22.10:717][  0]LogConfig: Setting CVar [[p.chaos.AllowCreatePhysxBodies:1]]
[2019.06.12-02.22.10:717][  0]LogConfig: Applying CVar settings from Section [ConsoleVariables] File [D:/P4/Prototype4/Saved/Config/Windows/Engine.ini]
[2019.06.12-02.22.10:717][  0]LogInit: Computer: 1406C001
[2019.06.12-02.22.10:717][  0]LogInit: User: xinyuewan7316
[2019.06.12-02.22.10:717][  0]LogInit: CPU Page size=4096, Cores=4
[2019.06.12-02.22.10:717][  0]LogInit: High frequency timer resolution =3.312642 MHz
[2019.06.12-02.22.10:718][  0]LogMemory: Memory total: Physical=15.9GB (16GB approx)
[2019.06.12-02.22.10:718][  0]LogMemory: Platform Memory Stats for Windows
[2019.06.12-02.22.10:718][  0]LogMemory: Process Physical Memory: 99.03 MB used, 99.03 MB peak
[2019.06.12-02.22.10:718][  0]LogMemory: Process Virtual Memory: 91.66 MB used, 91.66 MB peak
[2019.06.12-02.22.10:718][  0]LogMemory: Physical Memory: 7619.13 MB used,  8651.98 MB free, 16271.12 MB total
[2019.06.12-02.22.10:718][  0]LogMemory: Virtual Memory: 4665.32 MB used,  134213064.00 MB free, 134217728.00 MB total
[2019.06.12-02.22.10:747][  0]LogInit: Using OS detected language (en-US).
[2019.06.12-02.22.10:747][  0]LogInit: Using OS detected locale (en-NZ).
[2019.06.12-02.22.10:748][  0]LogTextLocalizationManager: No specific localization for 'en-US' exists, so the 'en' localization will be used.
[2019.06.12-02.22.10:974][  0]LogInit: Setting process to per monitor DPI aware
[2019.06.12-02.22.11:112][  0]LogSlate: New Slate User Created.  User Index 0, Is Virtual User: 0
[2019.06.12-02.22.11:112][  0]LogSlate: Slate User Registered.  User Index 0, Is Virtual User: 0
[2019.06.12-02.22.13:670][  0]LogHMD: Failed to initialize OpenVR with code 110
[2019.06.12-02.22.13:670][  0]LogD3D11RHI: D3D11 adapters:
[2019.06.12-02.22.13:740][  0]LogD3D11RHI:    0. 'NVIDIA GeForce GTX 760' (Feature Level 11_0)
[2019.06.12-02.22.13:740][  0]LogD3D11RHI:       2007/0/8135 MB DedicatedVideo/DedicatedSystem/SharedSystem, Outputs:2, VendorId:0x10de
[2019.06.12-02.22.13:747][  0]LogD3D11RHI:    1. 'Intel(R) HD Graphics 4600' (Feature Level 11_0)
[2019.06.12-02.22.13:747][  0]LogD3D11RHI:       32/0/1760 MB DedicatedVideo/DedicatedSystem/SharedSystem, Outputs:0, VendorId:0x8086
[2019.06.12-02.22.13:749][  0]LogD3D11RHI:    2. 'Microsoft Basic Render Driver' (Feature Level 11_0)
[2019.06.12-02.22.13:749][  0]LogD3D11RHI:       0/0/8135 MB DedicatedVideo/DedicatedSystem/SharedSystem, Outputs:0, VendorId:0x1414
[2019.06.12-02.22.13:749][  0]LogD3D11RHI: Chosen D3D11 Adapter: 0
[2019.06.12-02.22.13:758][  0]LogD3D11RHI: Creating new Direct3DDevice
[2019.06.12-02.22.13:758][  0]LogD3D11RHI:     GPU DeviceId: 0x1187 (for the marketing name, search the web for "GPU Device Id")
[2019.06.12-02.22.13:758][  0]LogWindows: EnumDisplayDevices:
[2019.06.12-02.22.13:758][  0]LogWindows:    0. 'NVIDIA GeForce GTX 760' (P:1 D:1)
[2019.06.12-02.22.13:758][  0]LogWindows:    1. 'NVIDIA GeForce GTX 760' (P:0 D:1)
[2019.06.12-02.22.13:759][  0]LogWindows:    2. 'NVIDIA GeForce GTX 760' (P:0 D:0)
[2019.06.12-02.22.13:759][  0]LogWindows:    3. 'NVIDIA GeForce GTX 760' (P:0 D:0)
[2019.06.12-02.22.13:759][  0]LogWindows:    4. 'Intel(R) HD Graphics 4600' (P:0 D:0)
[2019.06.12-02.22.13:760][  0]LogWindows:    5. 'Intel(R) HD Graphics 4600' (P:0 D:0)
[2019.06.12-02.22.13:760][  0]LogWindows:    6. 'Intel(R) HD Graphics 4600' (P:0 D:0)
[2019.06.12-02.22.13:760][  0]LogWindows:    7. 'Mirage Driver' (P:0 D:0)
[2019.06.12-02.22.13:760][  0]LogWindows: DebugString: PrimaryIsNotTheChoosenAdapter PrimaryIsNotTheChoosenAdapter PrimaryIsNotTheChoosenAdapter GetVideoDriverDetailsInvalid PrimaryIsNotTheChoosenAdapter FoundDriverCount:4 
[2019.06.12-02.22.13:760][  0]LogD3D11RHI:     Adapter Name: NVIDIA GeForce GTX 760
[2019.06.12-02.22.13:760][  0]LogD3D11RHI:   Driver Version: 419.17 (internal:25.21.14.1917, unified:419.17)
[2019.06.12-02.22.13:760][  0]LogD3D11RHI:      Driver Date: 2-20-2019
[2019.06.12-02.22.13:760][  0]LogRHI: Texture pool is 1404 MB (70% of 2007 MB)
[2019.06.12-02.22.13:805][  0]LogD3D11RHI: Async texture creation enabled
[2019.06.12-02.22.13:810][  0]LogRendererCore: FGlobalReadBuffer::InitRHI
[2019.06.12-02.22.13:810][  0]LogRendererCore: FGlobalReadBuffer::InitRHI
[2019.06.12-02.22.13:810][  0]LogRendererCore: FGlobalReadBuffer::InitRHI
[2019.06.12-02.22.13:824][  0]LogD3D11RHI: GPU Timing Frequency: 1000.000000 (Debug: 2 2)
[2019.06.12-02.22.14:282][  0]LogTemp: Display: Module 'AllDesktopTargetPlatform' loaded TargetPlatform 'AllDesktop'
[2019.06.12-02.22.14:297][  0]LogTemp: Display: Module 'MacClientTargetPlatform' loaded TargetPlatform 'MacClient'
[2019.06.12-02.22.14:311][  0]LogTemp: Display: Module 'MacNoEditorTargetPlatform' loaded TargetPlatform 'MacNoEditor'
[2019.06.12-02.22.14:327][  0]LogTemp: Display: Module 'MacServerTargetPlatform' loaded TargetPlatform 'MacServer'
[2019.06.12-02.22.14:357][  0]LogTemp: Display: Module 'MacTargetPlatform' loaded TargetPlatform 'Mac'
[2019.06.12-02.22.14:372][  0]LogTemp: Display: Module 'WindowsClientTargetPlatform' loaded TargetPlatform 'WindowsClient'
[2019.06.12-02.22.14:386][  0]LogTemp: Display: Module 'WindowsNoEditorTargetPlatform' loaded TargetPlatform 'WindowsNoEditor'
[2019.06.12-02.22.14:400][  0]LogTemp: Display: Module 'WindowsServerTargetPlatform' loaded TargetPlatform 'WindowsServer'
[2019.06.12-02.22.14:408][  0]LogTemp: Display: Module 'WindowsTargetPlatform' loaded TargetPlatform 'Windows'
[2019.06.12-02.22.14:492][  0]LogTemp: Display: Module 'AndroidTargetPlatform' loaded TargetPlatform 'Android'
[2019.06.12-02.22.14:492][  0]LogTemp: Display: Module 'AndroidTargetPlatform' loaded TargetPlatform 'Android_ASTC'
[2019.06.12-02.22.14:492][  0]LogTemp: Display: Module 'AndroidTargetPlatform' loaded TargetPlatform 'Android_ATC'
[2019.06.12-02.22.14:492][  0]LogTemp: Display: Module 'AndroidTargetPlatform' loaded TargetPlatform 'Android_DXT'
[2019.06.12-02.22.14:492][  0]LogTemp: Display: Module 'AndroidTargetPlatform' loaded TargetPlatform 'Android_ETC1'
[2019.06.12-02.22.14:492][  0]LogTemp: Display: Module 'AndroidTargetPlatform' loaded TargetPlatform 'Android_ETC1a'
[2019.06.12-02.22.14:492][  0]LogTemp: Display: Module 'AndroidTargetPlatform' loaded TargetPlatform 'Android_ETC2'
[2019.06.12-02.22.14:492][  0]LogTemp: Display: Module 'AndroidTargetPlatform' loaded TargetPlatform 'Android_PVRTC'
[2019.06.12-02.22.14:492][  0]LogTemp: Display: Module 'AndroidTargetPlatform' loaded TargetPlatform 'AndroidClient'
[2019.06.12-02.22.14:492][  0]LogTemp: Display: Module 'AndroidTargetPlatform' loaded TargetPlatform 'Android_ASTCClient'
[2019.06.12-02.22.14:492][  0]LogTemp: Display: Module 'AndroidTargetPlatform' loaded TargetPlatform 'Android_ATCClient'
[2019.06.12-02.22.14:492][  0]LogTemp: Display: Module 'AndroidTargetPlatform' loaded TargetPlatform 'Android_DXTClient'
[2019.06.12-02.22.14:492][  0]LogTemp: Display: Module 'AndroidTargetPlatform' loaded TargetPlatform 'Android_ETC1Client'
[2019.06.12-02.22.14:492][  0]LogTemp: Display: Module 'AndroidTargetPlatform' loaded TargetPlatform 'Android_ETC1aClient'
[2019.06.12-02.22.14:492][  0]LogTemp: Display: Module 'AndroidTargetPlatform' loaded TargetPlatform 'Android_ETC2Client'
[2019.06.12-02.22.14:492][  0]LogTemp: Display: Module 'AndroidTargetPlatform' loaded TargetPlatform 'Android_PVRTCClient'
[2019.06.12-02.22.14:492][  0]LogTemp: Display: Module 'AndroidTargetPlatform' loaded TargetPlatform 'Android_Multi'
[2019.06.12-02.22.14:492][  0]LogTemp: Display: Module 'AndroidTargetPlatform' loaded TargetPlatform 'Android_MultiClient'
[2019.06.12-02.22.14:494][  0]LogTemp: Display: Module 'HTML5TargetPlatform' loaded TargetPlatform 'HTML5'
[2019.06.12-02.22.14:563][  0]LogTemp: Display: Module 'IOSTargetPlatform' loaded TargetPlatform 'IOSClient'
[2019.06.12-02.22.14:563][  0]LogTemp: Display: Module 'IOSTargetPlatform' loaded TargetPlatform 'IOS'
[2019.06.12-02.22.14:587][  0]LogTemp: Display: Module 'TVOSTargetPlatform' loaded TargetPlatform 'TVOSClient'
[2019.06.12-02.22.14:587][  0]LogTemp: Display: Module 'TVOSTargetPlatform' loaded TargetPlatform 'TVOS'
[2019.06.12-02.22.14:599][  0]LogTemp: Display: Module 'LinuxClientTargetPlatform' loaded TargetPlatform 'LinuxClient'
[2019.06.12-02.22.14:611][  0]LogTemp: Display: Module 'LinuxNoEditorTargetPlatform' loaded TargetPlatform 'LinuxNoEditor'
[2019.06.12-02.22.14:623][  0]LogTemp: Display: Module 'LinuxServerTargetPlatform' loaded TargetPlatform 'LinuxServer'
[2019.06.12-02.22.14:657][  0]LogTemp: Display: Module 'LinuxTargetPlatform' loaded TargetPlatform 'Linux'
[2019.06.12-02.22.14:703][  0]LogTemp: Display: Module 'LuminTargetPlatform' loaded TargetPlatform 'Lumin'
[2019.06.12-02.22.14:703][  0]LogTemp: Display: Module 'LuminTargetPlatform' loaded TargetPlatform 'LuminClient'
[2019.06.12-02.22.14:703][  0]LogTargetPlatformManager: Display: Building Assets For Windows
[2019.06.12-02.22.14:715][  0]LogAudioDebug: Display: Lib vorbis DLL was dynamically loaded.
[2019.06.12-02.22.14:831][  0]LogShaderCompilers: Guid format shader working directory is 39 characters bigger than the processId version (D:/P4/Prototype4/Intermediate/Shaders/WorkingDirectory/1080/).
[2019.06.12-02.22.14:831][  0]LogShaderCompilers: Cleaned the shader compiler working directory 'D:/Users/xinyue.wan7316/AppData/Local/Temp/UnrealShaderWorkingDir/E3D095794D6C0C05F80605817BDC342F/'.
[2019.06.12-02.22.14:835][  0]LogXGEController: Cleaning working directory: D:/Users/xinyue.wan7316/AppData/Local/Temp/UnrealXGEWorkingDir/
[2019.06.12-02.22.14:835][  0]LogXGEController: Cannot use XGE Controller as Incredibuild is not installed on this machine.
[2019.06.12-02.22.14:836][  0]LogShaderCompilers: Cannot use XGE Shader Compiler as Incredibuild is not installed on this machine.
[2019.06.12-02.22.14:836][  0]LogShaderCompilers: Display: Using Local Shader Compiler.
[2019.06.12-02.22.18:140][  0]LogDerivedDataCache: Display: Max Cache Size: 512 MB
[2019.06.12-02.22.18:236][  0]LogDerivedDataCache: Loaded boot cache 0.10s 71MB D:/Users/xinyue.wan7316/AppData/Local/UnrealEngine/4.22/DerivedDataCache/Boot.ddc.
[2019.06.12-02.22.18:236][  0]LogDerivedDataCache: Display: Loaded Boot cache: D:/Users/xinyue.wan7316/AppData/Local/UnrealEngine/4.22/DerivedDataCache/Boot.ddc
[2019.06.12-02.22.18:236][  0]LogDerivedDataCache: FDerivedDataBackendGraph:  Pak pak cache file D:/P4/Prototype4/DerivedDataCache/DDC.ddp not found, will not use a pak cache.
[2019.06.12-02.22.18:236][  0]LogDerivedDataCache: Unable to find inner node Pak for hierarchical cache Hierarchy.
[2019.06.12-02.22.18:236][  0]LogDerivedDataCache: FDerivedDataBackendGraph:  CompressedPak pak cache file D:/P4/Prototype4/DerivedDataCache/Compressed.ddp not found, will not use a pak cache.
[2019.06.12-02.22.18:236][  0]LogDerivedDataCache: Unable to find inner node CompressedPak for hierarchical cache Hierarchy.
[2019.06.12-02.22.18:248][  0]LogDerivedDataCache: Display: Pak cache opened for reading ../../../Engine/DerivedDataCache/Compressed.ddp.
[2019.06.12-02.22.18:248][  0]LogDerivedDataCache: FDerivedDataBackendGraph:  EnterprisePak pak cache file ../../../Enterprise/DerivedDataCache/Compressed.ddp not found, will not use a pak cache.
[2019.06.12-02.22.18:248][  0]LogDerivedDataCache: Unable to find inner node EnterprisePak for hierarchical cache Hierarchy.
[2019.06.12-02.22.18:261][  0]LogDerivedDataCache: Using Local data cache path D:/Users/xinyue.wan7316/AppData/Local/UnrealEngine/Common/DerivedDataCache: Writable
[2019.06.12-02.22.18:261][  0]LogDerivedDataCache: Shared data cache path not found in *engine.ini, will not use an Shared cache.
[2019.06.12-02.22.18:261][  0]LogDerivedDataCache: Unable to find inner node Shared for hierarchical cache Hierarchy.
[2019.06.12-02.22.18:288][  0]LogMaterial: Verifying Global Shaders for PCD3D_SM5
[2019.06.12-02.22.18:290][  0]LogSlate: Using FreeType 2.6.0
[2019.06.12-02.22.18:319][  0]LogSlate: SlateFontServices - WITH_FREETYPE: 1, WITH_HARFBUZZ: 1
[2019.06.12-02.22.18:635][  0]LogAssetRegistry: FAssetRegistry took 0.0336 seconds to start up
[2019.06.12-02.22.18:953][  0]LogInit: Selected Device Profile: [Windows]
[2019.06.12-02.22.19:144][  0]LogMeshReduction: Using QuadricMeshReduction for automatic static mesh reduction
[2019.06.12-02.22.19:144][  0]LogMeshReduction: Using SimplygonMeshReduction for automatic skeletal mesh reduction
[2019.06.12-02.22.19:144][  0]LogMeshReduction: Using ProxyLODMeshReduction for automatic mesh merging
[2019.06.12-02.22.19:144][  0]LogMeshReduction: No distributed automatic mesh merging module available
[2019.06.12-02.22.19:144][  0]LogMeshMerging: No distributed automatic mesh merging module available
[2019.06.12-02.22.19:155][  0]LogNetVersion: Prototype4 1.0.0, NetCL: 5660361, EngineNetVer: 10, GameNetVer: 0 (Checksum: 2674950334)
[2019.06.12-02.22.19:575][  0]LogPackageLocalizationCache: Processed 11 localized package path(s) for 1 prioritized culture(s) in 0.048041 seconds
[2019.06.12-02.22.19:582][  0]LogUObjectArray: 42205 objects as part of root set at end of initial load.
[2019.06.12-02.22.19:582][  0]LogUObjectAllocator: 7325032 out of 0 bytes used by permanent object pool.
[2019.06.12-02.22.19:582][  0]LogUObjectArray: CloseDisregardForGC: 0/0 objects in disregard for GC pool
[2019.06.12-02.22.28:224][  0]LogTcpMessaging: Initializing TcpMessaging bridge
[2019.06.12-02.22.28:237][  0]LogUdpMessaging: Initializing bridge on interface 0.0.0.0:0 to multicast group 230.0.0.1:6666.
[2019.06.12-02.22.28:460][  0]SourceControl: Source control is disabled
[2019.06.12-02.22.28:460][  0]SourceControl: Source control is disabled
[2019.06.12-02.22.28:463][  0]SourceControl: Source control is disabled
[2019.06.12-02.22.28:464][  0]SourceControl: Source control is disabled
[2019.06.12-02.22.28:585][  0]LogAndroidPermission: UAndroidPermissionCallbackProxy::GetInstance
[2019.06.12-02.22.28:673][  0]LogOcInput: OculusInput pre-init called
[2019.06.12-02.22.29:460][  0]LogEngine: Initializing Engine...
[2019.06.12-02.22.29:460][  0]LogHMD: Failed to initialize OpenVR with code 110
[2019.06.12-02.22.29:461][  0]LogStats: UGameplayTagsManager::InitializeManager -  0.000 s
[2019.06.12-02.22.29:701][  0]LogInit: Initializing FReadOnlyCVARCache
[2019.06.12-02.22.29:724][  0]LogAIModule: Creating AISystem for world Untitled
[2019.06.12-02.22.29:742][  0]LogInit: XAudio2 using 'Digital Audio (S/PDIF) (High Definition Audio Device)' : 2 channels at 48 kHz using 16 bits per sample (channel mask 0x3)
[2019.06.12-02.22.29:775][  0]LogInit: FAudioDevice initialized.
[2019.06.12-02.22.29:775][  0]LogNetVersion: Set ProjectVersion to 1.0.0.0. Version Checksum will be recalculated on next use.
[2019.06.12-02.22.29:989][  0]LogDerivedDataCache: Saved boot cache 0.21s 71MB D:/Users/xinyue.wan7316/AppData/Local/UnrealEngine/4.22/DerivedDataCache/Boot.ddc.
[2019.06.12-02.22.29:993][  0]LogInit: Texture streaming: Enabled
[2019.06.12-02.22.30:018][  0]LogEngineSessionManager: EngineSessionManager initialized
[2019.06.12-02.22.30:051][  0]LogInit: Transaction tracking system initialized
[2019.06.12-02.22.30:088][  0]BlueprintLog: New page: Editor Load
[2019.06.12-02.22.30:311][  0]LocalizationService: Localization service is disabled
[2019.06.12-02.22.30:889][  0]LogCook: Display: Max memory allowance for cook 16384mb min free memory 0mb
[2019.06.12-02.22.30:889][  0]LogCook: Display: Mobile HDR setting 1
[2019.06.12-02.22.31:528][  0]LogFileCache: Scanning file cache for directory 'D:/P4/Prototype4/Content/' took 0.11s
[2019.06.12-02.22.32:195][  0]SourceControl: Source control is disabled
[2019.06.12-02.22.32:195][  0]Cmd: MAP LOAD FILE="D:/P4/Prototype4/Content/ThirdPersonBP/Maps/MainMenu.umap" TEMPLATE=0 SHOWPROGRESS=1 FEATURELEVEL=3
[2019.06.12-02.22.32:209][  0]LightingResults: New page: Lighting Build
[2019.06.12-02.22.32:213][  0]MapCheck: New page: Map Check
[2019.06.12-02.22.32:213][  0]LightingResults: New page: Lighting Build
[2019.06.12-02.22.32:236][  0]LogUObjectHash: Compacting FUObjectHashTables data took   1.58ms
[2019.06.12-02.22.33:105][  0]LogAIModule: Creating AISystem for world MainMenu
[2019.06.12-02.22.33:106][  0]LogEditorServer: Finished looking for orphan Actors (0.000 secs)
[2019.06.12-02.22.33:131][  0]LogUObjectHash: Compacting FUObjectHashTables data took   1.93ms
[2019.06.12-02.22.33:131][  0]Cmd: MAP CHECKDEP NOCLEARLOG
[2019.06.12-02.22.33:131][  0]MapCheck: Map check complete: 0 Error(s), 0 Warning(s), took 0.091ms to complete.
[2019.06.12-02.22.33:131][  0]LogFileHelpers: Loading map 'MainMenu' took 0.936
[2019.06.12-02.22.33:348][  0]LogSlate: Updating window title bar state: overlay mode, drag disabled, window buttons hidden, title bar hidden
[2019.06.12-02.22.33:354][  0]LogSlate: Updating window title bar state: overlay mode, drag disabled, window buttons hidden, title bar hidden
[2019.06.12-02.22.33:362][  0]LogSlate: Updating window title bar state: overlay mode, drag disabled, window buttons hidden, title bar hidden
[2019.06.12-02.22.33:369][  0]LogSlate: Updating window title bar state: overlay mode, drag disabled, window buttons hidden, title bar hidden
[2019.06.12-02.22.33:381][  0]LogCollectionManager: Loaded 0 collections in 0.003306 seconds
[2019.06.12-02.22.33:399][  0]LogFileCache: Scanning file cache for directory 'D:/P4/Prototype4/Saved/Collections/' took 0.01s
[2019.06.12-02.22.33:399][  0]LogFileCache: Scanning file cache for directory 'D:/P4/Prototype4/Content/Developers/xinyuewan7316/Collections/' took 0.00s
[2019.06.12-02.22.33:399][  0]LogFileCache: Scanning file cache for directory 'D:/P4/Prototype4/Content/Collections/' took 0.00s
[2019.06.12-02.22.33:399][  0]LogCollectionManager: Rebuilt the GUID cache for 0 collections in 0.000000 seconds
[2019.06.12-02.22.33:408][  0]LogContentBrowser: Native class hierarchy populated in 0.0085 seconds. Added 2741 classes and 672 folders.
[2019.06.12-02.22.33:417][  0]LogContentBrowser: Native class hierarchy updated for 'WidgetCarousel' in 0.0002 seconds. Added 0 classes and 0 folders.
[2019.06.12-02.22.33:469][  0]LogPakFile: Registered encryption key '00000000000000000000000000000000': 0 pak files mounted, 0 remain pending
[2019.06.12-02.22.33:470][  0]LogPakFile: Registered encryption key '00000000000000000000000000000000': 0 pak files mounted, 0 remain pending
[2019.06.12-02.22.33:470][  0]LogPakFile: Registered encryption key '00000000000000000000000000000000': 0 pak files mounted, 0 remain pending
[2019.06.12-02.22.33:471][  0]LogPakFile: Registered encryption key '00000000000000000000000000000000': 0 pak files mounted, 0 remain pending
[2019.06.12-02.22.33:471][  0]LogPakFile: Registered encryption key '00000000000000000000000000000000': 0 pak files mounted, 0 remain pending
[2019.06.12-02.22.33:472][  0]LogPakFile: Registered encryption key '00000000000000000000000000000000': 0 pak files mounted, 0 remain pending
[2019.06.12-02.22.33:472][  0]LogPakFile: Registered encryption key '00000000000000000000000000000000': 0 pak files mounted, 0 remain pending
[2019.06.12-02.22.33:473][  0]LogPakFile: Registered encryption key '00000000000000000000000000000000': 0 pak files mounted, 0 remain pending
[2019.06.12-02.22.33:473][  0]LogPakFile: Registered encryption key '00000000000000000000000000000000': 0 pak files mounted, 0 remain pending
[2019.06.12-02.22.33:474][  0]LogPakFile: Registered encryption key '00000000000000000000000000000000': 0 pak files mounted, 0 remain pending
[2019.06.12-02.22.33:474][  0]LogPakFile: Registered encryption key '00000000000000000000000000000000': 0 pak files mounted, 0 remain pending
[2019.06.12-02.22.33:475][  0]LogPakFile: Registered encryption key '00000000000000000000000000000000': 0 pak files mounted, 0 remain pending
[2019.06.12-02.22.33:475][  0]LogPakFile: Registered encryption key '00000000000000000000000000000000': 0 pak files mounted, 0 remain pending
[2019.06.12-02.22.33:476][  0]LogPakFile: Registered encryption key '00000000000000000000000000000000': 0 pak files mounted, 0 remain pending
[2019.06.12-02.22.33:476][  0]LogPakFile: Registered encryption key '00000000000000000000000000000000': 0 pak files mounted, 0 remain pending
[2019.06.12-02.22.33:477][  0]LogPakFile: Registered encryption key '00000000000000000000000000000000': 0 pak files mounted, 0 remain pending
[2019.06.12-02.22.33:477][  0]LogPakFile: Registered encryption key '00000000000000000000000000000000': 0 pak files mounted, 0 remain pending
[2019.06.12-02.22.33:478][  0]LogPakFile: Registered encryption key '00000000000000000000000000000000': 0 pak files mounted, 0 remain pending
[2019.06.12-02.22.33:478][  0]LogPakFile: Registered encryption key '00000000000000000000000000000000': 0 pak files mounted, 0 remain pending
[2019.06.12-02.22.33:479][  0]LogPakFile: Registered encryption key '00000000000000000000000000000000': 0 pak files mounted, 0 remain pending
[2019.06.12-02.22.33:479][  0]LogPakFile: Registered encryption key '00000000000000000000000000000000': 0 pak files mounted, 0 remain pending
[2019.06.12-02.22.33:480][  0]LogPakFile: Registered encryption key '00000000000000000000000000000000': 0 pak files mounted, 0 remain pending
[2019.06.12-02.22.33:480][  0]LogPakFile: Registered encryption key '00000000000000000000000000000000': 0 pak files mounted, 0 remain pending
[2019.06.12-02.22.33:481][  0]LogPakFile: Registered encryption key '00000000000000000000000000000000': 0 pak files mounted, 0 remain pending
[2019.06.12-02.22.33:481][  0]LogPakFile: Registered encryption key '00000000000000000000000000000000': 0 pak files mounted, 0 remain pending
[2019.06.12-02.22.33:482][  0]LogPakFile: Registered encryption key '00000000000000000000000000000000': 0 pak files mounted, 0 remain pending
[2019.06.12-02.22.34:580][  0]LogContentBrowser: Native class hierarchy updated for 'AddContentDialog' in 0.0002 seconds. Added 0 classes and 0 folders.
[2019.06.12-02.22.34:587][  0]LogContentBrowser: Native class hierarchy updated for 'SceneOutliner' in 0.0002 seconds. Added 1 classes and 2 folders.
[2019.06.12-02.22.34:642][  0]LogSlate: Took 0.035413 seconds to synchronously load lazily loaded font '../../../Engine/Content/Slate/Fonts/Roboto-Regular.ttf' (155K)
[2019.06.12-02.22.34:667][  0]LogSlate: Took 0.024306 seconds to synchronously load lazily loaded font '../../../Engine/Content/Slate/Fonts/Roboto-Bold.ttf' (160K)
[2019.06.12-02.22.34:743][  0]LogSlate: Took 0.070994 seconds to synchronously load lazily loaded font '../../../Engine/Content/Editor/Slate/Fonts/FontAwesome.ttf' (139K)
[2019.06.12-02.22.34:852][  0]LogRenderer: Reallocating scene render targets to support 1208x588 Format 10 NumSamples 1 (Frame:1).
[2019.06.12-02.22.35:070][  0]LogContentBrowser: Native class hierarchy updated for 'HierarchicalLODOutliner' in 0.0002 seconds. Added 0 classes and 0 folders.
[2019.06.12-02.22.35:070][  0]LogLoad: (Engine Initialization) Total time: 29.13 seconds
[2019.06.12-02.22.35:070][  0]LogLoad: (Engine Initialization) Total Blueprint compile time: 0.00 seconds
[2019.06.12-02.22.35:393][  0]LogContentStreaming: Texture pool size now 1000 MB
[2019.06.12-02.22.35:625][  0]LogSlate: Took 0.160570 seconds to synchronously load lazily loaded font '../../../Engine/Content/Slate/Fonts/Roboto-Light.ttf' (167K)
[2019.06.12-02.22.45:648][140]LogFileCache: Retrieving MD5 hashes for directory 'D:/P4/Prototype4/Content/' took 10.56s
[2019.06.12-02.22.57:965][617]LogAssetRegistry: Asset discovery search completed in 39.3530 seconds
[2019.06.12-02.22.57:967][617]LogCollectionManager: Rebuilt the object cache for 0 collections in 0.000000 seconds (found 0 objects)
[2019.06.12-02.22.57:967][617]LogCollectionManager: Fixed up redirectors for 0 collections in 0.000036 seconds (updated 0 objects)
[2019.06.12-02.23.06:955][690]LogSlate: FSceneViewport::OnFocusLost() reason 0
[2019.06.12-02.23.20:220][272]LogSlate: Took 0.012176 seconds to synchronously load lazily loaded font '../../../Engine/Content/Slate/Fonts/Roboto-Light.ttf' (167K)
[2019.06.12-02.23.24:849][272]LogStaticMesh: Building static mesh Act-01_GroundFloorRoof...
[2019.06.12-02.23.24:946][272]LogStaticMesh: Built static mesh [0.11s] /Game/Level_01/Meshes/Act-01_GroundFloorRoof.Act-01_GroundFloorRoof
[2019.06.12-02.23.25:010][272]LogStaticMesh: Building static mesh Act-01_GroundFloorCeiling...
[2019.06.12-02.23.25:014][272]LogStaticMesh: Built static mesh [0.02s] /Game/Level_01/Meshes/Act-01_GroundFloorCeiling.Act-01_GroundFloorCeiling
[2019.06.12-02.23.25:066][272]LogStaticMesh: Building static mesh Act-01_GroundFloorWallFrame...
[2019.06.12-02.23.25:588][272]LogStaticMesh: Built static mesh [0.53s] /Game/Level_01/Meshes/Act-01_GroundFloorWallFrame.Act-01_GroundFloorWallFrame
[2019.06.12-02.23.25:924][272]LogStaticMesh: Building static mesh Act-01_Floor_Lamp4...
[2019.06.12-02.23.25:939][272]LogStaticMesh: Built static mesh [0.03s] /Game/Level_01/Meshes/Act-01_Floor_Lamp4.Act-01_Floor_Lamp4
[2019.06.12-02.23.25:960][272]LogStaticMesh: Building static mesh Act-01_Floor_Lamp3...
[2019.06.12-02.23.25:976][272]LogStaticMesh: Built static mesh [0.02s] /Game/Level_01/Meshes/Act-01_Floor_Lamp3.Act-01_Floor_Lamp3
[2019.06.12-02.23.25:994][272]LogStaticMesh: Building static mesh Act-01_Floor_Lamp2...
[2019.06.12-02.23.26:010][272]LogStaticMesh: Built static mesh [0.02s] /Game/Level_01/Meshes/Act-01_Floor_Lamp2.Act-01_Floor_Lamp2
[2019.06.12-02.23.26:080][272]LogStaticMesh: Building static mesh Act-01_FrontRoof...
[2019.06.12-02.23.26:124][272]LogStaticMesh: Built static mesh [0.04s] /Game/Level_01/Meshes/Act-01_FrontRoof.Act-01_FrontRoof
[2019.06.12-02.23.26:175][272]LogStaticMesh: Building static mesh Act-01_GroundFloor...
[2019.06.12-02.23.26:178][272]LogStaticMesh: Built static mesh [0.01s] /Game/Level_01/Meshes/Act-01_GroundFloor.Act-01_GroundFloor
[2019.06.12-02.23.26:278][272]LogStaticMesh: Building static mesh Act-01_Indoor_SecondFloorWall4...
[2019.06.12-02.23.26:304][272]LogStaticMesh: Built static mesh [0.03s] /Game/Level_01/Meshes/Act-01_Indoor_SecondFloorWall4.Act-01_Indoor_SecondFloorWall4
[2019.06.12-02.23.26:377][272]LogStaticMesh: Building static mesh Act-01_Indoor_SecondFloorWall2...
[2019.06.12-02.23.26:408][272]LogStaticMesh: Built static mesh [0.04s] /Game/Level_01/Meshes/Act-01_Indoor_SecondFloorWall2.Act-01_Indoor_SecondFloorWall2
[2019.06.12-02.23.27:750][272]LogStaticMesh: Building static mesh Act-01_Ceiling_Lamp...
[2019.06.12-02.23.27:759][272]LogStaticMesh: Built static mesh [0.02s] /Game/Level_01/Meshes/Act-01_Ceiling_Lamp.Act-01_Ceiling_Lamp
[2019.06.12-02.23.27:784][272]LogStaticMesh: Building static mesh Act-01_DisplayRoom...
[2019.06.12-02.23.27:798][272]LogStaticMesh: Built static mesh [0.01s] /Game/Level_01/Meshes/Act-01_DisplayRoom.Act-01_DisplayRoom
[2019.06.12-02.23.27:818][272]LogStaticMesh: Building static mesh Act-01_Floor_Lamp1...
[2019.06.12-02.23.27:834][272]LogStaticMesh: Built static mesh [0.02s] /Game/Level_01/Meshes/Act-01_Floor_Lamp1.Act-01_Floor_Lamp1
[2019.06.12-02.23.27:859][272]LogStaticMesh: Building static mesh Act-01_FrontPillar...
[2019.06.12-02.23.27:904][272]LogStaticMesh: Built static mesh [0.05s] /Game/Level_01/Meshes/Act-01_FrontPillar.Act-01_FrontPillar
[2019.06.12-02.23.27:918][272]LogStaticMesh: Building static mesh Act-01_Indoor_SecondFloorWall1...
[2019.06.12-02.23.27:952][272]LogStaticMesh: Built static mesh [0.03s] /Game/Level_01/Meshes/Act-01_Indoor_SecondFloorWall1.Act-01_Indoor_SecondFloorWall1
[2019.06.12-02.23.28:118][272]LogStaticMesh: Building static mesh Act-01_Tatami...
[2019.06.12-02.23.28:135][272]LogStaticMesh: Built static mesh [0.02s] /Game/Level_01/Meshes/Act-01_Tatami.Act-01_Tatami
[2019.06.12-02.23.28:205][272]LogStaticMesh: Building static mesh Act-01_WoodenBase...
[2019.06.12-02.23.28:237][272]LogStaticMesh: Built static mesh [0.04s] /Game/Level_01/Meshes/Act-01_WoodenBase.Act-01_WoodenBase
[2019.06.12-02.23.28:825][272]LogAIModule: Creating AISystem for world Outside
[2019.06.12-02.23.28:976][272]LogAssetEditorManager: Opening Asset editor for World /Game/ThirdPersonBP/Maps/Level-01/Outside.Outside
[2019.06.12-02.23.29:019][272]LogUObjectHash: Compacting FUObjectHashTables data took   3.25ms
[2019.06.12-02.23.29:025][272]Cmd: MAP LOAD FILE="D:/P4/Prototype4/Content/ThirdPersonBP/Maps/Level-01/Outside.umap" TEMPLATE=0 SHOWPROGRESS=1 FEATURELEVEL=3
[2019.06.12-02.23.29:025][272]LightingResults: New page: Lighting Build
[2019.06.12-02.23.29:026][272]LoadErrors: New page: Loading map: Outside.umap
[2019.06.12-02.23.29:026][272]MapCheck: New page: Map Check
[2019.06.12-02.23.29:026][272]LightingResults: New page: Lighting Build
[2019.06.12-02.23.29:051][272]LogUObjectHash: Compacting FUObjectHashTables data took   2.25ms
[2019.06.12-02.23.31:108][272]LogEditorServer: Finished looking for orphan Actors (0.000 secs)
[2019.06.12-02.23.31:137][272]LogUObjectHash: Compacting FUObjectHashTables data took   2.27ms
[2019.06.12-02.23.31:154][272]Cmd: MAP CHECKDEP NOCLEARLOG
[2019.06.12-02.23.31:155][272]MapCheck: Map check complete: 0 Error(s), 0 Warning(s), took 0.09ms to complete.
[2019.06.12-02.23.31:155][272]LogFileHelpers: Loading map 'Outside' took 2.135
[2019.06.12-02.23.38:465][870]MapCheck: New page: Map Check
[2019.06.12-02.23.38:530][870]Cmd: MAP REBUILD ALLVISIBLE
[2019.06.12-02.23.38:531][870]LogEditorServer: Rebuildmap Clear paths rebuilt
[2019.06.12-02.23.38:743][870]LogUObjectHash: Compacting FUObjectHashTables data took   1.36ms
[2019.06.12-02.23.38:788][870]LogMaterial: Display: Missing cached shader map for material DebugViewMode MaterialTexCoordScale, compiling. 
[2019.06.12-02.23.38:862][870]LogMaterial: Display: Missing cached shader map for material DebugViewMode MaterialTexCoordScale, compiling. 
[2019.06.12-02.23.38:869][870]LogMaterial: Display: Missing cached shader map for material DebugViewMode MaterialTexCoordScale, compiling. 
[2019.06.12-02.23.38:876][870]LogMaterial: Display: Missing cached shader map for material DebugViewMode MaterialTexCoordScale, compiling. 
[2019.06.12-02.23.38:883][870]LogMaterial: Display: Missing cached shader map for material DebugViewMode MaterialTexCoordScale, compiling. 
[2019.06.12-02.23.38:889][870]LogMaterial: Display: Missing cached shader map for material DebugViewMode MaterialTexCoordScale, compiling. 
[2019.06.12-02.23.38:896][870]LogMaterial: Display: Missing cached shader map for material DebugViewMode MaterialTexCoordScale, compiling. 
[2019.06.12-02.23.38:903][870]LogMaterial: Display: Missing cached shader map for material DebugViewMode MaterialTexCoordScale, compiling. 
[2019.06.12-02.23.38:910][870]LogMaterial: Display: Missing cached shader map for material DebugViewMode MaterialTexCoordScale, compiling. 
[2019.06.12-02.23.38:917][870]LogMaterial: Display: Missing cached shader map for material DebugViewMode MaterialTexCoordScale, compiling. 
[2019.06.12-02.23.38:924][870]LogMaterial: Display: Missing cached shader map for material DebugViewMode MaterialTexCoordScale, compiling. 
[2019.06.12-02.23.38:931][870]LogMaterial: Display: Missing cached shader map for material DebugViewMode MaterialTexCoordScale, compiling. 
[2019.06.12-02.23.38:938][870]LogMaterial: Display: Missing cached shader map for material DebugViewMode MaterialTexCoordScale, compiling. 
[2019.06.12-02.23.38:945][870]LogMaterial: Display: Missing cached shader map for material DebugViewMode MaterialTexCoordScale, compiling. 
[2019.06.12-02.23.38:953][870]LogMaterial: Display: Missing cached shader map for material DebugViewMode MaterialTexCoordScale, compiling. 
[2019.06.12-02.23.38:962][870]LogMaterial: Display: Missing cached shader map for material DebugViewMode MaterialTexCoordScale, compiling. 
[2019.06.12-02.23.38:969][870]LogMaterial: Display: Missing cached shader map for material DebugViewMode MaterialTexCoordScale, compiling. 
[2019.06.12-02.23.38:977][870]LogMaterial: Display: Missing cached shader map for material DebugViewMode MaterialTexCoordScale, compiling. 
[2019.06.12-02.23.38:984][870]LogMaterial: Display: Missing cached shader map for material DebugViewMode MaterialTexCoordScale, compiling. 
[2019.06.12-02.23.38:991][870]LogMaterial: Display: Missing cached shader map for material DebugViewMode MaterialTexCoordScale, compiling. 
[2019.06.12-02.23.38:998][870]LogMaterial: Display: Missing cached shader map for material DebugViewMode MaterialTexCoordScale, compiling. 
[2019.06.12-02.23.39:005][870]LogMaterial: Display: Missing cached shader map for material DebugViewMode MaterialTexCoordScale, compiling. 
[2019.06.12-02.23.39:014][870]LogMaterial: Display: Missing cached shader map for material DebugViewMode MaterialTexCoordScale, compiling. 
[2019.06.12-02.23.39:020][870]LogMaterial: Display: Missing cached shader map for material DebugViewMode MaterialTexCoordScale, compiling. 
[2019.06.12-02.23.39:027][870]LogMaterial: Display: Missing cached shader map for material DebugViewMode MaterialTexCoordScale, compiling. 
[2019.06.12-02.23.39:040][870]LogMaterial: Display: Missing cached shader map for material DebugViewMode MaterialTexCoordScale, compiling. 
[2019.06.12-02.23.39:051][870]LogMaterial: Display: Missing cached shader map for material DebugViewMode MaterialTexCoordScale, compiling. 
[2019.06.12-02.23.39:060][870]LogMaterial: Display: Missing cached shader map for material DebugViewMode MaterialTexCoordScale, compiling. 
[2019.06.12-02.23.39:068][870]LogMaterial: Display: Missing cached shader map for material DebugViewMode MaterialTexCoordScale, compiling. 
[2019.06.12-02.23.39:076][870]LogMaterial: Display: Missing cached shader map for material DebugViewMode MaterialTexCoordScale, compiling. 
[2019.06.12-02.23.39:083][870]LogMaterial: Display: Missing cached shader map for material DebugViewMode MaterialTexCoordScale, compiling. 
[2019.06.12-02.23.39:089][870]LogMaterial: Display: Missing cached shader map for material DebugViewMode MaterialTexCoordScale, compiling. 
[2019.06.12-02.23.39:097][870]LogMaterial: Display: Missing cached shader map for material DebugViewMode MaterialTexCoordScale, compiling. 
[2019.06.12-02.23.39:106][870]LogMaterial: Display: Missing cached shader map for material DebugViewMode MaterialTexCoordScale, compiling. 
[2019.06.12-02.23.39:113][870]LogMaterial: Display: Missing cached shader map for material DebugViewMode MaterialTexCoordScale, compiling. 
[2019.06.12-02.23.39:120][870]LogMaterial: Display: Missing cached shader map for material DebugViewMode MaterialTexCoordScale, compiling. 
[2019.06.12-02.23.39:127][870]LogMaterial: Display: Missing cached shader map for material DebugViewMode MaterialTexCoordScale, compiling. 
[2019.06.12-02.23.44:696][870]LogShaderCompilers: Display: Shaders left to compile 70
[2019.06.12-02.23.44:696][870]LogShaderCompilers: Display: Shaders left to compile 60
[2019.06.12-02.23.44:696][870]LogShaderCompilers: Display: Shaders left to compile 50
[2019.06.12-02.23.44:696][870]LogShaderCompilers: Display: Shaders left to compile 40
[2019.06.12-02.23.44:696][870]LogShaderCompilers: Display: Shaders left to compile 30
[2019.06.12-02.23.44:696][870]LogShaderCompilers: Display: Shaders left to compile 20
[2019.06.12-02.23.44:696][870]LogShaderCompilers: Display: Shaders left to compile 10
[2019.06.12-02.23.44:696][870]TextureStreamingBuild: Display: Compiling optional shaders took 5.935 seconds.
[2019.06.12-02.23.44:818][870]LogLevel: Display: Export Material TexCoord Scales took 0.122 seconds.
[2019.06.12-02.23.44:861][870]TextureStreamingBuild: Display: Build Texture Streaming took 0.029 seconds.
[2019.06.12-02.23.44:886][870]LogUObjectHash: Compacting FUObjectHashTables data took   0.63ms
[2019.06.12-02.23.44:942][870]LightingResults: New page: Lighting Build - 13/06/2019 2:23:44 am
[2019.06.12-02.23.45:107][870]LogSwarmInterface: [OpenConnection] Registering TCP channel ...
[2019.06.12-02.23.45:225][870]LogSwarmInterface: [OpenConnection] Connecting to agent ...
[2019.06.12-02.23.45:257][870]LogSwarmInterface: [TryOpenConnection] Testing the Agent
[2019.06.12-02.23.46:837][870]LogSwarmInterface: [TryOpenConnection] Opening Connection to Agent
[2019.06.12-02.23.46:837][870]LogSwarmInterface: [TryOpenConnection] Local Process ID is 1080
[2019.06.12-02.24.00:758][870]LogStaticLightingSystem: Warning: No importance volume found, so the scene bounding box was used.  You can optimize your scene's quality and lighting build times by adding importance volumes.
[2019.06.12-02.24.00:792][870]LogStaticLightingSystem: Running Lightmass w/ ImmediateImport mode ENABLED
[2019.06.12-02.24.00:792][870]LogStaticLightingSystem: Running Lightmass w/ ImmediateProcess mode ENABLED
[2019.06.12-02.24.00:792][870]LogStaticLightingSystem: Running Lightmass w/ Sorting mode ENABLED
[2019.06.12-02.24.00:792][870]LogStaticLightingSystem: Running Lightmass w/ Mapping paddings ENABLED
[2019.06.12-02.24.00:792][870]LogStaticLightingSystem: Running Lightmass w/ Mapping debug paddings DISABLED
[2019.06.12-02.24.01:071][870]Cmd: MAP CHECK DONTDISPLAYDIALOG
[2019.06.12-02.24.01:071][870]MapCheck: New page: Outside - 13/06/2019 2:24:01 am
[2019.06.12-02.24.01:086][870]MapCheck: Error: WorldSettings Maps need lighting rebuilt 
[2019.06.12-02.24.01:161][870]MapCheck: Map check complete: 1 Error(s), 0 Warning(s), took 90.321ms to complete.
[2019.06.12-02.24.01:189][870]LogEditorBuildUtils: Build time 0:22
[2019.06.12-02.24.01:394][871]LogMaterial: Display: Missing cached shader map for material FLightmassMaterialRenderer LanternRoof, compiling. 
[2019.06.12-02.24.01:428][871]LogMaterial: Display: Missing cached shader map for material FLightmassMaterialRenderer LanternRoof, compiling. 
[2019.06.12-02.24.01:469][872]LogMaterial: Display: Missing cached shader map for material FLightmassMaterialRenderer LanternGlass, compiling. 
[2019.06.12-02.24.01:478][872]LogMaterial: Display: Missing cached shader map for material FLightmassMaterialRenderer LanternGlass, compiling. 
[2019.06.12-02.24.01:502][873]LogMaterial: Display: Missing cached shader map for material FLightmassMaterialRenderer LanternFrame, compiling. 
[2019.06.12-02.24.01:509][873]LogMaterial: Display: Missing cached shader map for material FLightmassMaterialRenderer LanternFrame, compiling. 
[2019.06.12-02.24.01:529][874]LogMaterial: Display: Missing cached shader map for material FLightmassMaterialRenderer Torii1, compiling. 
[2019.06.12-02.24.01:537][874]LogMaterial: Display: Missing cached shader map for material FLightmassMaterialRenderer Torii1, compiling. 
[2019.06.12-02.24.01:555][875]LogMaterial: Display: Missing cached shader map for material FLightmassMaterialRenderer LandscapeMaterialInstanceConstant_192, compiling. 
[2019.06.12-02.24.01:564][875]LogMaterial: Display: Missing cached shader map for material FLightmassMaterialRenderer LandscapeMaterialInstanceConstant_192, compiling. 
[2019.06.12-02.24.02:703][923]LogMaterial: Display: Missing cached shader map for material FLightmassMaterialRenderer StoneTile1, compiling. 
[2019.06.12-02.24.02:711][923]LogMaterial: Display: Missing cached shader map for material FLightmassMaterialRenderer StoneTile1, compiling. 
[2019.06.12-02.24.07:615][ 65]LogUObjectHash: Compacting FUObjectHashTables data took   0.72ms
[2019.06.12-02.24.12:052][380]LightingResults: Warning: Act-01_GroundFloorWallFrame Object has overlapping UVs.
[2019.06.12-02.24.12:052][380]LightingResults: Act-01_GroundFloorWallFrame Lightmap UV are overlapping by 98.6%. Please adjust content - Enable Error Coloring to visualize.
[2019.06.12-02.24.16:208][754]LogSlate: Window 'Message Log' being destroyed
[2019.06.12-02.24.16:213][754]LogSlate: Window 'Message Log' being destroyed
[2019.06.12-02.24.18:623][891]LogTexture: Display: Building textures: HQ_Lightmap1_2 (AutoDXT, 64X64)
[2019.06.12-02.24.18:623][891]LogTexture: Display: Building textures: LQ_Lightmap_1_2 (DXT1, 64X64)
[2019.06.12-02.24.18:623][891]LogTexture: Display: Building textures: SkyOcclusion1_2 (AutoDXT, 64X32)
[2019.06.12-02.24.18:623][891]LogTexture: Display: Building textures: LQ_Lightmap_1_1 (DXT1, 1024X1024)
[2019.06.12-02.24.18:623][891]LogTexture: Display: Building textures: SkyOcclusion1_1 (AutoDXT, 1024X512)
[2019.06.12-02.24.18:623][891]LogTexture: Display: Building textures: HQ_Lightmap1_1 (AutoDXT, 1024X1024)
[2019.06.12-02.24.18:623][891]LogTexture: Display: Building textures: ShadowMapTexture2D_1 (G8, 32X32)
[2019.06.12-02.24.18:623][891]LogTexture: Display: Building textures: ShadowMapTexture2D_0 (BGRA8, 1024X512)
[2019.06.12-02.24.18:623][891]Job is a success!
[2019.06.12-02.24.18:624][891]LogAIModule: Creating AISystem for world Indoor
[2019.06.12-02.24.18:639][891]LogAssetEditorManager: Opening Asset editor for World /Game/ThirdPersonBP/Maps/Level-01/Indoor.Indoor
[2019.06.12-02.24.18:669][891]LogUObjectHash: Compacting FUObjectHashTables data took   2.08ms
[2019.06.12-02.24.22:449][891]LogSlate: Window 'Save Content' being destroyed
[2019.06.12-02.24.22:698][892]LogVolumetricLightmapImport: Imported Volumetric Lightmap in 0.144s
[2019.06.12-02.24.22:698][892]LogVolumetricLightmapImport:      Indirection Texture 32x32x32 = 0.1Mb
[2019.06.12-02.24.22:698][892]LogVolumetricLightmapImport:      BrickData 1280x15x5 = 3.8Mb (trimmed 0.1Mb due to 0.010000 MinBrickError)
[2019.06.12-02.24.22:698][892]LogVolumetricLightmapImport:      Bricks at Level
[2019.06.12-02.24.22:698][892]LogVolumetricLightmapImport:          0: 1.2% covering 100.0% of volume
[2019.06.12-02.24.22:698][892]LogVolumetricLightmapImport:          1: 3.7% covering 4.7% of volume
[2019.06.12-02.24.22:698][892]LogVolumetricLightmapImport:          2: 95.0% covering 1.9% of volume
[2019.06.12-02.24.22:798][892]LightingResults: Warning: SpotLight5_3 Severe performance loss: Failed to allocate shadowmap channel for stationary light due to overlap - light will fall back to dynamic shadows!
[2019.06.12-02.24.23:372][892]LogTexture: Display: Building textures: SkyOcclusion1_1 (AutoDXT, 1024X512)
[2019.06.12-02.24.23:372][892]LogTexture: Display: Building textures: HQ_Lightmap1_1 (AutoDXT, 1024X1024)
[2019.06.12-02.24.23:372][892]LogTexture: Display: Building textures: SkyOcclusion1_2 (AutoDXT, 64X32)
[2019.06.12-02.24.23:372][892]LogTexture: Display: Building textures: LQ_Lightmap_1_2 (DXT1, 64X64)
[2019.06.12-02.24.23:372][892]LogTexture: Display: Building textures: LQ_Lightmap_1_1 (DXT1, 1024X1024)
[2019.06.12-02.24.23:372][892]LogTexture: Display: Building textures: HQ_Lightmap1_2 (AutoDXT, 64X64)
[2019.06.12-02.24.23:451][892]LogTexture: Display: Building textures: ShadowMapTexture2D_1 (G8, 32X32)
[2019.06.12-02.24.23:451][892]LogTexture: Display: Building textures: ShadowMapTexture2D_0 (BGRA8, 1024X256)
[2019.06.12-02.24.23:516][892]Lightmass on 1406C001: 14.6 sec total, 1.16 sec importing, 81 ms setup, 1.34 sec photons, 12.0 sec processing, 0 ms extra exporting [104/104 mappings]. Threads: 1:24 min total, 18.4 sec processing.
[2019.06.12-02.24.23:538][892]LogStaticLightingSystem: Outside_BuiltData storing lightmap data for 104 meshes in 3 LightmapResourceClusters (34.7 Meshes per cluster).
[2019.06.12-02.24.23:573][892]LogUObjectHash: Compacting FUObjectHashTables data took   1.92ms
[2019.06.12-02.24.23:583][892]LogStaticLightingSystem: Illumination: 38.6 sec (571 ms encoding lightmaps, 73 ms encoding shadowmaps)
[2019.06.12-02.24.23:583][892]LogStaticLightingSystem: Lightmap texture memory:  2.7 MB (2.7 MB streaming, 0.0 MB non-streaming), 4 textures
[2019.06.12-02.24.23:583][892]LogStaticLightingSystem: Shadowmap texture memory: 1.3 MB (1.3 MB streaming, 0.0 MB non-streaming), 2 textures
[2019.06.12-02.24.23:755][892]DumpUnbuiltLightIteractions
[2019.06.12-02.24.23:755][892]Lights with unbuilt interactions: 0
[2019.06.12-02.24.23:755][892]
[2019.06.12-02.24.23:755][892]Primitives with unbuilt interactions: 0
[2019.06.12-02.24.23:836][893]Cmd: MAP CHECK NOTIFYRESULTS
[2019.06.12-02.24.23:836][893]MapCheck: New page: Outside - 13/06/2019 2:24:23 am
[2019.06.12-02.24.23:837][893]MapCheck: Map check complete: 0 Error(s), 0 Warning(s), took 0.724ms to complete.
[2019.06.12-02.24.35:044][202]LogSlate: FSceneViewport::OnFocusLost() reason 0
[2019.06.12-02.26.12:843][156]LogEditorViewport: Clicking on Actor (LMB): StaticMeshActor (Act-01_Torii)
[2019.06.12-02.26.15:230][359]LogSlate: FSceneViewport::OnFocusLost() reason 0
[2019.06.12-02.26.21:187][ 56]LogSlate: Prevented a slow task dialog from being summoned while a context menu was open
[2019.06.12-02.26.21:278][ 56]LogUObjectHash: Compacting FUObjectHashTables data took   1.73ms
[2019.06.12-02.26.28:168][ 56]LogSlate: Window 'Delete Assets' being destroyed
[2019.06.12-02.26.43:593][887]LogUObjectHash: Compacting FUObjectHashTables data took   0.72ms
[2019.06.12-02.26.51:966][887]LogSlate: Window 'Delete Assets' being destroyed
[2019.06.12-02.27.28:049][193]LogFactory: FactoryCreateFile: StaticMesh with FbxFactory (0 0 D:/Xinyue Wang/Production/Environment Assets/Vegetation/Bamboo.fbx)
[2019.06.12-02.27.28:151][193]LogFbx: Loading FBX Scene from D:/Xinyue Wang/Production/Environment Assets/Vegetation/Bamboo.fbx
[2019.06.12-02.27.28:174][193]LogFbx: FBX Scene Loaded Succesfully
[2019.06.12-02.27.36:302][193]LogSlate: Window 'FBX Import Options' being destroyed
[2019.06.12-02.27.36:764][193]LogLinker: Can't find file '/Game/Level_01/Meshes/Grass'
[2019.06.12-02.27.36:764][193]LogLinker: Can't find file '/Game/Level_01/Meshes/Grass'
[2019.06.12-02.27.36:787][193]Error: Texture import failed
[2019.06.12-02.27.36:795][193]Error: Texture import failed
[2019.06.12-02.27.36:795][193]Error: Texture import failed
[2019.06.12-02.27.36:798][193]LogMaterial: Display: Missing cached shader map for material lambert2, compiling. 
[2019.06.12-02.27.36:844][193]LogLinker: Can't find file '/Game/Level_01/Meshes/12411'
[2019.06.12-02.27.36:844][193]LogLinker: Can't find file '/Game/Level_01/Meshes/12411'
[2019.06.12-02.27.36:889][193]LogTexture: Display: Building textures: 12411_2 (AutoDXT, 512X512)
[2019.06.12-02.27.37:025][193]LogMaterial: Display: Missing cached shader map for material Brunch, compiling. 
[2019.06.12-02.27.37:047][193]LogFbx: Display: Triangulating static mesh Bamboo
[2019.06.12-02.27.39:382][193]LogStaticMesh: Building static mesh Bamboo...
[2019.06.12-02.27.40:084][193]LogStaticMesh: Built static mesh [0.72s] /Game/Level_01/Meshes/Bamboo.Bamboo
[2019.06.12-02.27.40:194][193]FBXImport: Warning: No smoothing group information was found in this FBX scene.  Please make sure to enable the 'Export Smoothing Groups' option in the FBX Exporter plug-in before exporting the file.  Even for tools that don't support smoothing groups, the FBX Exporter will generate appropriate smoothing data at export-time so that correct vertex normals can be inferred while importing. 
[2019.06.12-02.27.40:261][193]LogFactory: FactoryCreateFile: StaticMesh with FbxFactory (0 0 D:/Xinyue Wang/Production/Environment Assets/Vegetation/Bushes.fbx)
[2019.06.12-02.27.40:276][193]LogFbx: Loading FBX Scene from D:/Xinyue Wang/Production/Environment Assets/Vegetation/Bushes.fbx
[2019.06.12-02.27.40:299][193]LogFbx: FBX Scene Loaded Succesfully
[2019.06.12-02.27.40:324][193]LogMaterial: Display: Missing cached shader map for material bushes2Shader, compiling. 
[2019.06.12-02.27.40:340][193]LogFbx: Display: Triangulating static mesh bushes2Main
[2019.06.12-02.27.40:823][193]LogStaticMesh: Building static mesh Bushes_bushes2Main...
[2019.06.12-02.27.40:915][193]LogStaticMesh: Built static mesh [0.10s] /Game/Level_01/Meshes/Bushes_bushes2Main.Bushes_bushes2Main
[2019.06.12-02.27.40:963][193]LogLinker: Can't find file '/Game/Level_01/Meshes/sideleaf'
[2019.06.12-02.27.40:963][193]LogLinker: Can't find file '/Game/Level_01/Meshes/sideleaf'
[2019.06.12-02.27.40:964][193]Error: Texture import failed
[2019.06.12-02.27.40:977][193]LogMaterial: Display: Missing cached shader map for material bushes2LeafShader, compiling. 
[2019.06.12-02.27.40:996][193]LogFbx: Display: Triangulating static mesh bushes2Leaf
[2019.06.12-02.27.42:268][193]LogStaticMesh: Building static mesh Bushes_bushes2Leaf...
[2019.06.12-02.27.42:577][193]LogStaticMesh: Built static mesh [0.33s] /Game/Level_01/Meshes/Bushes_bushes2Leaf.Bushes_bushes2Leaf
[2019.06.12-02.27.42:679][193]LogMaterial: Display: Missing cached shader map for material bushes3Shader, compiling. 
[2019.06.12-02.27.42:698][193]LogFbx: Display: Triangulating static mesh bushes3Main
[2019.06.12-02.27.42:799][193]LogStaticMesh: Building static mesh Bushes_bushes3Main...
[2019.06.12-02.27.42:841][193]LogStaticMesh: Built static mesh [0.04s] /Game/Level_01/Meshes/Bushes_bushes3Main.Bushes_bushes3Main
[2019.06.12-02.27.42:900][193]Error: Texture import failed
[2019.06.12-02.27.42:911][193]LogMaterial: Display: Missing cached shader map for material bushes3LeafShader, compiling. 
[2019.06.12-02.27.42:931][193]LogFbx: Display: Triangulating static mesh bushes3Leaf
[2019.06.12-02.27.43:248][193]LogStaticMesh: Building static mesh Bushes_bushes3Leaf...
[2019.06.12-02.27.43:312][193]LogStaticMesh: Built static mesh [0.07s] /Game/Level_01/Meshes/Bushes_bushes3Leaf.Bushes_bushes3Leaf
[2019.06.12-02.27.43:342][193]LogMaterial: Display: Missing cached shader map for material bushes4Shader, compiling. 
[2019.06.12-02.27.43:361][193]LogFbx: Display: Triangulating static mesh bushes4Main
[2019.06.12-02.27.43:553][193]LogStaticMesh: Building static mesh Bushes_bushes4Main...
[2019.06.12-02.27.43:591][193]LogStaticMesh: Built static mesh [0.04s] /Game/Level_01/Meshes/Bushes_bushes4Main.Bushes_bushes4Main
[2019.06.12-02.27.43:619][193]Error: Texture import failed
[2019.06.12-02.27.43:627][193]LogMaterial: Display: Missing cached shader map for material bushes4LeafShader, compiling. 
[2019.06.12-02.27.43:651][193]LogFbx: Display: Triangulating static mesh bushes4Leaf
[2019.06.12-02.27.44:364][193]LogStaticMesh: Building static mesh Bushes_bushes4Leaf...
[2019.06.12-02.27.44:553][193]LogStaticMesh: Built static mesh [0.19s] /Game/Level_01/Meshes/Bushes_bushes4Leaf.Bushes_bushes4Leaf
[2019.06.12-02.27.44:738][193]FBXImport: Warning: No smoothing group information was found in this FBX scene.  Please make sure to enable the 'Export Smoothing Groups' option in the FBX Exporter plug-in before exporting the file.  Even for tools that don't support smoothing groups, the FBX Exporter will generate appropriate smoothing data at export-time so that correct vertex normals can be inferred while importing. 
[2019.06.12-02.27.44:761][193]LogFactory: FactoryCreateFile: StaticMesh with FbxFactory (0 0 D:/Xinyue Wang/Production/Environment Assets/Vegetation/Grass.fbx)
[2019.06.12-02.27.44:778][193]LogFbx: Loading FBX Scene from D:/Xinyue Wang/Production/Environment Assets/Vegetation/Grass.fbx
[2019.06.12-02.27.44:806][193]LogFbx: FBX Scene Loaded Succesfully
[2019.06.12-02.27.44:836][193]LogTexture: Display: Building textures: 12411_3 (AutoDXT, 512X512)
[2019.06.12-02.27.44:944][193]LogMaterial: Display: Missing cached shader map for material surfaceShader1, compiling. 
[2019.06.12-02.27.44:964][193]LogFbx: Display: Triangulating static mesh bamboo1Main
[2019.06.12-02.27.46:046][193]LogShaderCompilers: Display: Shaders left to compile 80
[2019.06.12-02.27.46:046][193]LogShaderCompilers: Display: Shaders left to compile 70
[2019.06.12-02.27.46:049][193]LogStaticMesh: Building static mesh Grass_bamboo1Main...
[2019.06.12-02.27.46:188][193]LogShaderCompilers: Display: Shaders left to compile 60
[2019.06.12-02.27.46:188][193]LogStaticMesh: Built static mesh [0.14s] /Game/Level_01/Meshes/Grass_bamboo1Main.Grass_bamboo1Main
[2019.06.12-02.27.46:219][193]Error: Texture import failed
[2019.06.12-02.27.46:225][193]LogMaterial: Display: Missing cached shader map for material bamboo1LeafShader, compiling. 
[2019.06.12-02.27.46:247][193]LogFbx: Display: Triangulating static mesh bamboo1Leaf
[2019.06.12-02.27.47:442][193]LogStaticMesh: Building static mesh Grass_bamboo1Leaf...
[2019.06.12-02.27.47:829][193]LogStaticMesh: Built static mesh [0.39s] /Game/Level_01/Meshes/Grass_bamboo1Leaf.Grass_bamboo1Leaf
[2019.06.12-02.27.47:945][193]FBXImport: Warning: No smoothing group information was found in this FBX scene.  Please make sure to enable the 'Export Smoothing Groups' option in the FBX Exporter plug-in before exporting the file.  Even for tools that don't support smoothing groups, the FBX Exporter will generate appropriate smoothing data at export-time so that correct vertex normals can be inferred while importing. 
[2019.06.12-02.27.47:967][193]LogFactory: FactoryCreateFile: StaticMesh with FbxFactory (0 0 D:/Xinyue Wang/Production/Environment Assets/Vegetation/PalmLeafy.fbx)
[2019.06.12-02.27.47:984][193]LogFbx: Loading FBX Scene from D:/Xinyue Wang/Production/Environment Assets/Vegetation/PalmLeafy.fbx
[2019.06.12-02.27.47:997][193]LogFbx: FBX Scene Loaded Succesfully
[2019.06.12-02.27.48:007][193]LogLinker: Can't find file '/Game/Level_01/Meshes/ramp4-polySurface6'
[2019.06.12-02.27.48:007][193]LogLinker: Can't find file '/Game/Level_01/Meshes/ramp4-polySurface6'
[2019.06.12-02.27.48:008][193]Error: Texture import failed
[2019.06.12-02.27.48:012][193]LogMaterial: Display: Missing cached shader map for material palmLeafy1LeafShader2, compiling. 
[2019.06.12-02.27.48:041][193]LogLinker: Can't find file '/Game/Level_01/Meshes/ramp1-polySurface1'
[2019.06.12-02.27.48:041][193]LogLinker: Can't find file '/Game/Level_01/Meshes/ramp1-polySurface1'
[2019.06.12-02.27.48:042][193]Error: Texture import failed
[2019.06.12-02.27.48:052][193]LogMaterial: Display: Missing cached shader map for material palmLeafy1Shader1, compiling. 
[2019.06.12-02.27.48:073][193]LogFbx: Display: Triangulating static mesh Palmleafy
[2019.06.12-02.27.48:361][193]LogStaticMesh: Building static mesh PalmLeafy_Palmleafy...
[2019.06.12-02.27.48:404][193]LogStaticMesh: Built static mesh [0.04s] /Game/Level_01/Meshes/PalmLeafy_Palmleafy.PalmLeafy_Palmleafy
[2019.06.12-02.27.48:456][193]FBXImport: Warning: No smoothing group information was found in this FBX scene.  Please make sure to enable the 'Export Smoothing Groups' option in the FBX Exporter plug-in before exporting the file.  Even for tools that don't support smoothing groups, the FBX Exporter will generate appropriate smoothing data at export-time so that correct vertex normals can be inferred while importing. 
[2019.06.12-02.28.31:463][270]LogUObjectHash: Compacting FUObjectHashTables data took   1.81ms
[2019.06.12-02.28.34:083][270]LogSlate: Window 'Delete Assets' being destroyed
[2019.06.12-02.28.34:217][270]LogUObjectHash: Compacting FUObjectHashTables data took   1.69ms
[2019.06.12-02.28.35:086][338]LogUnrealEdMisc: Warning: Heartbeat event firing too frequently (46.240 sec). This should never happen. Something is wrong with the timer delegate!
[2019.06.12-02.28.37:464][522]LogActorFactory: Actor Factory created Grass_bamboo1Main
[2019.06.12-02.28.38:111][593]LogActorFactory: Actor Factory created Grass_bamboo1Main
[2019.06.12-02.28.39:092][700]Cmd: CAMERA ALIGN ACTIVEVIEWPORTONLY
[2019.06.12-02.28.41:314][950]Cmd: DELETE
[2019.06.12-02.28.41:314][950]Cmd: ACTOR DELETE
[2019.06.12-02.28.41:497][950]LogEditorActor: Deleted Actor: StaticMeshActor
[2019.06.12-02.28.41:521][950]LogUObjectHash: Compacting FUObjectHashTables data took   1.35ms
[2019.06.12-02.28.41:521][950]LogEditorActor: Deleted 1 Actors (0.068 secs)
[2019.06.12-02.28.45:300][393]LogSlate: FSceneViewport::OnFocusLost() reason 0
[2019.06.12-02.28.52:965][256]LogMaterial: Warning: Material /Game/Level_01/Meshes/surfaceShader1.surfaceShader1 needed to have new flag set bUsedWithInstancedStaticMeshes !
[2019.06.12-02.28.52:976][256]LogMaterial: Display: Missing cached shader map for material surfaceShader1, compiling. 
[2019.06.12-02.28.56:035][537]LogSlate: FSceneViewport::OnFocusLost() reason 0
[2019.06.12-02.28.56:207][548]LogAssetEditorManager: Opening Asset editor for StaticMesh /Game/Level_01/Meshes/Grass_bamboo1Main.Grass_bamboo1Main
[2019.06.12-02.28.57:391][548]LogRenderer: Reallocating scene render targets to support 1432x932 Format 10 NumSamples 1 (Frame:1).
[2019.06.12-02.28.57:391][548]LogSlate: Took 0.019144 seconds to synchronously load lazily loaded font '../../../Engine/Content/Slate/Fonts/Roboto-Italic.ttf' (157K)
[2019.06.12-02.28.59:709][661]LogSlate: Window 'Grass_bamboo1Main' being destroyed
[2019.06.12-02.28.59:714][661]LogSlate: Window 'Grass_bamboo1Main' being destroyed
[2019.06.12-02.29.00:581][709]Cmd: TRANSACTION UNDO
[2019.06.12-02.29.00:581][709]LogEditorTransaction: Undo Foliage Editing
[2019.06.12-02.29.02:132][818]LogUObjectHash: Compacting FUObjectHashTables data took   1.83ms
[2019.06.12-02.29.03:423][818]LogSlate: Window 'Delete Assets' being destroyed
[2019.06.12-02.29.03:432][818]LogUObjectGlobals: Force Deleting 1 Package(s):
	Asset Name: /Game/Level_01/Meshes/Grass_bamboo1Main.Grass_bamboo1Main
[2019.06.12-02.29.13:129][818]LogWindows: Error: === Critical error: ===
[2019.06.12-02.29.13:129][818]LogWindows: Error: 
[2019.06.12-02.29.13:129][818]LogWindows: Error: Fatal error!
[2019.06.12-02.29.13:129][818]LogWindows: Error: 
[2019.06.12-02.29.13:129][818]LogWindows: Error: Unhandled Exception: EXCEPTION_ACCESS_VIOLATION reading address 0x0000061f
[2019.06.12-02.29.13:129][818]LogWindows: Error: 
[2019.06.12-02.29.13:129][818]LogWindows: Error: [Callstack] 0x00007ffab6517bf0 UE4Editor-Engine.dll!UnknownFunction []
[2019.06.12-02.29.13:129][818]LogWindows: Error: [Callstack] 0x00007ffab103b5d7 UE4Editor-Foliage.dll!UnknownFunction []
[2019.06.12-02.29.13:129][818]LogWindows: Error: [Callstack] 0x00007ffab4d903e4 UE4Editor-UnrealEd.dll!UnknownFunction []
[2019.06.12-02.29.13:129][818]LogWindows: Error: [Callstack] 0x00007ffab4d8dea4 UE4Editor-UnrealEd.dll!UnknownFunction []
[2019.06.12-02.29.13:129][818]LogWindows: Error: [Callstack] 0x00007ffab45ee42f UE4Editor-UnrealEd.dll!UnknownFunction []
[2019.06.12-02.29.13:129][818]LogWindows: Error: [Callstack] 0x00007ffab484f488 UE4Editor-UnrealEd.dll!UnknownFunction []
[2019.06.12-02.29.13:129][818]LogWindows: Error: [Callstack] 0x00007ffab48497c4 UE4Editor-UnrealEd.dll!UnknownFunction []
[2019.06.12-02.29.13:129][818]LogWindows: Error: [Callstack] 0x00007ffab60a2a12 UE4Editor-Slate.dll!UnknownFunction []
[2019.06.12-02.29.13:129][818]LogWindows: Error: [Callstack] 0x00007ffab5ef4021 UE4Editor-Slate.dll!UnknownFunction []
[2019.06.12-02.29.13:129][818]LogWindows: Error: [Callstack] 0x00007ffab5f70301 UE4Editor-Slate.dll!UnknownFunction []
[2019.06.12-02.29.13:129][818]LogWindows: Error: [Callstack] 0x00007ffab5f5aaca UE4Editor-Slate.dll!UnknownFunction []
[2019.06.12-02.29.13:129][818]LogWindows: Error: [Callstack] 0x00007ffab5f50414 UE4Editor-Slate.dll!UnknownFunction []
[2019.06.12-02.29.13:129][818]LogWindows: Error: [Callstack] 0x00007ffaccc3b8e0 UE4Editor-ApplicationCore.dll!UnknownFunction []
[2019.06.12-02.29.13:129][818]LogWindows: Error: [Callstack] 0x00007ffaccc2ef9f UE4Editor-ApplicationCore.dll!UnknownFunction []
[2019.06.12-02.29.13:129][818]LogWindows: Error: [Callstack] 0x00007ffaccc3d77f UE4Editor-ApplicationCore.dll!UnknownFunction []
[2019.06.12-02.29.13:129][818]LogWindows: Error: [Callstack] 0x00007ffaccc2c090 UE4Editor-ApplicationCore.dll!UnknownFunction []
[2019.06.12-02.29.13:129][818]LogWindows: Error: [Callstack] 0x00007ffb55aa6d41 USER32.dll!UnknownFunction []
[2019.06.12-02.29.13:129][818]LogWindows: Error: [Callstack] 0x00007ffb55aa6713 USER32.dll!UnknownFunction []
[2019.06.12-02.29.13:129][818]LogWindows: Error: [Callstack] 0x00007ffaccc3e899 UE4Editor-ApplicationCore.dll!UnknownFunction []
[2019.06.12-02.29.13:129][818]LogWindows: Error: [Callstack] 0x00007ffab5f7aa95 UE4Editor-Slate.dll!UnknownFunction []
[2019.06.12-02.29.13:129][818]LogWindows: Error: [Callstack] 0x00007ffab5f2012f UE4Editor-Slate.dll!UnknownFunction []
[2019.06.12-02.29.13:129][818]LogWindows: Error: [Callstack] 0x00007ffab48d2ce6 UE4Editor-UnrealEd.dll!UnknownFunction []
[2019.06.12-02.29.13:129][818]LogWindows: Error: [Callstack] 0x00007ffab4d82f65 UE4Editor-UnrealEd.dll!UnknownFunction []
[2019.06.12-02.29.13:129][818]LogWindows: Error: [Callstack] 0x00007ffab4d82365 UE4Editor-UnrealEd.dll!UnknownFunction []
[2019.06.12-02.29.13:129][818]LogWindows: Error: [Callstack] 0x00007ffaa322dd15 UE4Editor-ContentBrowser.dll!UnknownFunction []
[2019.06.12-02.29.13:129][818]LogWindows: Error: [Callstack] 0x00007ffaa3343e37 UE4Editor-ContentBrowser.dll!UnknownFunction []
[2019.06.12-02.29.13:129][818]LogWindows: Error: [Callstack] 0x00007ffaa3321668 UE4Editor-ContentBrowser.dll!UnknownFunction []
[2019.06.12-02.29.13:129][818]LogWindows: Error: [Callstack] 0x00007ffab5f271ea UE4Editor-Slate.dll!UnknownFunction []
[2019.06.12-02.29.13:129][818]LogWindows: Error: [Callstack] 0x00007ffab5f5743e UE4Editor-Slate.dll!UnknownFunction []
[2019.06.12-02.29.13:129][818]LogWindows: Error: [Callstack] 0x00007ffaa336b07b UE4Editor-ContentBrowser.dll!UnknownFunction []
[2019.06.12-02.29.13:129][818]LogWindows: Error: [Callstack] 0x00007ffab5ef1e66 UE4Editor-Slate.dll!UnknownFunction []
[2019.06.12-02.29.13:129][818]LogWindows: Error: [Callstack] 0x00007ffab5f58dcd UE4Editor-Slate.dll!UnknownFunction []
[2019.06.12-02.29.13:129][818]LogWindows: Error: [Callstack] 0x00007ffab5f4f1ce UE4Editor-Slate.dll!UnknownFunction []
[2019.06.12-02.29.13:129][818]LogWindows: Error: [Callstack] 0x00007ffaccc3b55a UE4Editor-ApplicationCore.dll!UnknownFunction []
[2019.06.12-02.29.13:129][818]LogWindows: Error: [Callstack] 0x00007ffaccc2ef9f UE4Editor-ApplicationCore.dll!UnknownFunction []
[2019.06.12-02.29.13:129][818]LogWindows: Error: [Callstack] 0x00007ffaccc3d77f UE4Editor-ApplicationCore.dll!UnknownFunction []
[2019.06.12-02.29.13:129][818]LogWindows: Error: [Callstack] 0x00007ffaccc2c090 UE4Editor-ApplicationCore.dll!UnknownFunction []
[2019.06.12-02.29.13:129][818]LogWindows: Error: [Callstack] 0x00007ffb55aa6d41 USER32.dll!UnknownFunction []
[2019.06.12-02.29.13:129][818]LogWindows: Error: [Callstack] 0x00007ffb55aa6713 USER32.dll!UnknownFunction []
[2019.06.12-02.29.13:129][818]LogWindows: Error: [Callstack] 0x00007ffaccc3e946 UE4Editor-ApplicationCore.dll!UnknownFunction []
[2019.06.12-02.29.13:129][818]LogWindows: Error: [Callstack] 0x00007ff727df5d3e UE4Editor.exe!UnknownFunction []
[2019.06.12-02.29.13:129][818]LogWindows: Error: [Callstack] 0x00007ff727e0554c UE4Editor.exe!UnknownFunction []
[2019.06.12-02.29.13:129][818]LogWindows: Error: [Callstack] 0x00007ff727e055ca UE4Editor.exe!UnknownFunction []
[2019.06.12-02.29.13:129][818]LogWindows: Error: [Callstack] 0x00007ff727e1316c UE4Editor.exe!UnknownFunction []
[2019.06.12-02.29.13:129][818]LogWindows: Error: [Callstack] 0x00007ff727e15b8e UE4Editor.exe!UnknownFunction []
[2019.06.12-02.29.13:129][818]LogWindows: Error: [Callstack] 0x00007ffb555f3034 KERNEL32.DLL!UnknownFunction []
[2019.06.12-02.29.13:129][818]LogWindows: Error: [Callstack] 0x00007ffb55ea3691 ntdll.dll!UnknownFunction []
[2019.06.12-02.29.13:129][818]LogWindows: Error: 
[2019.06.12-02.29.13:140][818]LogExit: Executing StaticShutdownAfterError
[2019.06.12-02.29.13:154][818]LogWindows: FPlatformMisc::RequestExit(1)
[2019.06.12-02.29.13:183][818]Log file closed, 06/12/19 14:29:13
