Log file open, 05/31/19 16:35:34
LogWindows: Failed to load 'aqProf.dll' (GetLastError=126)
LogWindows: File 'aqProf.dll' does not exist
LogWindows: Failed to load 'VtuneApi.dll' (GetLastError=126)
LogWindows: File 'VtuneApi.dll' does not exist
LogWindows: Failed to load 'VtuneApi32e.dll' (GetLastError=126)
LogWindows: File 'VtuneApi32e.dll' does not exist
LogConsoleResponse: Display: Failed to find resolution value strings in scalability ini. Falling back to default.
LogInit: Display: Running engine for game: Prototype4
LogPakFile: Registered encryption key '00000000000000000000000000000000': 0 pak files mounted, 0 remain pending
LogPlatformFile: Not using cached read wrapper
LogTaskGraph: Started task graph with 5 named threads and 23 total threads with 3 sets of task threads.
LogStats: Stats thread started at 0.419435
LogD3D11RHI: Loaded GFSDK_Aftermath_Lib.x64.dll
LogICUInternationalization: ICU TimeZone Detection - Raw Offset: +12:00, Platform Override: ''
LogPluginManager: Mounting plugin Paper2D
LogPluginManager: Mounting plugin AISupport
LogPluginManager: Mounting plugin LightPropagationVolume
LogPluginManager: Mounting plugin ActorLayerUtilities
LogPluginManager: Mounting plugin AnimationSharing
LogPluginManager: Mounting plugin CLionSourceCodeAccess
LogPluginManager: Mounting plugin CodeLiteSourceCodeAccess
LogPluginManager: Mounting plugin ConcertFrontend
LogPluginManager: Mounting plugin ConcertMain
LogPluginManager: Mounting plugin ConcertSyncClient
LogPluginManager: Mounting plugin ConcertSyncCore
LogPluginManager: Found config from plugin[ConcertSyncCore] D:/Users/jiefei.he7542/Documents/N_Prototype4/Prototype4/Saved/Config/Windows/Engine.ini
LogPluginManager: Mounting plugin GitSourceControl
LogPluginManager: Mounting plugin KDevelopSourceCodeAccess
LogPluginManager: Mounting plugin NullSourceCodeAccess
LogPluginManager: Mounting plugin PerforceSourceControl
LogPluginManager: Mounting plugin SubversionSourceControl
LogPluginManager: Mounting plugin UObjectPlugin
LogPluginManager: Mounting plugin VisualStudioCodeSourceCodeAccess
LogPluginManager: Mounting plugin VisualStudioSourceCodeAccess
LogPluginManager: Mounting plugin XCodeSourceCodeAccess
LogPluginManager: Mounting plugin AssetManagerEditor
LogPluginManager: Mounting plugin CryptoKeys
LogPluginManager: Mounting plugin DataValidation
LogPluginManager: Mounting plugin FacialAnimation
LogPluginManager: Mounting plugin GameplayTagsEditor
LogPluginManager: Mounting plugin MacGraphicsSwitching
LogPluginManager: Mounting plugin MaterialAnalyzer
LogPluginManager: Mounting plugin MobileLauncherProfileWizard
LogPluginManager: Mounting plugin PluginBrowser
LogPluginManager: Mounting plugin SpeedTreeImporter
LogPluginManager: Mounting plugin DatasmithContent
LogPluginManager: Mounting plugin VariantManagerContent
LogPluginManager: Mounting plugin AlembicImporter
LogPluginManager: Mounting plugin AppleImageUtils
LogPluginManager: Mounting plugin AppleVision
LogPluginManager: Mounting plugin BackChannel
LogPluginManager: Mounting plugin CharacterAI
LogPluginManager: Mounting plugin GeometryCache
LogPluginManager: Mounting plugin HTML5Networking
LogPluginManager: Mounting plugin ProxyLODPlugin
LogPluginManager: Mounting plugin SkeletalReduction
LogPluginManager: Mounting plugin MagicLeap
LogPluginManager: Mounting plugin MagicLeapMedia
LogPluginManager: Mounting plugin AndroidMedia
LogPluginManager: Mounting plugin AvfMedia
LogPluginManager: Mounting plugin ImgMedia
LogPluginManager: Mounting plugin LinearTimecode
LogPluginManager: Mounting plugin MediaCompositing
LogPluginManager: Mounting plugin MediaPlayerEditor
LogPluginManager: Mounting plugin WebMMedia
LogPluginManager: Mounting plugin WmfMedia
LogPluginManager: Mounting plugin TcpMessaging
LogPluginManager: Mounting plugin UdpMessaging
LogPluginManager: Mounting plugin ActorSequence
LogPluginManager: Mounting plugin LevelSequenceEditor
LogPluginManager: Mounting plugin MatineeToLevelSequence
LogPluginManager: Mounting plugin NetcodeUnitTest
LogPluginManager: Mounting plugin NUTUnrealEngine4
LogPluginManager: Mounting plugin OnlineSubsystemGooglePlay
LogPluginManager: Mounting plugin OnlineSubsystemIOS
LogPluginManager: Mounting plugin OnlineSubsystem
LogPluginManager: Mounting plugin OnlineSubsystemNull
LogPluginManager: Mounting plugin OnlineSubsystemUtils
LogPluginManager: Mounting plugin LauncherChunkInstaller
LogPluginManager: Mounting plugin AndroidDeviceProfileSelector
LogPluginManager: Mounting plugin AndroidMoviePlayer
LogPluginManager: Mounting plugin AndroidPermission
LogPluginManager: Mounting plugin AppleMoviePlayer
LogPluginManager: Mounting plugin ArchVisCharacter
LogPluginManager: Mounting plugin AudioCapture
LogPluginManager: Mounting plugin CableComponent
LogPluginManager: Mounting plugin CustomMeshComponent
LogPluginManager: Mounting plugin EditableMesh
LogPluginManager: Mounting plugin ExampleDeviceProfileSelector
LogPluginManager: Mounting plugin Firebase
LogPluginManager: Mounting plugin GoogleCloudMessaging
LogPluginManager: Mounting plugin IOSDeviceProfileSelector
LogPluginManager: Mounting plugin LinuxDeviceProfileSelector
LogPluginManager: Mounting plugin LocationServicesBPLibrary
LogPluginManager: Mounting plugin MobilePatchingUtils
LogPluginManager: Mounting plugin OculusVR
LogPluginManager: Mounting plugin PhysXVehicles
LogPluginManager: Mounting plugin ProceduralMeshComponent
LogPluginManager: Mounting plugin RuntimePhysXCooking
LogPluginManager: Mounting plugin SignificanceManager
LogPluginManager: Mounting plugin SteamVR
LogPluginManager: Mounting plugin WebMMoviePlayer
LogPluginManager: Mounting plugin WindowsMoviePlayer
LogInit: Using libcurl 7.55.1-DEV
LogInit:  - built for x86_64-pc-win32
LogInit:  - supports SSL with OpenSSL/1.1.1
LogInit:  - supports HTTP deflate (compression) using libz 1.2.8
LogInit:  - other features:
LogInit:      CURL_VERSION_SSL
LogInit:      CURL_VERSION_LIBZ
LogInit:      CURL_VERSION_IPV6
LogInit:      CURL_VERSION_ASYNCHDNS
LogInit:      CURL_VERSION_LARGEFILE
LogInit:      CURL_VERSION_IDN
LogInit:  CurlRequestOptions (configurable via config and command line):
LogInit:  - bVerifyPeer = true  - Libcurl will verify peer certificate
LogInit:  - bUseHttpProxy = false  - Libcurl will NOT use HTTP proxy
LogInit:  - bDontReuseConnections = false  - Libcurl will reuse connections
LogInit:  - MaxHostConnections = 16  - Libcurl will limit the number of connections to a host
LogInit:  - LocalHostAddr = Default
LogInit:  - BufferSize = 65536
LogInit: WinSock: version 1.1 (2.2), MaxSocks=32767, MaxUdp=65467
LogHMD: Failed initializing OVRPlugin 1.32.0
LogInit: Build: ++UE4+Release-4.22-CL-6574378
LogInit: Engine Version: 4.22.2-6574378+++UE4+Release-4.22
LogInit: Compatible Engine Version: 4.22.0-5660361+++UE4+Release-4.22
LogInit: Net CL: 5660361
LogInit: OS: Windows 10 (Release 1803) (), CPU: Intel(R) Core(TM) i7-4790 CPU @ 3.60GHz, GPU: NVIDIA GeForce GTX 760
LogInit: Compiled (64-bit): May 20 2019 09:54:56
LogInit: Compiled with Visual C++: 19.16.27025.01
LogInit: Build Configuration: Development
LogInit: Branch Name: ++UE4+Release-4.22
LogInit: Command Line: 
LogInit: Base Directory: D:/Unreal/UE_4.22/Engine/Binaries/Win64/
LogInit: Installed Engine Build: 1
LogDevObjectVersion: Number of dev versions registered: 23
LogDevObjectVersion:   Dev-Blueprints (B0D832E4-1F89-4F0D-ACCF-7EB736FD4AA2): 10
LogDevObjectVersion:   Dev-Build (E1C64328-A22C-4D53-A36C-8E866417BD8C): 0
LogDevObjectVersion:   Dev-Core (375EC13C-06E4-48FB-B500-84F0262A717E): 3
LogDevObjectVersion:   Dev-Editor (E4B068ED-F494-42E9-A231-DA0B2E46BB41): 30
LogDevObjectVersion:   Dev-Framework (CFFC743F-43B0-4480-9391-14DF171D2073): 35
LogDevObjectVersion:   Dev-Mobile (B02B49B5-BB20-44E9-A304-32B752E40360): 2
LogDevObjectVersion:   Dev-Networking (A4E4105C-59A1-49B5-A7C5-40C4547EDFEE): 0
LogDevObjectVersion:   Dev-Online (39C831C9-5AE6-47DC-9A44-9C173E1C8E7C): 0
LogDevObjectVersion:   Dev-Physics (78F01B33-EBEA-4F98-B9B4-84EACCB95AA2): 0
LogDevObjectVersion:   Dev-Platform (6631380F-2D4D-43E0-8009-CF276956A95A): 0
LogDevObjectVersion:   Dev-Rendering (12F88B9F-8875-4AFC-A67C-D90C383ABD29): 28
LogDevObjectVersion:   Dev-Sequencer (7B5AE74C-D270-4C10-A958-57980B212A5A): 11
LogDevObjectVersion:   Dev-VR (D7296918-1DD6-4BDD-9DE2-64A83CC13884): 2
LogDevObjectVersion:   Dev-LoadTimes (C2A15278-BFE7-4AFE-6C17-90FF531DF755): 1
LogDevObjectVersion:   Private-Geometry (6EACA3D4-40EC-4CC1-B786-8BED09428FC5): 3
LogDevObjectVersion:   Dev-AnimPhys (29E575DD-E0A3-4627-9D10-D276232CDCEA): 17
LogDevObjectVersion:   Dev-Anim (AF43A65D-7FD3-4947-9873-3E8ED9C1BB05): 2
LogDevObjectVersion:   Dev-ReflectionCapture (6B266CEC-1EC7-4B8F-A30B-E4D90942FC07): 1
LogDevObjectVersion:   Dev-Automation (0DF73D61-A23F-47EA-B727-89E90C41499A): 1
LogDevObjectVersion:   FortniteMain (601D1886-AC64-4F84-AA16-D3DE0DEAC7D6): 25
LogDevObjectVersion:   Dev-Enterprise (9DFFBCD6-494F-0158-E221-12823C92A888): 6
LogDevObjectVersion:   Dev-Niagara (F2AED0AC-9AFE-416F-8664-AA7FFA26D6FC): 1
LogDevObjectVersion:   Dev-Destruction (174F1F0B-B4C6-45A5-B13F-2EE8D0FB917D): 2
LogInit: Presizing for max 16777216 objects, including 0 objects not considered by GC, pre-allocating 0 bytes for permanent pool.
LogInit: Object subsystem initialized
LogConfig: Setting CVar [[con.DebugEarlyDefault:1]]
LogConfig: Setting CVar [[r.setres:1280x720]]
[2019.05.31-04.35.36:526][  0]LogConfig: Setting CVar [[r.VSync:0]]
[2019.05.31-04.35.36:526][  0]LogConfig: Setting CVar [[r.RHICmdBypass:0]]
[2019.05.31-04.35.36:526][  0]LogConfig: Applying CVar settings from Section [/Script/Engine.RendererSettings] File [D:/Users/jiefei.he7542/Documents/N_Prototype4/Prototype4/Saved/Config/Windows/Engine.ini]
[2019.05.31-04.35.36:526][  0]LogConfig: Setting CVar [[r.GPUCrashDebugging:0]]
[2019.05.31-04.35.36:527][  0]LogConfig: Applying CVar settings from Section [/Script/Engine.RendererOverrideSettings] File [D:/Users/jiefei.he7542/Documents/N_Prototype4/Prototype4/Saved/Config/Windows/Engine.ini]
[2019.05.31-04.35.36:527][  0]LogConfig: Applying CVar settings from Section [/Script/Engine.StreamingSettings] File [D:/Users/jiefei.he7542/Documents/N_Prototype4/Prototype4/Saved/Config/Windows/Engine.ini]
[2019.05.31-04.35.36:527][  0]LogConfig: Setting CVar [[s.MinBulkDataSizeForAsyncLoading:131072]]
[2019.05.31-04.35.36:527][  0]LogConfig: Setting CVar [[s.AsyncLoadingThreadEnabled:0]]
[2019.05.31-04.35.36:527][  0]LogConfig: Setting CVar [[s.EventDrivenLoaderEnabled:1]]
[2019.05.31-04.35.36:527][  0]LogConfig: Setting CVar [[s.WarnIfTimeLimitExceeded:0]]
[2019.05.31-04.35.36:527][  0]LogConfig: Setting CVar [[s.TimeLimitExceededMultiplier:1.5]]
[2019.05.31-04.35.36:527][  0]LogConfig: Setting CVar [[s.TimeLimitExceededMinTime:0.005]]
[2019.05.31-04.35.36:527][  0]LogConfig: Setting CVar [[s.UseBackgroundLevelStreaming:1]]
[2019.05.31-04.35.36:527][  0]LogConfig: Setting CVar [[s.PriorityAsyncLoadingExtraTime:15.0]]
[2019.05.31-04.35.36:527][  0]LogConfig: Setting CVar [[s.LevelStreamingActorsUpdateTimeLimit:5.0]]
[2019.05.31-04.35.36:527][  0]LogConfig: Setting CVar [[s.PriorityLevelStreamingActorsUpdateExtraTime:5.0]]
[2019.05.31-04.35.36:527][  0]LogConfig: Setting CVar [[s.LevelStreamingComponentsRegistrationGranularity:10]]
[2019.05.31-04.35.36:527][  0]LogConfig: Setting CVar [[s.UnregisterComponentsTimeLimit:1.0]]
[2019.05.31-04.35.36:527][  0]LogConfig: Setting CVar [[s.LevelStreamingComponentsUnregistrationGranularity:5]]
[2019.05.31-04.35.36:527][  0]LogConfig: Applying CVar settings from Section [/Script/Engine.GarbageCollectionSettings] File [D:/Users/jiefei.he7542/Documents/N_Prototype4/Prototype4/Saved/Config/Windows/Engine.ini]
[2019.05.31-04.35.36:527][  0]LogConfig: Setting CVar [[gc.MaxObjectsNotConsideredByGC:1]]
[2019.05.31-04.35.36:527][  0]LogConfig: Setting CVar [[gc.SizeOfPermanentObjectPool:0]]
[2019.05.31-04.35.36:527][  0]LogConfig: Setting CVar [[gc.FlushStreamingOnGC:0]]
[2019.05.31-04.35.36:527][  0]LogConfig: Setting CVar [[gc.NumRetriesBeforeForcingGC:10]]
[2019.05.31-04.35.36:527][  0]LogConfig: Setting CVar [[gc.AllowParallelGC:1]]
[2019.05.31-04.35.36:527][  0]LogConfig: Setting CVar [[gc.TimeBetweenPurgingPendingKillObjects:61.1]]
[2019.05.31-04.35.36:527][  0]LogConfig: Setting CVar [[gc.MaxObjectsInEditor:16777216]]
[2019.05.31-04.35.36:527][  0]LogConfig: Setting CVar [[gc.IncrementalBeginDestroyEnabled:1]]
[2019.05.31-04.35.36:527][  0]LogConfig: Setting CVar [[gc.CreateGCClusters:1]]
[2019.05.31-04.35.36:527][  0]LogConfig: Setting CVar [[gc.MinGCClusterSize:5]]
[2019.05.31-04.35.36:527][  0]LogConfig: Setting CVar [[gc.ActorClusteringEnabled:0]]
[2019.05.31-04.35.36:527][  0]LogConfig: Setting CVar [[gc.BlueprintClusteringEnabled:0]]
[2019.05.31-04.35.36:527][  0]LogConfig: Setting CVar [[gc.UseDisregardForGCOnDedicatedServers:0]]
[2019.05.31-04.35.36:527][  0]LogConfig: Applying CVar settings from Section [/Script/Engine.NetworkSettings] File [D:/Users/jiefei.he7542/Documents/N_Prototype4/Prototype4/Saved/Config/Windows/Engine.ini]
[2019.05.31-04.35.36:527][  0]LogConfig: Applying CVar settings from Section [/Script/UnrealEd.CookerSettings] File [D:/Users/jiefei.he7542/Documents/N_Prototype4/Prototype4/Saved/Config/Windows/Engine.ini]
[2019.05.31-04.35.36:532][  0]LogConfig: Applying CVar settings from Section [ViewDistanceQuality@3] File [D:/Users/jiefei.he7542/Documents/N_Prototype4/Prototype4/Saved/Config/Windows/Scalability.ini]
[2019.05.31-04.35.36:532][  0]LogConfig: Setting CVar [[r.SkeletalMeshLODBias:0]]
[2019.05.31-04.35.36:532][  0]LogConfig: Setting CVar [[r.ViewDistanceScale:1.0]]
[2019.05.31-04.35.36:532][  0]LogConfig: Applying CVar settings from Section [AntiAliasingQuality@3] File [D:/Users/jiefei.he7542/Documents/N_Prototype4/Prototype4/Saved/Config/Windows/Scalability.ini]
[2019.05.31-04.35.36:532][  0]LogConfig: Setting CVar [[r.PostProcessAAQuality:4]]
[2019.05.31-04.35.36:532][  0]LogConfig: Applying CVar settings from Section [ShadowQuality@3] File [D:/Users/jiefei.he7542/Documents/N_Prototype4/Prototype4/Saved/Config/Windows/Scalability.ini]
[2019.05.31-04.35.36:533][  0]LogConfig: Setting CVar [[r.LightFunctionQuality:1]]
[2019.05.31-04.35.36:533][  0]LogConfig: Setting CVar [[r.ShadowQuality:5]]
[2019.05.31-04.35.36:533][  0]LogConfig: Setting CVar [[r.Shadow.CSM.MaxCascades:10]]
[2019.05.31-04.35.36:533][  0]LogConfig: Setting CVar [[r.Shadow.MaxResolution:2048]]
[2019.05.31-04.35.36:533][  0]LogConfig: Setting CVar [[r.Shadow.MaxCSMResolution:2048]]
[2019.05.31-04.35.36:533][  0]LogConfig: Setting CVar [[r.Shadow.RadiusThreshold:0.01]]
[2019.05.31-04.35.36:533][  0]LogConfig: Setting CVar [[r.Shadow.DistanceScale:1.0]]
[2019.05.31-04.35.36:533][  0]LogConfig: Setting CVar [[r.Shadow.CSM.TransitionScale:1.0]]
[2019.05.31-04.35.36:533][  0]LogConfig: Setting CVar [[r.Shadow.PreShadowResolutionFactor:1.0]]
[2019.05.31-04.35.36:533][  0]LogConfig: Setting CVar [[r.DistanceFieldShadowing:1]]
[2019.05.31-04.35.36:533][  0]LogConfig: Setting CVar [[r.DistanceFieldAO:1]]
[2019.05.31-04.35.36:533][  0]LogConfig: Setting CVar [[r.AOQuality:2]]
[2019.05.31-04.35.36:533][  0]LogConfig: Setting CVar [[r.VolumetricFog:1]]
[2019.05.31-04.35.36:533][  0]LogConfig: Setting CVar [[r.VolumetricFog.GridPixelSize:8]]
[2019.05.31-04.35.36:533][  0]LogConfig: Setting CVar [[r.VolumetricFog.GridSizeZ:128]]
[2019.05.31-04.35.36:533][  0]LogConfig: Setting CVar [[r.VolumetricFog.HistoryMissSupersampleCount:4]]
[2019.05.31-04.35.36:533][  0]LogConfig: Setting CVar [[r.LightMaxDrawDistanceScale:1]]
[2019.05.31-04.35.36:533][  0]LogConfig: Setting CVar [[r.CapsuleShadows:1]]
[2019.05.31-04.35.36:533][  0]LogConfig: Applying CVar settings from Section [PostProcessQuality@3] File [D:/Users/jiefei.he7542/Documents/N_Prototype4/Prototype4/Saved/Config/Windows/Scalability.ini]
[2019.05.31-04.35.36:533][  0]LogConfig: Setting CVar [[r.MotionBlurQuality:4]]
[2019.05.31-04.35.36:533][  0]LogConfig: Setting CVar [[r.AmbientOcclusionMipLevelFactor:0.4]]
[2019.05.31-04.35.36:533][  0]LogConfig: Setting CVar [[r.AmbientOcclusionMaxQuality:100]]
[2019.05.31-04.35.36:533][  0]LogConfig: Setting CVar [[r.AmbientOcclusionLevels:-1]]
[2019.05.31-04.35.36:533][  0]LogConfig: Setting CVar [[r.AmbientOcclusionRadiusScale:1.0]]
[2019.05.31-04.35.36:533][  0]LogConfig: Setting CVar [[r.DepthOfFieldQuality:2]]
[2019.05.31-04.35.36:533][  0]LogConfig: Setting CVar [[r.RenderTargetPoolMin:400]]
[2019.05.31-04.35.36:533][  0]LogConfig: Setting CVar [[r.LensFlareQuality:2]]
[2019.05.31-04.35.36:533][  0]LogConfig: Setting CVar [[r.SceneColorFringeQuality:1]]
[2019.05.31-04.35.36:533][  0]LogConfig: Setting CVar [[r.EyeAdaptationQuality:2]]
[2019.05.31-04.35.36:533][  0]LogConfig: Setting CVar [[r.BloomQuality:5]]
[2019.05.31-04.35.36:533][  0]LogConfig: Setting CVar [[r.FastBlurThreshold:100]]
[2019.05.31-04.35.36:533][  0]LogConfig: Setting CVar [[r.Upscale.Quality:3]]
[2019.05.31-04.35.36:533][  0]LogConfig: Setting CVar [[r.Tonemapper.GrainQuantization:1]]
[2019.05.31-04.35.36:533][  0]LogConfig: Setting CVar [[r.LightShaftQuality:1]]
[2019.05.31-04.35.36:533][  0]LogConfig: Setting CVar [[r.Filter.SizeScale:1]]
[2019.05.31-04.35.36:533][  0]LogConfig: Setting CVar [[r.Tonemapper.Quality:5]]
[2019.05.31-04.35.36:533][  0]LogConfig: Setting CVar [[r.DOF.Gather.AccumulatorQuality:1        ; higher gathering accumulator quality]]
[2019.05.31-04.35.36:533][  0]LogConfig: Setting CVar [[r.DOF.Gather.PostfilterMethod:1          ; Median3x3 postfilering method]]
[2019.05.31-04.35.36:533][  0]LogConfig: Setting CVar [[r.DOF.Gather.EnableBokehSettings:0       ; no bokeh simulation when gathering]]
[2019.05.31-04.35.36:533][  0]LogConfig: Setting CVar [[r.DOF.Gather.RingCount:4                 ; medium number of samples when gathering]]
[2019.05.31-04.35.36:533][  0]LogConfig: Setting CVar [[r.DOF.Scatter.ForegroundCompositing:1    ; additive foreground scattering]]
[2019.05.31-04.35.36:533][  0]LogConfig: Setting CVar [[r.DOF.Scatter.BackgroundCompositing:2    ; additive background scattering]]
[2019.05.31-04.35.36:533][  0]LogConfig: Setting CVar [[r.DOF.Scatter.EnableBokehSettings:1      ; bokeh simulation when scattering]]
[2019.05.31-04.35.36:533][  0]LogConfig: Setting CVar [[r.DOF.Scatter.MaxSpriteRatio:0.1         ; only a maximum of 10% of scattered bokeh]]
[2019.05.31-04.35.36:533][  0]LogConfig: Setting CVar [[r.DOF.Recombine.Quality:1                ; cheap slight out of focus]]
[2019.05.31-04.35.36:533][  0]LogConfig: Setting CVar [[r.DOF.Recombine.EnableBokehSettings:0    ; no bokeh simulation on slight out of focus]]
[2019.05.31-04.35.36:533][  0]LogConfig: Setting CVar [[r.DOF.TemporalAAQuality:1                ; more stable temporal accumulation]]
[2019.05.31-04.35.36:533][  0]LogConfig: Setting CVar [[r.DOF.Kernel.MaxForegroundRadius:0.025]]
[2019.05.31-04.35.36:533][  0]LogConfig: Setting CVar [[r.DOF.Kernel.MaxBackgroundRadius:0.025]]
[2019.05.31-04.35.36:533][  0]LogConfig: Applying CVar settings from Section [TextureQuality@3] File [D:/Users/jiefei.he7542/Documents/N_Prototype4/Prototype4/Saved/Config/Windows/Scalability.ini]
[2019.05.31-04.35.36:533][  0]LogConfig: Setting CVar [[r.Streaming.MipBias:0]]
[2019.05.31-04.35.36:533][  0]LogConfig: Setting CVar [[r.Streaming.AmortizeCPUToGPUCopy:0]]
[2019.05.31-04.35.36:533][  0]LogConfig: Setting CVar [[r.Streaming.MaxNumTexturesToStreamPerFrame:0]]
[2019.05.31-04.35.36:533][  0]LogConfig: Setting CVar [[r.Streaming.Boost:1]]
[2019.05.31-04.35.36:533][  0]LogConfig: Setting CVar [[r.MaxAnisotropy:8]]
[2019.05.31-04.35.36:533][  0]LogConfig: Setting CVar [[r.Streaming.LimitPoolSizeToVRAM:0]]
[2019.05.31-04.35.36:533][  0]LogConfig: Setting CVar [[r.Streaming.PoolSize:1000]]
[2019.05.31-04.35.36:533][  0]LogConfig: Setting CVar [[r.Streaming.MaxEffectiveScreenSize:0]]
[2019.05.31-04.35.36:533][  0]LogConfig: Applying CVar settings from Section [EffectsQuality@3] File [D:/Users/jiefei.he7542/Documents/N_Prototype4/Prototype4/Saved/Config/Windows/Scalability.ini]
[2019.05.31-04.35.36:533][  0]LogConfig: Setting CVar [[r.TranslucencyLightingVolumeDim:64]]
[2019.05.31-04.35.36:533][  0]LogConfig: Setting CVar [[r.RefractionQuality:2]]
[2019.05.31-04.35.36:533][  0]LogConfig: Setting CVar [[r.SSR.Quality:3]]
[2019.05.31-04.35.36:533][  0]LogConfig: Setting CVar [[r.SceneColorFormat:4]]
[2019.05.31-04.35.36:533][  0]LogConfig: Setting CVar [[r.DetailMode:2]]
[2019.05.31-04.35.36:533][  0]LogConfig: Setting CVar [[r.TranslucencyVolumeBlur:1]]
[2019.05.31-04.35.36:533][  0]LogConfig: Setting CVar [[r.MaterialQualityLevel:1 ; High quality]]
[2019.05.31-04.35.36:534][  0]LogConfig: Setting CVar [[r.SSS.Scale:1]]
[2019.05.31-04.35.36:534][  0]LogConfig: Setting CVar [[r.SSS.SampleSet:2]]
[2019.05.31-04.35.36:534][  0]LogConfig: Setting CVar [[r.SSS.Quality:1]]
[2019.05.31-04.35.36:534][  0]LogConfig: Setting CVar [[r.SSS.HalfRes:1]]
[2019.05.31-04.35.36:534][  0]LogConfig: Setting CVar [[r.EmitterSpawnRateScale:1.0]]
[2019.05.31-04.35.36:534][  0]LogConfig: Setting CVar [[r.ParticleLightQuality:2]]
[2019.05.31-04.35.36:534][  0]LogConfig: Applying CVar settings from Section [FoliageQuality@3] File [D:/Users/jiefei.he7542/Documents/N_Prototype4/Prototype4/Saved/Config/Windows/Scalability.ini]
[2019.05.31-04.35.36:534][  0]LogConfig: Setting CVar [[foliage.DensityScale:1.0]]
[2019.05.31-04.35.36:534][  0]LogConfig: Setting CVar [[grass.DensityScale:1.0]]
[2019.05.31-04.35.36:534][  0]LogInit: Selected Device Profile: [Windows]
[2019.05.31-04.35.36:534][  0]LogInit: Applying CVar settings loaded from the selected device profile: [Windows]
[2019.05.31-04.35.36:572][  0]LogHAL: Display: Platform has ~ 16 GB [16915025920 / 17179869184 / 16], which maps to Larger [LargestMinGB=32, LargerMinGB=12, DefaultMinGB=8, SmallerMinGB=6, SmallestMinGB=0)
[2019.05.31-04.35.36:573][  0]LogConfig: Setting CVar [[r.Vulkan.UseRealUBs:0		; Required until we fix HLR fall-out]]
[2019.05.31-04.35.36:573][  0]LogInit: Going up to parent DeviceProfile []
[2019.05.31-04.35.36:573][  0]LogConfig: Applying CVar settings from Section [ViewDistanceQuality@3] File [D:/Users/jiefei.he7542/Documents/N_Prototype4/Prototype4/Saved/Config/Windows/Scalability.ini]
[2019.05.31-04.35.36:573][  0]LogConfig: Setting CVar [[r.SkeletalMeshLODBias:0]]
[2019.05.31-04.35.36:573][  0]LogConfig: Setting CVar [[r.ViewDistanceScale:1.0]]
[2019.05.31-04.35.36:573][  0]LogConfig: Applying CVar settings from Section [AntiAliasingQuality@3] File [D:/Users/jiefei.he7542/Documents/N_Prototype4/Prototype4/Saved/Config/Windows/Scalability.ini]
[2019.05.31-04.35.36:573][  0]LogConfig: Setting CVar [[r.PostProcessAAQuality:4]]
[2019.05.31-04.35.36:573][  0]LogConfig: Applying CVar settings from Section [ShadowQuality@3] File [D:/Users/jiefei.he7542/Documents/N_Prototype4/Prototype4/Saved/Config/Windows/Scalability.ini]
[2019.05.31-04.35.36:573][  0]LogConfig: Setting CVar [[r.LightFunctionQuality:1]]
[2019.05.31-04.35.36:573][  0]LogConfig: Setting CVar [[r.ShadowQuality:5]]
[2019.05.31-04.35.36:573][  0]LogConfig: Setting CVar [[r.Shadow.CSM.MaxCascades:10]]
[2019.05.31-04.35.36:573][  0]LogConfig: Setting CVar [[r.Shadow.MaxResolution:2048]]
[2019.05.31-04.35.36:573][  0]LogConfig: Setting CVar [[r.Shadow.MaxCSMResolution:2048]]
[2019.05.31-04.35.36:573][  0]LogConfig: Setting CVar [[r.Shadow.RadiusThreshold:0.01]]
[2019.05.31-04.35.36:573][  0]LogConfig: Setting CVar [[r.Shadow.DistanceScale:1.0]]
[2019.05.31-04.35.36:573][  0]LogConfig: Setting CVar [[r.Shadow.CSM.TransitionScale:1.0]]
[2019.05.31-04.35.36:573][  0]LogConfig: Setting CVar [[r.Shadow.PreShadowResolutionFactor:1.0]]
[2019.05.31-04.35.36:573][  0]LogConfig: Setting CVar [[r.DistanceFieldShadowing:1]]
[2019.05.31-04.35.36:573][  0]LogConfig: Setting CVar [[r.DistanceFieldAO:1]]
[2019.05.31-04.35.36:573][  0]LogConfig: Setting CVar [[r.AOQuality:2]]
[2019.05.31-04.35.36:573][  0]LogConfig: Setting CVar [[r.VolumetricFog:1]]
[2019.05.31-04.35.36:573][  0]LogConfig: Setting CVar [[r.VolumetricFog.GridPixelSize:8]]
[2019.05.31-04.35.36:573][  0]LogConfig: Setting CVar [[r.VolumetricFog.GridSizeZ:128]]
[2019.05.31-04.35.36:573][  0]LogConfig: Setting CVar [[r.VolumetricFog.HistoryMissSupersampleCount:4]]
[2019.05.31-04.35.36:573][  0]LogConfig: Setting CVar [[r.LightMaxDrawDistanceScale:1]]
[2019.05.31-04.35.36:573][  0]LogConfig: Setting CVar [[r.CapsuleShadows:1]]
[2019.05.31-04.35.36:573][  0]LogConfig: Applying CVar settings from Section [PostProcessQuality@3] File [D:/Users/jiefei.he7542/Documents/N_Prototype4/Prototype4/Saved/Config/Windows/Scalability.ini]
[2019.05.31-04.35.36:573][  0]LogConfig: Setting CVar [[r.MotionBlurQuality:4]]
[2019.05.31-04.35.36:573][  0]LogConfig: Setting CVar [[r.AmbientOcclusionMipLevelFactor:0.4]]
[2019.05.31-04.35.36:573][  0]LogConfig: Setting CVar [[r.AmbientOcclusionMaxQuality:100]]
[2019.05.31-04.35.36:573][  0]LogConfig: Setting CVar [[r.AmbientOcclusionLevels:-1]]
[2019.05.31-04.35.36:573][  0]LogConfig: Setting CVar [[r.AmbientOcclusionRadiusScale:1.0]]
[2019.05.31-04.35.36:573][  0]LogConfig: Setting CVar [[r.DepthOfFieldQuality:2]]
[2019.05.31-04.35.36:573][  0]LogConfig: Setting CVar [[r.RenderTargetPoolMin:400]]
[2019.05.31-04.35.36:573][  0]LogConfig: Setting CVar [[r.LensFlareQuality:2]]
[2019.05.31-04.35.36:573][  0]LogConfig: Setting CVar [[r.SceneColorFringeQuality:1]]
[2019.05.31-04.35.36:573][  0]LogConfig: Setting CVar [[r.EyeAdaptationQuality:2]]
[2019.05.31-04.35.36:573][  0]LogConfig: Setting CVar [[r.BloomQuality:5]]
[2019.05.31-04.35.36:573][  0]LogConfig: Setting CVar [[r.FastBlurThreshold:100]]
[2019.05.31-04.35.36:573][  0]LogConfig: Setting CVar [[r.Upscale.Quality:3]]
[2019.05.31-04.35.36:573][  0]LogConfig: Setting CVar [[r.Tonemapper.GrainQuantization:1]]
[2019.05.31-04.35.36:573][  0]LogConfig: Setting CVar [[r.LightShaftQuality:1]]
[2019.05.31-04.35.36:573][  0]LogConfig: Setting CVar [[r.Filter.SizeScale:1]]
[2019.05.31-04.35.36:573][  0]LogConfig: Setting CVar [[r.Tonemapper.Quality:5]]
[2019.05.31-04.35.36:573][  0]LogConfig: Setting CVar [[r.DOF.Gather.AccumulatorQuality:1        ; higher gathering accumulator quality]]
[2019.05.31-04.35.36:573][  0]LogConfig: Setting CVar [[r.DOF.Gather.PostfilterMethod:1          ; Median3x3 postfilering method]]
[2019.05.31-04.35.36:573][  0]LogConfig: Setting CVar [[r.DOF.Gather.EnableBokehSettings:0       ; no bokeh simulation when gathering]]
[2019.05.31-04.35.36:573][  0]LogConfig: Setting CVar [[r.DOF.Gather.RingCount:4                 ; medium number of samples when gathering]]
[2019.05.31-04.35.36:573][  0]LogConfig: Setting CVar [[r.DOF.Scatter.ForegroundCompositing:1    ; additive foreground scattering]]
[2019.05.31-04.35.36:573][  0]LogConfig: Setting CVar [[r.DOF.Scatter.BackgroundCompositing:2    ; additive background scattering]]
[2019.05.31-04.35.36:573][  0]LogConfig: Setting CVar [[r.DOF.Scatter.EnableBokehSettings:1      ; bokeh simulation when scattering]]
[2019.05.31-04.35.36:573][  0]LogConfig: Setting CVar [[r.DOF.Scatter.MaxSpriteRatio:0.1         ; only a maximum of 10% of scattered bokeh]]
[2019.05.31-04.35.36:573][  0]LogConfig: Setting CVar [[r.DOF.Recombine.Quality:1                ; cheap slight out of focus]]
[2019.05.31-04.35.36:573][  0]LogConfig: Setting CVar [[r.DOF.Recombine.EnableBokehSettings:0    ; no bokeh simulation on slight out of focus]]
[2019.05.31-04.35.36:573][  0]LogConfig: Setting CVar [[r.DOF.TemporalAAQuality:1                ; more stable temporal accumulation]]
[2019.05.31-04.35.36:573][  0]LogConfig: Setting CVar [[r.DOF.Kernel.MaxForegroundRadius:0.025]]
[2019.05.31-04.35.36:573][  0]LogConfig: Setting CVar [[r.DOF.Kernel.MaxBackgroundRadius:0.025]]
[2019.05.31-04.35.36:573][  0]LogConfig: Applying CVar settings from Section [TextureQuality@3] File [D:/Users/jiefei.he7542/Documents/N_Prototype4/Prototype4/Saved/Config/Windows/Scalability.ini]
[2019.05.31-04.35.36:573][  0]LogConfig: Setting CVar [[r.Streaming.MipBias:0]]
[2019.05.31-04.35.36:573][  0]LogConfig: Setting CVar [[r.Streaming.AmortizeCPUToGPUCopy:0]]
[2019.05.31-04.35.36:573][  0]LogConfig: Setting CVar [[r.Streaming.MaxNumTexturesToStreamPerFrame:0]]
[2019.05.31-04.35.36:573][  0]LogConfig: Setting CVar [[r.Streaming.Boost:1]]
[2019.05.31-04.35.36:573][  0]LogConfig: Setting CVar [[r.MaxAnisotropy:8]]
[2019.05.31-04.35.36:573][  0]LogConfig: Setting CVar [[r.Streaming.LimitPoolSizeToVRAM:0]]
[2019.05.31-04.35.36:573][  0]LogConfig: Setting CVar [[r.Streaming.PoolSize:1000]]
[2019.05.31-04.35.36:573][  0]LogConfig: Setting CVar [[r.Streaming.MaxEffectiveScreenSize:0]]
[2019.05.31-04.35.36:573][  0]LogConfig: Applying CVar settings from Section [EffectsQuality@3] File [D:/Users/jiefei.he7542/Documents/N_Prototype4/Prototype4/Saved/Config/Windows/Scalability.ini]
[2019.05.31-04.35.36:573][  0]LogConfig: Setting CVar [[r.TranslucencyLightingVolumeDim:64]]
[2019.05.31-04.35.36:573][  0]LogConfig: Setting CVar [[r.RefractionQuality:2]]
[2019.05.31-04.35.36:573][  0]LogConfig: Setting CVar [[r.SSR.Quality:3]]
[2019.05.31-04.35.36:573][  0]LogConfig: Setting CVar [[r.SceneColorFormat:4]]
[2019.05.31-04.35.36:573][  0]LogConfig: Setting CVar [[r.DetailMode:2]]
[2019.05.31-04.35.36:573][  0]LogConfig: Setting CVar [[r.TranslucencyVolumeBlur:1]]
[2019.05.31-04.35.36:573][  0]LogConfig: Setting CVar [[r.MaterialQualityLevel:1 ; High quality]]
[2019.05.31-04.35.36:573][  0]LogConfig: Setting CVar [[r.SSS.Scale:1]]
[2019.05.31-04.35.36:573][  0]LogConfig: Setting CVar [[r.SSS.SampleSet:2]]
[2019.05.31-04.35.36:573][  0]LogConfig: Setting CVar [[r.SSS.Quality:1]]
[2019.05.31-04.35.36:573][  0]LogConfig: Setting CVar [[r.SSS.HalfRes:1]]
[2019.05.31-04.35.36:573][  0]LogConfig: Setting CVar [[r.EmitterSpawnRateScale:1.0]]
[2019.05.31-04.35.36:573][  0]LogConfig: Setting CVar [[r.ParticleLightQuality:2]]
[2019.05.31-04.35.36:573][  0]LogConfig: Applying CVar settings from Section [FoliageQuality@3] File [D:/Users/jiefei.he7542/Documents/N_Prototype4/Prototype4/Saved/Config/Windows/Scalability.ini]
[2019.05.31-04.35.36:573][  0]LogConfig: Setting CVar [[foliage.DensityScale:1.0]]
[2019.05.31-04.35.36:574][  0]LogConfig: Setting CVar [[grass.DensityScale:1.0]]
[2019.05.31-04.35.36:574][  0]LogConfig: Applying CVar settings from Section [Startup] File [../../../Engine/Config/ConsoleVariables.ini]
[2019.05.31-04.35.36:577][  0]LogConfig: Setting CVar [[net.UseAdaptiveNetUpdateFrequency:0]]
[2019.05.31-04.35.36:577][  0]LogConfig: Setting CVar [[p.chaos.AllowCreatePhysxBodies:1]]
[2019.05.31-04.35.36:577][  0]LogConfig: Applying CVar settings from Section [ConsoleVariables] File [D:/Users/jiefei.he7542/Documents/N_Prototype4/Prototype4/Saved/Config/Windows/Engine.ini]
[2019.05.31-04.35.36:577][  0]LogInit: Computer: 1406C025
[2019.05.31-04.35.36:577][  0]LogInit: User: JiefeiHe7542
[2019.05.31-04.35.36:577][  0]LogInit: CPU Page size=4096, Cores=4
[2019.05.31-04.35.36:577][  0]LogInit: High frequency timer resolution =3.515624 MHz
[2019.05.31-04.35.36:578][  0]LogMemory: Memory total: Physical=15.8GB (16GB approx)
[2019.05.31-04.35.36:578][  0]LogMemory: Platform Memory Stats for Windows
[2019.05.31-04.35.36:578][  0]LogMemory: Process Physical Memory: 98.89 MB used, 98.89 MB peak
[2019.05.31-04.35.36:578][  0]LogMemory: Process Virtual Memory: 88.34 MB used, 88.34 MB peak
[2019.05.31-04.35.36:578][  0]LogMemory: Physical Memory: 5299.46 MB used,  10831.97 MB free, 16131.43 MB total
[2019.05.31-04.35.36:578][  0]LogMemory: Virtual Memory: 4661.95 MB used,  134213064.00 MB free, 134217728.00 MB total
[2019.05.31-04.35.36:956][  0]LogInit: Using OS detected language (en-US).
[2019.05.31-04.35.36:956][  0]LogInit: Using OS detected locale (en-NZ).
[2019.05.31-04.35.36:958][  0]LogTextLocalizationManager: No specific localization for 'en-US' exists, so the 'en' localization will be used.
[2019.05.31-04.35.37:428][  0]LogInit: Setting process to per monitor DPI aware
[2019.05.31-04.35.37:597][  0]LogSlate: New Slate User Created.  User Index 0, Is Virtual User: 0
[2019.05.31-04.35.37:597][  0]LogSlate: Slate User Registered.  User Index 0, Is Virtual User: 0
[2019.05.31-04.35.40:327][  0]LogHMD: Failed to initialize OpenVR with code 110
[2019.05.31-04.35.40:327][  0]LogD3D11RHI: D3D11 adapters:
[2019.05.31-04.35.40:373][  0]LogD3D11RHI:    0. 'NVIDIA GeForce GTX 760' (Feature Level 11_0)
[2019.05.31-04.35.40:373][  0]LogD3D11RHI:       2017/0/8065 MB DedicatedVideo/DedicatedSystem/SharedSystem, Outputs:2, VendorId:0x10de
[2019.05.31-04.35.40:381][  0]LogD3D11RHI:    1. 'Intel(R) HD Graphics 4600' (Feature Level 11_0)
[2019.05.31-04.35.40:381][  0]LogD3D11RHI:       0/0/1792 MB DedicatedVideo/DedicatedSystem/SharedSystem, Outputs:0, VendorId:0x8086
[2019.05.31-04.35.40:383][  0]LogD3D11RHI:    2. 'Microsoft Basic Render Driver' (Feature Level 11_0)
[2019.05.31-04.35.40:383][  0]LogD3D11RHI:       0/0/8065 MB DedicatedVideo/DedicatedSystem/SharedSystem, Outputs:0, VendorId:0x1414
[2019.05.31-04.35.40:383][  0]LogD3D11RHI: Chosen D3D11 Adapter: 0
[2019.05.31-04.35.40:392][  0]LogD3D11RHI: Creating new Direct3DDevice
[2019.05.31-04.35.40:392][  0]LogD3D11RHI:     GPU DeviceId: 0x1187 (for the marketing name, search the web for "GPU Device Id")
[2019.05.31-04.35.40:392][  0]LogWindows: EnumDisplayDevices:
[2019.05.31-04.35.40:392][  0]LogWindows:    0. 'NVIDIA GeForce GTX 760' (P:1 D:1)
[2019.05.31-04.35.40:392][  0]LogWindows:    1. 'NVIDIA GeForce GTX 760' (P:0 D:1)
[2019.05.31-04.35.40:393][  0]LogWindows:    2. 'NVIDIA GeForce GTX 760' (P:0 D:0)
[2019.05.31-04.35.40:393][  0]LogWindows:    3. 'NVIDIA GeForce GTX 760' (P:0 D:0)
[2019.05.31-04.35.40:393][  0]LogWindows:    4. 'Intel(R) HD Graphics 4600' (P:0 D:0)
[2019.05.31-04.35.40:394][  0]LogWindows:    5. 'Intel(R) HD Graphics 4600' (P:0 D:0)
[2019.05.31-04.35.40:394][  0]LogWindows:    6. 'Intel(R) HD Graphics 4600' (P:0 D:0)
[2019.05.31-04.35.40:394][  0]LogWindows:    7. 'Mirage Driver' (P:0 D:0)
[2019.05.31-04.35.40:394][  0]LogWindows: DebugString: PrimaryIsNotTheChoosenAdapter PrimaryIsNotTheChoosenAdapter PrimaryIsNotTheChoosenAdapter GetVideoDriverDetailsInvalid PrimaryIsNotTheChoosenAdapter FoundDriverCount:4 
[2019.05.31-04.35.40:394][  0]LogD3D11RHI:     Adapter Name: NVIDIA GeForce GTX 760
[2019.05.31-04.35.40:394][  0]LogD3D11RHI:   Driver Version: 388.13 (internal:23.21.13.8813, unified:388.13)
[2019.05.31-04.35.40:394][  0]LogD3D11RHI:      Driver Date: 10-27-2017
[2019.05.31-04.35.40:394][  0]LogRHI: Texture pool is 1412 MB (70% of 2017 MB)
[2019.05.31-04.35.40:421][  0]LogD3D11RHI: Async texture creation enabled
[2019.05.31-04.35.40:425][  0]LogRendererCore: FGlobalReadBuffer::InitRHI
[2019.05.31-04.35.40:425][  0]LogRendererCore: FGlobalReadBuffer::InitRHI
[2019.05.31-04.35.40:426][  0]LogRendererCore: FGlobalReadBuffer::InitRHI
[2019.05.31-04.35.40:433][  0]LogD3D11RHI: GPU Timing Frequency: 1000.000000 (Debug: 2 1)
[2019.05.31-04.35.41:099][  0]LogTemp: Display: Module 'AllDesktopTargetPlatform' loaded TargetPlatform 'AllDesktop'
[2019.05.31-04.35.41:142][  0]LogTemp: Display: Module 'MacClientTargetPlatform' loaded TargetPlatform 'MacClient'
[2019.05.31-04.35.41:166][  0]LogTemp: Display: Module 'MacNoEditorTargetPlatform' loaded TargetPlatform 'MacNoEditor'
[2019.05.31-04.35.41:192][  0]LogTemp: Display: Module 'MacServerTargetPlatform' loaded TargetPlatform 'MacServer'
[2019.05.31-04.35.41:225][  0]LogTemp: Display: Module 'MacTargetPlatform' loaded TargetPlatform 'Mac'
[2019.05.31-04.35.41:257][  0]LogTemp: Display: Module 'WindowsClientTargetPlatform' loaded TargetPlatform 'WindowsClient'
[2019.05.31-04.35.41:289][  0]LogTemp: Display: Module 'WindowsNoEditorTargetPlatform' loaded TargetPlatform 'WindowsNoEditor'
[2019.05.31-04.35.41:315][  0]LogTemp: Display: Module 'WindowsServerTargetPlatform' loaded TargetPlatform 'WindowsServer'
[2019.05.31-04.35.41:332][  0]LogTemp: Display: Module 'WindowsTargetPlatform' loaded TargetPlatform 'Windows'
[2019.05.31-04.35.41:475][  0]LogTemp: Display: Module 'AndroidTargetPlatform' loaded TargetPlatform 'Android'
[2019.05.31-04.35.41:475][  0]LogTemp: Display: Module 'AndroidTargetPlatform' loaded TargetPlatform 'Android_ASTC'
[2019.05.31-04.35.41:475][  0]LogTemp: Display: Module 'AndroidTargetPlatform' loaded TargetPlatform 'Android_ATC'
[2019.05.31-04.35.41:475][  0]LogTemp: Display: Module 'AndroidTargetPlatform' loaded TargetPlatform 'Android_DXT'
[2019.05.31-04.35.41:475][  0]LogTemp: Display: Module 'AndroidTargetPlatform' loaded TargetPlatform 'Android_ETC1'
[2019.05.31-04.35.41:475][  0]LogTemp: Display: Module 'AndroidTargetPlatform' loaded TargetPlatform 'Android_ETC1a'
[2019.05.31-04.35.41:475][  0]LogTemp: Display: Module 'AndroidTargetPlatform' loaded TargetPlatform 'Android_ETC2'
[2019.05.31-04.35.41:475][  0]LogTemp: Display: Module 'AndroidTargetPlatform' loaded TargetPlatform 'Android_PVRTC'
[2019.05.31-04.35.41:475][  0]LogTemp: Display: Module 'AndroidTargetPlatform' loaded TargetPlatform 'AndroidClient'
[2019.05.31-04.35.41:475][  0]LogTemp: Display: Module 'AndroidTargetPlatform' loaded TargetPlatform 'Android_ASTCClient'
[2019.05.31-04.35.41:475][  0]LogTemp: Display: Module 'AndroidTargetPlatform' loaded TargetPlatform 'Android_ATCClient'
[2019.05.31-04.35.41:475][  0]LogTemp: Display: Module 'AndroidTargetPlatform' loaded TargetPlatform 'Android_DXTClient'
[2019.05.31-04.35.41:475][  0]LogTemp: Display: Module 'AndroidTargetPlatform' loaded TargetPlatform 'Android_ETC1Client'
[2019.05.31-04.35.41:475][  0]LogTemp: Display: Module 'AndroidTargetPlatform' loaded TargetPlatform 'Android_ETC1aClient'
[2019.05.31-04.35.41:475][  0]LogTemp: Display: Module 'AndroidTargetPlatform' loaded TargetPlatform 'Android_ETC2Client'
[2019.05.31-04.35.41:475][  0]LogTemp: Display: Module 'AndroidTargetPlatform' loaded TargetPlatform 'Android_PVRTCClient'
[2019.05.31-04.35.41:475][  0]LogTemp: Display: Module 'AndroidTargetPlatform' loaded TargetPlatform 'Android_Multi'
[2019.05.31-04.35.41:475][  0]LogTemp: Display: Module 'AndroidTargetPlatform' loaded TargetPlatform 'Android_MultiClient'
[2019.05.31-04.35.41:513][  0]LogTemp: Display: Module 'HTML5TargetPlatform' loaded TargetPlatform 'HTML5'
[2019.05.31-04.35.41:654][  0]LogTemp: Display: Module 'IOSTargetPlatform' loaded TargetPlatform 'IOSClient'
[2019.05.31-04.35.41:655][  0]LogTemp: Display: Module 'IOSTargetPlatform' loaded TargetPlatform 'IOS'
[2019.05.31-04.35.41:704][  0]LogTemp: Display: Module 'TVOSTargetPlatform' loaded TargetPlatform 'TVOSClient'
[2019.05.31-04.35.41:704][  0]LogTemp: Display: Module 'TVOSTargetPlatform' loaded TargetPlatform 'TVOS'
[2019.05.31-04.35.41:732][  0]LogTemp: Display: Module 'LinuxClientTargetPlatform' loaded TargetPlatform 'LinuxClient'
[2019.05.31-04.35.41:755][  0]LogTemp: Display: Module 'LinuxNoEditorTargetPlatform' loaded TargetPlatform 'LinuxNoEditor'
[2019.05.31-04.35.41:776][  0]LogTemp: Display: Module 'LinuxServerTargetPlatform' loaded TargetPlatform 'LinuxServer'
[2019.05.31-04.35.41:831][  0]LogTemp: Display: Module 'LinuxTargetPlatform' loaded TargetPlatform 'Linux'
[2019.05.31-04.35.41:911][  0]LogTemp: Display: Module 'LuminTargetPlatform' loaded TargetPlatform 'Lumin'
[2019.05.31-04.35.41:911][  0]LogTemp: Display: Module 'LuminTargetPlatform' loaded TargetPlatform 'LuminClient'
[2019.05.31-04.35.41:911][  0]LogTargetPlatformManager: Display: Building Assets For Windows
[2019.05.31-04.35.42:052][  0]LogAudioDebug: Display: Lib vorbis DLL was dynamically loaded.
[2019.05.31-04.35.42:646][  0]LogShaderCompilers: Guid format shader working directory is -15 characters bigger than the processId version (../../../../../Users/jiefei.he7542/Documents/N_Prototype4/Prototype4/Intermediate/Shaders/WorkingDirectory/22312/).
[2019.05.31-04.35.42:647][  0]LogShaderCompilers: Cleaned the shader compiler working directory 'D:/Users/jiefei.he7542/AppData/Local/Temp/UnrealShaderWorkingDir/715C5A4644B93BEA99A261843BE1E476/'.
[2019.05.31-04.35.42:650][  0]LogXGEController: Cleaning working directory: D:/Users/jiefei.he7542/AppData/Local/Temp/UnrealXGEWorkingDir/
[2019.05.31-04.35.42:651][  0]LogXGEController: Cannot use XGE Controller as Incredibuild is not installed on this machine.
[2019.05.31-04.35.42:651][  0]LogShaderCompilers: Cannot use XGE Shader Compiler as Incredibuild is not installed on this machine.
[2019.05.31-04.35.42:651][  0]LogShaderCompilers: Display: Using Local Shader Compiler.
[2019.05.31-04.35.44:555][  0]LogDerivedDataCache: Display: Max Cache Size: 512 MB
[2019.05.31-04.35.45:108][  0]LogDerivedDataCache: Loaded boot cache 0.55s 71MB D:/Users/jiefei.he7542/AppData/Local/UnrealEngine/4.22/DerivedDataCache/Boot.ddc.
[2019.05.31-04.35.45:108][  0]LogDerivedDataCache: Display: Loaded Boot cache: D:/Users/jiefei.he7542/AppData/Local/UnrealEngine/4.22/DerivedDataCache/Boot.ddc
[2019.05.31-04.35.45:108][  0]LogDerivedDataCache: FDerivedDataBackendGraph:  Pak pak cache file ../../../../../Users/jiefei.he7542/Documents/N_Prototype4/Prototype4/DerivedDataCache/DDC.ddp not found, will not use a pak cache.
[2019.05.31-04.35.45:108][  0]LogDerivedDataCache: Unable to find inner node Pak for hierarchical cache Hierarchy.
[2019.05.31-04.35.45:108][  0]LogDerivedDataCache: FDerivedDataBackendGraph:  CompressedPak pak cache file ../../../../../Users/jiefei.he7542/Documents/N_Prototype4/Prototype4/DerivedDataCache/Compressed.ddp not found, will not use a pak cache.
[2019.05.31-04.35.45:108][  0]LogDerivedDataCache: Unable to find inner node CompressedPak for hierarchical cache Hierarchy.
[2019.05.31-04.35.45:153][  0]LogDerivedDataCache: Display: Pak cache opened for reading ../../../Engine/DerivedDataCache/Compressed.ddp.
[2019.05.31-04.35.45:153][  0]LogDerivedDataCache: FDerivedDataBackendGraph:  EnterprisePak pak cache file ../../../Enterprise/DerivedDataCache/Compressed.ddp not found, will not use a pak cache.
[2019.05.31-04.35.45:154][  0]LogDerivedDataCache: Unable to find inner node EnterprisePak for hierarchical cache Hierarchy.
[2019.05.31-04.35.45:166][  0]LogDerivedDataCache: Using Local data cache path D:/Users/jiefei.he7542/AppData/Local/UnrealEngine/Common/DerivedDataCache: Writable
[2019.05.31-04.35.45:166][  0]LogDerivedDataCache: Shared data cache path not found in *engine.ini, will not use an Shared cache.
[2019.05.31-04.35.45:166][  0]LogDerivedDataCache: Unable to find inner node Shared for hierarchical cache Hierarchy.
[2019.05.31-04.35.45:189][  0]LogMaterial: Verifying Global Shaders for PCD3D_SM5
[2019.05.31-04.35.45:190][  0]LogSlate: Using FreeType 2.6.0
[2019.05.31-04.35.45:211][  0]LogSlate: SlateFontServices - WITH_FREETYPE: 1, WITH_HARFBUZZ: 1
[2019.05.31-04.35.45:574][  0]LogAssetRegistry: FAssetRegistry took 0.0329 seconds to start up
[2019.05.31-04.35.45:949][  0]LogInit: Selected Device Profile: [Windows]
[2019.05.31-04.35.47:836][  0]LogMeshReduction: Using QuadricMeshReduction for automatic static mesh reduction
[2019.05.31-04.35.47:836][  0]LogMeshReduction: Using SimplygonMeshReduction for automatic skeletal mesh reduction
[2019.05.31-04.35.47:836][  0]LogMeshReduction: Using ProxyLODMeshReduction for automatic mesh merging
[2019.05.31-04.35.47:836][  0]LogMeshReduction: No distributed automatic mesh merging module available
[2019.05.31-04.35.47:836][  0]LogMeshMerging: No distributed automatic mesh merging module available
[2019.05.31-04.35.47:926][  0]LogNetVersion: Prototype4 1.0.0, NetCL: 5660361, EngineNetVer: 10, GameNetVer: 0 (Checksum: 2674950334)
[2019.05.31-04.35.50:508][  0]LogPackageLocalizationCache: Processed 11 localized package path(s) for 1 prioritized culture(s) in 0.052919 seconds
[2019.05.31-04.35.50:515][  0]LogUObjectArray: 42205 objects as part of root set at end of initial load.
[2019.05.31-04.35.50:515][  0]LogUObjectAllocator: 7325032 out of 0 bytes used by permanent object pool.
[2019.05.31-04.35.50:515][  0]LogUObjectArray: CloseDisregardForGC: 0/0 objects in disregard for GC pool
[2019.05.31-04.35.57:574][  0]LogTcpMessaging: Initializing TcpMessaging bridge
[2019.05.31-04.35.57:682][  0]LogUdpMessaging: Initializing bridge on interface 0.0.0.0:0 to multicast group 230.0.0.1:6666.
[2019.05.31-04.35.58:918][  0]SourceControl: Source control is disabled
[2019.05.31-04.35.58:918][  0]SourceControl: Source control is disabled
[2019.05.31-04.35.59:058][  0]SourceControl: Source control is disabled
[2019.05.31-04.35.59:146][  0]SourceControl: Source control is disabled
[2019.05.31-04.36.01:704][  0]LogAndroidPermission: UAndroidPermissionCallbackProxy::GetInstance
[2019.05.31-04.36.02:685][  0]LogOcInput: OculusInput pre-init called
[2019.05.31-04.36.03:998][  0]LogEngine: Initializing Engine...
[2019.05.31-04.36.03:999][  0]LogHMD: Failed to initialize OpenVR with code 110
[2019.05.31-04.36.04:000][  0]LogStats: UGameplayTagsManager::InitializeManager -  0.000 s
[2019.05.31-04.36.04:234][  0]LogInit: Initializing FReadOnlyCVARCache
[2019.05.31-04.36.04:316][  0]LogAIModule: Creating AISystem for world Untitled
[2019.05.31-04.36.04:338][  0]LogInit: XAudio2 using 'Realtek Digital Output (Realtek High Definition Audio)' : 2 channels at 48 kHz using 16 bits per sample (channel mask 0x3)
[2019.05.31-04.36.04:401][  0]LogInit: FAudioDevice initialized.
[2019.05.31-04.36.04:401][  0]LogNetVersion: Set ProjectVersion to 1.0.0.0. Version Checksum will be recalculated on next use.
[2019.05.31-04.36.04:772][  0]LogDerivedDataCache: Saved boot cache 0.37s 71MB D:/Users/jiefei.he7542/AppData/Local/UnrealEngine/4.22/DerivedDataCache/Boot.ddc.
[2019.05.31-04.36.04:832][  0]LogInit: Texture streaming: Enabled
[2019.05.31-04.36.04:969][  0]LogEngineSessionManager: EngineSessionManager initialized
[2019.05.31-04.36.05:113][  0]LogInit: Transaction tracking system initialized
[2019.05.31-04.36.05:631][  0]BlueprintLog: New page: Editor Load
[2019.05.31-04.36.07:472][  0]LocalizationService: Localization service is disabled
[2019.05.31-04.36.08:823][  0]LogCook: Display: Max memory allowance for cook 16384mb min free memory 0mb
[2019.05.31-04.36.08:823][  0]LogCook: Display: Mobile HDR setting 1
[2019.05.31-04.36.09:566][  0]LogFileCache: Scanning file cache for directory 'D:/Users/jiefei.he7542/Documents/N_Prototype4/Prototype4/Content/' took 0.13s
[2019.05.31-04.36.12:871][  0]SourceControl: Source control is disabled
[2019.05.31-04.36.13:131][  0]LogSlate: Took 0.030337 seconds to synchronously load lazily loaded font '../../../Engine/Content/Slate/Fonts/Roboto-Regular.ttf' (155K)
[2019.05.31-04.36.38:422][  0]LogSlate: Window 'Restore Packages' being destroyed
[2019.05.31-04.36.38:422][  0]LogWindowsTextInputMethodSystem: Display: IME system now deactivated.
[2019.05.31-04.36.38:435][  0]LogWindowsTextInputMethodSystem: Display: IME system now deactivated.
[2019.05.31-04.36.38:436][  0]Cmd: MAP LOAD FILE="../../../../../Users/jiefei.he7542/Documents/N_Prototype4/Prototype4/Content/ThirdPersonBP/Maps/ThirdPersonExampleMap.umap" TEMPLATE=0 SHOWPROGRESS=1 FEATURELEVEL=3
[2019.05.31-04.36.38:437][  0]LightingResults: New page: Lighting Build
[2019.05.31-04.36.38:443][  0]MapCheck: New page: Map Check
[2019.05.31-04.36.38:443][  0]LightingResults: New page: Lighting Build
[2019.05.31-04.36.38:470][  0]LogUObjectHash: Compacting FUObjectHashTables data took   2.50ms
[2019.05.31-04.36.38:475][  0]LogLinker: Warning: Can't find file '/Game/Animetion/CharacterNormalAttack1'
[2019.05.31-04.36.38:475][  0]LogLinker: Warning: Can't find file for asset '/Game/Animetion/CharacterNormalAttack1' while loading NULL.
[2019.05.31-04.36.38:475][  0]LogLinker: Warning: Can't find file '/Game/Animetion/CharacterNormalAttack2'
[2019.05.31-04.36.38:475][  0]LogLinker: Warning: Can't find file for asset '/Game/Animetion/CharacterNormalAttack2' while loading NULL.
[2019.05.31-04.36.38:475][  0]LogLinker: Warning: Can't find file '/Game/Animetion/CharacterNormalAttack3'
[2019.05.31-04.36.38:476][  0]LogLinker: Warning: Can't find file for asset '/Game/Animetion/CharacterNormalAttack3' while loading NULL.
[2019.05.31-04.36.38:980][  0]LogLinker: Warning: Can't find file '/Game/Animetion/CharacterNormalAttack1'
[2019.05.31-04.36.38:980][  0]LogLinker: Warning: Can't find file for asset '/Game/Animetion/CharacterNormalAttack1' while loading NULL.
[2019.05.31-04.36.38:981][  0]LogLinker: Warning: Can't find file '/Game/Animetion/CharacterNormalAttack2'
[2019.05.31-04.36.38:981][  0]LogLinker: Warning: Can't find file for asset '/Game/Animetion/CharacterNormalAttack2' while loading NULL.
[2019.05.31-04.36.38:981][  0]LogLinker: Warning: Can't find file '/Game/Animetion/CharacterNormalAttack3'
[2019.05.31-04.36.38:981][  0]LogLinker: Warning: Can't find file for asset '/Game/Animetion/CharacterNormalAttack3' while loading NULL.
[2019.05.31-04.36.38:996][  0]LogLinker: Warning: Can't find file '/Game/Animetion/CharacterNormalAttack1'
[2019.05.31-04.36.38:996][  0]LogLinker: Warning: Can't find file for asset '/Game/Animetion/CharacterNormalAttack1' while loading NULL.
[2019.05.31-04.36.38:996][  0]LogLinker: Warning: Can't find file '/Game/Animetion/CharacterNormalAttack2'
[2019.05.31-04.36.38:996][  0]LogLinker: Warning: Can't find file for asset '/Game/Animetion/CharacterNormalAttack2' while loading NULL.
[2019.05.31-04.36.38:997][  0]LogLinker: Warning: Can't find file '/Game/Animetion/CharacterNormalAttack3'
[2019.05.31-04.36.38:997][  0]LogLinker: Warning: Can't find file for asset '/Game/Animetion/CharacterNormalAttack3' while loading NULL.
[2019.05.31-04.36.38:997][  0]LogLinker: Warning: Can't find file '/Game/Animetion/CharacterNormalAttack1'
[2019.05.31-04.36.38:997][  0]LogLinker: Warning: Can't find file for asset '/Game/Animetion/CharacterNormalAttack1' while loading NULL.
[2019.05.31-04.36.38:997][  0]LogLinker: Warning: Can't find file '/Game/Animetion/CharacterNormalAttack2'
[2019.05.31-04.36.38:997][  0]LogLinker: Warning: Can't find file for asset '/Game/Animetion/CharacterNormalAttack2' while loading NULL.
[2019.05.31-04.36.38:997][  0]LogLinker: Warning: Can't find file '/Game/Animetion/CharacterNormalAttack3'
[2019.05.31-04.36.38:998][  0]LogLinker: Warning: Can't find file for asset '/Game/Animetion/CharacterNormalAttack3' while loading NULL.
[2019.05.31-04.36.39:011][  0]LogLinker: Warning: Can't find file '/Game/Animetion/CharacterNormalAttack1'
[2019.05.31-04.36.39:011][  0]LoadErrors: Failed to load /Game/Animetion/CharacterNormalAttack1.CharacterNormalAttack1 Referenced by SkeletalMeshComponent0
[2019.05.31-04.36.39:011][  0]LogLinker: Warning: Can't find file for asset '/Game/Animetion/CharacterNormalAttack1' while loading NULL.
[2019.05.31-04.36.39:012][  0]LogLinker: Warning: Can't find file '/Game/Animetion/CharacterNormalAttack2'
[2019.05.31-04.36.39:012][  0]LoadErrors: Failed to load /Game/Animetion/CharacterNormalAttack2.CharacterNormalAttack2 Referenced by SkeletalMeshComponent0
[2019.05.31-04.36.39:012][  0]LogLinker: Warning: Can't find file for asset '/Game/Animetion/CharacterNormalAttack2' while loading NULL.
[2019.05.31-04.36.39:012][  0]LogLinker: Warning: Can't find file '/Game/Animetion/CharacterNormalAttack3'
[2019.05.31-04.36.39:012][  0]LoadErrors: Failed to load /Game/Animetion/CharacterNormalAttack3.CharacterNormalAttack3 Referenced by SkeletalMeshComponent0
[2019.05.31-04.36.39:012][  0]LogLinker: Warning: Can't find file for asset '/Game/Animetion/CharacterNormalAttack3' while loading NULL.
[2019.05.31-04.36.39:640][  0]LogTexture: Display: Building textures: Target (AutoDXT, 512X512)
[2019.05.31-04.36.39:640][  0]LogTexture: Display: Building textures: uvlayed_tsuba_BaseColor (AutoDXT, 1024X1024)
[2019.05.31-04.36.39:640][  0]LogTexture: Display: Building textures: uvlayed_tsuba_Normal (BC5, 1024X1024)
[2019.05.31-04.36.39:640][  0]LogTexture: Display: Building textures: uvlayed_tsuba_OcclusionRoughnessMetallic (AutoDXT, 1024X1024)
[2019.05.31-04.36.39:640][  0]LogTexture: Display: Building textures: uvlayed_main_OcclusionRoughnessMetallic (AutoDXT, 1024X1024)
[2019.05.31-04.36.39:640][  0]LogTexture: Display: Building textures: uvlayed_main_Normal (BC5, 1024X1024)
[2019.05.31-04.36.39:640][  0]LogTexture: Display: Building textures: uvlayed_main_BaseColor (AutoDXT, 1024X1024)
[2019.05.31-04.36.39:683][  0]LogMaterial: Display: Missing cached shader map for material M_Hit, compiling. 
[2019.05.31-04.36.40:410][  0]LogMaterial: Display: Missing cached shader map for material katana_tusba, compiling. 
[2019.05.31-04.36.40:523][  0]LogShaderCompilers: Display: Shaders left to compile 60
[2019.05.31-04.36.40:523][  0]LogShaderCompilers: Display: Shaders left to compile 50
[2019.05.31-04.36.40:523][  0]LogMaterial: Display: Missing cached shader map for material katana, compiling. 
[2019.05.31-04.36.41:083][  0]LogAIModule: Creating AISystem for world ThirdPersonExampleMap
[2019.05.31-04.36.41:108][  0]LogEditorServer: Finished looking for orphan Actors (0.000 secs)
[2019.05.31-04.36.41:161][  0]LogUObjectHash: Compacting FUObjectHashTables data took   4.03ms
[2019.05.31-04.36.41:162][  0]Cmd: MAP CHECKDEP NOCLEARLOG
[2019.05.31-04.36.41:162][  0]MapCheck: Map check complete: 0 Error(s), 0 Warning(s), took 0.234ms to complete.
[2019.05.31-04.36.41:162][  0]LogFileHelpers: Loading map 'ThirdPersonExampleMap' took 2.725
[2019.05.31-04.36.41:300][  0]LogSlate: Updating window title bar state: overlay mode, drag disabled, window buttons hidden, title bar hidden
[2019.05.31-04.36.41:312][  0]LogSlate: Updating window title bar state: overlay mode, drag disabled, window buttons hidden, title bar hidden
[2019.05.31-04.36.41:324][  0]LogSlate: Updating window title bar state: overlay mode, drag disabled, window buttons hidden, title bar hidden
[2019.05.31-04.36.41:337][  0]LogSlate: Updating window title bar state: overlay mode, drag disabled, window buttons hidden, title bar hidden
[2019.05.31-04.36.41:421][  0]LogCollectionManager: Loaded 0 collections in 0.005060 seconds
[2019.05.31-04.36.41:453][  0]LogFileCache: Scanning file cache for directory 'D:/Users/jiefei.he7542/Documents/N_Prototype4/Prototype4/Saved/Collections/' took 0.01s
[2019.05.31-04.36.41:453][  0]LogFileCache: Scanning file cache for directory 'D:/Users/jiefei.he7542/Documents/N_Prototype4/Prototype4/Content/Developers/JiefeiHe7542/Collections/' took 0.01s
[2019.05.31-04.36.41:454][  0]LogFileCache: Scanning file cache for directory 'D:/Users/jiefei.he7542/Documents/N_Prototype4/Prototype4/Content/Collections/' took 0.00s
[2019.05.31-04.36.41:454][  0]LogCollectionManager: Rebuilt the GUID cache for 0 collections in 0.000000 seconds
[2019.05.31-04.36.41:468][  0]LogContentBrowser: Native class hierarchy populated in 0.0143 seconds. Added 2741 classes and 672 folders.
[2019.05.31-04.36.41:483][  0]LogContentBrowser: Native class hierarchy updated for 'WidgetCarousel' in 0.0005 seconds. Added 0 classes and 0 folders.
[2019.05.31-04.36.41:499][  0]LogPakFile: Registered encryption key '00000000000000000000000000000000': 0 pak files mounted, 0 remain pending
[2019.05.31-04.36.41:526][  0]LogPakFile: Registered encryption key '00000000000000000000000000000000': 0 pak files mounted, 0 remain pending
[2019.05.31-04.36.41:580][  0]LogPakFile: Registered encryption key '00000000000000000000000000000000': 0 pak files mounted, 0 remain pending
[2019.05.31-04.36.41:629][  0]LogPakFile: Registered encryption key '00000000000000000000000000000000': 0 pak files mounted, 0 remain pending
[2019.05.31-04.36.41:658][  0]LogPakFile: Registered encryption key '00000000000000000000000000000000': 0 pak files mounted, 0 remain pending
[2019.05.31-04.36.41:701][  0]LogPakFile: Registered encryption key '00000000000000000000000000000000': 0 pak files mounted, 0 remain pending
[2019.05.31-04.36.41:714][  0]LogPakFile: Registered encryption key '00000000000000000000000000000000': 0 pak files mounted, 0 remain pending
[2019.05.31-04.36.41:739][  0]LogPakFile: Registered encryption key '00000000000000000000000000000000': 0 pak files mounted, 0 remain pending
[2019.05.31-04.36.41:771][  0]LogPakFile: Registered encryption key '00000000000000000000000000000000': 0 pak files mounted, 0 remain pending
[2019.05.31-04.36.41:804][  0]LogPakFile: Registered encryption key '00000000000000000000000000000000': 0 pak files mounted, 0 remain pending
[2019.05.31-04.36.41:835][  0]LogPakFile: Registered encryption key '00000000000000000000000000000000': 0 pak files mounted, 0 remain pending
[2019.05.31-04.36.41:863][  0]LogPakFile: Registered encryption key '00000000000000000000000000000000': 0 pak files mounted, 0 remain pending
[2019.05.31-04.36.41:879][  0]LogPakFile: Registered encryption key '00000000000000000000000000000000': 0 pak files mounted, 0 remain pending
[2019.05.31-04.36.41:894][  0]LogPakFile: Registered encryption key '00000000000000000000000000000000': 0 pak files mounted, 0 remain pending
[2019.05.31-04.36.41:907][  0]LogPakFile: Registered encryption key '00000000000000000000000000000000': 0 pak files mounted, 0 remain pending
[2019.05.31-04.36.41:920][  0]LogPakFile: Registered encryption key '00000000000000000000000000000000': 0 pak files mounted, 0 remain pending
[2019.05.31-04.36.41:972][  0]LogPakFile: Registered encryption key '00000000000000000000000000000000': 0 pak files mounted, 0 remain pending
[2019.05.31-04.36.41:995][  0]LogPakFile: Registered encryption key '00000000000000000000000000000000': 0 pak files mounted, 0 remain pending
[2019.05.31-04.36.42:030][  0]LogPakFile: Registered encryption key '00000000000000000000000000000000': 0 pak files mounted, 0 remain pending
[2019.05.31-04.36.42:051][  0]LogPakFile: Registered encryption key '00000000000000000000000000000000': 0 pak files mounted, 0 remain pending
[2019.05.31-04.36.42:068][  0]LogPakFile: Registered encryption key '00000000000000000000000000000000': 0 pak files mounted, 0 remain pending
[2019.05.31-04.36.42:079][  0]LogPakFile: Registered encryption key '00000000000000000000000000000000': 0 pak files mounted, 0 remain pending
[2019.05.31-04.36.42:093][  0]LogPakFile: Registered encryption key '00000000000000000000000000000000': 0 pak files mounted, 0 remain pending
[2019.05.31-04.36.42:114][  0]LogPakFile: Registered encryption key '00000000000000000000000000000000': 0 pak files mounted, 0 remain pending
[2019.05.31-04.36.42:133][  0]LogPakFile: Registered encryption key '00000000000000000000000000000000': 0 pak files mounted, 0 remain pending
[2019.05.31-04.36.42:150][  0]LogPakFile: Registered encryption key '00000000000000000000000000000000': 0 pak files mounted, 0 remain pending
[2019.05.31-04.36.42:873][  0]LogContentBrowser: Native class hierarchy updated for 'AddContentDialog' in 0.0006 seconds. Added 0 classes and 0 folders.
[2019.05.31-04.36.42:933][  0]LogContentBrowser: Native class hierarchy updated for 'SceneOutliner' in 0.0006 seconds. Added 1 classes and 2 folders.
[2019.05.31-04.36.43:004][  0]LogSlate: Took 0.046956 seconds to synchronously load lazily loaded font '../../../Engine/Content/Slate/Fonts/Roboto-Bold.ttf' (160K)
[2019.05.31-04.36.43:034][  0]LogSlate: Took 0.023435 seconds to synchronously load lazily loaded font '../../../Engine/Content/Editor/Slate/Fonts/FontAwesome.ttf' (139K)
[2019.05.31-04.36.43:161][  0]LogShaderCompilers: Display: Shaders left to compile 100
[2019.05.31-04.36.43:161][  0]LogRenderer: Reallocating scene render targets to support 1208x580 Format 10 NumSamples 1 (Frame:1).
[2019.05.31-04.36.43:293][  0]LogShaderCompilers: Display: Shaders left to compile 90
[2019.05.31-04.36.43:360][  0]LogContentBrowser: Native class hierarchy updated for 'HierarchicalLODOutliner' in 0.0004 seconds. Added 0 classes and 0 folders.
[2019.05.31-04.36.43:361][  0]LogLoad: (Engine Initialization) Total time: 88.28 seconds
[2019.05.31-04.36.43:361][  0]LogLoad: (Engine Initialization) Total Blueprint compile time: 0.00 seconds
[2019.05.31-04.36.43:469][  0]LogContentStreaming: Texture pool size now 1000 MB
[2019.05.31-04.36.43:471][  0]LogSlate: FSceneViewport::OnFocusLost() reason 2
[2019.05.31-04.36.43:637][  0]LogSlate: Took 0.084405 seconds to synchronously load lazily loaded font '../../../Engine/Content/Slate/Fonts/Roboto-Light.ttf' (167K)
[2019.05.31-04.36.43:828][  1]LogAssetRegistry: Asset discovery search completed in 58.2735 seconds
[2019.05.31-04.36.43:836][  1]LogCollectionManager: Rebuilt the object cache for 0 collections in 0.000001 seconds (found 0 objects)
[2019.05.31-04.36.43:836][  1]LogCollectionManager: Fixed up redirectors for 0 collections in 0.000087 seconds (updated 0 objects)
[2019.05.31-04.36.43:999][  2]LogShaderCompilers: Display: Shaders left to compile 80
[2019.05.31-04.36.44:310][  4]LogShaderCompilers: Display: Shaders left to compile 70
[2019.05.31-04.36.44:933][ 12]LogSlate: Window 'Message Log' being destroyed
[2019.05.31-04.36.44:938][ 12]LogSlate: Window 'Message Log' being destroyed
[2019.05.31-04.36.46:184][ 42]LogShaderCompilers: Display: Shaders left to compile 60
[2019.05.31-04.36.46:868][ 60]LogShaderCompilers: Display: Shaders left to compile 50
[2019.05.31-04.36.47:221][ 69]LogShaderCompilers: Display: Shaders left to compile 40
[2019.05.31-04.36.47:982][114]LogShaderCompilers: Display: Shaders left to compile 30
[2019.05.31-04.36.48:734][174]LogFileCache: Retrieving MD5 hashes for directory 'D:/Users/jiefei.he7542/Documents/N_Prototype4/Prototype4/Content/' took 5.34s
[2019.05.31-04.36.48:902][186]LogShaderCompilers: Display: Shaders left to compile 20
[2019.05.31-04.36.50:163][267]LogShaderCompilers: Display: Shaders left to compile 10
[2019.05.31-04.37.09:088][575]LogSlate: FSceneViewport::OnFocusLost() reason 0
[2019.05.31-04.41.32:494][653]LogSlate: FSceneViewport::OnFocusLost() reason 0
[2019.05.31-04.41.32:576][663]LogTemp: Repeating last play command: Selected Viewport
[2019.05.31-04.41.32:596][663]LogBlueprintUserMessages: Early PlayInEditor Detection: Level '/Game/ThirdPersonBP/Maps/ThirdPersonExampleMap.ThirdPersonExampleMap:PersistentLevel' has LevelScriptBlueprint '/Game/ThirdPersonBP/Maps/ThirdPersonExampleMap.ThirdPersonExampleMap:PersistentLevel.ThirdPersonExampleMap' with GeneratedClass '/Game/ThirdPersonBP/Maps/ThirdPersonExampleMap.ThirdPersonExampleMap_C' with ClassGeneratedBy '/Game/ThirdPersonBP/Maps/ThirdPersonExampleMap.ThirdPersonExampleMap:PersistentLevel.ThirdPersonExampleMap'
[2019.05.31-04.41.32:596][663]LogPlayLevel: PlayLevel: No blueprints needed recompiling
[2019.05.31-04.41.32:597][663]PIE: New page: PIE session: ThirdPersonExampleMap (1/06/2019 4:41:32 am)
[2019.05.31-04.41.32:610][663]LogPlayLevel: Creating play world package: /Game/ThirdPersonBP/Maps/UEDPIE_0_ThirdPersonExampleMap
[2019.05.31-04.41.32:633][663]LogPlayLevel: PIE: StaticDuplicateObject took: (0.023041s)
[2019.05.31-04.41.32:634][663]LogAIModule: Creating AISystem for world ThirdPersonExampleMap
[2019.05.31-04.41.32:635][663]LogPlayLevel: PIE: World Init took: (0.001070s)
[2019.05.31-04.41.32:635][663]LogPlayLevel: PIE: Created PIE world by copying editor world from /Game/ThirdPersonBP/Maps/ThirdPersonExampleMap.ThirdPersonExampleMap to /Game/ThirdPersonBP/Maps/UEDPIE_0_ThirdPersonExampleMap.ThirdPersonExampleMap (0.024502s)
[2019.05.31-04.41.32:661][663]LogUObjectHash: Compacting FUObjectHashTables data took   1.27ms
[2019.05.31-04.41.32:673][663]LogInit: XAudio2 using 'Realtek Digital Output (Realtek High Definition Audio)' : 2 channels at 48 kHz using 16 bits per sample (channel mask 0x3)
[2019.05.31-04.41.32:692][663]LogInit: FAudioDevice initialized.
[2019.05.31-04.41.32:734][663]LogLoad: Game class is 'ThirdPersonGameMode_C'
[2019.05.31-04.41.32:738][663]LogWorld: Bringing World /Game/ThirdPersonBP/Maps/UEDPIE_0_ThirdPersonExampleMap.ThirdPersonExampleMap up for play (max tick rate 0) at 2019.05.31-16.41.32
[2019.05.31-04.41.32:739][663]LogWorld: Bringing up level for play took: 0.003890
[2019.05.31-04.41.32:760][663]LogContentBrowser: Native class hierarchy updated for 'MovieSceneCapture' in 0.0003 seconds. Added 20 classes and 0 folders.
[2019.05.31-04.41.32:761][663]LogAnimMontage: Warning: Playing a Montage (ExoGame_Troll_Aggro_Montage) for the wrong Skeleton (Boss1Skin_Skeleton) instead of (SK_Troll_Poison_Skeleton).
[2019.05.31-04.41.32:761][663]PIE: Play in editor start time for /Game/ThirdPersonBP/Maps/UEDPIE_0_ThirdPersonExampleMap -0.23
[2019.05.31-04.41.32:761][663]LogBlueprintUserMessages: Late PlayInEditor Detection: Level '/Game/ThirdPersonBP/Maps/ThirdPersonExampleMap.ThirdPersonExampleMap:PersistentLevel' has LevelScriptBlueprint '/Game/ThirdPersonBP/Maps/ThirdPersonExampleMap.ThirdPersonExampleMap:PersistentLevel.ThirdPersonExampleMap' with GeneratedClass '/Game/ThirdPersonBP/Maps/ThirdPersonExampleMap.ThirdPersonExampleMap_C' with ClassGeneratedBy '/Game/ThirdPersonBP/Maps/ThirdPersonExampleMap.ThirdPersonExampleMap:PersistentLevel.ThirdPersonExampleMap'
[2019.05.31-04.41.46:447][294]LogBlueprintUserMessages: Early EndPlayMap Detection: Level '/Game/ThirdPersonBP/Maps/ThirdPersonExampleMap.ThirdPersonExampleMap:PersistentLevel' has LevelScriptBlueprint '/Game/ThirdPersonBP/Maps/ThirdPersonExampleMap.ThirdPersonExampleMap:PersistentLevel.ThirdPersonExampleMap' with GeneratedClass '/Game/ThirdPersonBP/Maps/ThirdPersonExampleMap.ThirdPersonExampleMap_C' with ClassGeneratedBy '/Game/ThirdPersonBP/Maps/ThirdPersonExampleMap.ThirdPersonExampleMap:PersistentLevel.ThirdPersonExampleMap'
[2019.05.31-04.41.46:447][294]LogSlate: Updating window title bar state: overlay mode, drag disabled, window buttons hidden, title bar hidden
[2019.05.31-04.41.46:479][294]LogPlayLevel: Display: Shutting down PIE online subsystems
[2019.05.31-04.41.46:479][294]LogBlueprintUserMessages: Late EndPlayMap Detection: Level '/Game/ThirdPersonBP/Maps/ThirdPersonExampleMap.ThirdPersonExampleMap:PersistentLevel' has LevelScriptBlueprint '/Game/ThirdPersonBP/Maps/ThirdPersonExampleMap.ThirdPersonExampleMap:PersistentLevel.ThirdPersonExampleMap' with GeneratedClass '/Game/ThirdPersonBP/Maps/ThirdPersonExampleMap.ThirdPersonExampleMap_C' with ClassGeneratedBy '/Game/ThirdPersonBP/Maps/ThirdPersonExampleMap.ThirdPersonExampleMap:PersistentLevel.ThirdPersonExampleMap'
[2019.05.31-04.41.46:503][294]LogSlate: Updating window title bar state: overlay mode, drag disabled, window buttons hidden, title bar hidden
[2019.05.31-04.41.46:507][294]LogUObjectHash: Compacting FUObjectHashTables data took   1.74ms
[2019.05.31-04.41.46:546][297]LogPlayLevel: Display: Destroying online subsystem :Context_7
[2019.05.31-04.41.48:001][471]LogSlate: FSceneViewport::OnFocusLost() reason 0
[2019.05.31-04.41.59:912][630]LogTemp: Repeating last play command: Selected Viewport
[2019.05.31-04.41.59:931][630]LogBlueprintUserMessages: Early PlayInEditor Detection: Level '/Game/ThirdPersonBP/Maps/ThirdPersonExampleMap.ThirdPersonExampleMap:PersistentLevel' has LevelScriptBlueprint '/Game/ThirdPersonBP/Maps/ThirdPersonExampleMap.ThirdPersonExampleMap:PersistentLevel.ThirdPersonExampleMap' with GeneratedClass '/Game/ThirdPersonBP/Maps/ThirdPersonExampleMap.ThirdPersonExampleMap_C' with ClassGeneratedBy '/Game/ThirdPersonBP/Maps/ThirdPersonExampleMap.ThirdPersonExampleMap:PersistentLevel.ThirdPersonExampleMap'
[2019.05.31-04.41.59:931][630]LogPlayLevel: PlayLevel: No blueprints needed recompiling
[2019.05.31-04.41.59:931][630]PIE: New page: PIE session: ThirdPersonExampleMap (1/06/2019 4:41:59 am)
[2019.05.31-04.41.59:932][630]LogPlayLevel: Creating play world package: /Game/ThirdPersonBP/Maps/UEDPIE_0_ThirdPersonExampleMap
[2019.05.31-04.41.59:952][630]LogPlayLevel: PIE: StaticDuplicateObject took: (0.019734s)
[2019.05.31-04.41.59:953][630]LogAIModule: Creating AISystem for world ThirdPersonExampleMap
[2019.05.31-04.41.59:953][630]LogPlayLevel: PIE: World Init took: (0.001013s)
[2019.05.31-04.41.59:953][630]LogPlayLevel: PIE: Created PIE world by copying editor world from /Game/ThirdPersonBP/Maps/ThirdPersonExampleMap.ThirdPersonExampleMap to /Game/ThirdPersonBP/Maps/UEDPIE_0_ThirdPersonExampleMap.ThirdPersonExampleMap (0.020952s)
[2019.05.31-04.41.59:978][630]LogUObjectHash: Compacting FUObjectHashTables data took   1.24ms
[2019.05.31-04.41.59:990][630]LogInit: XAudio2 using 'Realtek Digital Output (Realtek High Definition Audio)' : 2 channels at 48 kHz using 16 bits per sample (channel mask 0x3)
[2019.05.31-04.42.00:010][630]LogInit: FAudioDevice initialized.
[2019.05.31-04.42.00:042][630]LogLoad: Game class is 'ThirdPersonGameMode_C'
[2019.05.31-04.42.00:046][630]LogWorld: Bringing World /Game/ThirdPersonBP/Maps/UEDPIE_0_ThirdPersonExampleMap.ThirdPersonExampleMap up for play (max tick rate 0) at 2019.05.31-16.42.00
[2019.05.31-04.42.00:047][630]LogWorld: Bringing up level for play took: 0.004284
[2019.05.31-04.42.00:061][630]LogAnimMontage: Warning: Playing a Montage (ExoGame_Troll_Aggro_Montage) for the wrong Skeleton (Boss1Skin_Skeleton) instead of (SK_Troll_Poison_Skeleton).
[2019.05.31-04.42.00:061][630]PIE: Play in editor start time for /Game/ThirdPersonBP/Maps/UEDPIE_0_ThirdPersonExampleMap 1.069
[2019.05.31-04.42.00:061][630]LogBlueprintUserMessages: Late PlayInEditor Detection: Level '/Game/ThirdPersonBP/Maps/ThirdPersonExampleMap.ThirdPersonExampleMap:PersistentLevel' has LevelScriptBlueprint '/Game/ThirdPersonBP/Maps/ThirdPersonExampleMap.ThirdPersonExampleMap:PersistentLevel.ThirdPersonExampleMap' with GeneratedClass '/Game/ThirdPersonBP/Maps/ThirdPersonExampleMap.ThirdPersonExampleMap_C' with ClassGeneratedBy '/Game/ThirdPersonBP/Maps/ThirdPersonExampleMap.ThirdPersonExampleMap:PersistentLevel.ThirdPersonExampleMap'
[2019.05.31-04.42.28:953][ 91]LogBlueprintUserMessages: Early EndPlayMap Detection: Level '/Game/ThirdPersonBP/Maps/ThirdPersonExampleMap.ThirdPersonExampleMap:PersistentLevel' has LevelScriptBlueprint '/Game/ThirdPersonBP/Maps/ThirdPersonExampleMap.ThirdPersonExampleMap:PersistentLevel.ThirdPersonExampleMap' with GeneratedClass '/Game/ThirdPersonBP/Maps/ThirdPersonExampleMap.ThirdPersonExampleMap_C' with ClassGeneratedBy '/Game/ThirdPersonBP/Maps/ThirdPersonExampleMap.ThirdPersonExampleMap:PersistentLevel.ThirdPersonExampleMap'
[2019.05.31-04.42.28:953][ 91]LogSlate: Updating window title bar state: overlay mode, drag disabled, window buttons hidden, title bar hidden
[2019.05.31-04.42.28:984][ 91]LogPlayLevel: Display: Shutting down PIE online subsystems
[2019.05.31-04.42.28:984][ 91]LogBlueprintUserMessages: Late EndPlayMap Detection: Level '/Game/ThirdPersonBP/Maps/ThirdPersonExampleMap.ThirdPersonExampleMap:PersistentLevel' has LevelScriptBlueprint '/Game/ThirdPersonBP/Maps/ThirdPersonExampleMap.ThirdPersonExampleMap:PersistentLevel.ThirdPersonExampleMap' with GeneratedClass '/Game/ThirdPersonBP/Maps/ThirdPersonExampleMap.ThirdPersonExampleMap_C' with ClassGeneratedBy '/Game/ThirdPersonBP/Maps/ThirdPersonExampleMap.ThirdPersonExampleMap:PersistentLevel.ThirdPersonExampleMap'
[2019.05.31-04.42.29:011][ 91]LogSlate: Updating window title bar state: overlay mode, drag disabled, window buttons hidden, title bar hidden
[2019.05.31-04.42.29:015][ 91]LogUObjectHash: Compacting FUObjectHashTables data took   1.29ms
[2019.05.31-04.42.29:053][ 94]LogPlayLevel: Display: Destroying online subsystem :Context_8
[2019.05.31-04.42.29:694][170]LogSlate: FSceneViewport::OnFocusLost() reason 0
[2019.05.31-04.42.29:785][181]LogTemp: Repeating last play command: Selected Viewport
[2019.05.31-04.42.29:811][181]LogBlueprintUserMessages: Early PlayInEditor Detection: Level '/Game/ThirdPersonBP/Maps/ThirdPersonExampleMap.ThirdPersonExampleMap:PersistentLevel' has LevelScriptBlueprint '/Game/ThirdPersonBP/Maps/ThirdPersonExampleMap.ThirdPersonExampleMap:PersistentLevel.ThirdPersonExampleMap' with GeneratedClass '/Game/ThirdPersonBP/Maps/ThirdPersonExampleMap.ThirdPersonExampleMap_C' with ClassGeneratedBy '/Game/ThirdPersonBP/Maps/ThirdPersonExampleMap.ThirdPersonExampleMap:PersistentLevel.ThirdPersonExampleMap'
[2019.05.31-04.42.29:811][181]LogPlayLevel: PlayLevel: No blueprints needed recompiling
[2019.05.31-04.42.29:811][181]PIE: New page: PIE session: ThirdPersonExampleMap (1/06/2019 4:42:29 am)
[2019.05.31-04.42.29:811][181]LogPlayLevel: Creating play world package: /Game/ThirdPersonBP/Maps/UEDPIE_0_ThirdPersonExampleMap
[2019.05.31-04.42.29:827][181]LogPlayLevel: PIE: StaticDuplicateObject took: (0.015334s)
[2019.05.31-04.42.29:827][181]LogAIModule: Creating AISystem for world ThirdPersonExampleMap
[2019.05.31-04.42.29:828][181]LogPlayLevel: PIE: World Init took: (0.000707s)
[2019.05.31-04.42.29:828][181]LogPlayLevel: PIE: Created PIE world by copying editor world from /Game/ThirdPersonBP/Maps/ThirdPersonExampleMap.ThirdPersonExampleMap to /Game/ThirdPersonBP/Maps/UEDPIE_0_ThirdPersonExampleMap.ThirdPersonExampleMap (0.016197s)
[2019.05.31-04.42.29:850][181]LogUObjectHash: Compacting FUObjectHashTables data took   1.14ms
[2019.05.31-04.42.29:862][181]LogInit: XAudio2 using 'Realtek Digital Output (Realtek High Definition Audio)' : 2 channels at 48 kHz using 16 bits per sample (channel mask 0x3)
[2019.05.31-04.42.29:881][181]LogInit: FAudioDevice initialized.
[2019.05.31-04.42.29:908][181]LogLoad: Game class is 'ThirdPersonGameMode_C'
[2019.05.31-04.42.29:912][181]LogWorld: Bringing World /Game/ThirdPersonBP/Maps/UEDPIE_0_ThirdPersonExampleMap.ThirdPersonExampleMap up for play (max tick rate 0) at 2019.05.31-16.42.29
[2019.05.31-04.42.29:912][181]LogWorld: Bringing up level for play took: 0.003770
[2019.05.31-04.42.29:925][181]LogAnimMontage: Warning: Playing a Montage (ExoGame_Troll_Aggro_Montage) for the wrong Skeleton (Boss1Skin_Skeleton) instead of (SK_Troll_Poison_Skeleton).
[2019.05.31-04.42.29:925][181]PIE: Play in editor start time for /Game/ThirdPersonBP/Maps/UEDPIE_0_ThirdPersonExampleMap 0.934
[2019.05.31-04.42.29:925][181]LogBlueprintUserMessages: Late PlayInEditor Detection: Level '/Game/ThirdPersonBP/Maps/ThirdPersonExampleMap.ThirdPersonExampleMap:PersistentLevel' has LevelScriptBlueprint '/Game/ThirdPersonBP/Maps/ThirdPersonExampleMap.ThirdPersonExampleMap:PersistentLevel.ThirdPersonExampleMap' with GeneratedClass '/Game/ThirdPersonBP/Maps/ThirdPersonExampleMap.ThirdPersonExampleMap_C' with ClassGeneratedBy '/Game/ThirdPersonBP/Maps/ThirdPersonExampleMap.ThirdPersonExampleMap:PersistentLevel.ThirdPersonExampleMap'
[2019.05.31-04.42.35:424][837]LogBlueprintUserMessages: Early EndPlayMap Detection: Level '/Game/ThirdPersonBP/Maps/ThirdPersonExampleMap.ThirdPersonExampleMap:PersistentLevel' has LevelScriptBlueprint '/Game/ThirdPersonBP/Maps/ThirdPersonExampleMap.ThirdPersonExampleMap:PersistentLevel.ThirdPersonExampleMap' with GeneratedClass '/Game/ThirdPersonBP/Maps/ThirdPersonExampleMap.ThirdPersonExampleMap_C' with ClassGeneratedBy '/Game/ThirdPersonBP/Maps/ThirdPersonExampleMap.ThirdPersonExampleMap:PersistentLevel.ThirdPersonExampleMap'
[2019.05.31-04.42.35:424][837]LogSlate: Updating window title bar state: overlay mode, drag disabled, window buttons hidden, title bar hidden
[2019.05.31-04.42.35:453][837]LogPlayLevel: Display: Shutting down PIE online subsystems
[2019.05.31-04.42.35:453][837]LogBlueprintUserMessages: Late EndPlayMap Detection: Level '/Game/ThirdPersonBP/Maps/ThirdPersonExampleMap.ThirdPersonExampleMap:PersistentLevel' has LevelScriptBlueprint '/Game/ThirdPersonBP/Maps/ThirdPersonExampleMap.ThirdPersonExampleMap:PersistentLevel.ThirdPersonExampleMap' with GeneratedClass '/Game/ThirdPersonBP/Maps/ThirdPersonExampleMap.ThirdPersonExampleMap_C' with ClassGeneratedBy '/Game/ThirdPersonBP/Maps/ThirdPersonExampleMap.ThirdPersonExampleMap:PersistentLevel.ThirdPersonExampleMap'
[2019.05.31-04.42.35:481][837]LogSlate: Updating window title bar state: overlay mode, drag disabled, window buttons hidden, title bar hidden
[2019.05.31-04.42.35:484][837]LogUObjectHash: Compacting FUObjectHashTables data took   1.16ms
[2019.05.31-04.42.35:530][841]LogPlayLevel: Display: Destroying online subsystem :Context_9
[2019.05.31-04.42.40:340][ 68]LogSlate: FSceneViewport::OnFocusLost() reason 0
[2019.05.31-04.42.47:418][895]LogSlate: Took 0.000207 seconds to synchronously load lazily loaded font '../../../Engine/Content/Slate/Fonts/Roboto-Light.ttf' (167K)
[2019.05.31-04.42.47:424][895]LogAssetEditorManager: Opening Asset editor for ParticleSystem /Game/VFX/P_healing.P_healing
[2019.05.31-04.42.47:474][895]LogContentBrowser: Native class hierarchy updated for 'Cascade' in 0.0003 seconds. Added 2 classes and 2 folders.
