Log file open, 06/02/19 01:55:00
LogWindows: Failed to load 'aqProf.dll' (GetLastError=126)
LogWindows: File 'aqProf.dll' does not exist
LogWindows: Failed to load 'VtuneApi.dll' (GetLastError=126)
LogWindows: File 'VtuneApi.dll' does not exist
LogWindows: Failed to load 'VtuneApi32e.dll' (GetLastError=126)
LogWindows: File 'VtuneApi32e.dll' does not exist
LogConsoleResponse: Display: Failed to find resolution value strings in scalability ini. Falling back to default.
LogInit: Display: Running engine for game: Prototype4
LogPakFile: Registered encryption key '00000000000000000000000000000000': 0 pak files mounted, 0 remain pending
LogPlatformFile: Not using cached read wrapper
LogTaskGraph: Started task graph with 5 named threads and 11 total threads with 3 sets of task threads.
LogStats: Stats thread started at 0.322618
LogD3D11RHI: Loaded GFSDK_Aftermath_Lib.x64.dll
LogICUInternationalization: ICU TimeZone Detection - Raw Offset: +12:00, Platform Override: ''
LogPluginManager: Mounting plugin Paper2D
LogPluginManager: Mounting plugin AISupport
LogPluginManager: Mounting plugin LightPropagationVolume
LogPluginManager: Mounting plugin ActorLayerUtilities
LogPluginManager: Mounting plugin AnimationSharing
LogPluginManager: Mounting plugin CLionSourceCodeAccess
LogPluginManager: Mounting plugin CodeLiteSourceCodeAccess
LogPluginManager: Mounting plugin ConcertFrontend
LogPluginManager: Mounting plugin ConcertMain
LogPluginManager: Mounting plugin ConcertSyncClient
LogPluginManager: Mounting plugin ConcertSyncCore
LogPluginManager: Found config from plugin[ConcertSyncCore] C:/Users/Administrator/Documents/N_Prototype4/Prototype4/Saved/Config/Windows/Engine.ini
LogPluginManager: Mounting plugin GitSourceControl
LogPluginManager: Mounting plugin KDevelopSourceCodeAccess
LogPluginManager: Mounting plugin NullSourceCodeAccess
LogPluginManager: Mounting plugin PerforceSourceControl
LogPluginManager: Mounting plugin SubversionSourceControl
LogPluginManager: Mounting plugin UObjectPlugin
LogPluginManager: Mounting plugin VisualStudioCodeSourceCodeAccess
LogPluginManager: Mounting plugin VisualStudioSourceCodeAccess
LogPluginManager: Mounting plugin XCodeSourceCodeAccess
LogPluginManager: Mounting plugin AssetManagerEditor
LogPluginManager: Mounting plugin CryptoKeys
LogPluginManager: Mounting plugin DataValidation
LogPluginManager: Mounting plugin FacialAnimation
LogPluginManager: Mounting plugin GameplayTagsEditor
LogPluginManager: Mounting plugin MacGraphicsSwitching
LogPluginManager: Mounting plugin MaterialAnalyzer
LogPluginManager: Mounting plugin MobileLauncherProfileWizard
LogPluginManager: Mounting plugin PluginBrowser
LogPluginManager: Mounting plugin SpeedTreeImporter
LogPluginManager: Mounting plugin DatasmithContent
LogPluginManager: Mounting plugin VariantManagerContent
LogPluginManager: Mounting plugin AlembicImporter
LogPluginManager: Mounting plugin AppleImageUtils
LogPluginManager: Mounting plugin AppleVision
LogPluginManager: Mounting plugin BackChannel
LogPluginManager: Mounting plugin CharacterAI
LogPluginManager: Mounting plugin GeometryCache
LogPluginManager: Mounting plugin HTML5Networking
LogPluginManager: Mounting plugin ProxyLODPlugin
LogPluginManager: Mounting plugin SkeletalReduction
LogPluginManager: Mounting plugin MagicLeap
LogPluginManager: Mounting plugin MagicLeapMedia
LogPluginManager: Mounting plugin AndroidMedia
LogPluginManager: Mounting plugin AvfMedia
LogPluginManager: Mounting plugin ImgMedia
LogPluginManager: Mounting plugin LinearTimecode
LogPluginManager: Mounting plugin MediaCompositing
LogPluginManager: Mounting plugin MediaPlayerEditor
LogPluginManager: Mounting plugin WebMMedia
LogPluginManager: Mounting plugin WmfMedia
LogPluginManager: Mounting plugin TcpMessaging
LogPluginManager: Mounting plugin UdpMessaging
LogPluginManager: Mounting plugin ActorSequence
LogPluginManager: Mounting plugin LevelSequenceEditor
LogPluginManager: Mounting plugin MatineeToLevelSequence
LogPluginManager: Mounting plugin NetcodeUnitTest
LogPluginManager: Mounting plugin NUTUnrealEngine4
LogPluginManager: Mounting plugin OnlineSubsystemGooglePlay
LogPluginManager: Mounting plugin OnlineSubsystemIOS
LogPluginManager: Mounting plugin OnlineSubsystem
LogPluginManager: Mounting plugin OnlineSubsystemNull
LogPluginManager: Mounting plugin OnlineSubsystemUtils
LogPluginManager: Mounting plugin LauncherChunkInstaller
LogPluginManager: Mounting plugin AndroidDeviceProfileSelector
LogPluginManager: Mounting plugin AndroidMoviePlayer
LogPluginManager: Mounting plugin AndroidPermission
LogPluginManager: Mounting plugin AppleMoviePlayer
LogPluginManager: Mounting plugin ArchVisCharacter
LogPluginManager: Mounting plugin AudioCapture
LogPluginManager: Mounting plugin CableComponent
LogPluginManager: Mounting plugin CustomMeshComponent
LogPluginManager: Mounting plugin EditableMesh
LogPluginManager: Mounting plugin ExampleDeviceProfileSelector
LogPluginManager: Mounting plugin Firebase
LogPluginManager: Mounting plugin GoogleCloudMessaging
LogPluginManager: Mounting plugin IOSDeviceProfileSelector
LogPluginManager: Mounting plugin LinuxDeviceProfileSelector
LogPluginManager: Mounting plugin LocationServicesBPLibrary
LogPluginManager: Mounting plugin MobilePatchingUtils
LogPluginManager: Mounting plugin OculusVR
LogPluginManager: Mounting plugin PhysXVehicles
LogPluginManager: Mounting plugin ProceduralMeshComponent
LogPluginManager: Mounting plugin RuntimePhysXCooking
LogPluginManager: Mounting plugin SignificanceManager
LogPluginManager: Mounting plugin SteamVR
LogPluginManager: Mounting plugin WebMMoviePlayer
LogPluginManager: Mounting plugin WindowsMoviePlayer
LogInit: Using libcurl 7.55.1-DEV
LogInit:  - built for x86_64-pc-win32
LogInit:  - supports SSL with OpenSSL/1.1.1
LogInit:  - supports HTTP deflate (compression) using libz 1.2.8
LogInit:  - other features:
LogInit:      CURL_VERSION_SSL
LogInit:      CURL_VERSION_LIBZ
LogInit:      CURL_VERSION_IPV6
LogInit:      CURL_VERSION_ASYNCHDNS
LogInit:      CURL_VERSION_LARGEFILE
LogInit:      CURL_VERSION_IDN
LogInit:  CurlRequestOptions (configurable via config and command line):
LogInit:  - bVerifyPeer = true  - Libcurl will verify peer certificate
LogInit:  - bUseHttpProxy = false  - Libcurl will NOT use HTTP proxy
LogInit:  - bDontReuseConnections = false  - Libcurl will reuse connections
LogInit:  - MaxHostConnections = 16  - Libcurl will limit the number of connections to a host
LogInit:  - LocalHostAddr = Default
LogInit:  - BufferSize = 65536
LogInit: WinSock: version 1.1 (2.2), MaxSocks=32767, MaxUdp=65467
LogInit: Build: ++UE4+Release-4.22-CL-6574378
LogInit: Engine Version: 4.22.2-6574378+++UE4+Release-4.22
LogInit: Compatible Engine Version: 4.22.0-5660361+++UE4+Release-4.22
LogInit: Net CL: 5660361
LogInit: OS: Windows 10 (Release 1607) (), CPU: Intel(R) Core(TM) i5-4210M CPU @ 2.60GHz, GPU: Intel(R) HD Graphics 4600
LogInit: Compiled (64-bit): May 20 2019 09:54:56
LogInit: Compiled with Visual C++: 19.16.27025.01
LogInit: Build Configuration: Development
LogInit: Branch Name: ++UE4+Release-4.22
LogInit: Command Line: 
LogInit: Base Directory: D:/unreal/UE_4.22/Engine/Binaries/Win64/
LogInit: Installed Engine Build: 1
LogDevObjectVersion: Number of dev versions registered: 23
LogDevObjectVersion:   Dev-Blueprints (B0D832E4-1F89-4F0D-ACCF-7EB736FD4AA2): 10
LogDevObjectVersion:   Dev-Build (E1C64328-A22C-4D53-A36C-8E866417BD8C): 0
LogDevObjectVersion:   Dev-Core (375EC13C-06E4-48FB-B500-84F0262A717E): 3
LogDevObjectVersion:   Dev-Editor (E4B068ED-F494-42E9-A231-DA0B2E46BB41): 30
LogDevObjectVersion:   Dev-Framework (CFFC743F-43B0-4480-9391-14DF171D2073): 35
LogDevObjectVersion:   Dev-Mobile (B02B49B5-BB20-44E9-A304-32B752E40360): 2
LogDevObjectVersion:   Dev-Networking (A4E4105C-59A1-49B5-A7C5-40C4547EDFEE): 0
LogDevObjectVersion:   Dev-Online (39C831C9-5AE6-47DC-9A44-9C173E1C8E7C): 0
LogDevObjectVersion:   Dev-Physics (78F01B33-EBEA-4F98-B9B4-84EACCB95AA2): 0
LogDevObjectVersion:   Dev-Platform (6631380F-2D4D-43E0-8009-CF276956A95A): 0
LogDevObjectVersion:   Dev-Rendering (12F88B9F-8875-4AFC-A67C-D90C383ABD29): 28
LogDevObjectVersion:   Dev-Sequencer (7B5AE74C-D270-4C10-A958-57980B212A5A): 11
LogDevObjectVersion:   Dev-VR (D7296918-1DD6-4BDD-9DE2-64A83CC13884): 2
LogDevObjectVersion:   Dev-LoadTimes (C2A15278-BFE7-4AFE-6C17-90FF531DF755): 1
LogDevObjectVersion:   Private-Geometry (6EACA3D4-40EC-4CC1-B786-8BED09428FC5): 3
LogDevObjectVersion:   Dev-AnimPhys (29E575DD-E0A3-4627-9D10-D276232CDCEA): 17
LogDevObjectVersion:   Dev-Anim (AF43A65D-7FD3-4947-9873-3E8ED9C1BB05): 2
LogDevObjectVersion:   Dev-ReflectionCapture (6B266CEC-1EC7-4B8F-A30B-E4D90942FC07): 1
LogDevObjectVersion:   Dev-Automation (0DF73D61-A23F-47EA-B727-89E90C41499A): 1
LogDevObjectVersion:   FortniteMain (601D1886-AC64-4F84-AA16-D3DE0DEAC7D6): 25
LogDevObjectVersion:   Dev-Enterprise (9DFFBCD6-494F-0158-E221-12823C92A888): 6
LogDevObjectVersion:   Dev-Niagara (F2AED0AC-9AFE-416F-8664-AA7FFA26D6FC): 1
LogDevObjectVersion:   Dev-Destruction (174F1F0B-B4C6-45A5-B13F-2EE8D0FB917D): 2
LogInit: Presizing for max 16777216 objects, including 0 objects not considered by GC, pre-allocating 0 bytes for permanent pool.
LogInit: Object subsystem initialized
LogConfig: Setting CVar [[con.DebugEarlyDefault:1]]
LogConfig: Setting CVar [[r.setres:1280x720]]
[2019.06.01-13.55.01:161][  0]LogConfig: Setting CVar [[r.VSync:0]]
[2019.06.01-13.55.01:161][  0]LogConfig: Setting CVar [[r.RHICmdBypass:0]]
[2019.06.01-13.55.01:161][  0]LogConfig: Applying CVar settings from Section [/Script/Engine.RendererSettings] File [C:/Users/Administrator/Documents/N_Prototype4/Prototype4/Saved/Config/Windows/Engine.ini]
[2019.06.01-13.55.01:161][  0]LogConfig: Setting CVar [[r.GPUCrashDebugging:0]]
[2019.06.01-13.55.01:161][  0]LogConfig: Applying CVar settings from Section [/Script/Engine.RendererOverrideSettings] File [C:/Users/Administrator/Documents/N_Prototype4/Prototype4/Saved/Config/Windows/Engine.ini]
[2019.06.01-13.55.01:161][  0]LogConfig: Applying CVar settings from Section [/Script/Engine.StreamingSettings] File [C:/Users/Administrator/Documents/N_Prototype4/Prototype4/Saved/Config/Windows/Engine.ini]
[2019.06.01-13.55.01:161][  0]LogConfig: Setting CVar [[s.MinBulkDataSizeForAsyncLoading:131072]]
[2019.06.01-13.55.01:161][  0]LogConfig: Setting CVar [[s.AsyncLoadingThreadEnabled:0]]
[2019.06.01-13.55.01:161][  0]LogConfig: Setting CVar [[s.EventDrivenLoaderEnabled:1]]
[2019.06.01-13.55.01:161][  0]LogConfig: Setting CVar [[s.WarnIfTimeLimitExceeded:0]]
[2019.06.01-13.55.01:161][  0]LogConfig: Setting CVar [[s.TimeLimitExceededMultiplier:1.5]]
[2019.06.01-13.55.01:161][  0]LogConfig: Setting CVar [[s.TimeLimitExceededMinTime:0.005]]
[2019.06.01-13.55.01:161][  0]LogConfig: Setting CVar [[s.UseBackgroundLevelStreaming:1]]
[2019.06.01-13.55.01:161][  0]LogConfig: Setting CVar [[s.PriorityAsyncLoadingExtraTime:15.0]]
[2019.06.01-13.55.01:161][  0]LogConfig: Setting CVar [[s.LevelStreamingActorsUpdateTimeLimit:5.0]]
[2019.06.01-13.55.01:161][  0]LogConfig: Setting CVar [[s.PriorityLevelStreamingActorsUpdateExtraTime:5.0]]
[2019.06.01-13.55.01:161][  0]LogConfig: Setting CVar [[s.LevelStreamingComponentsRegistrationGranularity:10]]
[2019.06.01-13.55.01:161][  0]LogConfig: Setting CVar [[s.UnregisterComponentsTimeLimit:1.0]]
[2019.06.01-13.55.01:161][  0]LogConfig: Setting CVar [[s.LevelStreamingComponentsUnregistrationGranularity:5]]
[2019.06.01-13.55.01:161][  0]LogConfig: Applying CVar settings from Section [/Script/Engine.GarbageCollectionSettings] File [C:/Users/Administrator/Documents/N_Prototype4/Prototype4/Saved/Config/Windows/Engine.ini]
[2019.06.01-13.55.01:161][  0]LogConfig: Setting CVar [[gc.MaxObjectsNotConsideredByGC:1]]
[2019.06.01-13.55.01:161][  0]LogConfig: Setting CVar [[gc.SizeOfPermanentObjectPool:0]]
[2019.06.01-13.55.01:161][  0]LogConfig: Setting CVar [[gc.FlushStreamingOnGC:0]]
[2019.06.01-13.55.01:161][  0]LogConfig: Setting CVar [[gc.NumRetriesBeforeForcingGC:10]]
[2019.06.01-13.55.01:161][  0]LogConfig: Setting CVar [[gc.AllowParallelGC:1]]
[2019.06.01-13.55.01:161][  0]LogConfig: Setting CVar [[gc.TimeBetweenPurgingPendingKillObjects:61.1]]
[2019.06.01-13.55.01:162][  0]LogConfig: Setting CVar [[gc.MaxObjectsInEditor:16777216]]
[2019.06.01-13.55.01:162][  0]LogConfig: Setting CVar [[gc.IncrementalBeginDestroyEnabled:1]]
[2019.06.01-13.55.01:162][  0]LogConfig: Setting CVar [[gc.CreateGCClusters:1]]
[2019.06.01-13.55.01:162][  0]LogConfig: Setting CVar [[gc.MinGCClusterSize:5]]
[2019.06.01-13.55.01:162][  0]LogConfig: Setting CVar [[gc.ActorClusteringEnabled:0]]
[2019.06.01-13.55.01:162][  0]LogConfig: Setting CVar [[gc.BlueprintClusteringEnabled:0]]
[2019.06.01-13.55.01:162][  0]LogConfig: Setting CVar [[gc.UseDisregardForGCOnDedicatedServers:0]]
[2019.06.01-13.55.01:162][  0]LogConfig: Applying CVar settings from Section [/Script/Engine.NetworkSettings] File [C:/Users/Administrator/Documents/N_Prototype4/Prototype4/Saved/Config/Windows/Engine.ini]
[2019.06.01-13.55.01:162][  0]LogConfig: Applying CVar settings from Section [/Script/UnrealEd.CookerSettings] File [C:/Users/Administrator/Documents/N_Prototype4/Prototype4/Saved/Config/Windows/Engine.ini]
[2019.06.01-13.55.01:167][  0]LogConfig: Applying CVar settings from Section [ViewDistanceQuality@3] File [C:/Users/Administrator/Documents/N_Prototype4/Prototype4/Saved/Config/Windows/Scalability.ini]
[2019.06.01-13.55.01:167][  0]LogConfig: Setting CVar [[r.SkeletalMeshLODBias:0]]
[2019.06.01-13.55.01:168][  0]LogConfig: Setting CVar [[r.ViewDistanceScale:1.0]]
[2019.06.01-13.55.01:168][  0]LogConfig: Applying CVar settings from Section [AntiAliasingQuality@3] File [C:/Users/Administrator/Documents/N_Prototype4/Prototype4/Saved/Config/Windows/Scalability.ini]
[2019.06.01-13.55.01:168][  0]LogConfig: Setting CVar [[r.PostProcessAAQuality:4]]
[2019.06.01-13.55.01:168][  0]LogConfig: Applying CVar settings from Section [ShadowQuality@3] File [C:/Users/Administrator/Documents/N_Prototype4/Prototype4/Saved/Config/Windows/Scalability.ini]
[2019.06.01-13.55.01:168][  0]LogConfig: Setting CVar [[r.LightFunctionQuality:1]]
[2019.06.01-13.55.01:168][  0]LogConfig: Setting CVar [[r.ShadowQuality:5]]
[2019.06.01-13.55.01:168][  0]LogConfig: Setting CVar [[r.Shadow.CSM.MaxCascades:10]]
[2019.06.01-13.55.01:168][  0]LogConfig: Setting CVar [[r.Shadow.MaxResolution:2048]]
[2019.06.01-13.55.01:168][  0]LogConfig: Setting CVar [[r.Shadow.MaxCSMResolution:2048]]
[2019.06.01-13.55.01:168][  0]LogConfig: Setting CVar [[r.Shadow.RadiusThreshold:0.01]]
[2019.06.01-13.55.01:168][  0]LogConfig: Setting CVar [[r.Shadow.DistanceScale:1.0]]
[2019.06.01-13.55.01:168][  0]LogConfig: Setting CVar [[r.Shadow.CSM.TransitionScale:1.0]]
[2019.06.01-13.55.01:168][  0]LogConfig: Setting CVar [[r.Shadow.PreShadowResolutionFactor:1.0]]
[2019.06.01-13.55.01:168][  0]LogConfig: Setting CVar [[r.DistanceFieldShadowing:1]]
[2019.06.01-13.55.01:168][  0]LogConfig: Setting CVar [[r.DistanceFieldAO:1]]
[2019.06.01-13.55.01:168][  0]LogConfig: Setting CVar [[r.AOQuality:2]]
[2019.06.01-13.55.01:168][  0]LogConfig: Setting CVar [[r.VolumetricFog:1]]
[2019.06.01-13.55.01:168][  0]LogConfig: Setting CVar [[r.VolumetricFog.GridPixelSize:8]]
[2019.06.01-13.55.01:168][  0]LogConfig: Setting CVar [[r.VolumetricFog.GridSizeZ:128]]
[2019.06.01-13.55.01:168][  0]LogConfig: Setting CVar [[r.VolumetricFog.HistoryMissSupersampleCount:4]]
[2019.06.01-13.55.01:168][  0]LogConfig: Setting CVar [[r.LightMaxDrawDistanceScale:1]]
[2019.06.01-13.55.01:168][  0]LogConfig: Setting CVar [[r.CapsuleShadows:1]]
[2019.06.01-13.55.01:168][  0]LogConfig: Applying CVar settings from Section [PostProcessQuality@3] File [C:/Users/Administrator/Documents/N_Prototype4/Prototype4/Saved/Config/Windows/Scalability.ini]
[2019.06.01-13.55.01:168][  0]LogConfig: Setting CVar [[r.MotionBlurQuality:4]]
[2019.06.01-13.55.01:168][  0]LogConfig: Setting CVar [[r.AmbientOcclusionMipLevelFactor:0.4]]
[2019.06.01-13.55.01:168][  0]LogConfig: Setting CVar [[r.AmbientOcclusionMaxQuality:100]]
[2019.06.01-13.55.01:168][  0]LogConfig: Setting CVar [[r.AmbientOcclusionLevels:-1]]
[2019.06.01-13.55.01:168][  0]LogConfig: Setting CVar [[r.AmbientOcclusionRadiusScale:1.0]]
[2019.06.01-13.55.01:168][  0]LogConfig: Setting CVar [[r.DepthOfFieldQuality:2]]
[2019.06.01-13.55.01:168][  0]LogConfig: Setting CVar [[r.RenderTargetPoolMin:400]]
[2019.06.01-13.55.01:168][  0]LogConfig: Setting CVar [[r.LensFlareQuality:2]]
[2019.06.01-13.55.01:168][  0]LogConfig: Setting CVar [[r.SceneColorFringeQuality:1]]
[2019.06.01-13.55.01:168][  0]LogConfig: Setting CVar [[r.EyeAdaptationQuality:2]]
[2019.06.01-13.55.01:169][  0]LogConfig: Setting CVar [[r.BloomQuality:5]]
[2019.06.01-13.55.01:169][  0]LogConfig: Setting CVar [[r.FastBlurThreshold:100]]
[2019.06.01-13.55.01:169][  0]LogConfig: Setting CVar [[r.Upscale.Quality:3]]
[2019.06.01-13.55.01:169][  0]LogConfig: Setting CVar [[r.Tonemapper.GrainQuantization:1]]
[2019.06.01-13.55.01:169][  0]LogConfig: Setting CVar [[r.LightShaftQuality:1]]
[2019.06.01-13.55.01:169][  0]LogConfig: Setting CVar [[r.Filter.SizeScale:1]]
[2019.06.01-13.55.01:169][  0]LogConfig: Setting CVar [[r.Tonemapper.Quality:5]]
[2019.06.01-13.55.01:169][  0]LogConfig: Setting CVar [[r.DOF.Gather.AccumulatorQuality:1        ; higher gathering accumulator quality]]
[2019.06.01-13.55.01:169][  0]LogConfig: Setting CVar [[r.DOF.Gather.PostfilterMethod:1          ; Median3x3 postfilering method]]
[2019.06.01-13.55.01:169][  0]LogConfig: Setting CVar [[r.DOF.Gather.EnableBokehSettings:0       ; no bokeh simulation when gathering]]
[2019.06.01-13.55.01:169][  0]LogConfig: Setting CVar [[r.DOF.Gather.RingCount:4                 ; medium number of samples when gathering]]
[2019.06.01-13.55.01:169][  0]LogConfig: Setting CVar [[r.DOF.Scatter.ForegroundCompositing:1    ; additive foreground scattering]]
[2019.06.01-13.55.01:169][  0]LogConfig: Setting CVar [[r.DOF.Scatter.BackgroundCompositing:2    ; additive background scattering]]
[2019.06.01-13.55.01:169][  0]LogConfig: Setting CVar [[r.DOF.Scatter.EnableBokehSettings:1      ; bokeh simulation when scattering]]
[2019.06.01-13.55.01:169][  0]LogConfig: Setting CVar [[r.DOF.Scatter.MaxSpriteRatio:0.1         ; only a maximum of 10% of scattered bokeh]]
[2019.06.01-13.55.01:169][  0]LogConfig: Setting CVar [[r.DOF.Recombine.Quality:1                ; cheap slight out of focus]]
[2019.06.01-13.55.01:169][  0]LogConfig: Setting CVar [[r.DOF.Recombine.EnableBokehSettings:0    ; no bokeh simulation on slight out of focus]]
[2019.06.01-13.55.01:169][  0]LogConfig: Setting CVar [[r.DOF.TemporalAAQuality:1                ; more stable temporal accumulation]]
[2019.06.01-13.55.01:169][  0]LogConfig: Setting CVar [[r.DOF.Kernel.MaxForegroundRadius:0.025]]
[2019.06.01-13.55.01:169][  0]LogConfig: Setting CVar [[r.DOF.Kernel.MaxBackgroundRadius:0.025]]
[2019.06.01-13.55.01:169][  0]LogConfig: Applying CVar settings from Section [TextureQuality@3] File [C:/Users/Administrator/Documents/N_Prototype4/Prototype4/Saved/Config/Windows/Scalability.ini]
[2019.06.01-13.55.01:169][  0]LogConfig: Setting CVar [[r.Streaming.MipBias:0]]
[2019.06.01-13.55.01:169][  0]LogConfig: Setting CVar [[r.Streaming.AmortizeCPUToGPUCopy:0]]
[2019.06.01-13.55.01:169][  0]LogConfig: Setting CVar [[r.Streaming.MaxNumTexturesToStreamPerFrame:0]]
[2019.06.01-13.55.01:169][  0]LogConfig: Setting CVar [[r.Streaming.Boost:1]]
[2019.06.01-13.55.01:169][  0]LogConfig: Setting CVar [[r.MaxAnisotropy:8]]
[2019.06.01-13.55.01:169][  0]LogConfig: Setting CVar [[r.Streaming.LimitPoolSizeToVRAM:0]]
[2019.06.01-13.55.01:169][  0]LogConfig: Setting CVar [[r.Streaming.PoolSize:1000]]
[2019.06.01-13.55.01:169][  0]LogConfig: Setting CVar [[r.Streaming.MaxEffectiveScreenSize:0]]
[2019.06.01-13.55.01:170][  0]LogConfig: Applying CVar settings from Section [EffectsQuality@3] File [C:/Users/Administrator/Documents/N_Prototype4/Prototype4/Saved/Config/Windows/Scalability.ini]
[2019.06.01-13.55.01:170][  0]LogConfig: Setting CVar [[r.TranslucencyLightingVolumeDim:64]]
[2019.06.01-13.55.01:170][  0]LogConfig: Setting CVar [[r.RefractionQuality:2]]
[2019.06.01-13.55.01:170][  0]LogConfig: Setting CVar [[r.SSR.Quality:3]]
[2019.06.01-13.55.01:170][  0]LogConfig: Setting CVar [[r.SceneColorFormat:4]]
[2019.06.01-13.55.01:170][  0]LogConfig: Setting CVar [[r.DetailMode:2]]
[2019.06.01-13.55.01:170][  0]LogConfig: Setting CVar [[r.TranslucencyVolumeBlur:1]]
[2019.06.01-13.55.01:170][  0]LogConfig: Setting CVar [[r.MaterialQualityLevel:1 ; High quality]]
[2019.06.01-13.55.01:170][  0]LogConfig: Setting CVar [[r.SSS.Scale:1]]
[2019.06.01-13.55.01:170][  0]LogConfig: Setting CVar [[r.SSS.SampleSet:2]]
[2019.06.01-13.55.01:170][  0]LogConfig: Setting CVar [[r.SSS.Quality:1]]
[2019.06.01-13.55.01:170][  0]LogConfig: Setting CVar [[r.SSS.HalfRes:1]]
[2019.06.01-13.55.01:170][  0]LogConfig: Setting CVar [[r.EmitterSpawnRateScale:1.0]]
[2019.06.01-13.55.01:170][  0]LogConfig: Setting CVar [[r.ParticleLightQuality:2]]
[2019.06.01-13.55.01:170][  0]LogConfig: Applying CVar settings from Section [FoliageQuality@3] File [C:/Users/Administrator/Documents/N_Prototype4/Prototype4/Saved/Config/Windows/Scalability.ini]
[2019.06.01-13.55.01:170][  0]LogConfig: Setting CVar [[foliage.DensityScale:1.0]]
[2019.06.01-13.55.01:170][  0]LogConfig: Setting CVar [[grass.DensityScale:1.0]]
[2019.06.01-13.55.01:170][  0]LogInit: Selected Device Profile: [Windows]
[2019.06.01-13.55.01:170][  0]LogInit: Applying CVar settings loaded from the selected device profile: [Windows]
[2019.06.01-13.55.01:200][  0]LogHAL: Display: Platform has ~ 8 GB [8512647168 / 8589934592 / 8], which maps to Default [LargestMinGB=32, LargerMinGB=12, DefaultMinGB=8, SmallerMinGB=6, SmallestMinGB=0)
[2019.06.01-13.55.01:200][  0]LogConfig: Setting CVar [[r.Vulkan.UseRealUBs:0		; Required until we fix HLR fall-out]]
[2019.06.01-13.55.01:200][  0]LogInit: Going up to parent DeviceProfile []
[2019.06.01-13.55.01:200][  0]LogConfig: Applying CVar settings from Section [ViewDistanceQuality@3] File [C:/Users/Administrator/Documents/N_Prototype4/Prototype4/Saved/Config/Windows/Scalability.ini]
[2019.06.01-13.55.01:200][  0]LogConfig: Setting CVar [[r.SkeletalMeshLODBias:0]]
[2019.06.01-13.55.01:200][  0]LogConfig: Setting CVar [[r.ViewDistanceScale:1.0]]
[2019.06.01-13.55.01:200][  0]LogConfig: Applying CVar settings from Section [AntiAliasingQuality@3] File [C:/Users/Administrator/Documents/N_Prototype4/Prototype4/Saved/Config/Windows/Scalability.ini]
[2019.06.01-13.55.01:200][  0]LogConfig: Setting CVar [[r.PostProcessAAQuality:4]]
[2019.06.01-13.55.01:200][  0]LogConfig: Applying CVar settings from Section [ShadowQuality@3] File [C:/Users/Administrator/Documents/N_Prototype4/Prototype4/Saved/Config/Windows/Scalability.ini]
[2019.06.01-13.55.01:200][  0]LogConfig: Setting CVar [[r.LightFunctionQuality:1]]
[2019.06.01-13.55.01:200][  0]LogConfig: Setting CVar [[r.ShadowQuality:5]]
[2019.06.01-13.55.01:200][  0]LogConfig: Setting CVar [[r.Shadow.CSM.MaxCascades:10]]
[2019.06.01-13.55.01:200][  0]LogConfig: Setting CVar [[r.Shadow.MaxResolution:2048]]
[2019.06.01-13.55.01:200][  0]LogConfig: Setting CVar [[r.Shadow.MaxCSMResolution:2048]]
[2019.06.01-13.55.01:200][  0]LogConfig: Setting CVar [[r.Shadow.RadiusThreshold:0.01]]
[2019.06.01-13.55.01:201][  0]LogConfig: Setting CVar [[r.Shadow.DistanceScale:1.0]]
[2019.06.01-13.55.01:201][  0]LogConfig: Setting CVar [[r.Shadow.CSM.TransitionScale:1.0]]
[2019.06.01-13.55.01:201][  0]LogConfig: Setting CVar [[r.Shadow.PreShadowResolutionFactor:1.0]]
[2019.06.01-13.55.01:201][  0]LogConfig: Setting CVar [[r.DistanceFieldShadowing:1]]
[2019.06.01-13.55.01:201][  0]LogConfig: Setting CVar [[r.DistanceFieldAO:1]]
[2019.06.01-13.55.01:201][  0]LogConfig: Setting CVar [[r.AOQuality:2]]
[2019.06.01-13.55.01:201][  0]LogConfig: Setting CVar [[r.VolumetricFog:1]]
[2019.06.01-13.55.01:201][  0]LogConfig: Setting CVar [[r.VolumetricFog.GridPixelSize:8]]
[2019.06.01-13.55.01:201][  0]LogConfig: Setting CVar [[r.VolumetricFog.GridSizeZ:128]]
[2019.06.01-13.55.01:201][  0]LogConfig: Setting CVar [[r.VolumetricFog.HistoryMissSupersampleCount:4]]
[2019.06.01-13.55.01:201][  0]LogConfig: Setting CVar [[r.LightMaxDrawDistanceScale:1]]
[2019.06.01-13.55.01:201][  0]LogConfig: Setting CVar [[r.CapsuleShadows:1]]
[2019.06.01-13.55.01:201][  0]LogConfig: Applying CVar settings from Section [PostProcessQuality@3] File [C:/Users/Administrator/Documents/N_Prototype4/Prototype4/Saved/Config/Windows/Scalability.ini]
[2019.06.01-13.55.01:201][  0]LogConfig: Setting CVar [[r.MotionBlurQuality:4]]
[2019.06.01-13.55.01:201][  0]LogConfig: Setting CVar [[r.AmbientOcclusionMipLevelFactor:0.4]]
[2019.06.01-13.55.01:201][  0]LogConfig: Setting CVar [[r.AmbientOcclusionMaxQuality:100]]
[2019.06.01-13.55.01:201][  0]LogConfig: Setting CVar [[r.AmbientOcclusionLevels:-1]]
[2019.06.01-13.55.01:201][  0]LogConfig: Setting CVar [[r.AmbientOcclusionRadiusScale:1.0]]
[2019.06.01-13.55.01:201][  0]LogConfig: Setting CVar [[r.DepthOfFieldQuality:2]]
[2019.06.01-13.55.01:201][  0]LogConfig: Setting CVar [[r.RenderTargetPoolMin:400]]
[2019.06.01-13.55.01:201][  0]LogConfig: Setting CVar [[r.LensFlareQuality:2]]
[2019.06.01-13.55.01:201][  0]LogConfig: Setting CVar [[r.SceneColorFringeQuality:1]]
[2019.06.01-13.55.01:201][  0]LogConfig: Setting CVar [[r.EyeAdaptationQuality:2]]
[2019.06.01-13.55.01:201][  0]LogConfig: Setting CVar [[r.BloomQuality:5]]
[2019.06.01-13.55.01:201][  0]LogConfig: Setting CVar [[r.FastBlurThreshold:100]]
[2019.06.01-13.55.01:201][  0]LogConfig: Setting CVar [[r.Upscale.Quality:3]]
[2019.06.01-13.55.01:201][  0]LogConfig: Setting CVar [[r.Tonemapper.GrainQuantization:1]]
[2019.06.01-13.55.01:201][  0]LogConfig: Setting CVar [[r.LightShaftQuality:1]]
[2019.06.01-13.55.01:201][  0]LogConfig: Setting CVar [[r.Filter.SizeScale:1]]
[2019.06.01-13.55.01:202][  0]LogConfig: Setting CVar [[r.Tonemapper.Quality:5]]
[2019.06.01-13.55.01:202][  0]LogConfig: Setting CVar [[r.DOF.Gather.AccumulatorQuality:1        ; higher gathering accumulator quality]]
[2019.06.01-13.55.01:202][  0]LogConfig: Setting CVar [[r.DOF.Gather.PostfilterMethod:1          ; Median3x3 postfilering method]]
[2019.06.01-13.55.01:202][  0]LogConfig: Setting CVar [[r.DOF.Gather.EnableBokehSettings:0       ; no bokeh simulation when gathering]]
[2019.06.01-13.55.01:202][  0]LogConfig: Setting CVar [[r.DOF.Gather.RingCount:4                 ; medium number of samples when gathering]]
[2019.06.01-13.55.01:202][  0]LogConfig: Setting CVar [[r.DOF.Scatter.ForegroundCompositing:1    ; additive foreground scattering]]
[2019.06.01-13.55.01:202][  0]LogConfig: Setting CVar [[r.DOF.Scatter.BackgroundCompositing:2    ; additive background scattering]]
[2019.06.01-13.55.01:202][  0]LogConfig: Setting CVar [[r.DOF.Scatter.EnableBokehSettings:1      ; bokeh simulation when scattering]]
[2019.06.01-13.55.01:202][  0]LogConfig: Setting CVar [[r.DOF.Scatter.MaxSpriteRatio:0.1         ; only a maximum of 10% of scattered bokeh]]
[2019.06.01-13.55.01:202][  0]LogConfig: Setting CVar [[r.DOF.Recombine.Quality:1                ; cheap slight out of focus]]
[2019.06.01-13.55.01:202][  0]LogConfig: Setting CVar [[r.DOF.Recombine.EnableBokehSettings:0    ; no bokeh simulation on slight out of focus]]
[2019.06.01-13.55.01:202][  0]LogConfig: Setting CVar [[r.DOF.TemporalAAQuality:1                ; more stable temporal accumulation]]
[2019.06.01-13.55.01:202][  0]LogConfig: Setting CVar [[r.DOF.Kernel.MaxForegroundRadius:0.025]]
[2019.06.01-13.55.01:202][  0]LogConfig: Setting CVar [[r.DOF.Kernel.MaxBackgroundRadius:0.025]]
[2019.06.01-13.55.01:202][  0]LogConfig: Applying CVar settings from Section [TextureQuality@3] File [C:/Users/Administrator/Documents/N_Prototype4/Prototype4/Saved/Config/Windows/Scalability.ini]
[2019.06.01-13.55.01:202][  0]LogConfig: Setting CVar [[r.Streaming.MipBias:0]]
[2019.06.01-13.55.01:202][  0]LogConfig: Setting CVar [[r.Streaming.AmortizeCPUToGPUCopy:0]]
[2019.06.01-13.55.01:202][  0]LogConfig: Setting CVar [[r.Streaming.MaxNumTexturesToStreamPerFrame:0]]
[2019.06.01-13.55.01:202][  0]LogConfig: Setting CVar [[r.Streaming.Boost:1]]
[2019.06.01-13.55.01:202][  0]LogConfig: Setting CVar [[r.MaxAnisotropy:8]]
[2019.06.01-13.55.01:202][  0]LogConfig: Setting CVar [[r.Streaming.LimitPoolSizeToVRAM:0]]
[2019.06.01-13.55.01:202][  0]LogConfig: Setting CVar [[r.Streaming.PoolSize:1000]]
[2019.06.01-13.55.01:202][  0]LogConfig: Setting CVar [[r.Streaming.MaxEffectiveScreenSize:0]]
[2019.06.01-13.55.01:202][  0]LogConfig: Applying CVar settings from Section [EffectsQuality@3] File [C:/Users/Administrator/Documents/N_Prototype4/Prototype4/Saved/Config/Windows/Scalability.ini]
[2019.06.01-13.55.01:202][  0]LogConfig: Setting CVar [[r.TranslucencyLightingVolumeDim:64]]
[2019.06.01-13.55.01:202][  0]LogConfig: Setting CVar [[r.RefractionQuality:2]]
[2019.06.01-13.55.01:202][  0]LogConfig: Setting CVar [[r.SSR.Quality:3]]
[2019.06.01-13.55.01:202][  0]LogConfig: Setting CVar [[r.SceneColorFormat:4]]
[2019.06.01-13.55.01:203][  0]LogConfig: Setting CVar [[r.DetailMode:2]]
[2019.06.01-13.55.01:203][  0]LogConfig: Setting CVar [[r.TranslucencyVolumeBlur:1]]
[2019.06.01-13.55.01:203][  0]LogConfig: Setting CVar [[r.MaterialQualityLevel:1 ; High quality]]
[2019.06.01-13.55.01:203][  0]LogConfig: Setting CVar [[r.SSS.Scale:1]]
[2019.06.01-13.55.01:203][  0]LogConfig: Setting CVar [[r.SSS.SampleSet:2]]
[2019.06.01-13.55.01:203][  0]LogConfig: Setting CVar [[r.SSS.Quality:1]]
[2019.06.01-13.55.01:203][  0]LogConfig: Setting CVar [[r.SSS.HalfRes:1]]
[2019.06.01-13.55.01:203][  0]LogConfig: Setting CVar [[r.EmitterSpawnRateScale:1.0]]
[2019.06.01-13.55.01:203][  0]LogConfig: Setting CVar [[r.ParticleLightQuality:2]]
[2019.06.01-13.55.01:203][  0]LogConfig: Applying CVar settings from Section [FoliageQuality@3] File [C:/Users/Administrator/Documents/N_Prototype4/Prototype4/Saved/Config/Windows/Scalability.ini]
[2019.06.01-13.55.01:203][  0]LogConfig: Setting CVar [[foliage.DensityScale:1.0]]
[2019.06.01-13.55.01:203][  0]LogConfig: Setting CVar [[grass.DensityScale:1.0]]
[2019.06.01-13.55.01:203][  0]LogConfig: Applying CVar settings from Section [Startup] File [../../../Engine/Config/ConsoleVariables.ini]
[2019.06.01-13.55.01:204][  0]LogConfig: Setting CVar [[net.UseAdaptiveNetUpdateFrequency:0]]
[2019.06.01-13.55.01:204][  0]LogConfig: Setting CVar [[p.chaos.AllowCreatePhysxBodies:1]]
[2019.06.01-13.55.01:204][  0]LogConfig: Applying CVar settings from Section [ConsoleVariables] File [C:/Users/Administrator/Documents/N_Prototype4/Prototype4/Saved/Config/Windows/Engine.ini]
[2019.06.01-13.55.01:204][  0]LogInit: Computer: HARRYFANHE
[2019.06.01-13.55.01:204][  0]LogInit: User: Administrator
[2019.06.01-13.55.01:204][  0]LogInit: CPU Page size=4096, Cores=2
[2019.06.01-13.55.01:204][  0]LogInit: High frequency timer resolution =2.533209 MHz
[2019.06.01-13.55.01:205][  0]LogMemory: Memory total: Physical=7.9GB (8GB approx)
[2019.06.01-13.55.01:205][  0]LogMemory: Platform Memory Stats for Windows
[2019.06.01-13.55.01:205][  0]LogMemory: Process Physical Memory: 98.54 MB used, 98.54 MB peak
[2019.06.01-13.55.01:205][  0]LogMemory: Process Virtual Memory: 94.19 MB used, 94.19 MB peak
[2019.06.01-13.55.01:205][  0]LogMemory: Physical Memory: 5656.26 MB used,  2462.04 MB free, 8118.29 MB total
[2019.06.01-13.55.01:205][  0]LogMemory: Virtual Memory: 513.96 MB used,  134217216.00 MB free, 134217728.00 MB total
[2019.06.01-13.55.01:332][  0]LogInit: Using OS detected language (zh-CN).
[2019.06.01-13.55.01:332][  0]LogInit: Using OS detected locale (zh-CN).
[2019.06.01-13.55.01:334][  0]LogTextLocalizationResource: LocRes '../../../Engine/Content/Localization/Editor/zh-Hans-CN/Editor.locres' could not be opened for reading!
[2019.06.01-13.55.01:335][  0]LogTextLocalizationResource: LocRes '../../../Engine/Content/Localization/EditorTutorials/zh-Hans-CN/EditorTutorials.locres' could not be opened for reading!
[2019.06.01-13.55.01:335][  0]LogTextLocalizationResource: LocRes '../../../Engine/Content/Localization/Keywords/zh-Hans-CN/Keywords.locres' could not be opened for reading!
[2019.06.01-13.55.01:335][  0]LogTextLocalizationResource: LocRes '../../../Engine/Content/Localization/Category/zh-Hans-CN/Category.locres' could not be opened for reading!
[2019.06.01-13.55.01:335][  0]LogTextLocalizationResource: LocRes '../../../Engine/Content/Localization/ToolTips/zh-Hans-CN/ToolTips.locres' could not be opened for reading!
[2019.06.01-13.55.01:335][  0]LogTextLocalizationResource: LocRes '../../../Engine/Content/Localization/PropertyNames/zh-Hans-CN/PropertyNames.locres' could not be opened for reading!
[2019.06.01-13.55.01:336][  0]LogTextLocalizationResource: LocRes '../../../Engine/Content/Localization/Engine/zh-Hans-CN/Engine.locres' could not be opened for reading!
[2019.06.01-13.55.01:336][  0]LogTextLocalizationResource: LocRes '../../../Engine/Plugins/Online/Android/OnlineSubsystemGooglePlay/Content/Localization/OnlineSubsystemGooglePlay/zh-Hans-CN/OnlineSubsystemGooglePlay.locres' could not be opened for reading!
[2019.06.01-13.55.01:336][  0]LogTextLocalizationResource: LocRes '../../../Engine/Plugins/Online/IOS/OnlineSubsystemIOS/Content/Localization/OnlineSubsystemIOS/zh-Hans-CN/OnlineSubsystemIOS.locres' could not be opened for reading!
[2019.06.01-13.55.01:337][  0]LogTextLocalizationResource: LocRes '../../../Engine/Plugins/Online/OnlineSubsystem/Content/Localization/OnlineSubsystem/zh-Hans-CN/OnlineSubsystem.locres' could not be opened for reading!
[2019.06.01-13.55.01:337][  0]LogTextLocalizationResource: LocRes '../../../Engine/Plugins/Online/OnlineSubsystemUtils/Content/Localization/OnlineSubsystemUtils/zh-Hans-CN/OnlineSubsystemUtils.locres' could not be opened for reading!
[2019.06.01-13.55.01:428][  0]LogTextLocalizationResource: LocRes '../../../Engine/Plugins/Online/Android/OnlineSubsystemGooglePlay/Content/Localization/OnlineSubsystemGooglePlay/zh-CN/OnlineSubsystemGooglePlay.locres' could not be opened for reading!
[2019.06.01-13.55.01:428][  0]LogTextLocalizationResource: LocRes '../../../Engine/Plugins/Online/IOS/OnlineSubsystemIOS/Content/Localization/OnlineSubsystemIOS/zh-CN/OnlineSubsystemIOS.locres' could not be opened for reading!
[2019.06.01-13.55.01:428][  0]LogTextLocalizationResource: LocRes '../../../Engine/Plugins/Online/OnlineSubsystem/Content/Localization/OnlineSubsystem/zh-CN/OnlineSubsystem.locres' could not be opened for reading!
[2019.06.01-13.55.01:429][  0]LogTextLocalizationResource: LocRes '../../../Engine/Plugins/Online/OnlineSubsystemUtils/Content/Localization/OnlineSubsystemUtils/zh-CN/OnlineSubsystemUtils.locres' could not be opened for reading!
[2019.06.01-13.55.01:429][  0]LogTextLocalizationResource: LocRes '../../../Engine/Content/Localization/Editor/zh-Hans/Editor.locres' could not be opened for reading!
[2019.06.01-13.55.01:429][  0]LogTextLocalizationResource: LocRes '../../../Engine/Content/Localization/EditorTutorials/zh-Hans/EditorTutorials.locres' could not be opened for reading!
[2019.06.01-13.55.01:429][  0]LogTextLocalizationResource: LocRes '../../../Engine/Content/Localization/Keywords/zh-Hans/Keywords.locres' could not be opened for reading!
[2019.06.01-13.55.01:430][  0]LogTextLocalizationResource: LocRes '../../../Engine/Content/Localization/Category/zh-Hans/Category.locres' could not be opened for reading!
[2019.06.01-13.55.01:430][  0]LogTextLocalizationResource: LocRes '../../../Engine/Content/Localization/ToolTips/zh-Hans/ToolTips.locres' could not be opened for reading!
[2019.06.01-13.55.01:430][  0]LogTextLocalizationResource: LocRes '../../../Engine/Content/Localization/PropertyNames/zh-Hans/PropertyNames.locres' could not be opened for reading!
[2019.06.01-13.55.01:430][  0]LogTextLocalizationResource: LocRes '../../../Engine/Content/Localization/Engine/zh-Hans/Engine.locres' could not be opened for reading!
[2019.06.01-13.55.01:433][  0]LogTextLocalizationResource: LocRes '../../../Engine/Content/Localization/Editor/zh/Editor.locres' could not be opened for reading!
[2019.06.01-13.55.01:433][  0]LogTextLocalizationResource: LocRes '../../../Engine/Content/Localization/EditorTutorials/zh/EditorTutorials.locres' could not be opened for reading!
[2019.06.01-13.55.01:433][  0]LogTextLocalizationResource: LocRes '../../../Engine/Content/Localization/Keywords/zh/Keywords.locres' could not be opened for reading!
[2019.06.01-13.55.01:434][  0]LogTextLocalizationResource: LocRes '../../../Engine/Content/Localization/Category/zh/Category.locres' could not be opened for reading!
[2019.06.01-13.55.01:434][  0]LogTextLocalizationResource: LocRes '../../../Engine/Content/Localization/ToolTips/zh/ToolTips.locres' could not be opened for reading!
[2019.06.01-13.55.01:434][  0]LogTextLocalizationResource: LocRes '../../../Engine/Content/Localization/PropertyNames/zh/PropertyNames.locres' could not be opened for reading!
[2019.06.01-13.55.01:434][  0]LogTextLocalizationResource: LocRes '../../../Engine/Content/Localization/Engine/zh/Engine.locres' could not be opened for reading!
[2019.06.01-13.55.01:435][  0]LogTextLocalizationResource: LocRes '../../../Engine/Plugins/Online/Android/OnlineSubsystemGooglePlay/Content/Localization/OnlineSubsystemGooglePlay/zh/OnlineSubsystemGooglePlay.locres' could not be opened for reading!
[2019.06.01-13.55.01:435][  0]LogTextLocalizationResource: LocRes '../../../Engine/Plugins/Online/IOS/OnlineSubsystemIOS/Content/Localization/OnlineSubsystemIOS/zh/OnlineSubsystemIOS.locres' could not be opened for reading!
[2019.06.01-13.55.01:435][  0]LogTextLocalizationResource: LocRes '../../../Engine/Plugins/Online/OnlineSubsystem/Content/Localization/OnlineSubsystem/zh/OnlineSubsystem.locres' could not be opened for reading!
[2019.06.01-13.55.01:436][  0]LogTextLocalizationResource: LocRes '../../../Engine/Plugins/Online/OnlineSubsystemUtils/Content/Localization/OnlineSubsystemUtils/zh/OnlineSubsystemUtils.locres' could not be opened for reading!
[2019.06.01-13.55.01:479][  0]LogInit: Setting process to per monitor DPI aware
[2019.06.01-13.55.01:543][  0]LogSlate: New Slate User Created.  User Index 0, Is Virtual User: 0
[2019.06.01-13.55.01:543][  0]LogSlate: Slate User Registered.  User Index 0, Is Virtual User: 0
[2019.06.01-13.55.02:052][  0]LogHMD: Failed to initialize OpenVR with code 110
[2019.06.01-13.55.02:052][  0]LogD3D11RHI: D3D11 adapters:
[2019.06.01-13.55.02:223][  0]LogD3D11RHI:    0. 'NVIDIA GeForce GTX 860M' (Feature Level 11_0)
[2019.06.01-13.55.02:223][  0]LogD3D11RHI:       2010/0/4059 MB DedicatedVideo/DedicatedSystem/SharedSystem, Outputs:1, VendorId:0x10de
[2019.06.01-13.55.02:238][  0]LogD3D11RHI:    1. 'Intel(R) HD Graphics 4600' (Feature Level 11_0)
[2019.06.01-13.55.02:238][  0]LogD3D11RHI:       112/0/2048 MB DedicatedVideo/DedicatedSystem/SharedSystem, Outputs:0, VendorId:0x8086
[2019.06.01-13.55.02:243][  0]LogD3D11RHI:    2. 'Microsoft Basic Render Driver' (Feature Level 11_0)
[2019.06.01-13.55.02:243][  0]LogD3D11RHI:       0/0/4059 MB DedicatedVideo/DedicatedSystem/SharedSystem, Outputs:0, VendorId:0x1414
[2019.06.01-13.55.02:243][  0]LogD3D11RHI: Chosen D3D11 Adapter: 0
[2019.06.01-13.55.02:255][  0]LogD3D11RHI: Creating new Direct3DDevice
[2019.06.01-13.55.02:255][  0]LogD3D11RHI:     GPU DeviceId: 0x1392 (for the marketing name, search the web for "GPU Device Id")
[2019.06.01-13.55.02:255][  0]LogWindows: EnumDisplayDevices:
[2019.06.01-13.55.02:256][  0]LogWindows:    0. 'Intel(R) HD Graphics 4600' (P:1 D:1)
[2019.06.01-13.55.02:259][  0]LogWindows:    1. 'Intel(R) HD Graphics 4600' (P:0 D:0)
[2019.06.01-13.55.02:262][  0]LogWindows:    2. 'Intel(R) HD Graphics 4600' (P:0 D:0)
[2019.06.01-13.55.02:264][  0]LogWindows: DebugString: PrimaryIsNotTheChoosenAdapter PrimaryIsNotTheChoosenAdapter PrimaryIsNotTheChoosenAdapter FoundDriverCount:0 
[2019.06.01-13.55.02:264][  0]LogD3D11RHI:     Adapter Name: NVIDIA GeForce GTX 860M
[2019.06.01-13.55.02:264][  0]LogD3D11RHI:   Driver Version: Unknown (internal:Unknown, unified:Unknown)
[2019.06.01-13.55.02:264][  0]LogD3D11RHI:      Driver Date: Unknown
[2019.06.01-13.55.02:264][  0]LogRHI: Texture pool is 1407 MB (70% of 2010 MB)
[2019.06.01-13.55.02:388][  0]LogD3D11RHI: Async texture creation enabled
[2019.06.01-13.55.02:407][  0]LogRendererCore: FGlobalReadBuffer::InitRHI
[2019.06.01-13.55.02:407][  0]LogRendererCore: FGlobalReadBuffer::InitRHI
[2019.06.01-13.55.02:407][  0]LogRendererCore: FGlobalReadBuffer::InitRHI
[2019.06.01-13.55.02:425][  0]LogD3D11RHI: GPU Timing Frequency: 1000.000000 (Debug: 2 2)
[2019.06.01-13.55.03:695][  0]LogTemp: Display: Module 'AllDesktopTargetPlatform' loaded TargetPlatform 'AllDesktop'
[2019.06.01-13.55.03:726][  0]LogTemp: Display: Module 'MacClientTargetPlatform' loaded TargetPlatform 'MacClient'
[2019.06.01-13.55.03:774][  0]LogTemp: Display: Module 'MacNoEditorTargetPlatform' loaded TargetPlatform 'MacNoEditor'
[2019.06.01-13.55.03:805][  0]LogTemp: Display: Module 'MacServerTargetPlatform' loaded TargetPlatform 'MacServer'
[2019.06.01-13.55.03:848][  0]LogTemp: Display: Module 'MacTargetPlatform' loaded TargetPlatform 'Mac'
[2019.06.01-13.55.03:887][  0]LogTemp: Display: Module 'WindowsClientTargetPlatform' loaded TargetPlatform 'WindowsClient'
[2019.06.01-13.55.03:920][  0]LogTemp: Display: Module 'WindowsNoEditorTargetPlatform' loaded TargetPlatform 'WindowsNoEditor'
[2019.06.01-13.55.03:959][  0]LogTemp: Display: Module 'WindowsServerTargetPlatform' loaded TargetPlatform 'WindowsServer'
[2019.06.01-13.55.03:976][  0]LogTemp: Display: Module 'WindowsTargetPlatform' loaded TargetPlatform 'Windows'
[2019.06.01-13.55.04:198][  0]LogTemp: Display: Module 'AndroidTargetPlatform' loaded TargetPlatform 'Android'
[2019.06.01-13.55.04:198][  0]LogTemp: Display: Module 'AndroidTargetPlatform' loaded TargetPlatform 'Android_ASTC'
[2019.06.01-13.55.04:198][  0]LogTemp: Display: Module 'AndroidTargetPlatform' loaded TargetPlatform 'Android_ATC'
[2019.06.01-13.55.04:198][  0]LogTemp: Display: Module 'AndroidTargetPlatform' loaded TargetPlatform 'Android_DXT'
[2019.06.01-13.55.04:198][  0]LogTemp: Display: Module 'AndroidTargetPlatform' loaded TargetPlatform 'Android_ETC1'
[2019.06.01-13.55.04:198][  0]LogTemp: Display: Module 'AndroidTargetPlatform' loaded TargetPlatform 'Android_ETC1a'
[2019.06.01-13.55.04:198][  0]LogTemp: Display: Module 'AndroidTargetPlatform' loaded TargetPlatform 'Android_ETC2'
[2019.06.01-13.55.04:198][  0]LogTemp: Display: Module 'AndroidTargetPlatform' loaded TargetPlatform 'Android_PVRTC'
[2019.06.01-13.55.04:198][  0]LogTemp: Display: Module 'AndroidTargetPlatform' loaded TargetPlatform 'AndroidClient'
[2019.06.01-13.55.04:198][  0]LogTemp: Display: Module 'AndroidTargetPlatform' loaded TargetPlatform 'Android_ASTCClient'
[2019.06.01-13.55.04:198][  0]LogTemp: Display: Module 'AndroidTargetPlatform' loaded TargetPlatform 'Android_ATCClient'
[2019.06.01-13.55.04:198][  0]LogTemp: Display: Module 'AndroidTargetPlatform' loaded TargetPlatform 'Android_DXTClient'
[2019.06.01-13.55.04:198][  0]LogTemp: Display: Module 'AndroidTargetPlatform' loaded TargetPlatform 'Android_ETC1Client'
[2019.06.01-13.55.04:198][  0]LogTemp: Display: Module 'AndroidTargetPlatform' loaded TargetPlatform 'Android_ETC1aClient'
[2019.06.01-13.55.04:198][  0]LogTemp: Display: Module 'AndroidTargetPlatform' loaded TargetPlatform 'Android_ETC2Client'
[2019.06.01-13.55.04:198][  0]LogTemp: Display: Module 'AndroidTargetPlatform' loaded TargetPlatform 'Android_PVRTCClient'
[2019.06.01-13.55.04:198][  0]LogTemp: Display: Module 'AndroidTargetPlatform' loaded TargetPlatform 'Android_Multi'
[2019.06.01-13.55.04:198][  0]LogTemp: Display: Module 'AndroidTargetPlatform' loaded TargetPlatform 'Android_MultiClient'
[2019.06.01-13.55.04:208][  0]LogTemp: Display: Module 'HTML5TargetPlatform' loaded TargetPlatform 'HTML5'
[2019.06.01-13.55.04:315][  0]LogTemp: Display: Module 'IOSTargetPlatform' loaded TargetPlatform 'IOSClient'
[2019.06.01-13.55.04:315][  0]LogTemp: Display: Module 'IOSTargetPlatform' loaded TargetPlatform 'IOS'
[2019.06.01-13.55.04:398][  0]LogTemp: Display: Module 'TVOSTargetPlatform' loaded TargetPlatform 'TVOSClient'
[2019.06.01-13.55.04:398][  0]LogTemp: Display: Module 'TVOSTargetPlatform' loaded TargetPlatform 'TVOS'
[2019.06.01-13.55.04:427][  0]LogTemp: Display: Module 'LinuxClientTargetPlatform' loaded TargetPlatform 'LinuxClient'
[2019.06.01-13.55.04:460][  0]LogTemp: Display: Module 'LinuxNoEditorTargetPlatform' loaded TargetPlatform 'LinuxNoEditor'
[2019.06.01-13.55.04:488][  0]LogTemp: Display: Module 'LinuxServerTargetPlatform' loaded TargetPlatform 'LinuxServer'
[2019.06.01-13.55.04:532][  0]LogTemp: Display: Module 'LinuxTargetPlatform' loaded TargetPlatform 'Linux'
[2019.06.01-13.55.04:773][  0]LogTemp: Display: Module 'LuminTargetPlatform' loaded TargetPlatform 'Lumin'
[2019.06.01-13.55.04:773][  0]LogTemp: Display: Module 'LuminTargetPlatform' loaded TargetPlatform 'LuminClient'
[2019.06.01-13.55.04:773][  0]LogTargetPlatformManager: Display: Building Assets For Windows
[2019.06.01-13.55.04:823][  0]LogAudioDebug: Display: Lib vorbis DLL was dynamically loaded.
[2019.06.01-13.55.05:036][  0]LogShaderCompilers: Guid format shader working directory is -2 characters bigger than the processId version (C:/Users/Administrator/Documents/N_Prototype4/Prototype4/Intermediate/Shaders/WorkingDirectory/1132/).
[2019.06.01-13.55.05:037][  0]LogShaderCompilers: Cleaned the shader compiler working directory 'C:/Users/Administrator/AppData/Local/Temp/UnrealShaderWorkingDir/1F7969BD45DBF7DE20198EAE625A5F06/'.
[2019.06.01-13.55.05:048][  0]LogXGEController: Cannot use XGE Controller as Incredibuild is not installed on this machine.
[2019.06.01-13.55.05:048][  0]LogShaderCompilers: Cannot use XGE Shader Compiler as Incredibuild is not installed on this machine.
[2019.06.01-13.55.05:048][  0]LogShaderCompilers: Display: Using Local Shader Compiler.
[2019.06.01-13.55.06:267][  0]LogDerivedDataCache: Display: Max Cache Size: 512 MB
[2019.06.01-13.55.06:417][  0]LogDerivedDataCache: Loaded boot cache 0.15s 71MB C:/Users/Administrator/AppData/Local/UnrealEngine/4.22/DerivedDataCache/Boot.ddc.
[2019.06.01-13.55.06:417][  0]LogDerivedDataCache: Display: Loaded Boot cache: C:/Users/Administrator/AppData/Local/UnrealEngine/4.22/DerivedDataCache/Boot.ddc
[2019.06.01-13.55.06:417][  0]LogDerivedDataCache: FDerivedDataBackendGraph:  Pak pak cache file C:/Users/Administrator/Documents/N_Prototype4/Prototype4/DerivedDataCache/DDC.ddp not found, will not use a pak cache.
[2019.06.01-13.55.06:417][  0]LogDerivedDataCache: Unable to find inner node Pak for hierarchical cache Hierarchy.
[2019.06.01-13.55.06:418][  0]LogDerivedDataCache: FDerivedDataBackendGraph:  CompressedPak pak cache file C:/Users/Administrator/Documents/N_Prototype4/Prototype4/DerivedDataCache/Compressed.ddp not found, will not use a pak cache.
[2019.06.01-13.55.06:418][  0]LogDerivedDataCache: Unable to find inner node CompressedPak for hierarchical cache Hierarchy.
[2019.06.01-13.55.06:443][  0]LogDerivedDataCache: Display: Pak cache opened for reading ../../../Engine/DerivedDataCache/Compressed.ddp.
[2019.06.01-13.55.06:443][  0]LogDerivedDataCache: FDerivedDataBackendGraph:  EnterprisePak pak cache file ../../../Enterprise/DerivedDataCache/Compressed.ddp not found, will not use a pak cache.
[2019.06.01-13.55.06:443][  0]LogDerivedDataCache: Unable to find inner node EnterprisePak for hierarchical cache Hierarchy.
[2019.06.01-13.55.06:459][  0]LogDerivedDataCache: Using Local data cache path C:/Users/Administrator/AppData/Local/UnrealEngine/Common/DerivedDataCache: Writable
[2019.06.01-13.55.06:459][  0]LogDerivedDataCache: Shared data cache path not found in *engine.ini, will not use an Shared cache.
[2019.06.01-13.55.06:459][  0]LogDerivedDataCache: Unable to find inner node Shared for hierarchical cache Hierarchy.
[2019.06.01-13.55.06:525][  0]LogMaterial: Verifying Global Shaders for PCD3D_SM5
[2019.06.01-13.55.06:528][  0]LogSlate: Using FreeType 2.6.0
[2019.06.01-13.55.06:529][  0]LogSlate: SlateFontServices - WITH_FREETYPE: 1, WITH_HARFBUZZ: 1
[2019.06.01-13.55.06:735][  0]LogAssetRegistry: FAssetRegistry took 0.0535 seconds to start up
[2019.06.01-13.55.08:060][  0]LogInit: Selected Device Profile: [Windows]
[2019.06.01-13.55.08:377][  0]LogMeshReduction: Using QuadricMeshReduction for automatic static mesh reduction
[2019.06.01-13.55.08:377][  0]LogMeshReduction: Using SimplygonMeshReduction for automatic skeletal mesh reduction
[2019.06.01-13.55.08:377][  0]LogMeshReduction: Using ProxyLODMeshReduction for automatic mesh merging
[2019.06.01-13.55.08:377][  0]LogMeshReduction: No distributed automatic mesh merging module available
[2019.06.01-13.55.08:377][  0]LogMeshMerging: No distributed automatic mesh merging module available
[2019.06.01-13.55.08:407][  0]LogNetVersion: Prototype4 1.0.0, NetCL: 5660361, EngineNetVer: 10, GameNetVer: 0 (Checksum: 2674950334)
[2019.06.01-13.55.10:079][  0]LogPackageLocalizationCache: Processed 11 localized package path(s) for 4 prioritized culture(s) in 0.574060 seconds
[2019.06.01-13.55.10:097][  0]LogUObjectArray: 42205 objects as part of root set at end of initial load.
[2019.06.01-13.55.10:097][  0]LogUObjectAllocator: 7325032 out of 0 bytes used by permanent object pool.
[2019.06.01-13.55.10:097][  0]LogUObjectArray: CloseDisregardForGC: 0/0 objects in disregard for GC pool
[2019.06.01-13.55.12:673][  0]LogTcpMessaging: Initializing TcpMessaging bridge
[2019.06.01-13.55.12:690][  0]LogUdpMessaging: Initializing bridge on interface 0.0.0.0:0 to multicast group 230.0.0.1:6666.
[2019.06.01-13.55.13:174][  0]SourceControl: 源码控制已禁用
[2019.06.01-13.55.13:175][  0]SourceControl: 源码控制已禁用
[2019.06.01-13.55.13:184][  0]SourceControl: 源码控制已禁用
[2019.06.01-13.55.13:190][  0]SourceControl: 源码控制已禁用
[2019.06.01-13.55.13:547][  0]LogAndroidPermission: UAndroidPermissionCallbackProxy::GetInstance
[2019.06.01-13.55.13:861][  0]LogOcInput: OculusInput pre-init called
[2019.06.01-13.55.16:213][  0]LogEngine: Initializing Engine...
[2019.06.01-13.55.16:221][  0]LogHMD: Failed to initialize OpenVR with code 110
[2019.06.01-13.55.16:225][  0]LogStats: UGameplayTagsManager::InitializeManager -  0.001 s
[2019.06.01-13.55.16:788][  0]LogInit: Initializing FReadOnlyCVARCache
[2019.06.01-13.55.16:830][  0]LogAIModule: Creating AISystem for world Untitled
[2019.06.01-13.55.16:867][  0]LogInit: XAudio2 using '扬声器 (Realtek High Definition Audio)' : 2 channels at 48 kHz using 32 bits per sample (channel mask 0x3)
[2019.06.01-13.55.16:947][  0]LogInit: FAudioDevice initialized.
[2019.06.01-13.55.16:947][  0]LogNetVersion: Set ProjectVersion to 1.0.0.0. Version Checksum will be recalculated on next use.
[2019.06.01-13.55.17:097][  0]LogDerivedDataCache: Saved boot cache 0.15s 71MB C:/Users/Administrator/AppData/Local/UnrealEngine/4.22/DerivedDataCache/Boot.ddc.
[2019.06.01-13.55.17:115][  0]LogInit: Texture streaming: Enabled
[2019.06.01-13.55.17:186][  0]LogEngineSessionManager: EngineSessionManager initialized
[2019.06.01-13.55.17:301][  0]LogInit: Transaction tracking system initialized
[2019.06.01-13.55.17:403][  0]BlueprintLog: New page: 编辑器加载
[2019.06.01-13.55.17:750][  0]LocalizationService: 本地化服务已禁用
[2019.06.01-13.55.18:683][  0]LogCook: Display: Max memory allowance for cook 16384mb min free memory 0mb
[2019.06.01-13.55.18:683][  0]LogCook: Display: Mobile HDR setting 1
[2019.06.01-13.55.19:287][  0]LogFileCache: Scanning file cache for directory 'C:/Users/Administrator/Documents/N_Prototype4/Prototype4/Content/' took 0.23s
[2019.06.01-13.55.19:320][  0]SourceControl: 源码控制已禁用
[2019.06.01-13.55.19:320][  0]Cmd: MAP LOAD FILE="C:/Users/Administrator/Documents/N_Prototype4/Prototype4/Content/ThirdPersonBP/Maps/ThirdPersonExampleMap.umap" TEMPLATE=0 SHOWPROGRESS=1 FEATURELEVEL=3
[2019.06.01-13.55.19:322][  0]LightingResults: New page: 光照构建
[2019.06.01-13.55.19:332][  0]MapCheck: New page: 地图检测
[2019.06.01-13.55.19:332][  0]LightingResults: New page: 光照构建
[2019.06.01-13.55.19:484][  0]LogUObjectHash: Compacting FUObjectHashTables data took   3.79ms
[2019.06.01-13.55.23:074][  0]LogAIModule: Creating AISystem for world ThirdPersonExampleMap
[2019.06.01-13.55.23:500][  0]LogEditorServer: Finished looking for orphan Actors (0.000 secs)
[2019.06.01-13.55.23:597][  0]LogUObjectHash: Compacting FUObjectHashTables data took   4.76ms
[2019.06.01-13.55.23:597][  0]Cmd: MAP CHECKDEP NOCLEARLOG
[2019.06.01-13.55.23:598][  0]MapCheck: 地图检测完成：0个错误，0 个警告，用时0.931毫秒完成。
[2019.06.01-13.55.23:598][  0]LogFileHelpers: Loading map 'ThirdPersonExampleMap' took 4.278
[2019.06.01-13.55.23:694][  0]LogWindowsTextInputMethodSystem: Display: IME system now deactivated.
[2019.06.01-13.55.24:368][  0]LogSlate: Updating window title bar state: overlay mode, drag disabled, window buttons hidden, title bar hidden
[2019.06.01-13.55.24:408][  0]LogSlate: Updating window title bar state: overlay mode, drag disabled, window buttons hidden, title bar hidden
[2019.06.01-13.55.24:423][  0]LogSlate: Updating window title bar state: overlay mode, drag disabled, window buttons hidden, title bar hidden
[2019.06.01-13.55.24:447][  0]LogSlate: Updating window title bar state: overlay mode, drag disabled, window buttons hidden, title bar hidden
[2019.06.01-13.55.24:528][  0]LogCollectionManager: Loaded 0 collections in 0.006078 seconds
[2019.06.01-13.55.24:723][  0]LogFileCache: Scanning file cache for directory 'C:/Users/Administrator/Documents/N_Prototype4/Prototype4/Saved/Collections/' took 0.01s
[2019.06.01-13.55.24:723][  0]LogFileCache: Scanning file cache for directory 'C:/Users/Administrator/Documents/N_Prototype4/Prototype4/Content/Developers/Administrator/Collections/' took 0.01s
[2019.06.01-13.55.24:724][  0]LogFileCache: Scanning file cache for directory 'C:/Users/Administrator/Documents/N_Prototype4/Prototype4/Content/Collections/' took 0.01s
[2019.06.01-13.55.24:724][  0]LogCollectionManager: Rebuilt the GUID cache for 0 collections in 0.000001 seconds
[2019.06.01-13.55.24:758][  0]LogContentBrowser: Native class hierarchy populated in 0.0333 seconds. Added 2741 classes and 672 folders.
[2019.06.01-13.55.24:845][  0]LogContentBrowser: Native class hierarchy updated for 'WidgetCarousel' in 0.0009 seconds. Added 0 classes and 0 folders.
[2019.06.01-13.55.24:881][  0]LogPakFile: Registered encryption key '00000000000000000000000000000000': 0 pak files mounted, 0 remain pending
[2019.06.01-13.55.24:928][  0]LogPakFile: Registered encryption key '00000000000000000000000000000000': 0 pak files mounted, 0 remain pending
[2019.06.01-13.55.24:932][  0]LogPakFile: Registered encryption key '00000000000000000000000000000000': 0 pak files mounted, 0 remain pending
[2019.06.01-13.55.24:934][  0]LogPakFile: Registered encryption key '00000000000000000000000000000000': 0 pak files mounted, 0 remain pending
[2019.06.01-13.55.24:937][  0]LogPakFile: Registered encryption key '00000000000000000000000000000000': 0 pak files mounted, 0 remain pending
[2019.06.01-13.55.24:940][  0]LogPakFile: Registered encryption key '00000000000000000000000000000000': 0 pak files mounted, 0 remain pending
[2019.06.01-13.55.24:942][  0]LogPakFile: Registered encryption key '00000000000000000000000000000000': 0 pak files mounted, 0 remain pending
[2019.06.01-13.55.24:945][  0]LogPakFile: Registered encryption key '00000000000000000000000000000000': 0 pak files mounted, 0 remain pending
[2019.06.01-13.55.24:948][  0]LogPakFile: Registered encryption key '00000000000000000000000000000000': 0 pak files mounted, 0 remain pending
[2019.06.01-13.55.24:950][  0]LogPakFile: Registered encryption key '00000000000000000000000000000000': 0 pak files mounted, 0 remain pending
[2019.06.01-13.55.24:953][  0]LogPakFile: Registered encryption key '00000000000000000000000000000000': 0 pak files mounted, 0 remain pending
[2019.06.01-13.55.24:955][  0]LogPakFile: Registered encryption key '00000000000000000000000000000000': 0 pak files mounted, 0 remain pending
[2019.06.01-13.55.24:958][  0]LogPakFile: Registered encryption key '00000000000000000000000000000000': 0 pak files mounted, 0 remain pending
[2019.06.01-13.55.24:960][  0]LogPakFile: Registered encryption key '00000000000000000000000000000000': 0 pak files mounted, 0 remain pending
[2019.06.01-13.55.24:963][  0]LogPakFile: Registered encryption key '00000000000000000000000000000000': 0 pak files mounted, 0 remain pending
[2019.06.01-13.55.24:965][  0]LogPakFile: Registered encryption key '00000000000000000000000000000000': 0 pak files mounted, 0 remain pending
[2019.06.01-13.55.24:967][  0]LogPakFile: Registered encryption key '00000000000000000000000000000000': 0 pak files mounted, 0 remain pending
[2019.06.01-13.55.24:970][  0]LogPakFile: Registered encryption key '00000000000000000000000000000000': 0 pak files mounted, 0 remain pending
[2019.06.01-13.55.24:972][  0]LogPakFile: Registered encryption key '00000000000000000000000000000000': 0 pak files mounted, 0 remain pending
[2019.06.01-13.55.24:974][  0]LogPakFile: Registered encryption key '00000000000000000000000000000000': 0 pak files mounted, 0 remain pending
[2019.06.01-13.55.24:977][  0]LogPakFile: Registered encryption key '00000000000000000000000000000000': 0 pak files mounted, 0 remain pending
[2019.06.01-13.55.24:979][  0]LogPakFile: Registered encryption key '00000000000000000000000000000000': 0 pak files mounted, 0 remain pending
[2019.06.01-13.55.24:982][  0]LogPakFile: Registered encryption key '00000000000000000000000000000000': 0 pak files mounted, 0 remain pending
[2019.06.01-13.55.24:985][  0]LogPakFile: Registered encryption key '00000000000000000000000000000000': 0 pak files mounted, 0 remain pending
[2019.06.01-13.55.24:988][  0]LogPakFile: Registered encryption key '00000000000000000000000000000000': 0 pak files mounted, 0 remain pending
[2019.06.01-13.55.24:991][  0]LogPakFile: Registered encryption key '00000000000000000000000000000000': 0 pak files mounted, 0 remain pending
[2019.06.01-13.55.25:550][  0]LogContentBrowser: Native class hierarchy updated for 'AddContentDialog' in 0.0005 seconds. Added 0 classes and 0 folders.
[2019.06.01-13.55.25:623][  0]LogContentBrowser: Native class hierarchy updated for 'SceneOutliner' in 0.0005 seconds. Added 1 classes and 2 folders.
[2019.06.01-13.55.26:175][  0]LogSlate: Took 0.000494 seconds to synchronously load lazily loaded font '../../../Engine/Content/Slate/Fonts/Roboto-Regular.ttf' (155K)
[2019.06.01-13.55.26:183][  0]LogSlate: Took 0.005369 seconds to synchronously load lazily loaded font '../../../Engine/Content/Slate/Fonts/DroidSansFallback.ttf' (3848K)
[2019.06.01-13.55.26:200][  0]LogSlate: Took 0.000495 seconds to synchronously load lazily loaded font '../../../Engine/Content/Slate/Fonts/Roboto-Bold.ttf' (160K)
[2019.06.01-13.55.26:276][  0]LogSlate: Took 0.023609 seconds to synchronously load lazily loaded font '../../../Engine/Content/Editor/Slate/Fonts/FontAwesome.ttf' (139K)
[2019.06.01-13.55.26:776][  0]LogRenderer: Reallocating scene render targets to support 1208x572 Format 10 NumSamples 1 (Frame:1).
[2019.06.01-13.55.27:223][  0]LogSlate: Warning: Legacy localized fallback font '../../../Engine/Content/Slate/Fonts/DroidSansFallback.ttf' was requested. Font: '/Engine/EngineFonts/Faces/RobotoRegular.RobotoRegular', Character: '光 (U+5149)'
Legacy localized fallback fonts were deprecated in 4.22 and will be removed in a future version!
Please update your composite fonts to use localized sub-font families: https://docs.unrealengine.com/en-US/Engine/UMG/UserGuide/Fonts/Overview
[2019.06.01-13.55.27:602][  0]LogContentBrowser: Native class hierarchy updated for 'HierarchicalLODOutliner' in 0.0009 seconds. Added 0 classes and 0 folders.
[2019.06.01-13.55.27:602][  0]LogLoad: (Engine Initialization) Total time: 30.64 seconds
[2019.06.01-13.55.27:602][  0]LogLoad: (Engine Initialization) Total Blueprint compile time: 0.00 seconds
[2019.06.01-13.55.27:854][  0]LogContentStreaming: Texture pool size now 1000 MB
[2019.06.01-13.55.28:128][  0]LogSlate: Took 0.013132 seconds to synchronously load lazily loaded font '../../../Engine/Content/Slate/Fonts/Roboto-Light.ttf' (167K)
[2019.06.01-13.55.28:871][  2]LogAssetRegistry: Asset discovery search completed in 22.1589 seconds
[2019.06.01-13.55.28:877][  2]LogCollectionManager: Rebuilt the object cache for 0 collections in 0.000000 seconds (found 0 objects)
[2019.06.01-13.55.28:877][  2]LogCollectionManager: Fixed up redirectors for 0 collections in 0.000118 seconds (updated 0 objects)
[2019.06.01-13.55.33:327][211]LogFileCache: Retrieving MD5 hashes for directory 'C:/Users/Administrator/Documents/N_Prototype4/Prototype4/Content/' took 5.69s
[2019.06.01-13.55.34:891][275]LogSlate: FSceneViewport::OnFocusLost() reason 0
[2019.06.01-13.55.35:107][281]LogSlate: Took 0.000456 seconds to synchronously load lazily loaded font '../../../Engine/Content/Slate/Fonts/Roboto-Light.ttf' (167K)
[2019.06.01-13.55.35:127][281]LogAssetEditorManager: Opening Asset editor for Material /Game/VFX/Mat/M_shockwave1.M_shockwave1
[2019.06.01-13.55.35:160][281]LogMaterial: Display: Missing cached shader map for material M_shockwave1, compiling. 
[2019.06.01-13.55.37:545][281]LogMaterial: Display: Missing cached shader map for material M_shockwave1, compiling. 
[2019.06.01-13.55.37:640][281]LogMaterial: Display: Missing cached shader map for material M_shockwave1, compiling. 
[2019.06.01-13.55.37:758][281]LogMaterial: Display: Missing cached shader map for material FMatExpressionPreview MaterialExpressionConstant3Vector_0, compiling. 
[2019.06.01-13.55.37:774][281]LogMaterial: Display: Missing cached shader map for material FMatExpressionPreview MaterialExpressionTextureSample_0, compiling. 
[2019.06.01-13.55.37:789][281]LogMaterial: Display: Missing cached shader map for material FMatExpressionPreview MaterialExpressionTextureSample_3, compiling. 
[2019.06.01-13.55.37:976][281]LogSlate: Took 0.025404 seconds to synchronously load lazily loaded font '../../../Engine/Content/Slate/Fonts/Roboto-BoldCondensed.ttf' (158K)
[2019.06.01-13.55.39:440][284]LogSlate: Took 0.016575 seconds to synchronously load lazily loaded font '../../../Engine/Content/Slate/Fonts/Roboto-Italic.ttf' (157K)
[2019.06.01-13.55.41:846][372]LogShaderCompilers: Display: Shaders left to compile 50
[2019.06.01-13.55.50:853][653]LogAssetEditorManager: Opening Asset editor for ParticleSystem /Game/VFX/P_shockwave.P_shockwave
[2019.06.01-13.55.50:942][653]LogContentBrowser: Native class hierarchy updated for 'Cascade' in 0.0009 seconds. Added 2 classes and 2 folders.
[2019.06.01-13.55.53:643][658]LogShaderCompilers: Display: Shaders left to compile 40
[2019.06.01-13.55.57:226][658]LogShaderCompilers: Display: Shaders left to compile 30
[2019.06.01-13.56.04:415][709]LogShaderCompilers: Display: Shaders left to compile 20
[2019.06.01-13.56.04:614][710]LogSlate: FSceneViewport::OnFocusLost() reason 0
[2019.06.01-13.56.11:194][902]LogSlate: FSceneViewport::OnFocusLost() reason 2
[2019.06.01-13.56.19:143][219]LogSlate: FSceneViewport::OnFocusLost() reason 0
[2019.06.01-13.56.27:059][507]LogShaderCompilers: Display: Shaders left to compile 10
[2019.06.01-13.56.41:611][ 70]LogSlate: FSceneViewport::OnFocusLost() reason 2
[2019.06.01-13.56.42:885][106]LogAssetEditorManager: Opening Asset editor for StaticMesh /Game/StarterContent/Shapes/Shape_Sphere.Shape_Sphere
[2019.06.01-13.56.44:391][107]LogRenderer: Reallocating scene render targets to support 1432x920 Format 10 NumSamples 1 (Frame:1).
[2019.06.01-13.56.45:335][121]MaterialEditorStats: Base pass shader: 116 instructions
[2019.06.01-13.56.45:335][121]MaterialEditorStats: Base pass shader with Volumetric Lightmap: 190 instructions
[2019.06.01-13.56.45:335][121]MaterialEditorStats: Base pass vertex shader: 51 instructions
[2019.06.01-13.56.45:335][121]MaterialEditorStats: Texture samplers: 5/16
[2019.06.01-13.56.45:335][121]MaterialEditorStats: Texture Lookups (Est.): VS(0), PS(2)
[2019.06.01-13.56.45:335][121]MaterialEditorStats: User interpolators: 2/4 Scalars (1/4 Vectors) (TexCoords: 2, Custom: 0)
[2019.06.01-13.57.03:040][680]LogCascade: Non-seeded module ParticleModuleTypeDataMesh
[2019.06.01-13.57.12:101][114]LogCascade: Non-seeded module ParticleModuleTypeDataMesh
[2019.06.01-13.57.12:111][114]LogSlate: FSceneViewport::OnFocusLost() reason 2
[2019.06.01-13.57.13:212][169]LogMaterial: Warning: Material /Game/VFX/Mat/M_shockwave1.M_shockwave1 needed to have new flag set bUsedWithParticleSprites !
[2019.06.01-13.57.13:213][169]LogMaterial: Warning: Material /Engine/Transient.M_shockwave1 needed to have new flag set bUsedWithParticleSprites !
[2019.06.01-13.57.13:221][169]LogMaterial: Display: Missing cached shader map for material M_shockwave1, compiling. 
[2019.06.01-13.57.13:293][169]LogShaderCompilers: Display: Shaders left to compile 50
[2019.06.01-13.57.13:293][169]LogMaterial: Display: Missing cached shader map for material M_shockwave1, compiling. 
[2019.06.01-13.57.14:367][190]LogSlate: FSceneViewport::OnFocusLost() reason 2
[2019.06.01-13.57.15:572][232]LogCascade: Non-seeded module ParticleModuleMeshRotationRate
[2019.06.01-13.57.15:586][232]LogSlate: FSceneViewport::OnFocusLost() reason 2
[2019.06.01-13.57.16:456][266]LogCascade: Non-seeded module ParticleModuleMeshRotationRate
[2019.06.01-13.57.16:469][266]LogSlate: FSceneViewport::OnFocusLost() reason 2
[2019.06.01-13.57.17:675][307]LogCascade: Non-seeded module ParticleModuleMeshRotation
[2019.06.01-13.57.17:729][307]LogSlate: FSceneViewport::OnFocusLost() reason 2
[2019.06.01-13.57.18:601][329]LogSlate: FSceneViewport::OnFocusLost() reason 2
[2019.06.01-13.57.19:768][361]LogSlate: FSceneViewport::OnFocusLost() reason 2
[2019.06.01-13.57.26:911][596]LogShaderCompilers: Display: Shaders left to compile 210
[2019.06.01-13.57.42:828][193]LogShaderCompilers: Display: Shaders left to compile 200
[2019.06.01-13.58.02:581][944]LogShaderCompilers: Display: Shaders left to compile 190
[2019.06.01-13.58.05:714][ 24]LogSlate: FSceneViewport::OnFocusLost() reason 0
[2019.06.01-13.58.08:970][ 25]LogShaderCompilers: Display: Shaders left to compile 180
[2019.06.01-13.58.13:630][104]LogTemp: Repeating last play command: 选中的视口
[2019.06.01-13.58.14:005][104]LogBlueprintUserMessages: Early PlayInEditor Detection: Level '/Game/ThirdPersonBP/Maps/ThirdPersonExampleMap.ThirdPersonExampleMap:PersistentLevel' has LevelScriptBlueprint '/Game/ThirdPersonBP/Maps/ThirdPersonExampleMap.ThirdPersonExampleMap:PersistentLevel.ThirdPersonExampleMap' with GeneratedClass '/Game/ThirdPersonBP/Maps/ThirdPersonExampleMap.ThirdPersonExampleMap_C' with ClassGeneratedBy '/Game/ThirdPersonBP/Maps/ThirdPersonExampleMap.ThirdPersonExampleMap:PersistentLevel.ThirdPersonExampleMap'
[2019.06.01-13.58.14:015][104]LogPlayLevel: PlayLevel: No blueprints needed recompiling
[2019.06.01-13.58.14:101][104]PIE: New page: PIE会话: ThirdPersonExampleMap (2019年6月2日 下午1:58:14)
[2019.06.01-13.58.14:177][104]LogPlayLevel: Creating play world package: /Game/ThirdPersonBP/Maps/UEDPIE_0_ThirdPersonExampleMap
[2019.06.01-13.58.14:279][104]LogPlayLevel: PIE: StaticDuplicateObject took: (0.100910s)
[2019.06.01-13.58.14:282][104]LogAIModule: Creating AISystem for world ThirdPersonExampleMap
[2019.06.01-13.58.14:282][104]LogPlayLevel: PIE: World Init took: (0.002578s)
[2019.06.01-13.58.14:283][104]LogPlayLevel: PIE: Created PIE world by copying editor world from /Game/ThirdPersonBP/Maps/ThirdPersonExampleMap.ThirdPersonExampleMap to /Game/ThirdPersonBP/Maps/UEDPIE_0_ThirdPersonExampleMap.ThirdPersonExampleMap (0.106089s)
[2019.06.01-13.58.14:394][104]LogUObjectHash: Compacting FUObjectHashTables data took   4.67ms
[2019.06.01-13.58.14:418][104]LogInit: XAudio2 using '扬声器 (Realtek High Definition Audio)' : 2 channels at 48 kHz using 32 bits per sample (channel mask 0x3)
[2019.06.01-13.58.14:499][104]LogInit: FAudioDevice initialized.
[2019.06.01-13.58.14:607][104]LogLoad: Game class is 'ThirdPersonGameMode_C'
[2019.06.01-13.58.14:636][104]LogWorld: Bringing World /Game/ThirdPersonBP/Maps/UEDPIE_0_ThirdPersonExampleMap.ThirdPersonExampleMap up for play (max tick rate 60) at 2019.06.02-01.58.14
[2019.06.01-13.58.14:785][104]LogWorld: Bringing up level for play took: 0.176485
[2019.06.01-13.58.15:075][104]LogContentBrowser: Native class hierarchy updated for 'MovieSceneCapture' in 0.0013 seconds. Added 20 classes and 0 folders.
[2019.06.01-13.58.15:102][104]LogAnimMontage: Warning: Playing a Montage (ExoGame_Troll_Aggro_Montage) for the wrong Skeleton (Boss1Skin_Skeleton) instead of (SK_Troll_Poison_Skeleton).
[2019.06.01-13.58.15:120][104]PIE: /Game/ThirdPersonBP/Maps/UEDPIE_0_ThirdPersonExampleMap的‘在编辑器中播放’的起始时间0.198
[2019.06.01-13.58.15:121][104]LogBlueprintUserMessages: Late PlayInEditor Detection: Level '/Game/ThirdPersonBP/Maps/ThirdPersonExampleMap.ThirdPersonExampleMap:PersistentLevel' has LevelScriptBlueprint '/Game/ThirdPersonBP/Maps/ThirdPersonExampleMap.ThirdPersonExampleMap:PersistentLevel.ThirdPersonExampleMap' with GeneratedClass '/Game/ThirdPersonBP/Maps/ThirdPersonExampleMap.ThirdPersonExampleMap_C' with ClassGeneratedBy '/Game/ThirdPersonBP/Maps/ThirdPersonExampleMap.ThirdPersonExampleMap:PersistentLevel.ThirdPersonExampleMap'
[2019.06.01-13.58.17:426][169]LogBlueprintUserMessages: Early EndPlayMap Detection: Level '/Game/ThirdPersonBP/Maps/ThirdPersonExampleMap.ThirdPersonExampleMap:PersistentLevel' has LevelScriptBlueprint '/Game/ThirdPersonBP/Maps/ThirdPersonExampleMap.ThirdPersonExampleMap:PersistentLevel.ThirdPersonExampleMap' with GeneratedClass '/Game/ThirdPersonBP/Maps/ThirdPersonExampleMap.ThirdPersonExampleMap_C' with ClassGeneratedBy '/Game/ThirdPersonBP/Maps/ThirdPersonExampleMap.ThirdPersonExampleMap:PersistentLevel.ThirdPersonExampleMap'
[2019.06.01-13.58.17:440][169]LogSlate: Updating window title bar state: overlay mode, drag disabled, window buttons hidden, title bar hidden
[2019.06.01-13.58.17:489][169]LogPlayLevel: Display: Shutting down PIE online subsystems
[2019.06.01-13.58.17:490][169]LogBlueprintUserMessages: Late EndPlayMap Detection: Level '/Game/ThirdPersonBP/Maps/ThirdPersonExampleMap.ThirdPersonExampleMap:PersistentLevel' has LevelScriptBlueprint '/Game/ThirdPersonBP/Maps/ThirdPersonExampleMap.ThirdPersonExampleMap:PersistentLevel.ThirdPersonExampleMap' with GeneratedClass '/Game/ThirdPersonBP/Maps/ThirdPersonExampleMap.ThirdPersonExampleMap_C' with ClassGeneratedBy '/Game/ThirdPersonBP/Maps/ThirdPersonExampleMap.ThirdPersonExampleMap:PersistentLevel.ThirdPersonExampleMap'
[2019.06.01-13.58.17:587][169]LogSlate: Updating window title bar state: overlay mode, drag disabled, window buttons hidden, title bar hidden
[2019.06.01-13.58.17:600][169]LogUObjectHash: Compacting FUObjectHashTables data took   5.33ms
[2019.06.01-13.58.17:716][170]LogPlayLevel: Display: Destroying online subsystem :Context_6
[2019.06.01-13.58.20:264][277]LogSlate: FSceneViewport::OnFocusLost() reason 0
[2019.06.01-13.58.23:290][388]LogAIModule: Creating AISystem for world Georgina
[2019.06.01-13.58.23:323][388]LogAssetEditorManager: Opening Asset editor for World /Game/ThirdPersonBP/Maps/Georgina.Georgina
[2019.06.01-13.58.23:406][388]LogUObjectHash: Compacting FUObjectHashTables data took   7.47ms
[2019.06.01-13.58.24:961][388]LogSlate: Window 'Save Content' being destroyed
[2019.06.01-13.59.44:606][388]LogShaderCompilers: Display: Shaders left to compile 170
[2019.06.01-13.59.45:003][388]Cmd: OBJ SAVEPACKAGE PACKAGE="/Game/VFX/Mat/M_shockwave1" FILE="C:/Users/Administrator/Documents/N_Prototype4/Prototype4/Content/VFX/Mat/M_shockwave1.uasset" SILENT=true
[2019.06.01-13.59.45:177][388]LogSavePackage: Moving 'C:/Users/Administrator/Documents/N_Prototype4/Prototype4/Saved/M_shockwave15ED714DB4B7B966593B437B0A57044F5.tmp' to 'C:/Users/Administrator/Documents/N_Prototype4/Prototype4/Content/VFX/Mat/M_shockwave1.uasset'
[2019.06.01-13.59.45:225][388]Cmd: OBJ SAVEPACKAGE PACKAGE="/Game/VFX/P_shockwave" FILE="C:/Users/Administrator/Documents/N_Prototype4/Prototype4/Content/VFX/P_shockwave.uasset" SILENT=true
[2019.06.01-13.59.45:365][388]LogSavePackage: Moving 'C:/Users/Administrator/Documents/N_Prototype4/Prototype4/Saved/P_shockwave4EC8D64A4D530996928DD48766D463DB.tmp' to 'C:/Users/Administrator/Documents/N_Prototype4/Prototype4/Content/VFX/P_shockwave.uasset'
[2019.06.01-13.59.45:382][388]Cmd: MAP LOAD FILE="C:/Users/Administrator/Documents/N_Prototype4/Prototype4/Content/ThirdPersonBP/Maps/Georgina.umap" TEMPLATE=0 SHOWPROGRESS=1 FEATURELEVEL=3
[2019.06.01-13.59.45:382][388]LightingResults: New page: 光照构建
[2019.06.01-13.59.45:384][388]LoadErrors: New page: 正在加载地图： Georgina.umap
[2019.06.01-13.59.45:389][388]MapCheck: New page: 地图检测
[2019.06.01-13.59.45:389][388]LightingResults: New page: 光照构建
[2019.06.01-13.59.45:436][388]LogUObjectHash: Compacting FUObjectHashTables data took   6.63ms
[2019.06.01-13.59.45:458][388]LogEditorServer: Finished looking for orphan Actors (0.000 secs)
[2019.06.01-13.59.45:506][388]LogUObjectHash: Compacting FUObjectHashTables data took   4.74ms
[2019.06.01-13.59.45:578][388]Cmd: MAP CHECKDEP NOCLEARLOG
[2019.06.01-13.59.45:579][388]MapCheck: 地图检测完成：0个错误，0 个警告，用时0.876毫秒完成。
[2019.06.01-13.59.45:579][388]LogFileHelpers: Loading map 'Georgina' took 0.200
[2019.06.01-13.59.45:710][388]MaterialEditorStats: Base pass shader: 116 instructions
[2019.06.01-13.59.45:710][388]MaterialEditorStats: Base pass shader with Volumetric Lightmap: 190 instructions
[2019.06.01-13.59.45:710][388]MaterialEditorStats: Base pass vertex shader: 51 instructions
[2019.06.01-13.59.45:710][388]MaterialEditorStats: Texture samplers: 5/16
[2019.06.01-13.59.45:710][388]MaterialEditorStats: Texture Lookups (Est.): VS(0), PS(2)
[2019.06.01-13.59.45:710][388]MaterialEditorStats: User interpolators: 2/4 Scalars (1/4 Vectors) (TexCoords: 2, Custom: 0)
[2019.06.01-13.59.45:778][389]LogUnrealEdMisc: Warning: Heartbeat event firing too frequently (0.000 sec). This should never happen. Something is wrong with the timer delegate!
[2019.06.01-14.00.26:756][618]LogSlate: FSceneViewport::OnFocusLost() reason 0
[2019.06.01-14.00.26:851][623]LogSlate: Window 'P_shockwave' being destroyed
[2019.06.01-14.00.26:860][623]LogSlate: Window 'P_shockwave' being destroyed
[2019.06.01-14.00.27:004][623]LogCascade: Quitting Cascade. FXSystem=0x000001EEEED28C40
[2019.06.01-14.00.27:654][628]LogUnrealEdMisc: Warning: Heartbeat event firing too frequently (41.877 sec). This should never happen. Something is wrong with the timer delegate!
[2019.06.01-14.00.36:012][ 50]LogUObjectHash: Compacting FUObjectHashTables data took   3.43ms
[2019.06.01-14.00.36:996][ 50]LogSlate: Window 'Delete Assets' being destroyed
[2019.06.01-14.00.37:220][ 50]LogUObjectHash: Compacting FUObjectHashTables data took   5.19ms
[2019.06.01-14.00.37:272][ 50]LogUObjectHash: Compacting FUObjectHashTables data took   6.56ms
[2019.06.01-14.00.37:324][ 50]LogUObjectHash: Compacting FUObjectHashTables data took   2.04ms
[2019.06.01-14.00.46:040][412]LogUObjectHash: Compacting FUObjectHashTables data took   1.73ms
[2019.06.01-14.00.47:025][412]LogSlate: Window 'Delete Assets' being destroyed
[2019.06.01-14.00.47:197][412]LogUObjectHash: Compacting FUObjectHashTables data took   4.01ms
[2019.06.01-14.00.47:258][412]LogUObjectHash: Compacting FUObjectHashTables data took   7.78ms
[2019.06.01-14.00.47:302][412]LogUObjectHash: Compacting FUObjectHashTables data took   1.91ms
[2019.06.01-14.00.53:570][697]LogAssetEditorManager: Opening Asset editor for Material /Game/VFX/Mat/M_shockwave.M_shockwave
[2019.06.01-14.00.53:576][697]LogMaterial: Display: Missing cached shader map for material M_shockwave, compiling. 
[2019.06.01-14.00.53:738][697]LogMaterial: Display: Missing cached shader map for material M_shockwave, compiling. 
[2019.06.01-14.00.53:765][697]LogMaterial: Display: Missing cached shader map for material M_shockwave, compiling. 
[2019.06.01-14.00.53:810][697]LogShaderCompilers: Display: Shaders left to compile 20
[2019.06.01-14.01.31:869][854]LogShaderCompilers: Display: Shaders left to compile 10
[2019.06.01-14.01.48:511][926]LogMaterial: Display: Missing cached shader map for material M_shockwave, compiling. 
[2019.06.01-14.01.50:320][979]LogMaterial: Display: Missing cached shader map for material M_shockwave, compiling. 
[2019.06.01-14.01.50:504][979]LogMaterial: Display: Missing cached shader map for material M_shockwave, compiling. 
[2019.06.01-14.01.50:575][979]LogMaterial: Display: Missing cached shader map for material M_shockwave, compiling. 
[2019.06.01-14.01.51:354][987]LogMaterial: Display: Missing cached shader map for material M_shockwave, compiling. 
[2019.06.01-14.01.52:386][ 13]LogShaderCompilers: Display: Shaders left to compile 30
[2019.06.01-14.01.56:549][ 80]LogMaterial: Display: Missing cached shader map for material M_shockwave, compiling. 
[2019.06.01-14.01.56:607][ 80]LogMaterial: Display: Missing cached shader map for material M_shockwave, compiling. 
[2019.06.01-14.01.56:674][ 80]LogMaterial: Display: Missing cached shader map for material M_shockwave, compiling. 
[2019.06.01-14.02.01:860][112]LogShaderCompilers: Display: Shaders left to compile 30
[2019.06.01-14.02.05:951][230]LogMaterial: Display: Missing cached shader map for material M_shockwave, compiling. 
[2019.06.01-14.02.06:019][230]LogMaterial: Display: Missing cached shader map for material FMatExpressionPreview MaterialExpressionConstant3Vector_0, compiling. 
[2019.06.01-14.02.09:613][282]LogShaderCompilers: Display: Shaders left to compile 30
[2019.06.01-14.02.25:031][471]LogMaterial: Display: Missing cached shader map for material M_shockwave, compiling. 
[2019.06.01-14.02.25:914][496]LogMaterial: Display: Missing cached shader map for material M_shockwave, compiling. 
[2019.06.01-14.02.29:804][627]LogMaterial: Display: Missing cached shader map for material M_shockwave, compiling. 
[2019.06.01-14.02.30:862][663]LogMaterial: Display: Missing cached shader map for material M_shockwave, compiling. 
[2019.06.01-14.02.32:830][732]LogMaterial: Display: Missing cached shader map for material M_shockwave, compiling. 
[2019.06.01-14.02.33:625][758]LogMaterial: Display: Missing cached shader map for material M_shockwave, compiling. 
[2019.06.01-14.02.33:706][758]LogMaterial: Display: Missing cached shader map for material FMatExpressionPreview MaterialExpressionConstant4Vector_0, compiling. 
[2019.06.01-14.02.37:737][812]LogShaderCompilers: Display: Shaders left to compile 30
[2019.06.01-14.02.44:695][970]LogMaterial: Display: Missing cached shader map for material M_shockwave, compiling. 
[2019.06.01-14.02.50:503][ 21]LogShaderCompilers: Display: Shaders left to compile 30
[2019.06.01-14.02.55:272][ 52]LogMaterial: Display: Missing cached shader map for material M_shockwave, compiling. 
[2019.06.01-14.02.55:347][ 52]LogMaterial: Display: Missing cached shader map for material FMatExpressionPreview MaterialExpressionConstant4Vector_0, compiling. 
[2019.06.01-14.02.56:653][ 91]LogMaterial: Display: Missing cached shader map for material M_shockwave, compiling. 
[2019.06.01-14.03.05:915][141]LogShaderCompilers: Display: Shaders left to compile 30
[2019.06.01-14.03.26:857][284]LogMaterial: Display: Missing cached shader map for material M_shockwave, compiling. 
[2019.06.01-14.03.27:406][285]LogMaterial: Display: Missing cached shader map for material Material_0, compiling. 
[2019.06.01-14.03.35:647][443]LogMaterial: Display: Missing cached shader map for material M_shockwave, compiling. 
[2019.06.01-14.03.39:159][523]LogMaterial: Display: Missing cached shader map for material FMatExpressionPreview MaterialExpressionConstant4Vector_0, compiling. 
[2019.06.01-14.03.39:208][523]LogMaterial: Display: Missing cached shader map for material M_shockwave, compiling. 
[2019.06.01-14.03.41:116][574]LogMaterial: Display: Missing cached shader map for material FMatExpressionPreview MaterialExpressionConstant4Vector_0, compiling. 
[2019.06.01-14.03.41:166][574]LogMaterial: Display: Missing cached shader map for material M_shockwave, compiling. 
[2019.06.01-14.03.41:242][574]LogMaterial: Display: Missing cached shader map for material FMatExpressionPreview MaterialExpressionConstant4Vector_0, compiling. 
[2019.06.01-14.03.41:296][574]LogMaterial: Display: Missing cached shader map for material M_shockwave, compiling. 
[2019.06.01-14.03.42:312][598]LogMaterial: Display: Missing cached shader map for material FMatExpressionPreview MaterialExpressionConstant4Vector_0, compiling. 
[2019.06.01-14.03.42:358][598]LogMaterial: Display: Missing cached shader map for material M_shockwave, compiling. 
[2019.06.01-14.03.42:832][603]LogMaterial: Display: Missing cached shader map for material FMatExpressionPreview MaterialExpressionConstant4Vector_0, compiling. 
[2019.06.01-14.03.42:881][603]LogMaterial: Display: Missing cached shader map for material M_shockwave, compiling. 
[2019.06.01-14.03.42:965][603]LogMaterial: Display: Missing cached shader map for material M_shockwave, compiling. 
[2019.06.01-14.03.43:048][603]LogMaterial: Display: Missing cached shader map for material FMatExpressionPreview MaterialExpressionConstant4Vector_0, compiling. 
[2019.06.01-14.03.43:095][603]LogMaterial: Display: Missing cached shader map for material FMatExpressionPreview MaterialExpressionConstant4Vector_0, compiling. 
[2019.06.01-14.03.43:144][603]LogMaterial: Display: Missing cached shader map for material M_shockwave, compiling. 
[2019.06.01-14.03.43:231][603]LogMaterial: Display: Missing cached shader map for material FMatExpressionPreview MaterialExpressionConstant4Vector_0, compiling. 
[2019.06.01-14.03.43:281][603]LogMaterial: Display: Missing cached shader map for material M_shockwave, compiling. 
[2019.06.01-14.03.43:368][603]LogMaterial: Display: Missing cached shader map for material FMatExpressionPreview MaterialExpressionConstant4Vector_0, compiling. 
[2019.06.01-14.03.43:418][603]LogMaterial: Display: Missing cached shader map for material M_shockwave, compiling. 
[2019.06.01-14.03.43:506][603]LogMaterial: Display: Missing cached shader map for material M_shockwave, compiling. 
[2019.06.01-14.03.43:597][603]LogMaterial: Display: Missing cached shader map for material FMatExpressionPreview MaterialExpressionConstant4Vector_0, compiling. 
[2019.06.01-14.03.43:646][603]LogMaterial: Display: Missing cached shader map for material FMatExpressionPreview MaterialExpressionConstant4Vector_0, compiling. 
[2019.06.01-14.03.43:695][603]LogMaterial: Display: Missing cached shader map for material M_shockwave, compiling. 
[2019.06.01-14.03.44:049][607]LogMaterial: Display: Missing cached shader map for material FMatExpressionPreview MaterialExpressionConstant4Vector_0, compiling. 
[2019.06.01-14.03.44:102][607]LogMaterial: Display: Missing cached shader map for material M_shockwave, compiling. 
[2019.06.01-14.03.44:207][607]LogMaterial: Display: Missing cached shader map for material FMatExpressionPreview MaterialExpressionConstant4Vector_0, compiling. 
[2019.06.01-14.03.44:261][607]LogMaterial: Display: Missing cached shader map for material M_shockwave, compiling. 
[2019.06.01-14.03.44:344][607]LogSlate: Window '取色器' being destroyed
[2019.06.01-14.03.49:239][678]LogMaterial: Display: Missing cached shader map for material FMatExpressionPreview MaterialExpressionConstant4Vector_0, compiling. 
[2019.06.01-14.03.59:053][777]LogMaterial: Display: Missing cached shader map for material M_shockwave, compiling. 
[2019.06.01-14.04.01:236][851]LogMaterial: Display: Missing cached shader map for material M_shockwave, compiling. 
[2019.06.01-14.04.02:423][887]LogMaterial: Display: Missing cached shader map for material M_shockwave, compiling. 
[2019.06.01-14.04.10:676][924]LogShaderCompilers: Display: Shaders left to compile 30
[2019.06.01-14.04.42:032][828]LogShaderCompilers: Display: Shaders left to compile 20
[2019.06.01-14.05.25:305][279]LogMaterial: Display: Missing cached shader map for material FMatExpressionPreview MaterialExpressionConstant4Vector_0, compiling. 
[2019.06.01-14.05.32:679][448]LogMaterial: Display: Missing cached shader map for material M_shockwave, compiling. 
[2019.06.01-14.05.33:331][467]LogMaterial: Display: Missing cached shader map for material M_shockwave, compiling. 
[2019.06.01-14.05.43:591][572]LogMaterial: Display: Missing cached shader map for material FMatExpressionPreview MaterialExpressionConstant4Vector_0, compiling. 
[2019.06.01-14.05.44:642][592]LogSlate: Window '取色器' being destroyed
[2019.06.01-14.05.45:350][607]LogSlate: Window '取色器' being destroyed
[2019.06.01-14.05.48:148][686]LogMaterial: Display: Missing cached shader map for material M_shockwave, compiling. 
[2019.06.01-14.05.48:232][686]LogMaterial: Display: Missing cached shader map for material FMatExpressionPreview MaterialExpressionConstant4Vector_0, compiling. 
[2019.06.01-14.05.48:963][709]LogMaterial: Display: Missing cached shader map for material M_shockwave, compiling. 
[2019.06.01-14.05.49:059][709]LogMaterial: Display: Missing cached shader map for material FMatExpressionPreview MaterialExpressionConstant4Vector_0, compiling. 
[2019.06.01-14.05.49:946][726]LogMaterial: Display: Missing cached shader map for material M_shockwave, compiling. 
[2019.06.01-14.05.50:040][726]LogMaterial: Display: Missing cached shader map for material FMatExpressionPreview MaterialExpressionConstant4Vector_0, compiling. 
[2019.06.01-14.05.50:793][745]LogMaterial: Display: Missing cached shader map for material M_shockwave, compiling. 
[2019.06.01-14.05.50:882][745]LogMaterial: Display: Missing cached shader map for material FMatExpressionPreview MaterialExpressionConstant4Vector_0, compiling. 
[2019.06.01-14.05.50:925][745]LogSlate: Window '取色器' being destroyed
[2019.06.01-14.06.08:765][834]LogShaderCompilers: Display: Shaders left to compile 30
[2019.06.01-14.06.26:674][ 44]LogMaterial: Display: Missing cached shader map for material M_shockwave, compiling. 
[2019.06.01-14.06.26:766][ 44]LogMaterial: Display: Missing cached shader map for material FMatExpressionPreview MaterialExpressionConstant4Vector_0, compiling. 
[2019.06.01-14.06.29:380][101]LogMaterial: Display: Missing cached shader map for material M_shockwave, compiling. 
[2019.06.01-14.06.29:460][101]LogMaterial: Display: Missing cached shader map for material FMatExpressionPreview MaterialExpressionConstant4Vector_0, compiling. 
[2019.06.01-14.06.30:500][130]LogMaterial: Display: Missing cached shader map for material M_shockwave, compiling. 
[2019.06.01-14.06.30:589][130]LogMaterial: Display: Missing cached shader map for material FMatExpressionPreview MaterialExpressionConstant4Vector_0, compiling. 
[2019.06.01-14.06.30:630][130]LogSlate: Window '取色器' being destroyed
[2019.06.01-14.06.47:813][369]LogMaterialEditor: Applying material M_shockwave
[2019.06.01-14.06.49:548][369]LogMaterial: Display: Missing cached shader map for material M_shockwave, compiling. 
[2019.06.01-14.06.49:897][369]LogMaterial: Display: Missing cached shader map for material M_shockwave, compiling. 
[2019.06.01-14.06.49:998][369]LogMaterial: Display: Missing cached shader map for material M_shockwave, compiling. 
[2019.06.01-14.06.50:132][369]LogUObjectHash: Compacting FUObjectHashTables data took   4.94ms
[2019.06.01-14.06.50:491][369]LogMaterial: Display: Missing cached shader map for material DebugViewMode MaterialTexCoordScale, compiling. 
[2019.06.01-14.07.25:430][369]LogShaderCompilers: Display: Shaders left to compile 70
[2019.06.01-14.07.25:430][369]LogShaderCompilers: Display: Shaders left to compile 60
[2019.06.01-14.07.25:430][369]LogShaderCompilers: Display: Shaders left to compile 50
[2019.06.01-14.07.25:430][369]LogShaderCompilers: Display: Shaders left to compile 40
[2019.06.01-14.07.25:434][369]TextureStreamingBuild: Display: Compiling optional shaders took 34.982 seconds.
[2019.06.01-14.07.25:807][369]LogUObjectHash: Compacting FUObjectHashTables data took   2.47ms
[2019.06.01-14.08.46:721][562]LogMaterial: Display: Missing cached shader map for material FMatExpressionPreview MaterialExpressionConstant4Vector_0, compiling. 
[2019.06.01-14.08.46:772][562]LogMaterial: Display: Missing cached shader map for material M_shockwave, compiling. 
[2019.06.01-14.08.47:629][579]LogMaterial: Display: Missing cached shader map for material FMatExpressionPreview MaterialExpressionConstant4Vector_0, compiling. 
[2019.06.01-14.08.47:678][579]LogMaterial: Display: Missing cached shader map for material M_shockwave, compiling. 
[2019.06.01-14.08.47:764][579]LogMaterial: Display: Missing cached shader map for material M_shockwave, compiling. 
[2019.06.01-14.08.47:857][579]LogMaterial: Display: Missing cached shader map for material FMatExpressionPreview MaterialExpressionConstant4Vector_0, compiling. 
[2019.06.01-14.08.47:908][579]LogMaterial: Display: Missing cached shader map for material FMatExpressionPreview MaterialExpressionConstant4Vector_0, compiling. 
[2019.06.01-14.08.47:969][579]LogMaterial: Display: Missing cached shader map for material M_shockwave, compiling. 
[2019.06.01-14.08.48:895][587]LogMaterial: Display: Missing cached shader map for material FMatExpressionPreview MaterialExpressionConstant4Vector_0, compiling. 
[2019.06.01-14.08.48:954][587]LogMaterial: Display: Missing cached shader map for material M_shockwave, compiling. 
[2019.06.01-14.08.49:052][587]LogMaterial: Display: Missing cached shader map for material FMatExpressionPreview MaterialExpressionConstant4Vector_0, compiling. 
[2019.06.01-14.08.49:106][587]LogMaterial: Display: Missing cached shader map for material M_shockwave, compiling. 
[2019.06.01-14.08.49:190][587]LogSlate: Window '取色器' being destroyed
[2019.06.01-14.09.00:090][702]LogMaterialEditor: Saving and Compiling material M_shockwave
[2019.06.01-14.09.02:075][702]LogMaterial: Display: Missing cached shader map for material M_shockwave, compiling. 
[2019.06.01-14.09.02:436][702]LogMaterial: Display: Missing cached shader map for material M_shockwave, compiling. 
[2019.06.01-14.09.02:542][702]LogMaterial: Display: Missing cached shader map for material M_shockwave, compiling. 
[2019.06.01-14.09.02:687][702]LogUObjectHash: Compacting FUObjectHashTables data took   2.67ms
[2019.06.01-14.09.02:711][702]LogMaterial: Display: Missing cached shader map for material DebugViewMode MaterialTexCoordScale, compiling. 
