Log file open, 05/30/19 00:40:35
LogWindows: Failed to load 'aqProf.dll' (GetLastError=126)
LogWindows: File 'aqProf.dll' does not exist
LogWindows: Failed to load 'VtuneApi.dll' (GetLastError=126)
LogWindows: File 'VtuneApi.dll' does not exist
LogWindows: Failed to load 'VtuneApi32e.dll' (GetLastError=126)
LogWindows: File 'VtuneApi32e.dll' does not exist
LogConsoleResponse: Display: Failed to find resolution value strings in scalability ini. Falling back to default.
LogInit: Display: Running engine for game: Prototype4
LogPakFile: Registered encryption key '00000000000000000000000000000000': 0 pak files mounted, 0 remain pending
LogPlatformFile: Not using cached read wrapper
LogTaskGraph: Started task graph with 5 named threads and 11 total threads with 3 sets of task threads.
LogStats: Stats thread started at 1.225133
LogD3D11RHI: Loaded GFSDK_Aftermath_Lib.x64.dll
LogICUInternationalization: ICU TimeZone Detection - Raw Offset: +12:00, Platform Override: ''
LogPluginManager: Mounting plugin Paper2D
LogPluginManager: Mounting plugin AISupport
LogPluginManager: Mounting plugin LightPropagationVolume
LogPluginManager: Mounting plugin ActorLayerUtilities
LogPluginManager: Mounting plugin AnimationSharing
LogPluginManager: Mounting plugin CLionSourceCodeAccess
LogPluginManager: Mounting plugin CodeLiteSourceCodeAccess
LogPluginManager: Mounting plugin ConcertFrontend
LogPluginManager: Mounting plugin ConcertMain
LogPluginManager: Mounting plugin ConcertSyncClient
LogPluginManager: Mounting plugin ConcertSyncCore
LogPluginManager: Found config from plugin[ConcertSyncCore] C:/Users/Administrator/Documents/N_Prototype4/Prototype4/Saved/Config/Windows/Engine.ini
LogPluginManager: Mounting plugin GitSourceControl
LogPluginManager: Mounting plugin KDevelopSourceCodeAccess
LogPluginManager: Mounting plugin NullSourceCodeAccess
LogPluginManager: Mounting plugin PerforceSourceControl
LogPluginManager: Mounting plugin SubversionSourceControl
LogPluginManager: Mounting plugin UObjectPlugin
LogPluginManager: Mounting plugin VisualStudioCodeSourceCodeAccess
LogPluginManager: Mounting plugin VisualStudioSourceCodeAccess
LogPluginManager: Mounting plugin XCodeSourceCodeAccess
LogPluginManager: Mounting plugin AssetManagerEditor
LogPluginManager: Mounting plugin CryptoKeys
LogPluginManager: Mounting plugin DataValidation
LogPluginManager: Mounting plugin FacialAnimation
LogPluginManager: Mounting plugin GameplayTagsEditor
LogPluginManager: Mounting plugin MacGraphicsSwitching
LogPluginManager: Mounting plugin MaterialAnalyzer
LogPluginManager: Mounting plugin MobileLauncherProfileWizard
LogPluginManager: Mounting plugin PluginBrowser
LogPluginManager: Mounting plugin SpeedTreeImporter
LogPluginManager: Mounting plugin DatasmithContent
LogPluginManager: Mounting plugin VariantManagerContent
LogPluginManager: Mounting plugin AlembicImporter
LogPluginManager: Mounting plugin AppleImageUtils
LogPluginManager: Mounting plugin AppleVision
LogPluginManager: Mounting plugin BackChannel
LogPluginManager: Mounting plugin CharacterAI
LogPluginManager: Mounting plugin GeometryCache
LogPluginManager: Mounting plugin HTML5Networking
LogPluginManager: Mounting plugin ProxyLODPlugin
LogPluginManager: Mounting plugin SkeletalReduction
LogPluginManager: Mounting plugin MagicLeap
LogPluginManager: Mounting plugin MagicLeapMedia
LogPluginManager: Mounting plugin AndroidMedia
LogPluginManager: Mounting plugin AvfMedia
LogPluginManager: Mounting plugin ImgMedia
LogPluginManager: Mounting plugin LinearTimecode
LogPluginManager: Mounting plugin MediaCompositing
LogPluginManager: Mounting plugin MediaPlayerEditor
LogPluginManager: Mounting plugin WebMMedia
LogPluginManager: Mounting plugin WmfMedia
LogPluginManager: Mounting plugin TcpMessaging
LogPluginManager: Mounting plugin UdpMessaging
LogPluginManager: Mounting plugin ActorSequence
LogPluginManager: Mounting plugin LevelSequenceEditor
LogPluginManager: Mounting plugin MatineeToLevelSequence
LogPluginManager: Mounting plugin NetcodeUnitTest
LogPluginManager: Mounting plugin NUTUnrealEngine4
LogPluginManager: Mounting plugin OnlineSubsystemGooglePlay
LogPluginManager: Mounting plugin OnlineSubsystemIOS
LogPluginManager: Mounting plugin OnlineSubsystem
LogPluginManager: Mounting plugin OnlineSubsystemNull
LogPluginManager: Mounting plugin OnlineSubsystemUtils
LogPluginManager: Mounting plugin LauncherChunkInstaller
LogPluginManager: Mounting plugin AndroidDeviceProfileSelector
LogPluginManager: Mounting plugin AndroidMoviePlayer
LogPluginManager: Mounting plugin AndroidPermission
LogPluginManager: Mounting plugin AppleMoviePlayer
LogPluginManager: Mounting plugin ArchVisCharacter
LogPluginManager: Mounting plugin AudioCapture
LogPluginManager: Mounting plugin CableComponent
LogPluginManager: Mounting plugin CustomMeshComponent
LogPluginManager: Mounting plugin EditableMesh
LogPluginManager: Mounting plugin ExampleDeviceProfileSelector
LogPluginManager: Mounting plugin Firebase
LogPluginManager: Mounting plugin GoogleCloudMessaging
LogPluginManager: Mounting plugin IOSDeviceProfileSelector
LogPluginManager: Mounting plugin LinuxDeviceProfileSelector
LogPluginManager: Mounting plugin LocationServicesBPLibrary
LogPluginManager: Mounting plugin MobilePatchingUtils
LogPluginManager: Mounting plugin OculusVR
LogPluginManager: Mounting plugin PhysXVehicles
LogPluginManager: Mounting plugin ProceduralMeshComponent
LogPluginManager: Mounting plugin RuntimePhysXCooking
LogPluginManager: Mounting plugin SignificanceManager
LogPluginManager: Mounting plugin SteamVR
LogPluginManager: Mounting plugin WebMMoviePlayer
LogPluginManager: Mounting plugin WindowsMoviePlayer
LogInit: Using libcurl 7.55.1-DEV
LogInit:  - built for x86_64-pc-win32
LogInit:  - supports SSL with OpenSSL/1.1.1
LogInit:  - supports HTTP deflate (compression) using libz 1.2.8
LogInit:  - other features:
LogInit:      CURL_VERSION_SSL
LogInit:      CURL_VERSION_LIBZ
LogInit:      CURL_VERSION_IPV6
LogInit:      CURL_VERSION_ASYNCHDNS
LogInit:      CURL_VERSION_LARGEFILE
LogInit:      CURL_VERSION_IDN
LogInit:  CurlRequestOptions (configurable via config and command line):
LogInit:  - bVerifyPeer = true  - Libcurl will verify peer certificate
LogInit:  - bUseHttpProxy = false  - Libcurl will NOT use HTTP proxy
LogInit:  - bDontReuseConnections = false  - Libcurl will reuse connections
LogInit:  - MaxHostConnections = 16  - Libcurl will limit the number of connections to a host
LogInit:  - LocalHostAddr = Default
LogInit:  - BufferSize = 65536
LogInit: WinSock: version 1.1 (2.2), MaxSocks=32767, MaxUdp=65467
LogInit: Build: ++UE4+Release-4.22-CL-6574378
LogInit: Engine Version: 4.22.2-6574378+++UE4+Release-4.22
LogInit: Compatible Engine Version: 4.22.0-5660361+++UE4+Release-4.22
LogInit: Net CL: 5660361
LogInit: OS: Windows 10 (Release 1607) (), CPU: Intel(R) Core(TM) i5-4210M CPU @ 2.60GHz, GPU: Intel(R) HD Graphics 4600
LogInit: Compiled (64-bit): May 20 2019 09:54:56
LogInit: Compiled with Visual C++: 19.16.27025.01
LogInit: Build Configuration: Development
LogInit: Branch Name: ++UE4+Release-4.22
LogInit: Command Line: 
LogInit: Base Directory: D:/unreal/UE_4.22/Engine/Binaries/Win64/
LogInit: Installed Engine Build: 1
LogDevObjectVersion: Number of dev versions registered: 23
LogDevObjectVersion:   Dev-Blueprints (B0D832E4-1F89-4F0D-ACCF-7EB736FD4AA2): 10
LogDevObjectVersion:   Dev-Build (E1C64328-A22C-4D53-A36C-8E866417BD8C): 0
LogDevObjectVersion:   Dev-Core (375EC13C-06E4-48FB-B500-84F0262A717E): 3
LogDevObjectVersion:   Dev-Editor (E4B068ED-F494-42E9-A231-DA0B2E46BB41): 30
LogDevObjectVersion:   Dev-Framework (CFFC743F-43B0-4480-9391-14DF171D2073): 35
LogDevObjectVersion:   Dev-Mobile (B02B49B5-BB20-44E9-A304-32B752E40360): 2
LogDevObjectVersion:   Dev-Networking (A4E4105C-59A1-49B5-A7C5-40C4547EDFEE): 0
LogDevObjectVersion:   Dev-Online (39C831C9-5AE6-47DC-9A44-9C173E1C8E7C): 0
LogDevObjectVersion:   Dev-Physics (78F01B33-EBEA-4F98-B9B4-84EACCB95AA2): 0
LogDevObjectVersion:   Dev-Platform (6631380F-2D4D-43E0-8009-CF276956A95A): 0
LogDevObjectVersion:   Dev-Rendering (12F88B9F-8875-4AFC-A67C-D90C383ABD29): 28
LogDevObjectVersion:   Dev-Sequencer (7B5AE74C-D270-4C10-A958-57980B212A5A): 11
LogDevObjectVersion:   Dev-VR (D7296918-1DD6-4BDD-9DE2-64A83CC13884): 2
LogDevObjectVersion:   Dev-LoadTimes (C2A15278-BFE7-4AFE-6C17-90FF531DF755): 1
LogDevObjectVersion:   Private-Geometry (6EACA3D4-40EC-4CC1-B786-8BED09428FC5): 3
LogDevObjectVersion:   Dev-AnimPhys (29E575DD-E0A3-4627-9D10-D276232CDCEA): 17
LogDevObjectVersion:   Dev-Anim (AF43A65D-7FD3-4947-9873-3E8ED9C1BB05): 2
LogDevObjectVersion:   Dev-ReflectionCapture (6B266CEC-1EC7-4B8F-A30B-E4D90942FC07): 1
LogDevObjectVersion:   Dev-Automation (0DF73D61-A23F-47EA-B727-89E90C41499A): 1
LogDevObjectVersion:   FortniteMain (601D1886-AC64-4F84-AA16-D3DE0DEAC7D6): 25
LogDevObjectVersion:   Dev-Enterprise (9DFFBCD6-494F-0158-E221-12823C92A888): 6
LogDevObjectVersion:   Dev-Niagara (F2AED0AC-9AFE-416F-8664-AA7FFA26D6FC): 1
LogDevObjectVersion:   Dev-Destruction (174F1F0B-B4C6-45A5-B13F-2EE8D0FB917D): 2
LogInit: Presizing for max 16777216 objects, including 0 objects not considered by GC, pre-allocating 0 bytes for permanent pool.
LogInit: Object subsystem initialized
LogConfig: Setting CVar [[con.DebugEarlyDefault:1]]
LogConfig: Setting CVar [[r.setres:1280x720]]
[2019.05.29-12.40.39:991][  0]LogConfig: Setting CVar [[r.VSync:0]]
[2019.05.29-12.40.39:991][  0]LogConfig: Setting CVar [[r.RHICmdBypass:0]]
[2019.05.29-12.40.39:992][  0]LogConfig: Applying CVar settings from Section [/Script/Engine.RendererSettings] File [C:/Users/Administrator/Documents/N_Prototype4/Prototype4/Saved/Config/Windows/Engine.ini]
[2019.05.29-12.40.39:992][  0]LogConfig: Setting CVar [[r.GPUCrashDebugging:0]]
[2019.05.29-12.40.39:992][  0]LogConfig: Applying CVar settings from Section [/Script/Engine.RendererOverrideSettings] File [C:/Users/Administrator/Documents/N_Prototype4/Prototype4/Saved/Config/Windows/Engine.ini]
[2019.05.29-12.40.39:992][  0]LogConfig: Applying CVar settings from Section [/Script/Engine.StreamingSettings] File [C:/Users/Administrator/Documents/N_Prototype4/Prototype4/Saved/Config/Windows/Engine.ini]
[2019.05.29-12.40.39:992][  0]LogConfig: Setting CVar [[s.MinBulkDataSizeForAsyncLoading:131072]]
[2019.05.29-12.40.39:992][  0]LogConfig: Setting CVar [[s.AsyncLoadingThreadEnabled:0]]
[2019.05.29-12.40.39:992][  0]LogConfig: Setting CVar [[s.EventDrivenLoaderEnabled:1]]
[2019.05.29-12.40.39:992][  0]LogConfig: Setting CVar [[s.WarnIfTimeLimitExceeded:0]]
[2019.05.29-12.40.39:992][  0]LogConfig: Setting CVar [[s.TimeLimitExceededMultiplier:1.5]]
[2019.05.29-12.40.39:992][  0]LogConfig: Setting CVar [[s.TimeLimitExceededMinTime:0.005]]
[2019.05.29-12.40.39:992][  0]LogConfig: Setting CVar [[s.UseBackgroundLevelStreaming:1]]
[2019.05.29-12.40.39:992][  0]LogConfig: Setting CVar [[s.PriorityAsyncLoadingExtraTime:15.0]]
[2019.05.29-12.40.39:992][  0]LogConfig: Setting CVar [[s.LevelStreamingActorsUpdateTimeLimit:5.0]]
[2019.05.29-12.40.39:992][  0]LogConfig: Setting CVar [[s.PriorityLevelStreamingActorsUpdateExtraTime:5.0]]
[2019.05.29-12.40.39:992][  0]LogConfig: Setting CVar [[s.LevelStreamingComponentsRegistrationGranularity:10]]
[2019.05.29-12.40.39:992][  0]LogConfig: Setting CVar [[s.UnregisterComponentsTimeLimit:1.0]]
[2019.05.29-12.40.39:992][  0]LogConfig: Setting CVar [[s.LevelStreamingComponentsUnregistrationGranularity:5]]
[2019.05.29-12.40.39:992][  0]LogConfig: Applying CVar settings from Section [/Script/Engine.GarbageCollectionSettings] File [C:/Users/Administrator/Documents/N_Prototype4/Prototype4/Saved/Config/Windows/Engine.ini]
[2019.05.29-12.40.39:992][  0]LogConfig: Setting CVar [[gc.MaxObjectsNotConsideredByGC:1]]
[2019.05.29-12.40.39:992][  0]LogConfig: Setting CVar [[gc.SizeOfPermanentObjectPool:0]]
[2019.05.29-12.40.39:992][  0]LogConfig: Setting CVar [[gc.FlushStreamingOnGC:0]]
[2019.05.29-12.40.39:992][  0]LogConfig: Setting CVar [[gc.NumRetriesBeforeForcingGC:10]]
[2019.05.29-12.40.39:992][  0]LogConfig: Setting CVar [[gc.AllowParallelGC:1]]
[2019.05.29-12.40.39:993][  0]LogConfig: Setting CVar [[gc.TimeBetweenPurgingPendingKillObjects:61.1]]
[2019.05.29-12.40.39:993][  0]LogConfig: Setting CVar [[gc.MaxObjectsInEditor:16777216]]
[2019.05.29-12.40.39:993][  0]LogConfig: Setting CVar [[gc.IncrementalBeginDestroyEnabled:1]]
[2019.05.29-12.40.39:993][  0]LogConfig: Setting CVar [[gc.CreateGCClusters:1]]
[2019.05.29-12.40.39:993][  0]LogConfig: Setting CVar [[gc.MinGCClusterSize:5]]
[2019.05.29-12.40.39:993][  0]LogConfig: Setting CVar [[gc.ActorClusteringEnabled:0]]
[2019.05.29-12.40.39:993][  0]LogConfig: Setting CVar [[gc.BlueprintClusteringEnabled:0]]
[2019.05.29-12.40.39:993][  0]LogConfig: Setting CVar [[gc.UseDisregardForGCOnDedicatedServers:0]]
[2019.05.29-12.40.39:993][  0]LogConfig: Applying CVar settings from Section [/Script/Engine.NetworkSettings] File [C:/Users/Administrator/Documents/N_Prototype4/Prototype4/Saved/Config/Windows/Engine.ini]
[2019.05.29-12.40.39:993][  0]LogConfig: Applying CVar settings from Section [/Script/UnrealEd.CookerSettings] File [C:/Users/Administrator/Documents/N_Prototype4/Prototype4/Saved/Config/Windows/Engine.ini]
[2019.05.29-12.40.40:051][  0]LogConfig: Applying CVar settings from Section [ViewDistanceQuality@3] File [C:/Users/Administrator/Documents/N_Prototype4/Prototype4/Saved/Config/Windows/Scalability.ini]
[2019.05.29-12.40.40:051][  0]LogConfig: Setting CVar [[r.SkeletalMeshLODBias:0]]
[2019.05.29-12.40.40:051][  0]LogConfig: Setting CVar [[r.ViewDistanceScale:1.0]]
[2019.05.29-12.40.40:051][  0]LogConfig: Applying CVar settings from Section [AntiAliasingQuality@3] File [C:/Users/Administrator/Documents/N_Prototype4/Prototype4/Saved/Config/Windows/Scalability.ini]
[2019.05.29-12.40.40:051][  0]LogConfig: Setting CVar [[r.PostProcessAAQuality:4]]
[2019.05.29-12.40.40:051][  0]LogConfig: Applying CVar settings from Section [ShadowQuality@3] File [C:/Users/Administrator/Documents/N_Prototype4/Prototype4/Saved/Config/Windows/Scalability.ini]
[2019.05.29-12.40.40:051][  0]LogConfig: Setting CVar [[r.LightFunctionQuality:1]]
[2019.05.29-12.40.40:051][  0]LogConfig: Setting CVar [[r.ShadowQuality:5]]
[2019.05.29-12.40.40:051][  0]LogConfig: Setting CVar [[r.Shadow.CSM.MaxCascades:10]]
[2019.05.29-12.40.40:051][  0]LogConfig: Setting CVar [[r.Shadow.MaxResolution:2048]]
[2019.05.29-12.40.40:051][  0]LogConfig: Setting CVar [[r.Shadow.MaxCSMResolution:2048]]
[2019.05.29-12.40.40:051][  0]LogConfig: Setting CVar [[r.Shadow.RadiusThreshold:0.01]]
[2019.05.29-12.40.40:052][  0]LogConfig: Setting CVar [[r.Shadow.DistanceScale:1.0]]
[2019.05.29-12.40.40:052][  0]LogConfig: Setting CVar [[r.Shadow.CSM.TransitionScale:1.0]]
[2019.05.29-12.40.40:052][  0]LogConfig: Setting CVar [[r.Shadow.PreShadowResolutionFactor:1.0]]
[2019.05.29-12.40.40:052][  0]LogConfig: Setting CVar [[r.DistanceFieldShadowing:1]]
[2019.05.29-12.40.40:052][  0]LogConfig: Setting CVar [[r.DistanceFieldAO:1]]
[2019.05.29-12.40.40:052][  0]LogConfig: Setting CVar [[r.AOQuality:2]]
[2019.05.29-12.40.40:052][  0]LogConfig: Setting CVar [[r.VolumetricFog:1]]
[2019.05.29-12.40.40:052][  0]LogConfig: Setting CVar [[r.VolumetricFog.GridPixelSize:8]]
[2019.05.29-12.40.40:052][  0]LogConfig: Setting CVar [[r.VolumetricFog.GridSizeZ:128]]
[2019.05.29-12.40.40:052][  0]LogConfig: Setting CVar [[r.VolumetricFog.HistoryMissSupersampleCount:4]]
[2019.05.29-12.40.40:052][  0]LogConfig: Setting CVar [[r.LightMaxDrawDistanceScale:1]]
[2019.05.29-12.40.40:052][  0]LogConfig: Setting CVar [[r.CapsuleShadows:1]]
[2019.05.29-12.40.40:052][  0]LogConfig: Applying CVar settings from Section [PostProcessQuality@3] File [C:/Users/Administrator/Documents/N_Prototype4/Prototype4/Saved/Config/Windows/Scalability.ini]
[2019.05.29-12.40.40:052][  0]LogConfig: Setting CVar [[r.MotionBlurQuality:4]]
[2019.05.29-12.40.40:052][  0]LogConfig: Setting CVar [[r.AmbientOcclusionMipLevelFactor:0.4]]
[2019.05.29-12.40.40:052][  0]LogConfig: Setting CVar [[r.AmbientOcclusionMaxQuality:100]]
[2019.05.29-12.40.40:052][  0]LogConfig: Setting CVar [[r.AmbientOcclusionLevels:-1]]
[2019.05.29-12.40.40:052][  0]LogConfig: Setting CVar [[r.AmbientOcclusionRadiusScale:1.0]]
[2019.05.29-12.40.40:052][  0]LogConfig: Setting CVar [[r.DepthOfFieldQuality:2]]
[2019.05.29-12.40.40:052][  0]LogConfig: Setting CVar [[r.RenderTargetPoolMin:400]]
[2019.05.29-12.40.40:052][  0]LogConfig: Setting CVar [[r.LensFlareQuality:2]]
[2019.05.29-12.40.40:052][  0]LogConfig: Setting CVar [[r.SceneColorFringeQuality:1]]
[2019.05.29-12.40.40:052][  0]LogConfig: Setting CVar [[r.EyeAdaptationQuality:2]]
[2019.05.29-12.40.40:052][  0]LogConfig: Setting CVar [[r.BloomQuality:5]]
[2019.05.29-12.40.40:052][  0]LogConfig: Setting CVar [[r.FastBlurThreshold:100]]
[2019.05.29-12.40.40:052][  0]LogConfig: Setting CVar [[r.Upscale.Quality:3]]
[2019.05.29-12.40.40:052][  0]LogConfig: Setting CVar [[r.Tonemapper.GrainQuantization:1]]
[2019.05.29-12.40.40:052][  0]LogConfig: Setting CVar [[r.LightShaftQuality:1]]
[2019.05.29-12.40.40:052][  0]LogConfig: Setting CVar [[r.Filter.SizeScale:1]]
[2019.05.29-12.40.40:053][  0]LogConfig: Setting CVar [[r.Tonemapper.Quality:5]]
[2019.05.29-12.40.40:053][  0]LogConfig: Setting CVar [[r.DOF.Gather.AccumulatorQuality:1        ; higher gathering accumulator quality]]
[2019.05.29-12.40.40:053][  0]LogConfig: Setting CVar [[r.DOF.Gather.PostfilterMethod:1          ; Median3x3 postfilering method]]
[2019.05.29-12.40.40:053][  0]LogConfig: Setting CVar [[r.DOF.Gather.EnableBokehSettings:0       ; no bokeh simulation when gathering]]
[2019.05.29-12.40.40:053][  0]LogConfig: Setting CVar [[r.DOF.Gather.RingCount:4                 ; medium number of samples when gathering]]
[2019.05.29-12.40.40:053][  0]LogConfig: Setting CVar [[r.DOF.Scatter.ForegroundCompositing:1    ; additive foreground scattering]]
[2019.05.29-12.40.40:053][  0]LogConfig: Setting CVar [[r.DOF.Scatter.BackgroundCompositing:2    ; additive background scattering]]
[2019.05.29-12.40.40:053][  0]LogConfig: Setting CVar [[r.DOF.Scatter.EnableBokehSettings:1      ; bokeh simulation when scattering]]
[2019.05.29-12.40.40:053][  0]LogConfig: Setting CVar [[r.DOF.Scatter.MaxSpriteRatio:0.1         ; only a maximum of 10% of scattered bokeh]]
[2019.05.29-12.40.40:053][  0]LogConfig: Setting CVar [[r.DOF.Recombine.Quality:1                ; cheap slight out of focus]]
[2019.05.29-12.40.40:053][  0]LogConfig: Setting CVar [[r.DOF.Recombine.EnableBokehSettings:0    ; no bokeh simulation on slight out of focus]]
[2019.05.29-12.40.40:053][  0]LogConfig: Setting CVar [[r.DOF.TemporalAAQuality:1                ; more stable temporal accumulation]]
[2019.05.29-12.40.40:053][  0]LogConfig: Setting CVar [[r.DOF.Kernel.MaxForegroundRadius:0.025]]
[2019.05.29-12.40.40:053][  0]LogConfig: Setting CVar [[r.DOF.Kernel.MaxBackgroundRadius:0.025]]
[2019.05.29-12.40.40:053][  0]LogConfig: Applying CVar settings from Section [TextureQuality@3] File [C:/Users/Administrator/Documents/N_Prototype4/Prototype4/Saved/Config/Windows/Scalability.ini]
[2019.05.29-12.40.40:053][  0]LogConfig: Setting CVar [[r.Streaming.MipBias:0]]
[2019.05.29-12.40.40:053][  0]LogConfig: Setting CVar [[r.Streaming.AmortizeCPUToGPUCopy:0]]
[2019.05.29-12.40.40:053][  0]LogConfig: Setting CVar [[r.Streaming.MaxNumTexturesToStreamPerFrame:0]]
[2019.05.29-12.40.40:053][  0]LogConfig: Setting CVar [[r.Streaming.Boost:1]]
[2019.05.29-12.40.40:053][  0]LogConfig: Setting CVar [[r.MaxAnisotropy:8]]
[2019.05.29-12.40.40:053][  0]LogConfig: Setting CVar [[r.Streaming.LimitPoolSizeToVRAM:0]]
[2019.05.29-12.40.40:053][  0]LogConfig: Setting CVar [[r.Streaming.PoolSize:1000]]
[2019.05.29-12.40.40:053][  0]LogConfig: Setting CVar [[r.Streaming.MaxEffectiveScreenSize:0]]
[2019.05.29-12.40.40:053][  0]LogConfig: Applying CVar settings from Section [EffectsQuality@3] File [C:/Users/Administrator/Documents/N_Prototype4/Prototype4/Saved/Config/Windows/Scalability.ini]
[2019.05.29-12.40.40:053][  0]LogConfig: Setting CVar [[r.TranslucencyLightingVolumeDim:64]]
[2019.05.29-12.40.40:054][  0]LogConfig: Setting CVar [[r.RefractionQuality:2]]
[2019.05.29-12.40.40:054][  0]LogConfig: Setting CVar [[r.SSR.Quality:3]]
[2019.05.29-12.40.40:054][  0]LogConfig: Setting CVar [[r.SceneColorFormat:4]]
[2019.05.29-12.40.40:054][  0]LogConfig: Setting CVar [[r.DetailMode:2]]
[2019.05.29-12.40.40:054][  0]LogConfig: Setting CVar [[r.TranslucencyVolumeBlur:1]]
[2019.05.29-12.40.40:054][  0]LogConfig: Setting CVar [[r.MaterialQualityLevel:1 ; High quality]]
[2019.05.29-12.40.40:054][  0]LogConfig: Setting CVar [[r.SSS.Scale:1]]
[2019.05.29-12.40.40:054][  0]LogConfig: Setting CVar [[r.SSS.SampleSet:2]]
[2019.05.29-12.40.40:054][  0]LogConfig: Setting CVar [[r.SSS.Quality:1]]
[2019.05.29-12.40.40:054][  0]LogConfig: Setting CVar [[r.SSS.HalfRes:1]]
[2019.05.29-12.40.40:054][  0]LogConfig: Setting CVar [[r.EmitterSpawnRateScale:1.0]]
[2019.05.29-12.40.40:054][  0]LogConfig: Setting CVar [[r.ParticleLightQuality:2]]
[2019.05.29-12.40.40:054][  0]LogConfig: Applying CVar settings from Section [FoliageQuality@3] File [C:/Users/Administrator/Documents/N_Prototype4/Prototype4/Saved/Config/Windows/Scalability.ini]
[2019.05.29-12.40.40:054][  0]LogConfig: Setting CVar [[foliage.DensityScale:1.0]]
[2019.05.29-12.40.40:054][  0]LogConfig: Setting CVar [[grass.DensityScale:1.0]]
[2019.05.29-12.40.40:068][  0]LogInit: Selected Device Profile: [Windows]
[2019.05.29-12.40.40:068][  0]LogInit: Applying CVar settings loaded from the selected device profile: [Windows]
[2019.05.29-12.40.40:147][  0]LogHAL: Display: Platform has ~ 8 GB [8512647168 / 8589934592 / 8], which maps to Default [LargestMinGB=32, LargerMinGB=12, DefaultMinGB=8, SmallerMinGB=6, SmallestMinGB=0)
[2019.05.29-12.40.40:147][  0]LogConfig: Setting CVar [[r.Vulkan.UseRealUBs:0		; Required until we fix HLR fall-out]]
[2019.05.29-12.40.40:147][  0]LogInit: Going up to parent DeviceProfile []
[2019.05.29-12.40.40:148][  0]LogConfig: Applying CVar settings from Section [ViewDistanceQuality@3] File [C:/Users/Administrator/Documents/N_Prototype4/Prototype4/Saved/Config/Windows/Scalability.ini]
[2019.05.29-12.40.40:148][  0]LogConfig: Setting CVar [[r.SkeletalMeshLODBias:0]]
[2019.05.29-12.40.40:148][  0]LogConfig: Setting CVar [[r.ViewDistanceScale:1.0]]
[2019.05.29-12.40.40:148][  0]LogConfig: Applying CVar settings from Section [AntiAliasingQuality@3] File [C:/Users/Administrator/Documents/N_Prototype4/Prototype4/Saved/Config/Windows/Scalability.ini]
[2019.05.29-12.40.40:148][  0]LogConfig: Setting CVar [[r.PostProcessAAQuality:4]]
[2019.05.29-12.40.40:148][  0]LogConfig: Applying CVar settings from Section [ShadowQuality@3] File [C:/Users/Administrator/Documents/N_Prototype4/Prototype4/Saved/Config/Windows/Scalability.ini]
[2019.05.29-12.40.40:148][  0]LogConfig: Setting CVar [[r.LightFunctionQuality:1]]
[2019.05.29-12.40.40:148][  0]LogConfig: Setting CVar [[r.ShadowQuality:5]]
[2019.05.29-12.40.40:148][  0]LogConfig: Setting CVar [[r.Shadow.CSM.MaxCascades:10]]
[2019.05.29-12.40.40:148][  0]LogConfig: Setting CVar [[r.Shadow.MaxResolution:2048]]
[2019.05.29-12.40.40:148][  0]LogConfig: Setting CVar [[r.Shadow.MaxCSMResolution:2048]]
[2019.05.29-12.40.40:148][  0]LogConfig: Setting CVar [[r.Shadow.RadiusThreshold:0.01]]
[2019.05.29-12.40.40:148][  0]LogConfig: Setting CVar [[r.Shadow.DistanceScale:1.0]]
[2019.05.29-12.40.40:148][  0]LogConfig: Setting CVar [[r.Shadow.CSM.TransitionScale:1.0]]
[2019.05.29-12.40.40:148][  0]LogConfig: Setting CVar [[r.Shadow.PreShadowResolutionFactor:1.0]]
[2019.05.29-12.40.40:148][  0]LogConfig: Setting CVar [[r.DistanceFieldShadowing:1]]
[2019.05.29-12.40.40:148][  0]LogConfig: Setting CVar [[r.DistanceFieldAO:1]]
[2019.05.29-12.40.40:149][  0]LogConfig: Setting CVar [[r.AOQuality:2]]
[2019.05.29-12.40.40:149][  0]LogConfig: Setting CVar [[r.VolumetricFog:1]]
[2019.05.29-12.40.40:149][  0]LogConfig: Setting CVar [[r.VolumetricFog.GridPixelSize:8]]
[2019.05.29-12.40.40:149][  0]LogConfig: Setting CVar [[r.VolumetricFog.GridSizeZ:128]]
[2019.05.29-12.40.40:149][  0]LogConfig: Setting CVar [[r.VolumetricFog.HistoryMissSupersampleCount:4]]
[2019.05.29-12.40.40:149][  0]LogConfig: Setting CVar [[r.LightMaxDrawDistanceScale:1]]
[2019.05.29-12.40.40:149][  0]LogConfig: Setting CVar [[r.CapsuleShadows:1]]
[2019.05.29-12.40.40:149][  0]LogConfig: Applying CVar settings from Section [PostProcessQuality@3] File [C:/Users/Administrator/Documents/N_Prototype4/Prototype4/Saved/Config/Windows/Scalability.ini]
[2019.05.29-12.40.40:149][  0]LogConfig: Setting CVar [[r.MotionBlurQuality:4]]
[2019.05.29-12.40.40:149][  0]LogConfig: Setting CVar [[r.AmbientOcclusionMipLevelFactor:0.4]]
[2019.05.29-12.40.40:149][  0]LogConfig: Setting CVar [[r.AmbientOcclusionMaxQuality:100]]
[2019.05.29-12.40.40:149][  0]LogConfig: Setting CVar [[r.AmbientOcclusionLevels:-1]]
[2019.05.29-12.40.40:149][  0]LogConfig: Setting CVar [[r.AmbientOcclusionRadiusScale:1.0]]
[2019.05.29-12.40.40:149][  0]LogConfig: Setting CVar [[r.DepthOfFieldQuality:2]]
[2019.05.29-12.40.40:149][  0]LogConfig: Setting CVar [[r.RenderTargetPoolMin:400]]
[2019.05.29-12.40.40:149][  0]LogConfig: Setting CVar [[r.LensFlareQuality:2]]
[2019.05.29-12.40.40:149][  0]LogConfig: Setting CVar [[r.SceneColorFringeQuality:1]]
[2019.05.29-12.40.40:149][  0]LogConfig: Setting CVar [[r.EyeAdaptationQuality:2]]
[2019.05.29-12.40.40:149][  0]LogConfig: Setting CVar [[r.BloomQuality:5]]
[2019.05.29-12.40.40:149][  0]LogConfig: Setting CVar [[r.FastBlurThreshold:100]]
[2019.05.29-12.40.40:149][  0]LogConfig: Setting CVar [[r.Upscale.Quality:3]]
[2019.05.29-12.40.40:149][  0]LogConfig: Setting CVar [[r.Tonemapper.GrainQuantization:1]]
[2019.05.29-12.40.40:149][  0]LogConfig: Setting CVar [[r.LightShaftQuality:1]]
[2019.05.29-12.40.40:149][  0]LogConfig: Setting CVar [[r.Filter.SizeScale:1]]
[2019.05.29-12.40.40:149][  0]LogConfig: Setting CVar [[r.Tonemapper.Quality:5]]
[2019.05.29-12.40.40:149][  0]LogConfig: Setting CVar [[r.DOF.Gather.AccumulatorQuality:1        ; higher gathering accumulator quality]]
[2019.05.29-12.40.40:149][  0]LogConfig: Setting CVar [[r.DOF.Gather.PostfilterMethod:1          ; Median3x3 postfilering method]]
[2019.05.29-12.40.40:149][  0]LogConfig: Setting CVar [[r.DOF.Gather.EnableBokehSettings:0       ; no bokeh simulation when gathering]]
[2019.05.29-12.40.40:149][  0]LogConfig: Setting CVar [[r.DOF.Gather.RingCount:4                 ; medium number of samples when gathering]]
[2019.05.29-12.40.40:150][  0]LogConfig: Setting CVar [[r.DOF.Scatter.ForegroundCompositing:1    ; additive foreground scattering]]
[2019.05.29-12.40.40:150][  0]LogConfig: Setting CVar [[r.DOF.Scatter.BackgroundCompositing:2    ; additive background scattering]]
[2019.05.29-12.40.40:150][  0]LogConfig: Setting CVar [[r.DOF.Scatter.EnableBokehSettings:1      ; bokeh simulation when scattering]]
[2019.05.29-12.40.40:150][  0]LogConfig: Setting CVar [[r.DOF.Scatter.MaxSpriteRatio:0.1         ; only a maximum of 10% of scattered bokeh]]
[2019.05.29-12.40.40:150][  0]LogConfig: Setting CVar [[r.DOF.Recombine.Quality:1                ; cheap slight out of focus]]
[2019.05.29-12.40.40:150][  0]LogConfig: Setting CVar [[r.DOF.Recombine.EnableBokehSettings:0    ; no bokeh simulation on slight out of focus]]
[2019.05.29-12.40.40:150][  0]LogConfig: Setting CVar [[r.DOF.TemporalAAQuality:1                ; more stable temporal accumulation]]
[2019.05.29-12.40.40:150][  0]LogConfig: Setting CVar [[r.DOF.Kernel.MaxForegroundRadius:0.025]]
[2019.05.29-12.40.40:150][  0]LogConfig: Setting CVar [[r.DOF.Kernel.MaxBackgroundRadius:0.025]]
[2019.05.29-12.40.40:150][  0]LogConfig: Applying CVar settings from Section [TextureQuality@3] File [C:/Users/Administrator/Documents/N_Prototype4/Prototype4/Saved/Config/Windows/Scalability.ini]
[2019.05.29-12.40.40:150][  0]LogConfig: Setting CVar [[r.Streaming.MipBias:0]]
[2019.05.29-12.40.40:150][  0]LogConfig: Setting CVar [[r.Streaming.AmortizeCPUToGPUCopy:0]]
[2019.05.29-12.40.40:150][  0]LogConfig: Setting CVar [[r.Streaming.MaxNumTexturesToStreamPerFrame:0]]
[2019.05.29-12.40.40:150][  0]LogConfig: Setting CVar [[r.Streaming.Boost:1]]
[2019.05.29-12.40.40:150][  0]LogConfig: Setting CVar [[r.MaxAnisotropy:8]]
[2019.05.29-12.40.40:150][  0]LogConfig: Setting CVar [[r.Streaming.LimitPoolSizeToVRAM:0]]
[2019.05.29-12.40.40:150][  0]LogConfig: Setting CVar [[r.Streaming.PoolSize:1000]]
[2019.05.29-12.40.40:150][  0]LogConfig: Setting CVar [[r.Streaming.MaxEffectiveScreenSize:0]]
[2019.05.29-12.40.40:150][  0]LogConfig: Applying CVar settings from Section [EffectsQuality@3] File [C:/Users/Administrator/Documents/N_Prototype4/Prototype4/Saved/Config/Windows/Scalability.ini]
[2019.05.29-12.40.40:150][  0]LogConfig: Setting CVar [[r.TranslucencyLightingVolumeDim:64]]
[2019.05.29-12.40.40:151][  0]LogConfig: Setting CVar [[r.RefractionQuality:2]]
[2019.05.29-12.40.40:151][  0]LogConfig: Setting CVar [[r.SSR.Quality:3]]
[2019.05.29-12.40.40:151][  0]LogConfig: Setting CVar [[r.SceneColorFormat:4]]
[2019.05.29-12.40.40:151][  0]LogConfig: Setting CVar [[r.DetailMode:2]]
[2019.05.29-12.40.40:151][  0]LogConfig: Setting CVar [[r.TranslucencyVolumeBlur:1]]
[2019.05.29-12.40.40:151][  0]LogConfig: Setting CVar [[r.MaterialQualityLevel:1 ; High quality]]
[2019.05.29-12.40.40:151][  0]LogConfig: Setting CVar [[r.SSS.Scale:1]]
[2019.05.29-12.40.40:151][  0]LogConfig: Setting CVar [[r.SSS.SampleSet:2]]
[2019.05.29-12.40.40:151][  0]LogConfig: Setting CVar [[r.SSS.Quality:1]]
[2019.05.29-12.40.40:151][  0]LogConfig: Setting CVar [[r.SSS.HalfRes:1]]
[2019.05.29-12.40.40:151][  0]LogConfig: Setting CVar [[r.EmitterSpawnRateScale:1.0]]
[2019.05.29-12.40.40:151][  0]LogConfig: Setting CVar [[r.ParticleLightQuality:2]]
[2019.05.29-12.40.40:151][  0]LogConfig: Applying CVar settings from Section [FoliageQuality@3] File [C:/Users/Administrator/Documents/N_Prototype4/Prototype4/Saved/Config/Windows/Scalability.ini]
[2019.05.29-12.40.40:151][  0]LogConfig: Setting CVar [[foliage.DensityScale:1.0]]
[2019.05.29-12.40.40:151][  0]LogConfig: Setting CVar [[grass.DensityScale:1.0]]
[2019.05.29-12.40.40:151][  0]LogConfig: Applying CVar settings from Section [Startup] File [../../../Engine/Config/ConsoleVariables.ini]
[2019.05.29-12.40.40:168][  0]LogConfig: Setting CVar [[net.UseAdaptiveNetUpdateFrequency:0]]
[2019.05.29-12.40.40:168][  0]LogConfig: Setting CVar [[p.chaos.AllowCreatePhysxBodies:1]]
[2019.05.29-12.40.40:168][  0]LogConfig: Applying CVar settings from Section [ConsoleVariables] File [C:/Users/Administrator/Documents/N_Prototype4/Prototype4/Saved/Config/Windows/Engine.ini]
[2019.05.29-12.40.40:201][  0]LogInit: Computer: HARRYFANHE
[2019.05.29-12.40.40:201][  0]LogInit: User: Administrator
[2019.05.29-12.40.40:201][  0]LogInit: CPU Page size=4096, Cores=2
[2019.05.29-12.40.40:201][  0]LogInit: High frequency timer resolution =2.533211 MHz
[2019.05.29-12.40.40:212][  0]LogMemory: Memory total: Physical=7.9GB (8GB approx)
[2019.05.29-12.40.40:212][  0]LogMemory: Platform Memory Stats for Windows
[2019.05.29-12.40.40:212][  0]LogMemory: Process Physical Memory: 97.63 MB used, 97.63 MB peak
[2019.05.29-12.40.40:212][  0]LogMemory: Process Virtual Memory: 95.81 MB used, 95.81 MB peak
[2019.05.29-12.40.40:212][  0]LogMemory: Physical Memory: 5242.26 MB used,  2876.04 MB free, 8118.29 MB total
[2019.05.29-12.40.40:213][  0]LogMemory: Virtual Memory: 515.52 MB used,  134217216.00 MB free, 134217728.00 MB total
[2019.05.29-12.40.41:309][  0]LogInit: Using OS detected language (zh-CN).
[2019.05.29-12.40.41:309][  0]LogInit: Using OS detected locale (zh-CN).
[2019.05.29-12.40.41:376][  0]LogTextLocalizationResource: LocRes '../../../Engine/Content/Localization/Editor/zh-Hans-CN/Editor.locres' could not be opened for reading!
[2019.05.29-12.40.41:376][  0]LogTextLocalizationResource: LocRes '../../../Engine/Content/Localization/EditorTutorials/zh-Hans-CN/EditorTutorials.locres' could not be opened for reading!
[2019.05.29-12.40.41:377][  0]LogTextLocalizationResource: LocRes '../../../Engine/Content/Localization/Keywords/zh-Hans-CN/Keywords.locres' could not be opened for reading!
[2019.05.29-12.40.41:378][  0]LogTextLocalizationResource: LocRes '../../../Engine/Content/Localization/Category/zh-Hans-CN/Category.locres' could not be opened for reading!
[2019.05.29-12.40.41:378][  0]LogTextLocalizationResource: LocRes '../../../Engine/Content/Localization/ToolTips/zh-Hans-CN/ToolTips.locres' could not be opened for reading!
[2019.05.29-12.40.41:379][  0]LogTextLocalizationResource: LocRes '../../../Engine/Content/Localization/PropertyNames/zh-Hans-CN/PropertyNames.locres' could not be opened for reading!
[2019.05.29-12.40.41:380][  0]LogTextLocalizationResource: LocRes '../../../Engine/Content/Localization/Engine/zh-Hans-CN/Engine.locres' could not be opened for reading!
[2019.05.29-12.40.41:380][  0]LogTextLocalizationResource: LocRes '../../../Engine/Plugins/Online/Android/OnlineSubsystemGooglePlay/Content/Localization/OnlineSubsystemGooglePlay/zh-Hans-CN/OnlineSubsystemGooglePlay.locres' could not be opened for reading!
[2019.05.29-12.40.41:381][  0]LogTextLocalizationResource: LocRes '../../../Engine/Plugins/Online/IOS/OnlineSubsystemIOS/Content/Localization/OnlineSubsystemIOS/zh-Hans-CN/OnlineSubsystemIOS.locres' could not be opened for reading!
[2019.05.29-12.40.41:381][  0]LogTextLocalizationResource: LocRes '../../../Engine/Plugins/Online/OnlineSubsystem/Content/Localization/OnlineSubsystem/zh-Hans-CN/OnlineSubsystem.locres' could not be opened for reading!
[2019.05.29-12.40.41:381][  0]LogTextLocalizationResource: LocRes '../../../Engine/Plugins/Online/OnlineSubsystemUtils/Content/Localization/OnlineSubsystemUtils/zh-Hans-CN/OnlineSubsystemUtils.locres' could not be opened for reading!
[2019.05.29-12.40.41:739][  0]LogTextLocalizationResource: LocRes '../../../Engine/Plugins/Online/Android/OnlineSubsystemGooglePlay/Content/Localization/OnlineSubsystemGooglePlay/zh-CN/OnlineSubsystemGooglePlay.locres' could not be opened for reading!
[2019.05.29-12.40.41:739][  0]LogTextLocalizationResource: LocRes '../../../Engine/Plugins/Online/IOS/OnlineSubsystemIOS/Content/Localization/OnlineSubsystemIOS/zh-CN/OnlineSubsystemIOS.locres' could not be opened for reading!
[2019.05.29-12.40.41:739][  0]LogTextLocalizationResource: LocRes '../../../Engine/Plugins/Online/OnlineSubsystem/Content/Localization/OnlineSubsystem/zh-CN/OnlineSubsystem.locres' could not be opened for reading!
[2019.05.29-12.40.41:740][  0]LogTextLocalizationResource: LocRes '../../../Engine/Plugins/Online/OnlineSubsystemUtils/Content/Localization/OnlineSubsystemUtils/zh-CN/OnlineSubsystemUtils.locres' could not be opened for reading!
[2019.05.29-12.40.41:740][  0]LogTextLocalizationResource: LocRes '../../../Engine/Content/Localization/Editor/zh-Hans/Editor.locres' could not be opened for reading!
[2019.05.29-12.40.41:741][  0]LogTextLocalizationResource: LocRes '../../../Engine/Content/Localization/EditorTutorials/zh-Hans/EditorTutorials.locres' could not be opened for reading!
[2019.05.29-12.40.41:741][  0]LogTextLocalizationResource: LocRes '../../../Engine/Content/Localization/Keywords/zh-Hans/Keywords.locres' could not be opened for reading!
[2019.05.29-12.40.41:742][  0]LogTextLocalizationResource: LocRes '../../../Engine/Content/Localization/Category/zh-Hans/Category.locres' could not be opened for reading!
[2019.05.29-12.40.41:742][  0]LogTextLocalizationResource: LocRes '../../../Engine/Content/Localization/ToolTips/zh-Hans/ToolTips.locres' could not be opened for reading!
[2019.05.29-12.40.41:742][  0]LogTextLocalizationResource: LocRes '../../../Engine/Content/Localization/PropertyNames/zh-Hans/PropertyNames.locres' could not be opened for reading!
[2019.05.29-12.40.41:743][  0]LogTextLocalizationResource: LocRes '../../../Engine/Content/Localization/Engine/zh-Hans/Engine.locres' could not be opened for reading!
[2019.05.29-12.40.41:792][  0]LogTextLocalizationResource: LocRes '../../../Engine/Content/Localization/Editor/zh/Editor.locres' could not be opened for reading!
[2019.05.29-12.40.41:792][  0]LogTextLocalizationResource: LocRes '../../../Engine/Content/Localization/EditorTutorials/zh/EditorTutorials.locres' could not be opened for reading!
[2019.05.29-12.40.41:793][  0]LogTextLocalizationResource: LocRes '../../../Engine/Content/Localization/Keywords/zh/Keywords.locres' could not be opened for reading!
[2019.05.29-12.40.41:793][  0]LogTextLocalizationResource: LocRes '../../../Engine/Content/Localization/Category/zh/Category.locres' could not be opened for reading!
[2019.05.29-12.40.41:793][  0]LogTextLocalizationResource: LocRes '../../../Engine/Content/Localization/ToolTips/zh/ToolTips.locres' could not be opened for reading!
[2019.05.29-12.40.41:794][  0]LogTextLocalizationResource: LocRes '../../../Engine/Content/Localization/PropertyNames/zh/PropertyNames.locres' could not be opened for reading!
[2019.05.29-12.40.41:794][  0]LogTextLocalizationResource: LocRes '../../../Engine/Content/Localization/Engine/zh/Engine.locres' could not be opened for reading!
[2019.05.29-12.40.41:794][  0]LogTextLocalizationResource: LocRes '../../../Engine/Plugins/Online/Android/OnlineSubsystemGooglePlay/Content/Localization/OnlineSubsystemGooglePlay/zh/OnlineSubsystemGooglePlay.locres' could not be opened for reading!
[2019.05.29-12.40.41:795][  0]LogTextLocalizationResource: LocRes '../../../Engine/Plugins/Online/IOS/OnlineSubsystemIOS/Content/Localization/OnlineSubsystemIOS/zh/OnlineSubsystemIOS.locres' could not be opened for reading!
[2019.05.29-12.40.41:795][  0]LogTextLocalizationResource: LocRes '../../../Engine/Plugins/Online/OnlineSubsystem/Content/Localization/OnlineSubsystem/zh/OnlineSubsystem.locres' could not be opened for reading!
[2019.05.29-12.40.41:796][  0]LogTextLocalizationResource: LocRes '../../../Engine/Plugins/Online/OnlineSubsystemUtils/Content/Localization/OnlineSubsystemUtils/zh/OnlineSubsystemUtils.locres' could not be opened for reading!
[2019.05.29-12.40.41:916][  0]LogInit: Setting process to per monitor DPI aware
[2019.05.29-12.40.42:743][  0]LogSlate: New Slate User Created.  User Index 0, Is Virtual User: 0
[2019.05.29-12.40.42:743][  0]LogSlate: Slate User Registered.  User Index 0, Is Virtual User: 0
[2019.05.29-12.40.44:101][  0]LogHMD: Failed to initialize OpenVR with code 110
[2019.05.29-12.40.44:101][  0]LogD3D11RHI: D3D11 adapters:
[2019.05.29-12.40.44:360][  0]LogD3D11RHI:    0. 'NVIDIA GeForce GTX 860M' (Feature Level 11_0)
[2019.05.29-12.40.44:361][  0]LogD3D11RHI:       2010/0/4059 MB DedicatedVideo/DedicatedSystem/SharedSystem, Outputs:1, VendorId:0x10de
[2019.05.29-12.40.44:382][  0]LogD3D11RHI:    1. 'Intel(R) HD Graphics 4600' (Feature Level 11_0)
[2019.05.29-12.40.44:382][  0]LogD3D11RHI:       112/0/2048 MB DedicatedVideo/DedicatedSystem/SharedSystem, Outputs:0, VendorId:0x8086
[2019.05.29-12.40.44:389][  0]LogD3D11RHI:    2. 'Microsoft Basic Render Driver' (Feature Level 11_0)
[2019.05.29-12.40.44:389][  0]LogD3D11RHI:       0/0/4059 MB DedicatedVideo/DedicatedSystem/SharedSystem, Outputs:0, VendorId:0x1414
[2019.05.29-12.40.44:389][  0]LogD3D11RHI: Chosen D3D11 Adapter: 0
[2019.05.29-12.40.44:419][  0]LogD3D11RHI: Creating new Direct3DDevice
[2019.05.29-12.40.44:419][  0]LogD3D11RHI:     GPU DeviceId: 0x1392 (for the marketing name, search the web for "GPU Device Id")
[2019.05.29-12.40.44:419][  0]LogWindows: EnumDisplayDevices:
[2019.05.29-12.40.44:420][  0]LogWindows:    0. 'Intel(R) HD Graphics 4600' (P:1 D:1)
[2019.05.29-12.40.44:424][  0]LogWindows:    1. 'Intel(R) HD Graphics 4600' (P:0 D:0)
[2019.05.29-12.40.44:428][  0]LogWindows:    2. 'Intel(R) HD Graphics 4600' (P:0 D:0)
[2019.05.29-12.40.44:431][  0]LogWindows: DebugString: PrimaryIsNotTheChoosenAdapter PrimaryIsNotTheChoosenAdapter PrimaryIsNotTheChoosenAdapter FoundDriverCount:0 
[2019.05.29-12.40.44:432][  0]LogD3D11RHI:     Adapter Name: NVIDIA GeForce GTX 860M
[2019.05.29-12.40.44:432][  0]LogD3D11RHI:   Driver Version: Unknown (internal:Unknown, unified:Unknown)
[2019.05.29-12.40.44:432][  0]LogD3D11RHI:      Driver Date: Unknown
[2019.05.29-12.40.44:432][  0]LogRHI: Texture pool is 1407 MB (70% of 2010 MB)
[2019.05.29-12.40.44:587][  0]LogD3D11RHI: Async texture creation enabled
[2019.05.29-12.40.44:837][  0]LogRendererCore: FGlobalReadBuffer::InitRHI
[2019.05.29-12.40.44:855][  0]LogRendererCore: FGlobalReadBuffer::InitRHI
[2019.05.29-12.40.44:855][  0]LogRendererCore: FGlobalReadBuffer::InitRHI
[2019.05.29-12.40.44:928][  0]LogD3D11RHI: GPU Timing Frequency: 1000.000000 (Debug: 2 2)
[2019.05.29-12.40.48:659][  0]LogTemp: Display: Module 'AllDesktopTargetPlatform' loaded TargetPlatform 'AllDesktop'
[2019.05.29-12.40.48:721][  0]LogTemp: Display: Module 'MacClientTargetPlatform' loaded TargetPlatform 'MacClient'
[2019.05.29-12.40.48:782][  0]LogTemp: Display: Module 'MacNoEditorTargetPlatform' loaded TargetPlatform 'MacNoEditor'
[2019.05.29-12.40.48:840][  0]LogTemp: Display: Module 'MacServerTargetPlatform' loaded TargetPlatform 'MacServer'
[2019.05.29-12.40.48:923][  0]LogTemp: Display: Module 'MacTargetPlatform' loaded TargetPlatform 'Mac'
[2019.05.29-12.40.49:027][  0]LogTemp: Display: Module 'WindowsClientTargetPlatform' loaded TargetPlatform 'WindowsClient'
[2019.05.29-12.40.49:105][  0]LogTemp: Display: Module 'WindowsNoEditorTargetPlatform' loaded TargetPlatform 'WindowsNoEditor'
[2019.05.29-12.40.49:183][  0]LogTemp: Display: Module 'WindowsServerTargetPlatform' loaded TargetPlatform 'WindowsServer'
[2019.05.29-12.40.49:226][  0]LogTemp: Display: Module 'WindowsTargetPlatform' loaded TargetPlatform 'Windows'
[2019.05.29-12.40.49:674][  0]LogTemp: Display: Module 'AndroidTargetPlatform' loaded TargetPlatform 'Android'
[2019.05.29-12.40.49:674][  0]LogTemp: Display: Module 'AndroidTargetPlatform' loaded TargetPlatform 'Android_ASTC'
[2019.05.29-12.40.49:674][  0]LogTemp: Display: Module 'AndroidTargetPlatform' loaded TargetPlatform 'Android_ATC'
[2019.05.29-12.40.49:674][  0]LogTemp: Display: Module 'AndroidTargetPlatform' loaded TargetPlatform 'Android_DXT'
[2019.05.29-12.40.49:674][  0]LogTemp: Display: Module 'AndroidTargetPlatform' loaded TargetPlatform 'Android_ETC1'
[2019.05.29-12.40.49:674][  0]LogTemp: Display: Module 'AndroidTargetPlatform' loaded TargetPlatform 'Android_ETC1a'
[2019.05.29-12.40.49:674][  0]LogTemp: Display: Module 'AndroidTargetPlatform' loaded TargetPlatform 'Android_ETC2'
[2019.05.29-12.40.49:674][  0]LogTemp: Display: Module 'AndroidTargetPlatform' loaded TargetPlatform 'Android_PVRTC'
[2019.05.29-12.40.49:675][  0]LogTemp: Display: Module 'AndroidTargetPlatform' loaded TargetPlatform 'AndroidClient'
[2019.05.29-12.40.49:675][  0]LogTemp: Display: Module 'AndroidTargetPlatform' loaded TargetPlatform 'Android_ASTCClient'
[2019.05.29-12.40.49:675][  0]LogTemp: Display: Module 'AndroidTargetPlatform' loaded TargetPlatform 'Android_ATCClient'
[2019.05.29-12.40.49:675][  0]LogTemp: Display: Module 'AndroidTargetPlatform' loaded TargetPlatform 'Android_DXTClient'
[2019.05.29-12.40.49:675][  0]LogTemp: Display: Module 'AndroidTargetPlatform' loaded TargetPlatform 'Android_ETC1Client'
[2019.05.29-12.40.49:675][  0]LogTemp: Display: Module 'AndroidTargetPlatform' loaded TargetPlatform 'Android_ETC1aClient'
[2019.05.29-12.40.49:675][  0]LogTemp: Display: Module 'AndroidTargetPlatform' loaded TargetPlatform 'Android_ETC2Client'
[2019.05.29-12.40.49:675][  0]LogTemp: Display: Module 'AndroidTargetPlatform' loaded TargetPlatform 'Android_PVRTCClient'
[2019.05.29-12.40.49:675][  0]LogTemp: Display: Module 'AndroidTargetPlatform' loaded TargetPlatform 'Android_Multi'
[2019.05.29-12.40.49:675][  0]LogTemp: Display: Module 'AndroidTargetPlatform' loaded TargetPlatform 'Android_MultiClient'
[2019.05.29-12.40.49:723][  0]LogTemp: Display: Module 'HTML5TargetPlatform' loaded TargetPlatform 'HTML5'
[2019.05.29-12.40.50:043][  0]LogTemp: Display: Module 'IOSTargetPlatform' loaded TargetPlatform 'IOSClient'
[2019.05.29-12.40.50:043][  0]LogTemp: Display: Module 'IOSTargetPlatform' loaded TargetPlatform 'IOS'
[2019.05.29-12.40.50:184][  0]LogTemp: Display: Module 'TVOSTargetPlatform' loaded TargetPlatform 'TVOSClient'
[2019.05.29-12.40.50:184][  0]LogTemp: Display: Module 'TVOSTargetPlatform' loaded TargetPlatform 'TVOS'
[2019.05.29-12.40.50:278][  0]LogTemp: Display: Module 'LinuxClientTargetPlatform' loaded TargetPlatform 'LinuxClient'
[2019.05.29-12.40.50:363][  0]LogTemp: Display: Module 'LinuxNoEditorTargetPlatform' loaded TargetPlatform 'LinuxNoEditor'
[2019.05.29-12.40.50:433][  0]LogTemp: Display: Module 'LinuxServerTargetPlatform' loaded TargetPlatform 'LinuxServer'
[2019.05.29-12.40.50:543][  0]LogTemp: Display: Module 'LinuxTargetPlatform' loaded TargetPlatform 'Linux'
[2019.05.29-12.40.50:821][  0]LogTemp: Display: Module 'LuminTargetPlatform' loaded TargetPlatform 'Lumin'
[2019.05.29-12.40.50:821][  0]LogTemp: Display: Module 'LuminTargetPlatform' loaded TargetPlatform 'LuminClient'
[2019.05.29-12.40.50:821][  0]LogTargetPlatformManager: Display: Building Assets For Windows
[2019.05.29-12.40.51:219][  0]LogAudioDebug: Display: Lib vorbis DLL was dynamically loaded.
[2019.05.29-12.40.52:818][  0]LogShaderCompilers: Guid format shader working directory is -3 characters bigger than the processId version (C:/Users/Administrator/Documents/N_Prototype4/Prototype4/Intermediate/Shaders/WorkingDirectory/12032/).
[2019.05.29-12.40.52:819][  0]LogShaderCompilers: Cleaned the shader compiler working directory 'C:/Users/Administrator/AppData/Local/Temp/UnrealShaderWorkingDir/F20E498241F7A984153564992F3960C4/'.
[2019.05.29-12.40.52:848][  0]LogXGEController: Cleaning working directory: C:/Users/Administrator/AppData/Local/Temp/UnrealXGEWorkingDir/
[2019.05.29-12.40.52:851][  0]LogXGEController: Cannot use XGE Controller as Incredibuild is not installed on this machine.
[2019.05.29-12.40.52:852][  0]LogShaderCompilers: Cannot use XGE Shader Compiler as Incredibuild is not installed on this machine.
[2019.05.29-12.40.52:852][  0]LogShaderCompilers: Display: Using Local Shader Compiler.
[2019.05.29-12.40.57:486][  0]LogDerivedDataCache: Display: Max Cache Size: 512 MB
[2019.05.29-12.40.57:816][  0]LogDerivedDataCache: Loaded boot cache 0.33s 71MB C:/Users/Administrator/AppData/Local/UnrealEngine/4.22/DerivedDataCache/Boot.ddc.
[2019.05.29-12.40.57:816][  0]LogDerivedDataCache: Display: Loaded Boot cache: C:/Users/Administrator/AppData/Local/UnrealEngine/4.22/DerivedDataCache/Boot.ddc
[2019.05.29-12.40.57:817][  0]LogDerivedDataCache: FDerivedDataBackendGraph:  Pak pak cache file C:/Users/Administrator/Documents/N_Prototype4/Prototype4/DerivedDataCache/DDC.ddp not found, will not use a pak cache.
[2019.05.29-12.40.57:817][  0]LogDerivedDataCache: Unable to find inner node Pak for hierarchical cache Hierarchy.
[2019.05.29-12.40.57:817][  0]LogDerivedDataCache: FDerivedDataBackendGraph:  CompressedPak pak cache file C:/Users/Administrator/Documents/N_Prototype4/Prototype4/DerivedDataCache/Compressed.ddp not found, will not use a pak cache.
[2019.05.29-12.40.57:817][  0]LogDerivedDataCache: Unable to find inner node CompressedPak for hierarchical cache Hierarchy.
[2019.05.29-12.40.57:943][  0]LogDerivedDataCache: Display: Pak cache opened for reading ../../../Engine/DerivedDataCache/Compressed.ddp.
[2019.05.29-12.40.57:943][  0]LogDerivedDataCache: FDerivedDataBackendGraph:  EnterprisePak pak cache file ../../../Enterprise/DerivedDataCache/Compressed.ddp not found, will not use a pak cache.
[2019.05.29-12.40.57:943][  0]LogDerivedDataCache: Unable to find inner node EnterprisePak for hierarchical cache Hierarchy.
[2019.05.29-12.40.57:968][  0]LogDerivedDataCache: Using Local data cache path C:/Users/Administrator/AppData/Local/UnrealEngine/Common/DerivedDataCache: Writable
[2019.05.29-12.40.57:968][  0]LogDerivedDataCache: Shared data cache path not found in *engine.ini, will not use an Shared cache.
[2019.05.29-12.40.57:968][  0]LogDerivedDataCache: Unable to find inner node Shared for hierarchical cache Hierarchy.
[2019.05.29-12.40.58:261][  0]LogMaterial: Verifying Global Shaders for PCD3D_SM5
[2019.05.29-12.40.58:457][  0]LogSlate: Using FreeType 2.6.0
[2019.05.29-12.40.58:639][  0]LogSlate: SlateFontServices - WITH_FREETYPE: 1, WITH_HARFBUZZ: 1
[2019.05.29-12.40.59:937][  0]LogAssetRegistry: FAssetRegistry took 0.1913 seconds to start up
[2019.05.29-12.41.06:736][  0]LogInit: Selected Device Profile: [Windows]
[2019.05.29-12.41.10:452][  0]LogMeshReduction: Using QuadricMeshReduction for automatic static mesh reduction
[2019.05.29-12.41.10:452][  0]LogMeshReduction: Using SimplygonMeshReduction for automatic skeletal mesh reduction
[2019.05.29-12.41.10:452][  0]LogMeshReduction: Using ProxyLODMeshReduction for automatic mesh merging
[2019.05.29-12.41.10:452][  0]LogMeshReduction: No distributed automatic mesh merging module available
[2019.05.29-12.41.10:461][  0]LogMeshMerging: No distributed automatic mesh merging module available
[2019.05.29-12.41.10:924][  0]LogNetVersion: Prototype4 1.0.0, NetCL: 5660361, EngineNetVer: 10, GameNetVer: 0 (Checksum: 2674950334)
[2019.05.29-12.41.18:223][  0]LogPackageLocalizationCache: Processed 11 localized package path(s) for 4 prioritized culture(s) in 0.612139 seconds
[2019.05.29-12.41.18:300][  0]LogUObjectArray: 42205 objects as part of root set at end of initial load.
[2019.05.29-12.41.18:300][  0]LogUObjectAllocator: 7325032 out of 0 bytes used by permanent object pool.
[2019.05.29-12.41.18:300][  0]LogUObjectArray: CloseDisregardForGC: 0/0 objects in disregard for GC pool
[2019.05.29-12.41.36:816][  0]LogTcpMessaging: Initializing TcpMessaging bridge
[2019.05.29-12.41.36:911][  0]LogUdpMessaging: Initializing bridge on interface 0.0.0.0:0 to multicast group 230.0.0.1:6666.
[2019.05.29-12.41.39:300][  0]SourceControl: 源码控制已禁用
[2019.05.29-12.41.39:307][  0]SourceControl: 源码控制已禁用
[2019.05.29-12.41.39:389][  0]SourceControl: 源码控制已禁用
[2019.05.29-12.41.39:429][  0]SourceControl: 源码控制已禁用
[2019.05.29-12.41.42:546][  0]LogAndroidPermission: UAndroidPermissionCallbackProxy::GetInstance
[2019.05.29-12.41.44:312][  0]LogOcInput: OculusInput pre-init called
[2019.05.29-12.41.49:315][  0]LogEngine: Initializing Engine...
[2019.05.29-12.41.49:419][  0]LogHMD: Failed to initialize OpenVR with code 110
[2019.05.29-12.41.49:462][  0]LogStats: UGameplayTagsManager::InitializeManager -  0.003 s
[2019.05.29-12.41.50:593][  0]LogInit: Initializing FReadOnlyCVARCache
[2019.05.29-12.41.51:344][  0]LogAIModule: Creating AISystem for world Untitled
[2019.05.29-12.41.51:655][  0]LogInit: XAudio2 using '扬声器 (Realtek High Definition Audio)' : 2 channels at 48 kHz using 32 bits per sample (channel mask 0x3)
[2019.05.29-12.41.51:834][  0]LogInit: FAudioDevice initialized.
[2019.05.29-12.41.51:841][  0]LogNetVersion: Set ProjectVersion to 1.0.0.0. Version Checksum will be recalculated on next use.
[2019.05.29-12.41.51:994][  0]LogDerivedDataCache: Saved boot cache 0.15s 71MB C:/Users/Administrator/AppData/Local/UnrealEngine/4.22/DerivedDataCache/Boot.ddc.
[2019.05.29-12.41.51:995][  0]LogInit: Texture streaming: Enabled
[2019.05.29-12.41.52:347][  0]LogEngineSessionManager: EngineSessionManager initialized
[2019.05.29-12.41.52:348][  0]LogEngineSessionManager: EngineSessionManager sent abnormal shutdown report. Type=AbnormalShutdown, SessionId={B2671543-463C-0D29-A8C9-A19138D94323}
[2019.05.29-12.41.52:916][  0]LogInit: Transaction tracking system initialized
[2019.05.29-12.41.53:623][  0]BlueprintLog: New page: 编辑器加载
[2019.05.29-12.41.55:875][  0]LocalizationService: 本地化服务已禁用
[2019.05.29-12.41.59:882][  0]LogCook: Display: Max memory allowance for cook 16384mb min free memory 0mb
[2019.05.29-12.41.59:913][  0]LogCook: Display: Mobile HDR setting 1
[2019.05.29-12.42.00:261][  0]LogFileCache: Scanning file cache for directory 'C:/Users/Administrator/Documents/N_Prototype4/Prototype4/Content/' took 0.35s
[2019.05.29-12.42.05:335][  0]SourceControl: 源码控制已禁用
[2019.05.29-12.42.05:387][  0]Cmd: MAP LOAD FILE="C:/Users/Administrator/Documents/N_Prototype4/Prototype4/Content/ThirdPersonBP/Maps/ThirdPersonExampleMap.umap" TEMPLATE=0 SHOWPROGRESS=1 FEATURELEVEL=3
[2019.05.29-12.42.05:448][  0]LightingResults: New page: 光照构建
[2019.05.29-12.42.05:743][  0]MapCheck: New page: 地图检测
[2019.05.29-12.42.05:743][  0]LightingResults: New page: 光照构建
[2019.05.29-12.42.18:309][  0]LogUObjectHash: Compacting FUObjectHashTables data took  15.00ms
[2019.05.29-12.42.22:232][  0]LogTexture: Display: 正在编译纹理：type_21（AutoDXT、512X512）
[2019.05.29-12.42.22:232][  0]LogTexture: Display: 正在编译纹理：type_25（AutoDXT、512X512）
[2019.05.29-12.42.22:232][  0]LogMaterial: Display: Missing cached shader map for material M_Sword_trail, compiling. 
[2019.05.29-12.42.22:938][  0]LogTexture: Display: 正在编译纹理：T_Blood_N（BC5、1024X1024）
[2019.05.29-12.42.23:411][  0]LogTexture: Display: 正在编译纹理：type_07（AutoDXT、512X512）
[2019.05.29-12.42.23:411][  0]LogTexture: Display: 正在编译纹理：T_Blood（AutoDXT、1024X1024）
[2019.05.29-12.42.24:372][  0]LogTexture: Display: 正在编译纹理：type_02（AutoDXT、512X512）
[2019.05.29-12.42.24:372][  0]LogMaterial: Display: Missing cached shader map for material M_blood, compiling. 
[2019.05.29-12.42.24:732][  0]LogTexture: Display: 正在编译纹理：mask（AutoDXT、512X512）
[2019.05.29-12.42.24:733][  0]LogTexture: Display: 正在编译纹理：flow_24（AutoDXT、512X512）
[2019.05.29-12.42.24:733][  0]LogMaterial: Display: Missing cached shader map for material M_bossSowrd_trail, compiling. 
[2019.05.29-12.42.24:761][  0]LogAnimationCompression: Building Anim DDC data for AnimSequence /Game/Boss/BossAttacks/Boss1HeavyHit.Boss1HeavyHit
[2019.05.29-12.42.24:768][  0]LogAnimationCompression: Recompressing (AnimSequence /Game/Boss/BossAttacks/Boss1HeavyHit.Boss1HeavyHit) using current/default (AnimCompress_BitwiseCompressOnly_0) bFirstRecompressUsingCurrentOrDefault(1) bTryAlternateCompressor(0) IsCompressedDataValid(0)
[2019.05.29-12.42.24:804][  0]LogAnimationCompression: Building Anim DDC data for AnimSequence /Game/Player/NewAnimation/Forward_Dodge.Forward_Dodge
[2019.05.29-12.42.24:805][  0]LogAnimationCompression: Recompressing (AnimSequence /Game/Player/NewAnimation/Forward_Dodge.Forward_Dodge) using current/default (AnimCompress_BitwiseCompressOnly_0) bFirstRecompressUsingCurrentOrDefault(1) bTryAlternateCompressor(0) IsCompressedDataValid(0)
[2019.05.29-12.42.24:808][  0]LogAnimationCompression: Building Anim DDC data for AnimSequence /Game/Player/NewAnimation/CharacterGettingAttack.CharacterGettingAttack
[2019.05.29-12.42.24:808][  0]LogAnimationCompression: Recompressing (AnimSequence /Game/Player/NewAnimation/CharacterGettingAttack.CharacterGettingAttack) using current/default (AnimCompress_BitwiseCompressOnly_0) bFirstRecompressUsingCurrentOrDefault(1) bTryAlternateCompressor(0) IsCompressedDataValid(0)
[2019.05.29-12.42.24:810][  0]LogAnimationCompression: Building Anim DDC data for AnimSequence /Game/Player/NewAnimation/Back_Dodge.Back_Dodge
[2019.05.29-12.42.24:811][  0]LogAnimationCompression: Recompressing (AnimSequence /Game/Player/NewAnimation/Back_Dodge.Back_Dodge) using current/default (AnimCompress_BitwiseCompressOnly_1) bFirstRecompressUsingCurrentOrDefault(1) bTryAlternateCompressor(0) IsCompressedDataValid(0)
[2019.05.29-12.42.24:814][  0]LogAnimationCompression: Building Anim DDC data for AnimSequence /Game/Player/Animation/CharacterSideDodge2.CharacterSideDodge2
[2019.05.29-12.42.24:815][  0]LogAnimationCompression: Recompressing (AnimSequence /Game/Player/Animation/CharacterSideDodge2.CharacterSideDodge2) using current/default (AnimCompress_BitwiseCompressOnly_0) bFirstRecompressUsingCurrentOrDefault(1) bTryAlternateCompressor(0) IsCompressedDataValid(0)
[2019.05.29-12.42.24:816][  0]LogAnimationCompression: Building Anim DDC data for AnimSequence /Game/Player/Animation/CharacterSideDodge1.CharacterSideDodge1
[2019.05.29-12.42.24:817][  0]LogAnimationCompression: Recompressing (AnimSequence /Game/Player/Animation/CharacterSideDodge1.CharacterSideDodge1) using current/default (AnimCompress_BitwiseCompressOnly_0) bFirstRecompressUsingCurrentOrDefault(1) bTryAlternateCompressor(0) IsCompressedDataValid(0)
[2019.05.29-12.42.24:820][  0]LogAnimationCompression: Building Anim DDC data for AnimSequence /Game/Player/Animation/CharacterDeflect.CharacterDeflect
[2019.05.29-12.42.24:820][  0]LogAnimationCompression: Recompressing (AnimSequence /Game/Player/Animation/CharacterDeflect.CharacterDeflect) using current/default (AnimCompress_BitwiseCompressOnly_0) bFirstRecompressUsingCurrentOrDefault(1) bTryAlternateCompressor(0) IsCompressedDataValid(0)
[2019.05.29-12.42.24:824][  0]LogAnimationCompression: Building Anim DDC data for AnimSequence /Game/Animetion/Skill2.Skill2
[2019.05.29-12.42.24:824][  0]LogAnimationCompression: Recompressing (AnimSequence /Game/Animetion/Skill2.Skill2) using current/default (AnimCompress_BitwiseCompressOnly_0) bFirstRecompressUsingCurrentOrDefault(1) bTryAlternateCompressor(0) IsCompressedDataValid(0)
[2019.05.29-12.42.24:830][  0]LogAnimationCompression: Building Anim DDC data for AnimSequence /Game/Animetion/Skill1.Skill1
[2019.05.29-12.42.24:830][  0]LogAnimationCompression: Recompressing (AnimSequence /Game/Animetion/Skill1.Skill1) using current/default (AnimCompress_BitwiseCompressOnly_0) bFirstRecompressUsingCurrentOrDefault(1) bTryAlternateCompressor(0) IsCompressedDataValid(0)
[2019.05.29-12.42.24:835][  0]LogAnimationCompression: Building Anim DDC data for AnimSequence /Game/Animetion/Healing.Healing
[2019.05.29-12.42.24:835][  0]LogAnimationCompression: Recompressing (AnimSequence /Game/Animetion/Healing.Healing) using current/default (AnimCompress_BitwiseCompressOnly_0) bFirstRecompressUsingCurrentOrDefault(1) bTryAlternateCompressor(0) IsCompressedDataValid(0)
[2019.05.29-12.42.24:838][  0]LogAnimationCompression: Building Anim DDC data for AnimSequence /Game/Animetion/CharacterAttack3.CharacterAttack3
[2019.05.29-12.42.24:838][  0]LogAnimationCompression: Recompressing (AnimSequence /Game/Animetion/CharacterAttack3.CharacterAttack3) using current/default (AnimCompress_BitwiseCompressOnly_1) bFirstRecompressUsingCurrentOrDefault(1) bTryAlternateCompressor(0) IsCompressedDataValid(0)
[2019.05.29-12.42.24:841][  0]LogAnimationCompression: Building Anim DDC data for AnimSequence /Game/Animetion/CharacterAttack2.CharacterAttack2
[2019.05.29-12.42.24:841][  0]LogAnimationCompression: Recompressing (AnimSequence /Game/Animetion/CharacterAttack2.CharacterAttack2) using current/default (AnimCompress_BitwiseCompressOnly_1) bFirstRecompressUsingCurrentOrDefault(1) bTryAlternateCompressor(0) IsCompressedDataValid(0)
[2019.05.29-12.42.25:654][  0]LogTexture: Display: 正在编译纹理：flow_01（AutoDXT、512X512）
[2019.05.29-12.42.25:654][  0]LogTexture: Display: 正在编译纹理：tsuba_Roughness（AutoDXT、1024X1024）
[2019.05.29-12.42.25:654][  0]LogMaterial: Display: Missing cached shader map for material M_Sword_trail2, compiling. 
[2019.05.29-12.42.25:688][  0]LogAnimationCompression: Building Anim DDC data for AnimSequence /Game/Animetion/CharacterAttack1.CharacterAttack1
[2019.05.29-12.42.25:689][  0]LogAnimationCompression: Recompressing (AnimSequence /Game/Animetion/CharacterAttack1.CharacterAttack1) using current/default (AnimCompress_BitwiseCompressOnly_1) bFirstRecompressUsingCurrentOrDefault(1) bTryAlternateCompressor(0) IsCompressedDataValid(0)
[2019.05.29-12.42.27:201][  0]LogTexture: Display: 正在编译纹理：tsuba_Normal_DirectX（BC5、1024X1024）
[2019.05.29-12.42.27:201][  0]LogTexture: Display: 正在编译纹理：tsuba_Mixed_AO（AutoDXT、1024X1024）
[2019.05.29-12.42.27:201][  0]LogTexture: Display: 正在编译纹理：tsuba_Metallic（AutoDXT、1024X1024）
[2019.05.29-12.42.27:202][  0]LogTexture: Display: 正在编译纹理：tsuba_Base_Color（AutoDXT、1024X1024）
[2019.05.29-12.42.27:202][  0]LogTexture: Display: 正在编译纹理：main_Roughness（AutoDXT、1024X1024）
[2019.05.29-12.42.27:202][  0]LogMaterial: Display: Missing cached shader map for material katana_tusba, compiling. 
[2019.05.29-12.42.27:330][  0]LogTexture: Display: 正在编译纹理：main_Normal_DirectX（BC5、1024X1024）
[2019.05.29-12.42.27:331][  0]LogAnimationCompression: Building Anim DDC data for AnimSequence /Game/Boss/BossMoves/Boss1Death.Boss1Death
[2019.05.29-12.42.27:331][  0]LogAnimationCompression: Recompressing (AnimSequence /Game/Boss/BossMoves/Boss1Death.Boss1Death) using current/default (AnimCompress_BitwiseCompressOnly_0) bFirstRecompressUsingCurrentOrDefault(1) bTryAlternateCompressor(0) IsCompressedDataValid(0)
[2019.05.29-12.42.27:353][  0]LogAnimationCompression: Building Anim DDC data for AnimSequence /Game/Boss/BossMoves/Boss1Walk.Boss1Walk
[2019.05.29-12.42.27:353][  0]LogAnimationCompression: Recompressing (AnimSequence /Game/Boss/BossMoves/Boss1Walk.Boss1Walk) using current/default (AnimCompress_BitwiseCompressOnly_0) bFirstRecompressUsingCurrentOrDefault(1) bTryAlternateCompressor(0) IsCompressedDataValid(0)
[2019.05.29-12.42.27:356][  0]LogAnimationCompression: Building Anim DDC data for AnimSequence /Game/Boss/BossMoves/Boss1Idle.Boss1Idle
[2019.05.29-12.42.27:356][  0]LogAnimationCompression: Recompressing (AnimSequence /Game/Boss/BossMoves/Boss1Idle.Boss1Idle) using current/default (AnimCompress_BitwiseCompressOnly_0) bFirstRecompressUsingCurrentOrDefault(1) bTryAlternateCompressor(0) IsCompressedDataValid(0)
[2019.05.29-12.42.27:359][  0]LogAnimationCompression: Building Anim DDC data for AnimSequence /Game/Player/NewAnimation/Blocking_Idle.Blocking_Idle
[2019.05.29-12.42.27:359][  0]LogAnimationCompression: Recompressing (AnimSequence /Game/Player/NewAnimation/Blocking_Idle.Blocking_Idle) using current/default (AnimCompress_BitwiseCompressOnly_0) bFirstRecompressUsingCurrentOrDefault(1) bTryAlternateCompressor(0) IsCompressedDataValid(0)
[2019.05.29-12.42.27:362][  0]LogAnimationCompression: Building Anim DDC data for AnimSequence /Game/Player/NewAnimation/Block_Release.Block_Release
[2019.05.29-12.42.27:362][  0]LogAnimationCompression: Recompressing (AnimSequence /Game/Player/NewAnimation/Block_Release.Block_Release) using current/default (AnimCompress_BitwiseCompressOnly_0) bFirstRecompressUsingCurrentOrDefault(1) bTryAlternateCompressor(0) IsCompressedDataValid(0)
[2019.05.29-12.42.27:366][  0]LogAnimationCompression: Building Anim DDC data for AnimSequence /Game/Player/NewAnimation/Block.Block
[2019.05.29-12.42.27:367][  0]LogAnimationCompression: Recompressing (AnimSequence /Game/Player/NewAnimation/Block.Block) using current/default (AnimCompress_BitwiseCompressOnly_0) bFirstRecompressUsingCurrentOrDefault(1) bTryAlternateCompressor(0) IsCompressedDataValid(0)
[2019.05.29-12.42.27:373][  0]LogAnimationCompression: Building Anim DDC data for AnimSequence /Game/Boss/BossMoves/Boss1BackDodge.Boss1BackDodge
[2019.05.29-12.42.27:373][  0]LogAnimationCompression: Recompressing (AnimSequence /Game/Boss/BossMoves/Boss1BackDodge.Boss1BackDodge) using current/default (AnimCompress_BitwiseCompressOnly_0) bFirstRecompressUsingCurrentOrDefault(1) bTryAlternateCompressor(0) IsCompressedDataValid(0)
[2019.05.29-12.42.27:375][  0]LogAnimationCompression: Building Anim DDC data for AnimSequence /Game/Boss/BossAttacks/Boss1Stap2.Boss1Stap2
[2019.05.29-12.42.27:375][  0]LogAnimationCompression: Recompressing (AnimSequence /Game/Boss/BossAttacks/Boss1Stap2.Boss1Stap2) using current/default (AnimCompress_BitwiseCompressOnly_0) bFirstRecompressUsingCurrentOrDefault(1) bTryAlternateCompressor(0) IsCompressedDataValid(0)
[2019.05.29-12.42.27:377][  0]LogAnimationCompression: Building Anim DDC data for AnimSequence /Game/Boss/BossAttacks/Boss1Punch.Boss1Punch
[2019.05.29-12.42.27:377][  0]LogAnimationCompression: Recompressing (AnimSequence /Game/Boss/BossAttacks/Boss1Punch.Boss1Punch) using current/default (AnimCompress_BitwiseCompressOnly_0) bFirstRecompressUsingCurrentOrDefault(1) bTryAlternateCompressor(0) IsCompressedDataValid(0)
[2019.05.29-12.42.27:380][  0]LogAnimationCompression: Building Anim DDC data for AnimSequence /Game/Boss/BossMoves/Boss1Stunned.Boss1Stunned
[2019.05.29-12.42.27:380][  0]LogAnimationCompression: Recompressing (AnimSequence /Game/Boss/BossMoves/Boss1Stunned.Boss1Stunned) using current/default (AnimCompress_BitwiseCompressOnly_0) bFirstRecompressUsingCurrentOrDefault(1) bTryAlternateCompressor(0) IsCompressedDataValid(0)
[2019.05.29-12.42.27:382][  0]LogAnimationCompression: Building Anim DDC data for AnimSequence /Game/Boss/BossMoves/Boss1DodgeRight.Boss1DodgeRight
[2019.05.29-12.42.27:382][  0]LogAnimationCompression: Recompressing (AnimSequence /Game/Boss/BossMoves/Boss1DodgeRight.Boss1DodgeRight) using current/default (AnimCompress_BitwiseCompressOnly_0) bFirstRecompressUsingCurrentOrDefault(1) bTryAlternateCompressor(0) IsCompressedDataValid(0)
[2019.05.29-12.42.27:384][  0]LogAnimationCompression: Building Anim DDC data for AnimSequence /Game/Boss/BossMoves/Boss1DodgeLeft.Boss1DodgeLeft
[2019.05.29-12.42.27:384][  0]LogAnimationCompression: Recompressing (AnimSequence /Game/Boss/BossMoves/Boss1DodgeLeft.Boss1DodgeLeft) using current/default (AnimCompress_BitwiseCompressOnly_0) bFirstRecompressUsingCurrentOrDefault(1) bTryAlternateCompressor(0) IsCompressedDataValid(0)
[2019.05.29-12.42.27:386][  0]LogAnimationCompression: Building Anim DDC data for AnimSequence /Game/Boss/BossSpeicalAttacks/Boss1JumpStap.Boss1JumpStap
[2019.05.29-12.42.27:386][  0]LogAnimationCompression: Recompressing (AnimSequence /Game/Boss/BossSpeicalAttacks/Boss1JumpStap.Boss1JumpStap) using current/default (AnimCompress_BitwiseCompressOnly_0) bFirstRecompressUsingCurrentOrDefault(1) bTryAlternateCompressor(0) IsCompressedDataValid(0)
[2019.05.29-12.42.27:388][  0]LogAnimationCompression: Building Anim DDC data for AnimSequence /Game/Boss/BossSpeicalAttacks/Boss1JumpSlash.Boss1JumpSlash
[2019.05.29-12.42.27:388][  0]LogAnimationCompression: Recompressing (AnimSequence /Game/Boss/BossSpeicalAttacks/Boss1JumpSlash.Boss1JumpSlash) using current/default (AnimCompress_BitwiseCompressOnly_0) bFirstRecompressUsingCurrentOrDefault(1) bTryAlternateCompressor(0) IsCompressedDataValid(0)
[2019.05.29-12.42.27:392][  0]LogAnimationCompression: Building Anim DDC data for AnimSequence /Game/Boss/BossMoves/Boss1TakingDamage.Boss1TakingDamage
[2019.05.29-12.42.27:393][  0]LogAnimationCompression: Recompressing (AnimSequence /Game/Boss/BossMoves/Boss1TakingDamage.Boss1TakingDamage) using current/default (AnimCompress_BitwiseCompressOnly_0) bFirstRecompressUsingCurrentOrDefault(1) bTryAlternateCompressor(0) IsCompressedDataValid(0)
[2019.05.29-12.42.27:395][  0]LogAnimationCompression: Building Anim DDC data for AnimSequence /Game/Boss/BossSpeicalAttacks/Boss1Stap.Boss1Stap
[2019.05.29-12.42.27:395][  0]LogAnimationCompression: Recompressing (AnimSequence /Game/Boss/BossSpeicalAttacks/Boss1Stap.Boss1Stap) using current/default (AnimCompress_BitwiseCompressOnly_0) bFirstRecompressUsingCurrentOrDefault(1) bTryAlternateCompressor(0) IsCompressedDataValid(0)
[2019.05.29-12.42.27:397][  0]LogAnimationCompression: Building Anim DDC data for AnimSequence /Game/Boss/BossSpeicalAttacks/Boss1KickCombo_NotFoward_.Boss1KickCombo_NotFoward_
[2019.05.29-12.42.27:397][  0]LogAnimationCompression: Recompressing (AnimSequence /Game/Boss/BossSpeicalAttacks/Boss1KickCombo_NotFoward_.Boss1KickCombo_NotFoward_) using current/default (AnimCompress_BitwiseCompressOnly_0) bFirstRecompressUsingCurrentOrDefault(1) bTryAlternateCompressor(0) IsCompressedDataValid(0)
[2019.05.29-12.42.27:401][  0]LogAnimationCompression: Building Anim DDC data for AnimSequence /Game/Boss/BossSpeicalAttacks/Boss1Jumpwindslash-step_1.Boss1Jumpwindslash-step_1
[2019.05.29-12.42.27:401][  0]LogAnimationCompression: Recompressing (AnimSequence /Game/Boss/BossSpeicalAttacks/Boss1Jumpwindslash-step_1.Boss1Jumpwindslash-step_1) using current/default (AnimCompress_BitwiseCompressOnly_0) bFirstRecompressUsingCurrentOrDefault(1) bTryAlternateCompressor(0) IsCompressedDataValid(0)
[2019.05.29-12.42.27:405][  0]LogAnimationCompression: Building Anim DDC data for AnimSequence /Game/Boss/BossSpeicalAttacks/Boss1WindSlash.Boss1WindSlash
[2019.05.29-12.42.27:406][  0]LogAnimationCompression: Recompressing (AnimSequence /Game/Boss/BossSpeicalAttacks/Boss1WindSlash.Boss1WindSlash) using current/default (AnimCompress_BitwiseCompressOnly_0) bFirstRecompressUsingCurrentOrDefault(1) bTryAlternateCompressor(0) IsCompressedDataValid(0)
[2019.05.29-12.42.27:486][  0]LogMaterial: Display: Missing cached shader map for material lambert1, compiling. 
[2019.05.29-12.42.27:598][  0]LogSkeletalMesh: Building Skeletal Mesh Character...
[2019.05.29-12.42.27:730][  0]LogTexture: Display: 正在编译纹理：main_Mixed_AO（AutoDXT、1024X1024）
[2019.05.29-12.42.27:730][  0]LogSkeletalMesh: Built Skeletal Mesh [0.13s] /Game/Player/Character.Character
[2019.05.29-12.42.29:860][  0]LogTexture: Display: 正在编译纹理：main_Metallic（AutoDXT、1024X1024）
[2019.05.29-12.42.29:860][  0]LogTexture: Display: 正在编译纹理：main_Base_Color（AutoDXT、1024X1024）
[2019.05.29-12.42.29:860][  0]LogMaterial: Display: Missing cached shader map for material katana, compiling. 
[2019.05.29-12.42.29:951][  0]LogAnimationCompression: Building Anim DDC data for AnimSequence /Game/Boss/BossAttacks/Boss1LightHit2.Boss1LightHit2
[2019.05.29-12.42.29:951][  0]LogAnimationCompression: Recompressing (AnimSequence /Game/Boss/BossAttacks/Boss1LightHit2.Boss1LightHit2) using current/default (AnimCompress_BitwiseCompressOnly_0) bFirstRecompressUsingCurrentOrDefault(1) bTryAlternateCompressor(0) IsCompressedDataValid(0)
[2019.05.29-12.42.29:953][  0]LogAnimationCompression: Building Anim DDC data for AnimSequence /Game/Boss/BossAttacks/Boss1LightHit1.Boss1LightHit1
[2019.05.29-12.42.29:953][  0]LogAnimationCompression: Recompressing (AnimSequence /Game/Boss/BossAttacks/Boss1LightHit1.Boss1LightHit1) using current/default (AnimCompress_BitwiseCompressOnly_0) bFirstRecompressUsingCurrentOrDefault(1) bTryAlternateCompressor(0) IsCompressedDataValid(0)
[2019.05.29-12.42.29:955][  0]LogAnimationCompression: Building Anim DDC data for AnimSequence /Game/Player/NewAnimation/Needs_a_name.Needs_a_name
[2019.05.29-12.42.29:956][  0]LogAnimationCompression: Recompressing (AnimSequence /Game/Player/NewAnimation/Needs_a_name.Needs_a_name) using current/default (AnimCompress_BitwiseCompressOnly_0) bFirstRecompressUsingCurrentOrDefault(1) bTryAlternateCompressor(0) IsCompressedDataValid(0)
[2019.05.29-12.42.29:959][  0]LogAnimationCompression: Building Anim DDC data for AnimSequence /Game/Player/NewAnimation/Idle.Idle
[2019.05.29-12.42.29:960][  0]LogAnimationCompression: Recompressing (AnimSequence /Game/Player/NewAnimation/Idle.Idle) using current/default (AnimCompress_BitwiseCompressOnly_0) bFirstRecompressUsingCurrentOrDefault(1) bTryAlternateCompressor(0) IsCompressedDataValid(0)
[2019.05.29-12.42.29:962][  0]LogAnimationCompression: Building Anim DDC data for AnimSequence /Game/Player/NewAnimation/CharacterDeath.CharacterDeath
[2019.05.29-12.42.29:963][  0]LogAnimationCompression: Recompressing (AnimSequence /Game/Player/NewAnimation/CharacterDeath.CharacterDeath) using current/default (AnimCompress_BitwiseCompressOnly_0) bFirstRecompressUsingCurrentOrDefault(1) bTryAlternateCompressor(0) IsCompressedDataValid(0)
[2019.05.29-12.42.30:047][  0]LogAIModule: Creating AISystem for world ThirdPersonExampleMap
[2019.05.29-12.42.31:490][  0]LogEditorServer: Finished looking for orphan Actors (0.000 secs)
[2019.05.29-12.42.39:567][  0]LogUObjectHash: Compacting FUObjectHashTables data took   8.98ms
[2019.05.29-12.42.39:623][  0]Cmd: MAP CHECKDEP NOCLEARLOG
[2019.05.29-12.42.39:650][  0]MapCheck: 地图检测完成：0个错误，0 个警告，用时16.924毫秒完成。
[2019.05.29-12.42.39:661][  0]LogFileHelpers: Loading map 'ThirdPersonExampleMap' took 34.300
[2019.05.29-12.42.43:025][  0]LogSlate: Updating window title bar state: overlay mode, drag disabled, window buttons hidden, title bar hidden
[2019.05.29-12.42.43:085][  0]LogSlate: Updating window title bar state: overlay mode, drag disabled, window buttons hidden, title bar hidden
[2019.05.29-12.42.43:122][  0]LogSlate: Updating window title bar state: overlay mode, drag disabled, window buttons hidden, title bar hidden
[2019.05.29-12.42.43:145][  0]LogSlate: Updating window title bar state: overlay mode, drag disabled, window buttons hidden, title bar hidden
[2019.05.29-12.42.43:287][  0]LogCollectionManager: Loaded 0 collections in 0.006723 seconds
[2019.05.29-12.42.43:575][  0]LogFileCache: Scanning file cache for directory 'C:/Users/Administrator/Documents/N_Prototype4/Prototype4/Saved/Collections/' took 0.04s
[2019.05.29-12.42.43:575][  0]LogFileCache: Scanning file cache for directory 'C:/Users/Administrator/Documents/N_Prototype4/Prototype4/Content/Developers/Administrator/Collections/' took 0.03s
[2019.05.29-12.42.43:575][  0]LogFileCache: Scanning file cache for directory 'C:/Users/Administrator/Documents/N_Prototype4/Prototype4/Content/Collections/' took 0.00s
[2019.05.29-12.42.43:575][  0]LogCollectionManager: Rebuilt the GUID cache for 0 collections in 0.000000 seconds
[2019.05.29-12.42.43:623][  0]LogContentBrowser: Native class hierarchy populated in 0.0350 seconds. Added 2741 classes and 672 folders.
[2019.05.29-12.42.43:769][  0]LogContentBrowser: Native class hierarchy updated for 'WidgetCarousel' in 0.0009 seconds. Added 0 classes and 0 folders.
[2019.05.29-12.42.43:851][  0]LogPakFile: Registered encryption key '00000000000000000000000000000000': 0 pak files mounted, 0 remain pending
[2019.05.29-12.42.43:902][  0]LogPakFile: Registered encryption key '00000000000000000000000000000000': 0 pak files mounted, 0 remain pending
[2019.05.29-12.42.43:905][  0]LogPakFile: Registered encryption key '00000000000000000000000000000000': 0 pak files mounted, 0 remain pending
[2019.05.29-12.42.43:907][  0]LogPakFile: Registered encryption key '00000000000000000000000000000000': 0 pak files mounted, 0 remain pending
[2019.05.29-12.42.43:910][  0]LogPakFile: Registered encryption key '00000000000000000000000000000000': 0 pak files mounted, 0 remain pending
[2019.05.29-12.42.43:913][  0]LogPakFile: Registered encryption key '00000000000000000000000000000000': 0 pak files mounted, 0 remain pending
[2019.05.29-12.42.43:918][  0]LogPakFile: Registered encryption key '00000000000000000000000000000000': 0 pak files mounted, 0 remain pending
[2019.05.29-12.42.43:920][  0]LogPakFile: Registered encryption key '00000000000000000000000000000000': 0 pak files mounted, 0 remain pending
[2019.05.29-12.42.43:923][  0]LogPakFile: Registered encryption key '00000000000000000000000000000000': 0 pak files mounted, 0 remain pending
[2019.05.29-12.42.43:926][  0]LogPakFile: Registered encryption key '00000000000000000000000000000000': 0 pak files mounted, 0 remain pending
[2019.05.29-12.42.43:930][  0]LogPakFile: Registered encryption key '00000000000000000000000000000000': 0 pak files mounted, 0 remain pending
[2019.05.29-12.42.43:938][  0]LogPakFile: Registered encryption key '00000000000000000000000000000000': 0 pak files mounted, 0 remain pending
[2019.05.29-12.42.43:940][  0]LogPakFile: Registered encryption key '00000000000000000000000000000000': 0 pak files mounted, 0 remain pending
[2019.05.29-12.42.43:943][  0]LogPakFile: Registered encryption key '00000000000000000000000000000000': 0 pak files mounted, 0 remain pending
[2019.05.29-12.42.43:946][  0]LogPakFile: Registered encryption key '00000000000000000000000000000000': 0 pak files mounted, 0 remain pending
[2019.05.29-12.42.43:949][  0]LogPakFile: Registered encryption key '00000000000000000000000000000000': 0 pak files mounted, 0 remain pending
[2019.05.29-12.42.43:951][  0]LogPakFile: Registered encryption key '00000000000000000000000000000000': 0 pak files mounted, 0 remain pending
[2019.05.29-12.42.43:955][  0]LogPakFile: Registered encryption key '00000000000000000000000000000000': 0 pak files mounted, 0 remain pending
[2019.05.29-12.42.43:958][  0]LogPakFile: Registered encryption key '00000000000000000000000000000000': 0 pak files mounted, 0 remain pending
[2019.05.29-12.42.43:961][  0]LogPakFile: Registered encryption key '00000000000000000000000000000000': 0 pak files mounted, 0 remain pending
[2019.05.29-12.42.43:967][  0]LogPakFile: Registered encryption key '00000000000000000000000000000000': 0 pak files mounted, 0 remain pending
[2019.05.29-12.42.43:971][  0]LogPakFile: Registered encryption key '00000000000000000000000000000000': 0 pak files mounted, 0 remain pending
[2019.05.29-12.42.43:974][  0]LogPakFile: Registered encryption key '00000000000000000000000000000000': 0 pak files mounted, 0 remain pending
[2019.05.29-12.42.43:977][  0]LogPakFile: Registered encryption key '00000000000000000000000000000000': 0 pak files mounted, 0 remain pending
[2019.05.29-12.42.43:981][  0]LogPakFile: Registered encryption key '00000000000000000000000000000000': 0 pak files mounted, 0 remain pending
[2019.05.29-12.42.43:985][  0]LogPakFile: Registered encryption key '00000000000000000000000000000000': 0 pak files mounted, 0 remain pending
[2019.05.29-12.42.44:683][  0]LogContentBrowser: Native class hierarchy updated for 'AddContentDialog' in 0.0010 seconds. Added 0 classes and 0 folders.
[2019.05.29-12.42.44:807][  0]LogContentBrowser: Native class hierarchy updated for 'SceneOutliner' in 0.0011 seconds. Added 1 classes and 2 folders.
[2019.05.29-12.42.45:593][  0]LogSlate: Took 0.031166 seconds to synchronously load lazily loaded font '../../../Engine/Content/Slate/Fonts/Roboto-Regular.ttf' (155K)
[2019.05.29-12.42.45:658][  0]LogSlate: Took 0.059777 seconds to synchronously load lazily loaded font '../../../Engine/Content/Slate/Fonts/DroidSansFallback.ttf' (3848K)
[2019.05.29-12.42.45:683][  0]LogSlate: Took 0.010318 seconds to synchronously load lazily loaded font '../../../Engine/Content/Slate/Fonts/Roboto-Bold.ttf' (160K)
[2019.05.29-12.42.45:800][  0]LogSlate: Took 0.017863 seconds to synchronously load lazily loaded font '../../../Engine/Content/Editor/Slate/Fonts/FontAwesome.ttf' (139K)
[2019.05.29-12.42.46:714][  0]LogRenderer: Reallocating scene render targets to support 1208x572 Format 10 NumSamples 1 (Frame:1).
[2019.05.29-12.42.47:421][  0]LogSlate: Warning: Legacy localized fallback font '../../../Engine/Content/Slate/Fonts/DroidSansFallback.ttf' was requested. Font: '/Engine/EngineFonts/Faces/RobotoRegular.RobotoRegular', Character: '光 (U+5149)'
Legacy localized fallback fonts were deprecated in 4.22 and will be removed in a future version!
Please update your composite fonts to use localized sub-font families: https://docs.unrealengine.com/en-US/Engine/UMG/UserGuide/Fonts/Overview
[2019.05.29-12.42.55:523][  0]LogContentBrowser: Native class hierarchy updated for 'HierarchicalLODOutliner' in 0.0008 seconds. Added 0 classes and 0 folders.
[2019.05.29-12.42.55:523][  0]LogLoad: (Engine Initialization) Total time: 155.90 seconds
[2019.05.29-12.42.55:523][  0]LogLoad: (Engine Initialization) Total Blueprint compile time: 0.00 seconds
[2019.05.29-12.42.57:077][  0]LogContentStreaming: Texture pool size now 1000 MB
[2019.05.29-12.42.57:844][  0]LogSlate: Took 0.016779 seconds to synchronously load lazily loaded font '../../../Engine/Content/Slate/Fonts/Roboto-Light.ttf' (167K)
[2019.05.29-12.42.58:364][  1]LogSlate: FSceneViewport::OnFocusLost() reason 0
[2019.05.29-12.43.15:141][  5]LogFileCache: Retrieving MD5 hashes for directory 'C:/Users/Administrator/Documents/N_Prototype4/Prototype4/Content/' took 18.93s
[2019.05.29-12.43.18:883][ 17]LogCollectionManager: Rebuilt the object cache for 0 collections in 0.000001 seconds (found 0 objects)
[2019.05.29-12.44.56:516][ 61]LogUnrealEdMisc: Warning: Heartbeat event firing too frequently (41.724 sec). This should never happen. Something is wrong with the timer delegate!
[2019.05.29-12.44.56:681][ 63]LogAssetRegistry: Asset discovery search completed in 236.8782 seconds
[2019.05.29-12.44.56:699][ 63]LogCollectionManager: Fixed up redirectors for 0 collections in 0.000001 seconds (updated 0 objects)
[2019.05.29-12.45.01:946][ 71]LogEditorViewport: Clicking on Actor (context menu): StaticMeshActor (Floor_2)
