Log file open, 04/21/19 14:53:30
LogWindows: Failed to load 'aqProf.dll' (GetLastError=126)
LogWindows: File 'aqProf.dll' does not exist
LogWindows: Failed to load 'VtuneApi.dll' (GetLastError=126)
LogWindows: File 'VtuneApi.dll' does not exist
LogWindows: Failed to load 'VtuneApi32e.dll' (GetLastError=126)
LogWindows: File 'VtuneApi32e.dll' does not exist
LogConsoleResponse: Display: Failed to find resolution value strings in scalability ini. Falling back to default.
LogInit: Display: Running engine for game: Prototype4
LogPakFile: Registered encryption key '00000000000000000000000000000000': 0 pak files mounted, 0 remain pending
LogPlatformFile: Not using cached read wrapper
LogTaskGraph: Started task graph with 5 named threads and 23 total threads with 3 sets of task threads.
LogStats: Stats thread started at 4.044382
LogD3D11RHI: Loaded GFSDK_Aftermath_Lib.x64.dll
LogWindows: Failed to load '../../../Engine/Binaries/ThirdParty/libsndfile/Win64/libsndfile-1.dll' (GetLastError=126)
LogWindows: File '../../../Engine/Binaries/ThirdParty/libsndfile/Win64/libsndfile-1.dll' does not exist
LogAudioMixer: Display: Failed to load Sound File dll
LogAudioEditor: Display: LibSoundFile failed to load. Importing audio will not work correctly.
LogICUInternationalization: ICU TimeZone Detection - Raw Offset: +8:00, Platform Override: ''
LogPluginManager: Mounting plugin Paper2D
LogPluginManager: Mounting plugin AISupport
LogPluginManager: Mounting plugin LightPropagationVolume
LogPluginManager: Mounting plugin ActorLayerUtilities
LogPluginManager: Mounting plugin AnimationSharing
LogPluginManager: Mounting plugin CLionSourceCodeAccess
LogPluginManager: Mounting plugin CodeLiteSourceCodeAccess
LogPluginManager: Mounting plugin GitSourceControl
LogPluginManager: Mounting plugin KDevelopSourceCodeAccess
LogPluginManager: Mounting plugin NullSourceCodeAccess
LogPluginManager: Mounting plugin PerforceSourceControl
LogPluginManager: Mounting plugin SubversionSourceControl
LogPluginManager: Mounting plugin UObjectPlugin
LogPluginManager: Mounting plugin VisualStudioCodeSourceCodeAccess
LogPluginManager: Mounting plugin VisualStudioSourceCodeAccess
LogPluginManager: Mounting plugin XCodeSourceCodeAccess
LogPluginManager: Mounting plugin AssetManagerEditor
LogPluginManager: Mounting plugin CryptoKeys
LogPluginManager: Mounting plugin DataValidation
LogPluginManager: Mounting plugin FacialAnimation
LogPluginManager: Mounting plugin GameplayTagsEditor
LogPluginManager: Mounting plugin MacGraphicsSwitching
LogPluginManager: Mounting plugin MaterialAnalyzer
LogPluginManager: Mounting plugin MobileLauncherProfileWizard
LogPluginManager: Mounting plugin PluginBrowser
LogPluginManager: Mounting plugin SpeedTreeImporter
LogPluginManager: Mounting plugin DatasmithContent
LogPluginManager: Mounting plugin VariantManagerContent
LogPluginManager: Mounting plugin AlembicImporter
LogPluginManager: Mounting plugin AppleImageUtils
LogPluginManager: Mounting plugin AppleVision
LogPluginManager: Mounting plugin BackChannel
LogPluginManager: Mounting plugin CharacterAI
LogPluginManager: Mounting plugin GeometryCache
LogPluginManager: Mounting plugin HTML5Networking
LogPluginManager: Mounting plugin ProxyLODPlugin
LogPluginManager: Mounting plugin SkeletalReduction
LogPluginManager: Mounting plugin MagicLeap
LogPluginManager: Mounting plugin MagicLeapMedia
LogPluginManager: Mounting plugin AndroidMedia
LogPluginManager: Mounting plugin AvfMedia
LogPluginManager: Mounting plugin ImgMedia
LogPluginManager: Mounting plugin LinearTimecode
LogPluginManager: Mounting plugin MediaCompositing
LogPluginManager: Mounting plugin MediaPlayerEditor
LogPluginManager: Mounting plugin WebMMedia
LogPluginManager: Mounting plugin WmfMedia
LogPluginManager: Mounting plugin TcpMessaging
LogPluginManager: Mounting plugin UdpMessaging
LogPluginManager: Mounting plugin ActorSequence
LogPluginManager: Mounting plugin LevelSequenceEditor
LogPluginManager: Mounting plugin MatineeToLevelSequence
LogPluginManager: Mounting plugin NetcodeUnitTest
LogPluginManager: Mounting plugin NUTUnrealEngine4
LogPluginManager: Mounting plugin OnlineSubsystemGooglePlay
LogPluginManager: Mounting plugin OnlineSubsystemIOS
LogPluginManager: Mounting plugin OnlineSubsystem
LogPluginManager: Mounting plugin OnlineSubsystemNull
LogPluginManager: Mounting plugin OnlineSubsystemUtils
LogPluginManager: Mounting plugin LauncherChunkInstaller
LogPluginManager: Mounting plugin AndroidDeviceProfileSelector
LogPluginManager: Mounting plugin AndroidMoviePlayer
LogPluginManager: Mounting plugin AndroidPermission
LogPluginManager: Mounting plugin AppleMoviePlayer
LogPluginManager: Mounting plugin ArchVisCharacter
LogPluginManager: Mounting plugin AudioCapture
LogPluginManager: Mounting plugin CableComponent
LogPluginManager: Mounting plugin CustomMeshComponent
LogPluginManager: Mounting plugin EditableMesh
LogPluginManager: Mounting plugin ExampleDeviceProfileSelector
LogPluginManager: Mounting plugin Firebase
LogPluginManager: Mounting plugin GoogleCloudMessaging
LogPluginManager: Mounting plugin IOSDeviceProfileSelector
LogPluginManager: Mounting plugin LinuxDeviceProfileSelector
LogPluginManager: Mounting plugin LocationServicesBPLibrary
LogPluginManager: Mounting plugin MobilePatchingUtils
LogPluginManager: Mounting plugin OculusVR
LogPluginManager: Mounting plugin PhysXVehicles
LogPluginManager: Mounting plugin ProceduralMeshComponent
LogPluginManager: Mounting plugin RuntimePhysXCooking
LogPluginManager: Mounting plugin SignificanceManager
LogPluginManager: Mounting plugin SteamVR
LogPluginManager: Mounting plugin WebMMoviePlayer
LogPluginManager: Mounting plugin WindowsMoviePlayer
LogInit: Using libcurl 7.55.1-DEV
LogInit:  - built for x86_64-pc-win32
LogInit:  - supports SSL with OpenSSL/1.1.1
LogInit:  - supports HTTP deflate (compression) using libz 1.2.8
LogInit:  - other features:
LogInit:      CURL_VERSION_SSL
LogInit:      CURL_VERSION_LIBZ
LogInit:      CURL_VERSION_IPV6
LogInit:      CURL_VERSION_ASYNCHDNS
LogInit:      CURL_VERSION_LARGEFILE
LogInit:      CURL_VERSION_IDN
LogInit:  CurlRequestOptions (configurable via config and command line):
LogInit:  - bVerifyPeer = true  - Libcurl will verify peer certificate
LogInit:  - bUseHttpProxy = false  - Libcurl will NOT use HTTP proxy
LogInit:  - bDontReuseConnections = false  - Libcurl will reuse connections
LogInit:  - MaxHostConnections = 16  - Libcurl will limit the number of connections to a host
LogInit:  - LocalHostAddr = Default
LogInit:  - BufferSize = 65536
LogInit: WinSock: version 1.1 (2.2), MaxSocks=32767, MaxUdp=65467
LogInit: Build: ++UE4+Release-4.22-CL-5660361
LogInit: Engine Version: 4.22.0-5660361+++UE4+Release-4.22
LogInit: Compatible Engine Version: 4.22.0-5660361+++UE4+Release-4.22
LogInit: Net CL: 5660361
LogInit: OS: Windows 10 (Release 1803) (), CPU: Intel(R) Core(TM) i7-7700HQ CPU @ 2.80GHz, GPU: NVIDIA GeForce GTX 1080 with Max-Q Design
LogInit: Compiled (64-bit): Mar 31 2019 02:05:09
LogInit: Compiled with Visual C++: 19.16.27025.01
LogInit: Build Configuration: Development
LogInit: Branch Name: ++UE4+Release-4.22
LogInit: Command Line: 
LogInit: Base Directory: D:/UE_4.22/Engine/Binaries/Win64/
LogInit: Installed Engine Build: 1
LogDevObjectVersion: Number of dev versions registered: 23
LogDevObjectVersion:   Dev-Blueprints (B0D832E4-1F89-4F0D-ACCF-7EB736FD4AA2): 10
LogDevObjectVersion:   Dev-Build (E1C64328-A22C-4D53-A36C-8E866417BD8C): 0
LogDevObjectVersion:   Dev-Core (375EC13C-06E4-48FB-B500-84F0262A717E): 3
LogDevObjectVersion:   Dev-Editor (E4B068ED-F494-42E9-A231-DA0B2E46BB41): 30
LogDevObjectVersion:   Dev-Framework (CFFC743F-43B0-4480-9391-14DF171D2073): 35
LogDevObjectVersion:   Dev-Mobile (B02B49B5-BB20-44E9-A304-32B752E40360): 2
LogDevObjectVersion:   Dev-Networking (A4E4105C-59A1-49B5-A7C5-40C4547EDFEE): 0
LogDevObjectVersion:   Dev-Online (39C831C9-5AE6-47DC-9A44-9C173E1C8E7C): 0
LogDevObjectVersion:   Dev-Physics (78F01B33-EBEA-4F98-B9B4-84EACCB95AA2): 0
LogDevObjectVersion:   Dev-Platform (6631380F-2D4D-43E0-8009-CF276956A95A): 0
LogDevObjectVersion:   Dev-Rendering (12F88B9F-8875-4AFC-A67C-D90C383ABD29): 28
LogDevObjectVersion:   Dev-Sequencer (7B5AE74C-D270-4C10-A958-57980B212A5A): 11
LogDevObjectVersion:   Dev-VR (D7296918-1DD6-4BDD-9DE2-64A83CC13884): 2
LogDevObjectVersion:   Dev-LoadTimes (C2A15278-BFE7-4AFE-6C17-90FF531DF755): 1
LogDevObjectVersion:   Private-Geometry (6EACA3D4-40EC-4CC1-B786-8BED09428FC5): 3
LogDevObjectVersion:   Dev-AnimPhys (29E575DD-E0A3-4627-9D10-D276232CDCEA): 17
LogDevObjectVersion:   Dev-Anim (AF43A65D-7FD3-4947-9873-3E8ED9C1BB05): 2
LogDevObjectVersion:   Dev-ReflectionCapture (6B266CEC-1EC7-4B8F-A30B-E4D90942FC07): 1
LogDevObjectVersion:   Dev-Automation (0DF73D61-A23F-47EA-B727-89E90C41499A): 1
LogDevObjectVersion:   FortniteMain (601D1886-AC64-4F84-AA16-D3DE0DEAC7D6): 25
LogDevObjectVersion:   Dev-Enterprise (9DFFBCD6-494F-0158-E221-12823C92A888): 6
LogDevObjectVersion:   Dev-Niagara (F2AED0AC-9AFE-416F-8664-AA7FFA26D6FC): 1
LogDevObjectVersion:   Dev-Destruction (174F1F0B-B4C6-45A5-B13F-2EE8D0FB917D): 2
LogInit: Presizing for max 16777216 objects, including 0 objects not considered by GC, pre-allocating 0 bytes for permanent pool.
LogInit: Object subsystem initialized
LogConfig: Setting CVar [[con.DebugEarlyDefault:1]]
LogConfig: Setting CVar [[r.setres:1280x720]]
[2019.04.21-06.53.33:762][  0]LogConfig: Setting CVar [[r.VSync:0]]
[2019.04.21-06.53.33:762][  0]LogConfig: Setting CVar [[r.RHICmdBypass:0]]
[2019.04.21-06.53.33:762][  0]LogConfig: Applying CVar settings from Section [/Script/Engine.RendererSettings] File [E:/Users/Darren Chua/Documents/Unreal Projects/N_Prototype4/Prototype4/Saved/Config/Windows/Engine.ini]
[2019.04.21-06.53.33:762][  0]LogConfig: Setting CVar [[r.GPUCrashDebugging:0]]
[2019.04.21-06.53.33:762][  0]LogConfig: Applying CVar settings from Section [/Script/Engine.RendererOverrideSettings] File [E:/Users/Darren Chua/Documents/Unreal Projects/N_Prototype4/Prototype4/Saved/Config/Windows/Engine.ini]
[2019.04.21-06.53.33:762][  0]LogConfig: Applying CVar settings from Section [/Script/Engine.StreamingSettings] File [E:/Users/Darren Chua/Documents/Unreal Projects/N_Prototype4/Prototype4/Saved/Config/Windows/Engine.ini]
[2019.04.21-06.53.33:762][  0]LogConfig: Setting CVar [[s.MinBulkDataSizeForAsyncLoading:131072]]
[2019.04.21-06.53.33:762][  0]LogConfig: Setting CVar [[s.AsyncLoadingThreadEnabled:0]]
[2019.04.21-06.53.33:762][  0]LogConfig: Setting CVar [[s.EventDrivenLoaderEnabled:1]]
[2019.04.21-06.53.33:762][  0]LogConfig: Setting CVar [[s.WarnIfTimeLimitExceeded:0]]
[2019.04.21-06.53.33:762][  0]LogConfig: Setting CVar [[s.TimeLimitExceededMultiplier:1.5]]
[2019.04.21-06.53.33:762][  0]LogConfig: Setting CVar [[s.TimeLimitExceededMinTime:0.005]]
[2019.04.21-06.53.33:762][  0]LogConfig: Setting CVar [[s.UseBackgroundLevelStreaming:1]]
[2019.04.21-06.53.33:762][  0]LogConfig: Setting CVar [[s.PriorityAsyncLoadingExtraTime:15.0]]
[2019.04.21-06.53.33:762][  0]LogConfig: Setting CVar [[s.LevelStreamingActorsUpdateTimeLimit:5.0]]
[2019.04.21-06.53.33:762][  0]LogConfig: Setting CVar [[s.PriorityLevelStreamingActorsUpdateExtraTime:5.0]]
[2019.04.21-06.53.33:762][  0]LogConfig: Setting CVar [[s.LevelStreamingComponentsRegistrationGranularity:10]]
[2019.04.21-06.53.33:762][  0]LogConfig: Setting CVar [[s.UnregisterComponentsTimeLimit:1.0]]
[2019.04.21-06.53.33:762][  0]LogConfig: Setting CVar [[s.LevelStreamingComponentsUnregistrationGranularity:5]]
[2019.04.21-06.53.33:762][  0]LogConfig: Applying CVar settings from Section [/Script/Engine.GarbageCollectionSettings] File [E:/Users/Darren Chua/Documents/Unreal Projects/N_Prototype4/Prototype4/Saved/Config/Windows/Engine.ini]
[2019.04.21-06.53.33:762][  0]LogConfig: Setting CVar [[gc.MaxObjectsNotConsideredByGC:1]]
[2019.04.21-06.53.33:762][  0]LogConfig: Setting CVar [[gc.SizeOfPermanentObjectPool:0]]
[2019.04.21-06.53.33:762][  0]LogConfig: Setting CVar [[gc.FlushStreamingOnGC:0]]
[2019.04.21-06.53.33:762][  0]LogConfig: Setting CVar [[gc.NumRetriesBeforeForcingGC:10]]
[2019.04.21-06.53.33:762][  0]LogConfig: Setting CVar [[gc.AllowParallelGC:1]]
[2019.04.21-06.53.33:762][  0]LogConfig: Setting CVar [[gc.TimeBetweenPurgingPendingKillObjects:61.1]]
[2019.04.21-06.53.33:762][  0]LogConfig: Setting CVar [[gc.MaxObjectsInEditor:16777216]]
[2019.04.21-06.53.33:762][  0]LogConfig: Setting CVar [[gc.IncrementalBeginDestroyEnabled:1]]
[2019.04.21-06.53.33:762][  0]LogConfig: Setting CVar [[gc.CreateGCClusters:1]]
[2019.04.21-06.53.33:762][  0]LogConfig: Setting CVar [[gc.MinGCClusterSize:5]]
[2019.04.21-06.53.33:762][  0]LogConfig: Setting CVar [[gc.ActorClusteringEnabled:0]]
[2019.04.21-06.53.33:762][  0]LogConfig: Setting CVar [[gc.BlueprintClusteringEnabled:0]]
[2019.04.21-06.53.33:762][  0]LogConfig: Setting CVar [[gc.UseDisregardForGCOnDedicatedServers:0]]
[2019.04.21-06.53.33:762][  0]LogConfig: Applying CVar settings from Section [/Script/Engine.NetworkSettings] File [E:/Users/Darren Chua/Documents/Unreal Projects/N_Prototype4/Prototype4/Saved/Config/Windows/Engine.ini]
[2019.04.21-06.53.33:762][  0]LogConfig: Applying CVar settings from Section [/Script/UnrealEd.CookerSettings] File [E:/Users/Darren Chua/Documents/Unreal Projects/N_Prototype4/Prototype4/Saved/Config/Windows/Engine.ini]
[2019.04.21-06.53.33:839][  0]LogConfig: Applying CVar settings from Section [ViewDistanceQuality@3] File [E:/Users/Darren Chua/Documents/Unreal Projects/N_Prototype4/Prototype4/Saved/Config/Windows/Scalability.ini]
[2019.04.21-06.53.33:839][  0]LogConfig: Setting CVar [[r.SkeletalMeshLODBias:0]]
[2019.04.21-06.53.33:839][  0]LogConfig: Setting CVar [[r.ViewDistanceScale:1.0]]
[2019.04.21-06.53.33:839][  0]LogConfig: Applying CVar settings from Section [AntiAliasingQuality@3] File [E:/Users/Darren Chua/Documents/Unreal Projects/N_Prototype4/Prototype4/Saved/Config/Windows/Scalability.ini]
[2019.04.21-06.53.33:839][  0]LogConfig: Setting CVar [[r.PostProcessAAQuality:4]]
[2019.04.21-06.53.33:839][  0]LogConfig: Applying CVar settings from Section [ShadowQuality@3] File [E:/Users/Darren Chua/Documents/Unreal Projects/N_Prototype4/Prototype4/Saved/Config/Windows/Scalability.ini]
[2019.04.21-06.53.33:839][  0]LogConfig: Setting CVar [[r.LightFunctionQuality:1]]
[2019.04.21-06.53.33:839][  0]LogConfig: Setting CVar [[r.ShadowQuality:5]]
[2019.04.21-06.53.33:839][  0]LogConfig: Setting CVar [[r.Shadow.CSM.MaxCascades:10]]
[2019.04.21-06.53.33:839][  0]LogConfig: Setting CVar [[r.Shadow.MaxResolution:2048]]
[2019.04.21-06.53.33:839][  0]LogConfig: Setting CVar [[r.Shadow.MaxCSMResolution:2048]]
[2019.04.21-06.53.33:839][  0]LogConfig: Setting CVar [[r.Shadow.RadiusThreshold:0.01]]
[2019.04.21-06.53.33:839][  0]LogConfig: Setting CVar [[r.Shadow.DistanceScale:1.0]]
[2019.04.21-06.53.33:839][  0]LogConfig: Setting CVar [[r.Shadow.CSM.TransitionScale:1.0]]
[2019.04.21-06.53.33:839][  0]LogConfig: Setting CVar [[r.Shadow.PreShadowResolutionFactor:1.0]]
[2019.04.21-06.53.33:839][  0]LogConfig: Setting CVar [[r.DistanceFieldShadowing:1]]
[2019.04.21-06.53.33:839][  0]LogConfig: Setting CVar [[r.DistanceFieldAO:1]]
[2019.04.21-06.53.33:839][  0]LogConfig: Setting CVar [[r.AOQuality:2]]
[2019.04.21-06.53.33:839][  0]LogConfig: Setting CVar [[r.VolumetricFog:1]]
[2019.04.21-06.53.33:839][  0]LogConfig: Setting CVar [[r.VolumetricFog.GridPixelSize:8]]
[2019.04.21-06.53.33:839][  0]LogConfig: Setting CVar [[r.VolumetricFog.GridSizeZ:128]]
[2019.04.21-06.53.33:839][  0]LogConfig: Setting CVar [[r.VolumetricFog.HistoryMissSupersampleCount:4]]
[2019.04.21-06.53.33:839][  0]LogConfig: Setting CVar [[r.LightMaxDrawDistanceScale:1]]
[2019.04.21-06.53.33:839][  0]LogConfig: Setting CVar [[r.CapsuleShadows:1]]
[2019.04.21-06.53.33:839][  0]LogConfig: Applying CVar settings from Section [PostProcessQuality@3] File [E:/Users/Darren Chua/Documents/Unreal Projects/N_Prototype4/Prototype4/Saved/Config/Windows/Scalability.ini]
[2019.04.21-06.53.33:839][  0]LogConfig: Setting CVar [[r.MotionBlurQuality:4]]
[2019.04.21-06.53.33:839][  0]LogConfig: Setting CVar [[r.AmbientOcclusionMipLevelFactor:0.4]]
[2019.04.21-06.53.33:839][  0]LogConfig: Setting CVar [[r.AmbientOcclusionMaxQuality:100]]
[2019.04.21-06.53.33:839][  0]LogConfig: Setting CVar [[r.AmbientOcclusionLevels:-1]]
[2019.04.21-06.53.33:839][  0]LogConfig: Setting CVar [[r.AmbientOcclusionRadiusScale:1.0]]
[2019.04.21-06.53.33:839][  0]LogConfig: Setting CVar [[r.DepthOfFieldQuality:2]]
[2019.04.21-06.53.33:839][  0]LogConfig: Setting CVar [[r.RenderTargetPoolMin:400]]
[2019.04.21-06.53.33:839][  0]LogConfig: Setting CVar [[r.LensFlareQuality:2]]
[2019.04.21-06.53.33:839][  0]LogConfig: Setting CVar [[r.SceneColorFringeQuality:1]]
[2019.04.21-06.53.33:839][  0]LogConfig: Setting CVar [[r.EyeAdaptationQuality:2]]
[2019.04.21-06.53.33:839][  0]LogConfig: Setting CVar [[r.BloomQuality:5]]
[2019.04.21-06.53.33:839][  0]LogConfig: Setting CVar [[r.FastBlurThreshold:100]]
[2019.04.21-06.53.33:839][  0]LogConfig: Setting CVar [[r.Upscale.Quality:3]]
[2019.04.21-06.53.33:839][  0]LogConfig: Setting CVar [[r.Tonemapper.GrainQuantization:1]]
[2019.04.21-06.53.33:839][  0]LogConfig: Setting CVar [[r.LightShaftQuality:1]]
[2019.04.21-06.53.33:839][  0]LogConfig: Setting CVar [[r.Filter.SizeScale:1]]
[2019.04.21-06.53.33:839][  0]LogConfig: Setting CVar [[r.Tonemapper.Quality:5]]
[2019.04.21-06.53.33:839][  0]LogConfig: Setting CVar [[r.DOF.Gather.AccumulatorQuality:1        ; higher gathering accumulator quality]]
[2019.04.21-06.53.33:839][  0]LogConfig: Setting CVar [[r.DOF.Gather.PostfilterMethod:1          ; Median3x3 postfilering method]]
[2019.04.21-06.53.33:839][  0]LogConfig: Setting CVar [[r.DOF.Gather.EnableBokehSettings:0       ; no bokeh simulation when gathering]]
[2019.04.21-06.53.33:839][  0]LogConfig: Setting CVar [[r.DOF.Gather.RingCount:4                 ; medium number of samples when gathering]]
[2019.04.21-06.53.33:839][  0]LogConfig: Setting CVar [[r.DOF.Scatter.ForegroundCompositing:1    ; additive foreground scattering]]
[2019.04.21-06.53.33:839][  0]LogConfig: Setting CVar [[r.DOF.Scatter.BackgroundCompositing:2    ; additive background scattering]]
[2019.04.21-06.53.33:840][  0]LogConfig: Setting CVar [[r.DOF.Scatter.EnableBokehSettings:1      ; bokeh simulation when scattering]]
[2019.04.21-06.53.33:840][  0]LogConfig: Setting CVar [[r.DOF.Scatter.MaxSpriteRatio:0.1         ; only a maximum of 10% of scattered bokeh]]
[2019.04.21-06.53.33:840][  0]LogConfig: Setting CVar [[r.DOF.Recombine.Quality:1                ; cheap slight out of focus]]
[2019.04.21-06.53.33:840][  0]LogConfig: Setting CVar [[r.DOF.Recombine.EnableBokehSettings:0    ; no bokeh simulation on slight out of focus]]
[2019.04.21-06.53.33:840][  0]LogConfig: Setting CVar [[r.DOF.TemporalAAQuality:1                ; more stable temporal accumulation]]
[2019.04.21-06.53.33:840][  0]LogConfig: Setting CVar [[r.DOF.Kernel.MaxForegroundRadius:0.025]]
[2019.04.21-06.53.33:840][  0]LogConfig: Setting CVar [[r.DOF.Kernel.MaxBackgroundRadius:0.025]]
[2019.04.21-06.53.33:840][  0]LogConfig: Applying CVar settings from Section [TextureQuality@3] File [E:/Users/Darren Chua/Documents/Unreal Projects/N_Prototype4/Prototype4/Saved/Config/Windows/Scalability.ini]
[2019.04.21-06.53.33:840][  0]LogConfig: Setting CVar [[r.Streaming.MipBias:0]]
[2019.04.21-06.53.33:840][  0]LogConfig: Setting CVar [[r.Streaming.AmortizeCPUToGPUCopy:0]]
[2019.04.21-06.53.33:840][  0]LogConfig: Setting CVar [[r.Streaming.MaxNumTexturesToStreamPerFrame:0]]
[2019.04.21-06.53.33:840][  0]LogConfig: Setting CVar [[r.Streaming.Boost:1]]
[2019.04.21-06.53.33:840][  0]LogConfig: Setting CVar [[r.MaxAnisotropy:8]]
[2019.04.21-06.53.33:840][  0]LogConfig: Setting CVar [[r.Streaming.LimitPoolSizeToVRAM:0]]
[2019.04.21-06.53.33:840][  0]LogConfig: Setting CVar [[r.Streaming.PoolSize:1000]]
[2019.04.21-06.53.33:840][  0]LogConfig: Setting CVar [[r.Streaming.MaxEffectiveScreenSize:0]]
[2019.04.21-06.53.33:840][  0]LogConfig: Applying CVar settings from Section [EffectsQuality@3] File [E:/Users/Darren Chua/Documents/Unreal Projects/N_Prototype4/Prototype4/Saved/Config/Windows/Scalability.ini]
[2019.04.21-06.53.33:840][  0]LogConfig: Setting CVar [[r.TranslucencyLightingVolumeDim:64]]
[2019.04.21-06.53.33:840][  0]LogConfig: Setting CVar [[r.RefractionQuality:2]]
[2019.04.21-06.53.33:840][  0]LogConfig: Setting CVar [[r.SSR.Quality:3]]
[2019.04.21-06.53.33:840][  0]LogConfig: Setting CVar [[r.SceneColorFormat:4]]
[2019.04.21-06.53.33:840][  0]LogConfig: Setting CVar [[r.DetailMode:2]]
[2019.04.21-06.53.33:840][  0]LogConfig: Setting CVar [[r.TranslucencyVolumeBlur:1]]
[2019.04.21-06.53.33:840][  0]LogConfig: Setting CVar [[r.MaterialQualityLevel:1 ; High quality]]
[2019.04.21-06.53.33:840][  0]LogConfig: Setting CVar [[r.SSS.Scale:1]]
[2019.04.21-06.53.33:840][  0]LogConfig: Setting CVar [[r.SSS.SampleSet:2]]
[2019.04.21-06.53.33:840][  0]LogConfig: Setting CVar [[r.SSS.Quality:1]]
[2019.04.21-06.53.33:840][  0]LogConfig: Setting CVar [[r.SSS.HalfRes:1]]
[2019.04.21-06.53.33:840][  0]LogConfig: Setting CVar [[r.EmitterSpawnRateScale:1.0]]
[2019.04.21-06.53.33:840][  0]LogConfig: Setting CVar [[r.ParticleLightQuality:2]]
[2019.04.21-06.53.33:840][  0]LogConfig: Applying CVar settings from Section [FoliageQuality@3] File [E:/Users/Darren Chua/Documents/Unreal Projects/N_Prototype4/Prototype4/Saved/Config/Windows/Scalability.ini]
[2019.04.21-06.53.33:840][  0]LogConfig: Setting CVar [[foliage.DensityScale:1.0]]
[2019.04.21-06.53.33:840][  0]LogConfig: Setting CVar [[grass.DensityScale:1.0]]
[2019.04.21-06.53.33:843][  0]LogInit: Selected Device Profile: [Windows]
[2019.04.21-06.53.33:843][  0]LogInit: Applying CVar settings loaded from the selected device profile: [Windows]
[2019.04.21-06.53.33:922][  0]LogHAL: Display: Platform has ~ 24 GB [25726074880 / 34359738368 / 24], which maps to Larger [LargestMinGB=32, LargerMinGB=12, DefaultMinGB=8, SmallerMinGB=6, SmallestMinGB=0)
[2019.04.21-06.53.33:928][  0]LogConfig: Setting CVar [[r.Vulkan.UseRealUBs:0		; Required until we fix HLR fall-out]]
[2019.04.21-06.53.33:928][  0]LogInit: Going up to parent DeviceProfile []
[2019.04.21-06.53.33:932][  0]LogConfig: Applying CVar settings from Section [ViewDistanceQuality@3] File [E:/Users/Darren Chua/Documents/Unreal Projects/N_Prototype4/Prototype4/Saved/Config/Windows/Scalability.ini]
[2019.04.21-06.53.33:933][  0]LogConfig: Setting CVar [[r.SkeletalMeshLODBias:0]]
[2019.04.21-06.53.33:933][  0]LogConfig: Setting CVar [[r.ViewDistanceScale:1.0]]
[2019.04.21-06.53.33:933][  0]LogConfig: Applying CVar settings from Section [AntiAliasingQuality@3] File [E:/Users/Darren Chua/Documents/Unreal Projects/N_Prototype4/Prototype4/Saved/Config/Windows/Scalability.ini]
[2019.04.21-06.53.33:933][  0]LogConfig: Setting CVar [[r.PostProcessAAQuality:4]]
[2019.04.21-06.53.33:933][  0]LogConfig: Applying CVar settings from Section [ShadowQuality@3] File [E:/Users/Darren Chua/Documents/Unreal Projects/N_Prototype4/Prototype4/Saved/Config/Windows/Scalability.ini]
[2019.04.21-06.53.33:933][  0]LogConfig: Setting CVar [[r.LightFunctionQuality:1]]
[2019.04.21-06.53.33:933][  0]LogConfig: Setting CVar [[r.ShadowQuality:5]]
[2019.04.21-06.53.33:933][  0]LogConfig: Setting CVar [[r.Shadow.CSM.MaxCascades:10]]
[2019.04.21-06.53.33:933][  0]LogConfig: Setting CVar [[r.Shadow.MaxResolution:2048]]
[2019.04.21-06.53.33:933][  0]LogConfig: Setting CVar [[r.Shadow.MaxCSMResolution:2048]]
[2019.04.21-06.53.33:933][  0]LogConfig: Setting CVar [[r.Shadow.RadiusThreshold:0.01]]
[2019.04.21-06.53.33:933][  0]LogConfig: Setting CVar [[r.Shadow.DistanceScale:1.0]]
[2019.04.21-06.53.33:933][  0]LogConfig: Setting CVar [[r.Shadow.CSM.TransitionScale:1.0]]
[2019.04.21-06.53.33:933][  0]LogConfig: Setting CVar [[r.Shadow.PreShadowResolutionFactor:1.0]]
[2019.04.21-06.53.33:933][  0]LogConfig: Setting CVar [[r.DistanceFieldShadowing:1]]
[2019.04.21-06.53.33:933][  0]LogConfig: Setting CVar [[r.DistanceFieldAO:1]]
[2019.04.21-06.53.33:933][  0]LogConfig: Setting CVar [[r.AOQuality:2]]
[2019.04.21-06.53.33:933][  0]LogConfig: Setting CVar [[r.VolumetricFog:1]]
[2019.04.21-06.53.33:933][  0]LogConfig: Setting CVar [[r.VolumetricFog.GridPixelSize:8]]
[2019.04.21-06.53.33:933][  0]LogConfig: Setting CVar [[r.VolumetricFog.GridSizeZ:128]]
[2019.04.21-06.53.33:933][  0]LogConfig: Setting CVar [[r.VolumetricFog.HistoryMissSupersampleCount:4]]
[2019.04.21-06.53.33:933][  0]LogConfig: Setting CVar [[r.LightMaxDrawDistanceScale:1]]
[2019.04.21-06.53.33:933][  0]LogConfig: Setting CVar [[r.CapsuleShadows:1]]
[2019.04.21-06.53.33:933][  0]LogConfig: Applying CVar settings from Section [PostProcessQuality@3] File [E:/Users/Darren Chua/Documents/Unreal Projects/N_Prototype4/Prototype4/Saved/Config/Windows/Scalability.ini]
[2019.04.21-06.53.33:933][  0]LogConfig: Setting CVar [[r.MotionBlurQuality:4]]
[2019.04.21-06.53.33:933][  0]LogConfig: Setting CVar [[r.AmbientOcclusionMipLevelFactor:0.4]]
[2019.04.21-06.53.33:933][  0]LogConfig: Setting CVar [[r.AmbientOcclusionMaxQuality:100]]
[2019.04.21-06.53.33:933][  0]LogConfig: Setting CVar [[r.AmbientOcclusionLevels:-1]]
[2019.04.21-06.53.33:933][  0]LogConfig: Setting CVar [[r.AmbientOcclusionRadiusScale:1.0]]
[2019.04.21-06.53.33:933][  0]LogConfig: Setting CVar [[r.DepthOfFieldQuality:2]]
[2019.04.21-06.53.33:933][  0]LogConfig: Setting CVar [[r.RenderTargetPoolMin:400]]
[2019.04.21-06.53.33:933][  0]LogConfig: Setting CVar [[r.LensFlareQuality:2]]
[2019.04.21-06.53.33:933][  0]LogConfig: Setting CVar [[r.SceneColorFringeQuality:1]]
[2019.04.21-06.53.33:933][  0]LogConfig: Setting CVar [[r.EyeAdaptationQuality:2]]
[2019.04.21-06.53.33:933][  0]LogConfig: Setting CVar [[r.BloomQuality:5]]
[2019.04.21-06.53.33:933][  0]LogConfig: Setting CVar [[r.FastBlurThreshold:100]]
[2019.04.21-06.53.33:933][  0]LogConfig: Setting CVar [[r.Upscale.Quality:3]]
[2019.04.21-06.53.33:933][  0]LogConfig: Setting CVar [[r.Tonemapper.GrainQuantization:1]]
[2019.04.21-06.53.33:933][  0]LogConfig: Setting CVar [[r.LightShaftQuality:1]]
[2019.04.21-06.53.33:933][  0]LogConfig: Setting CVar [[r.Filter.SizeScale:1]]
[2019.04.21-06.53.33:933][  0]LogConfig: Setting CVar [[r.Tonemapper.Quality:5]]
[2019.04.21-06.53.33:933][  0]LogConfig: Setting CVar [[r.DOF.Gather.AccumulatorQuality:1        ; higher gathering accumulator quality]]
[2019.04.21-06.53.33:933][  0]LogConfig: Setting CVar [[r.DOF.Gather.PostfilterMethod:1          ; Median3x3 postfilering method]]
[2019.04.21-06.53.33:933][  0]LogConfig: Setting CVar [[r.DOF.Gather.EnableBokehSettings:0       ; no bokeh simulation when gathering]]
[2019.04.21-06.53.33:933][  0]LogConfig: Setting CVar [[r.DOF.Gather.RingCount:4                 ; medium number of samples when gathering]]
[2019.04.21-06.53.33:933][  0]LogConfig: Setting CVar [[r.DOF.Scatter.ForegroundCompositing:1    ; additive foreground scattering]]
[2019.04.21-06.53.33:933][  0]LogConfig: Setting CVar [[r.DOF.Scatter.BackgroundCompositing:2    ; additive background scattering]]
[2019.04.21-06.53.33:933][  0]LogConfig: Setting CVar [[r.DOF.Scatter.EnableBokehSettings:1      ; bokeh simulation when scattering]]
[2019.04.21-06.53.33:933][  0]LogConfig: Setting CVar [[r.DOF.Scatter.MaxSpriteRatio:0.1         ; only a maximum of 10% of scattered bokeh]]
[2019.04.21-06.53.33:933][  0]LogConfig: Setting CVar [[r.DOF.Recombine.Quality:1                ; cheap slight out of focus]]
[2019.04.21-06.53.33:933][  0]LogConfig: Setting CVar [[r.DOF.Recombine.EnableBokehSettings:0    ; no bokeh simulation on slight out of focus]]
[2019.04.21-06.53.33:933][  0]LogConfig: Setting CVar [[r.DOF.TemporalAAQuality:1                ; more stable temporal accumulation]]
[2019.04.21-06.53.33:933][  0]LogConfig: Setting CVar [[r.DOF.Kernel.MaxForegroundRadius:0.025]]
[2019.04.21-06.53.33:933][  0]LogConfig: Setting CVar [[r.DOF.Kernel.MaxBackgroundRadius:0.025]]
[2019.04.21-06.53.33:933][  0]LogConfig: Applying CVar settings from Section [TextureQuality@3] File [E:/Users/Darren Chua/Documents/Unreal Projects/N_Prototype4/Prototype4/Saved/Config/Windows/Scalability.ini]
[2019.04.21-06.53.33:933][  0]LogConfig: Setting CVar [[r.Streaming.MipBias:0]]
[2019.04.21-06.53.33:933][  0]LogConfig: Setting CVar [[r.Streaming.AmortizeCPUToGPUCopy:0]]
[2019.04.21-06.53.33:933][  0]LogConfig: Setting CVar [[r.Streaming.MaxNumTexturesToStreamPerFrame:0]]
[2019.04.21-06.53.33:933][  0]LogConfig: Setting CVar [[r.Streaming.Boost:1]]
[2019.04.21-06.53.33:933][  0]LogConfig: Setting CVar [[r.MaxAnisotropy:8]]
[2019.04.21-06.53.33:933][  0]LogConfig: Setting CVar [[r.Streaming.LimitPoolSizeToVRAM:0]]
[2019.04.21-06.53.33:933][  0]LogConfig: Setting CVar [[r.Streaming.PoolSize:1000]]
[2019.04.21-06.53.33:933][  0]LogConfig: Setting CVar [[r.Streaming.MaxEffectiveScreenSize:0]]
[2019.04.21-06.53.33:933][  0]LogConfig: Applying CVar settings from Section [EffectsQuality@3] File [E:/Users/Darren Chua/Documents/Unreal Projects/N_Prototype4/Prototype4/Saved/Config/Windows/Scalability.ini]
[2019.04.21-06.53.33:933][  0]LogConfig: Setting CVar [[r.TranslucencyLightingVolumeDim:64]]
[2019.04.21-06.53.33:933][  0]LogConfig: Setting CVar [[r.RefractionQuality:2]]
[2019.04.21-06.53.33:933][  0]LogConfig: Setting CVar [[r.SSR.Quality:3]]
[2019.04.21-06.53.33:933][  0]LogConfig: Setting CVar [[r.SceneColorFormat:4]]
[2019.04.21-06.53.33:933][  0]LogConfig: Setting CVar [[r.DetailMode:2]]
[2019.04.21-06.53.33:933][  0]LogConfig: Setting CVar [[r.TranslucencyVolumeBlur:1]]
[2019.04.21-06.53.33:933][  0]LogConfig: Setting CVar [[r.MaterialQualityLevel:1 ; High quality]]
[2019.04.21-06.53.33:933][  0]LogConfig: Setting CVar [[r.SSS.Scale:1]]
[2019.04.21-06.53.33:933][  0]LogConfig: Setting CVar [[r.SSS.SampleSet:2]]
[2019.04.21-06.53.33:933][  0]LogConfig: Setting CVar [[r.SSS.Quality:1]]
[2019.04.21-06.53.33:933][  0]LogConfig: Setting CVar [[r.SSS.HalfRes:1]]
[2019.04.21-06.53.33:933][  0]LogConfig: Setting CVar [[r.EmitterSpawnRateScale:1.0]]
[2019.04.21-06.53.33:933][  0]LogConfig: Setting CVar [[r.ParticleLightQuality:2]]
[2019.04.21-06.53.33:933][  0]LogConfig: Applying CVar settings from Section [FoliageQuality@3] File [E:/Users/Darren Chua/Documents/Unreal Projects/N_Prototype4/Prototype4/Saved/Config/Windows/Scalability.ini]
[2019.04.21-06.53.33:933][  0]LogConfig: Setting CVar [[foliage.DensityScale:1.0]]
[2019.04.21-06.53.33:934][  0]LogConfig: Setting CVar [[grass.DensityScale:1.0]]
[2019.04.21-06.53.33:934][  0]LogConfig: Applying CVar settings from Section [Startup] File [../../../Engine/Config/ConsoleVariables.ini]
[2019.04.21-06.53.33:934][  0]LogConfig: Setting CVar [[net.UseAdaptiveNetUpdateFrequency:0]]
[2019.04.21-06.53.33:934][  0]LogConfig: Setting CVar [[p.chaos.AllowCreatePhysxBodies:1]]
[2019.04.21-06.53.33:934][  0]LogConfig: Applying CVar settings from Section [ConsoleVariables] File [E:/Users/Darren Chua/Documents/Unreal Projects/N_Prototype4/Prototype4/Saved/Config/Windows/Engine.ini]
[2019.04.21-06.53.33:955][  0]LogInit: Computer: DESKTOP-PJP97K6
[2019.04.21-06.53.33:956][  0]LogInit: User: DarrenChua
[2019.04.21-06.53.33:956][  0]LogInit: CPU Page size=4096, Cores=4
[2019.04.21-06.53.33:956][  0]LogInit: High frequency timer resolution =2.742187 MHz
[2019.04.21-06.53.33:956][  0]LogMemory: Memory total: Physical=24.0GB (24GB approx)
[2019.04.21-06.53.33:956][  0]LogMemory: Platform Memory Stats for Windows
[2019.04.21-06.53.33:956][  0]LogMemory: Process Physical Memory: 96.38 MB used, 96.38 MB peak
[2019.04.21-06.53.33:956][  0]LogMemory: Process Virtual Memory: 89.39 MB used, 89.39 MB peak
[2019.04.21-06.53.33:956][  0]LogMemory: Physical Memory: 14124.94 MB used,  10409.36 MB free, 24534.30 MB total
[2019.04.21-06.53.33:956][  0]LogMemory: Virtual Memory: 4643.03 MB used,  134213088.00 MB free, 134217728.00 MB total
[2019.04.21-06.53.35:914][  0]LogInit: Using OS detected language (en-US).
[2019.04.21-06.53.35:914][  0]LogInit: Using OS detected locale (en-SG).
[2019.04.21-06.53.36:029][  0]LogTextLocalizationManager: No specific localization for 'en-US' exists, so the 'en' localization will be used.
[2019.04.21-06.53.36:908][  0]LogInit: Setting process to per monitor DPI aware
[2019.04.21-06.53.37:363][  0]LogSlate: New Slate User Created.  User Index 0, Is Virtual User: 0
[2019.04.21-06.53.37:363][  0]LogSlate: Slate User Registered.  User Index 0, Is Virtual User: 0
[2019.04.21-06.53.44:419][  0]LogHMD: Failed to initialize OpenVR with code 108
[2019.04.21-06.53.44:419][  0]LogD3D11RHI: D3D11 adapters:
[2019.04.21-06.53.44:555][  0]LogD3D11RHI:    0. 'NVIDIA GeForce GTX 1080 with Max-Q Design' (Feature Level 11_0)
[2019.04.21-06.53.44:555][  0]LogD3D11RHI:       8079/0/12267 MB DedicatedVideo/DedicatedSystem/SharedSystem, Outputs:1, VendorId:0x10de
[2019.04.21-06.53.44:559][  0]LogD3D11RHI:    1. 'Microsoft Basic Render Driver' (Feature Level 11_0)
[2019.04.21-06.53.44:559][  0]LogD3D11RHI:       0/0/12267 MB DedicatedVideo/DedicatedSystem/SharedSystem, Outputs:0, VendorId:0x1414
[2019.04.21-06.53.44:559][  0]LogD3D11RHI: Chosen D3D11 Adapter: 0
[2019.04.21-06.53.44:595][  0]LogD3D11RHI: Creating new Direct3DDevice
[2019.04.21-06.53.44:595][  0]LogD3D11RHI:     GPU DeviceId: 0x1be0 (for the marketing name, search the web for "GPU Device Id")
[2019.04.21-06.53.44:595][  0]LogWindows: EnumDisplayDevices:
[2019.04.21-06.53.44:595][  0]LogWindows:    0. 'NVIDIA GeForce GTX 1080 with Max-Q Design' (P:1 D:1)
[2019.04.21-06.53.44:596][  0]LogWindows:    1. 'NVIDIA GeForce GTX 1080 with Max-Q Design' (P:0 D:0)
[2019.04.21-06.53.44:596][  0]LogWindows:    2. 'NVIDIA GeForce GTX 1080 with Max-Q Design' (P:0 D:0)
[2019.04.21-06.53.44:596][  0]LogWindows:    3. 'NVIDIA GeForce GTX 1080 with Max-Q Design' (P:0 D:0)
[2019.04.21-06.53.44:597][  0]LogWindows: DebugString: FoundDriverCount:4 
[2019.04.21-06.53.44:597][  0]LogD3D11RHI:     Adapter Name: NVIDIA GeForce GTX 1080 with Max-Q Design
[2019.04.21-06.53.44:597][  0]LogD3D11RHI:   Driver Version: 419.35 (internal:25.21.14.1935, unified:419.35)
[2019.04.21-06.53.44:597][  0]LogD3D11RHI:      Driver Date: 3-1-2019
[2019.04.21-06.53.44:597][  0]LogRHI: Texture pool is 5655 MB (70% of 8079 MB)
[2019.04.21-06.53.44:649][  0]LogD3D11RHI: Async texture creation enabled
[2019.04.21-06.53.44:744][  0]LogRendererCore: FGlobalReadBuffer::InitRHI
[2019.04.21-06.53.44:751][  0]LogRendererCore: FGlobalReadBuffer::InitRHI
[2019.04.21-06.53.44:751][  0]LogRendererCore: FGlobalReadBuffer::InitRHI
[2019.04.21-06.53.44:780][  0]LogD3D11RHI: GPU Timing Frequency: 1000.000000 (Debug: 2 1)
[2019.04.21-06.53.45:607][  0]LogTemp: Display: Module 'AllDesktopTargetPlatform' loaded TargetPlatform 'AllDesktop'
[2019.04.21-06.53.45:638][  0]LogTemp: Display: Module 'MacClientTargetPlatform' loaded TargetPlatform 'MacClient'
[2019.04.21-06.53.45:671][  0]LogTemp: Display: Module 'MacNoEditorTargetPlatform' loaded TargetPlatform 'MacNoEditor'
[2019.04.21-06.53.45:692][  0]LogTemp: Display: Module 'MacServerTargetPlatform' loaded TargetPlatform 'MacServer'
[2019.04.21-06.53.45:724][  0]LogTemp: Display: Module 'MacTargetPlatform' loaded TargetPlatform 'Mac'
[2019.04.21-06.53.45:787][  0]LogTemp: Display: Module 'WindowsClientTargetPlatform' loaded TargetPlatform 'WindowsClient'
[2019.04.21-06.53.45:812][  0]LogTemp: Display: Module 'WindowsNoEditorTargetPlatform' loaded TargetPlatform 'WindowsNoEditor'
[2019.04.21-06.53.45:832][  0]LogTemp: Display: Module 'WindowsServerTargetPlatform' loaded TargetPlatform 'WindowsServer'
[2019.04.21-06.53.45:850][  0]LogTemp: Display: Module 'WindowsTargetPlatform' loaded TargetPlatform 'Windows'
[2019.04.21-06.53.45:985][  0]LogTemp: Display: Module 'AndroidTargetPlatform' loaded TargetPlatform 'Android'
[2019.04.21-06.53.45:985][  0]LogTemp: Display: Module 'AndroidTargetPlatform' loaded TargetPlatform 'Android_ASTC'
[2019.04.21-06.53.45:985][  0]LogTemp: Display: Module 'AndroidTargetPlatform' loaded TargetPlatform 'Android_ATC'
[2019.04.21-06.53.45:985][  0]LogTemp: Display: Module 'AndroidTargetPlatform' loaded TargetPlatform 'Android_DXT'
[2019.04.21-06.53.45:985][  0]LogTemp: Display: Module 'AndroidTargetPlatform' loaded TargetPlatform 'Android_ETC1'
[2019.04.21-06.53.45:985][  0]LogTemp: Display: Module 'AndroidTargetPlatform' loaded TargetPlatform 'Android_ETC1a'
[2019.04.21-06.53.45:985][  0]LogTemp: Display: Module 'AndroidTargetPlatform' loaded TargetPlatform 'Android_ETC2'
[2019.04.21-06.53.45:985][  0]LogTemp: Display: Module 'AndroidTargetPlatform' loaded TargetPlatform 'Android_PVRTC'
[2019.04.21-06.53.45:985][  0]LogTemp: Display: Module 'AndroidTargetPlatform' loaded TargetPlatform 'AndroidClient'
[2019.04.21-06.53.45:985][  0]LogTemp: Display: Module 'AndroidTargetPlatform' loaded TargetPlatform 'Android_ASTCClient'
[2019.04.21-06.53.45:985][  0]LogTemp: Display: Module 'AndroidTargetPlatform' loaded TargetPlatform 'Android_ATCClient'
[2019.04.21-06.53.45:985][  0]LogTemp: Display: Module 'AndroidTargetPlatform' loaded TargetPlatform 'Android_DXTClient'
[2019.04.21-06.53.45:985][  0]LogTemp: Display: Module 'AndroidTargetPlatform' loaded TargetPlatform 'Android_ETC1Client'
[2019.04.21-06.53.45:985][  0]LogTemp: Display: Module 'AndroidTargetPlatform' loaded TargetPlatform 'Android_ETC1aClient'
[2019.04.21-06.53.45:985][  0]LogTemp: Display: Module 'AndroidTargetPlatform' loaded TargetPlatform 'Android_ETC2Client'
[2019.04.21-06.53.45:985][  0]LogTemp: Display: Module 'AndroidTargetPlatform' loaded TargetPlatform 'Android_PVRTCClient'
[2019.04.21-06.53.45:985][  0]LogTemp: Display: Module 'AndroidTargetPlatform' loaded TargetPlatform 'Android_Multi'
[2019.04.21-06.53.45:985][  0]LogTemp: Display: Module 'AndroidTargetPlatform' loaded TargetPlatform 'Android_MultiClient'
[2019.04.21-06.53.46:003][  0]LogTemp: Display: Module 'HTML5TargetPlatform' loaded TargetPlatform 'HTML5'
[2019.04.21-06.53.46:129][  0]LogTemp: Display: Module 'IOSTargetPlatform' loaded TargetPlatform 'IOSClient'
[2019.04.21-06.53.46:129][  0]LogTemp: Display: Module 'IOSTargetPlatform' loaded TargetPlatform 'IOS'
[2019.04.21-06.53.46:184][  0]LogTemp: Display: Module 'TVOSTargetPlatform' loaded TargetPlatform 'TVOSClient'
[2019.04.21-06.53.46:184][  0]LogTemp: Display: Module 'TVOSTargetPlatform' loaded TargetPlatform 'TVOS'
[2019.04.21-06.53.46:213][  0]LogTemp: Display: Module 'LinuxClientTargetPlatform' loaded TargetPlatform 'LinuxClient'
[2019.04.21-06.53.46:233][  0]LogTemp: Display: Module 'LinuxNoEditorTargetPlatform' loaded TargetPlatform 'LinuxNoEditor'
[2019.04.21-06.53.46:252][  0]LogTemp: Display: Module 'LinuxServerTargetPlatform' loaded TargetPlatform 'LinuxServer'
[2019.04.21-06.53.46:283][  0]LogTemp: Display: Module 'LinuxTargetPlatform' loaded TargetPlatform 'Linux'
[2019.04.21-06.53.46:384][  0]LogTemp: Display: Module 'LuminTargetPlatform' loaded TargetPlatform 'Lumin'
[2019.04.21-06.53.46:384][  0]LogTemp: Display: Module 'LuminTargetPlatform' loaded TargetPlatform 'LuminClient'
[2019.04.21-06.53.46:384][  0]LogTargetPlatformManager: Display: Building Assets For Windows
[2019.04.21-06.53.46:556][  0]LogAudioDebug: Display: Lib vorbis DLL was dynamically loaded.
[2019.04.21-06.53.47:201][  0]LogShaderCompilers: Guid format shader working directory is -20 characters bigger than the processId version (E:/Users/Darren Chua/Documents/Unreal Projects/N_Prototype4/Prototype4/Intermediate/Shaders/WorkingDirectory/101368/).
[2019.04.21-06.53.47:201][  0]LogShaderCompilers: Cleaned the shader compiler working directory 'C:/Users/Darren Chua/AppData/Local/Temp/UnrealShaderWorkingDir/E6C6D3DB4EFF9B0095345E9CF3C7331F/'.
[2019.04.21-06.53.47:217][  0]LogXGEController: Cleaning working directory: C:/Users/Darren Chua/AppData/Local/Temp/UnrealXGEWorkingDir/
[2019.04.21-06.53.47:218][  0]LogXGEController: Cannot use XGE Controller as Incredibuild is not installed on this machine.
[2019.04.21-06.53.47:218][  0]LogShaderCompilers: Cannot use XGE Shader Compiler as Incredibuild is not installed on this machine.
[2019.04.21-06.53.47:218][  0]LogShaderCompilers: Display: Using Local Shader Compiler.
[2019.04.21-06.53.48:889][  0]LogDerivedDataCache: Display: Max Cache Size: 512 MB
[2019.04.21-06.53.48:977][  0]LogDerivedDataCache: Loaded boot cache 0.09s 71MB C:/Users/Darren Chua/AppData/Local/UnrealEngine/4.22/DerivedDataCache/Boot.ddc.
[2019.04.21-06.53.48:977][  0]LogDerivedDataCache: Display: Loaded Boot cache: C:/Users/Darren Chua/AppData/Local/UnrealEngine/4.22/DerivedDataCache/Boot.ddc
[2019.04.21-06.53.48:977][  0]LogDerivedDataCache: FDerivedDataBackendGraph:  Pak pak cache file E:/Users/Darren Chua/Documents/Unreal Projects/N_Prototype4/Prototype4/DerivedDataCache/DDC.ddp not found, will not use a pak cache.
[2019.04.21-06.53.48:977][  0]LogDerivedDataCache: Unable to find inner node Pak for hierarchical cache Hierarchy.
[2019.04.21-06.53.48:978][  0]LogDerivedDataCache: FDerivedDataBackendGraph:  CompressedPak pak cache file E:/Users/Darren Chua/Documents/Unreal Projects/N_Prototype4/Prototype4/DerivedDataCache/Compressed.ddp not found, will not use a pak cache.
[2019.04.21-06.53.48:978][  0]LogDerivedDataCache: Unable to find inner node CompressedPak for hierarchical cache Hierarchy.
[2019.04.21-06.53.49:037][  0]LogDerivedDataCache: Display: Pak cache opened for reading ../../../Engine/DerivedDataCache/Compressed.ddp.
[2019.04.21-06.53.49:037][  0]LogDerivedDataCache: FDerivedDataBackendGraph:  EnterprisePak pak cache file ../../../Enterprise/DerivedDataCache/Compressed.ddp not found, will not use a pak cache.
[2019.04.21-06.53.49:037][  0]LogDerivedDataCache: Unable to find inner node EnterprisePak for hierarchical cache Hierarchy.
[2019.04.21-06.53.49:050][  0]LogDerivedDataCache: Using Local data cache path C:/Users/Darren Chua/AppData/Local/UnrealEngine/Common/DerivedDataCache: Writable
[2019.04.21-06.53.49:050][  0]LogDerivedDataCache: Shared data cache path not found in *engine.ini, will not use an Shared cache.
[2019.04.21-06.53.49:050][  0]LogDerivedDataCache: Unable to find inner node Shared for hierarchical cache Hierarchy.
[2019.04.21-06.53.49:088][  0]LogMaterial: Verifying Global Shaders for PCD3D_SM5
[2019.04.21-06.53.49:134][  0]LogSlate: Using FreeType 2.6.0
[2019.04.21-06.53.49:189][  0]LogSlate: SlateFontServices - WITH_FREETYPE: 1, WITH_HARFBUZZ: 1
[2019.04.21-06.53.50:022][  0]LogAssetRegistry: FAssetRegistry took 0.0426 seconds to start up
[2019.04.21-06.53.52:042][  0]LogInit: Selected Device Profile: [Windows]
[2019.04.21-06.53.53:845][  0]LogMeshReduction: Using QuadricMeshReduction for automatic static mesh reduction
[2019.04.21-06.53.53:845][  0]LogMeshReduction: Using SimplygonMeshReduction for automatic skeletal mesh reduction
[2019.04.21-06.53.53:845][  0]LogMeshReduction: Using ProxyLODMeshReduction for automatic mesh merging
[2019.04.21-06.53.53:845][  0]LogMeshReduction: No distributed automatic mesh merging module available
[2019.04.21-06.53.53:845][  0]LogMeshMerging: No distributed automatic mesh merging module available
[2019.04.21-06.53.54:171][  0]LogNetVersion: Prototype4 1.0.0, NetCL: 5660361, EngineNetVer: 10, GameNetVer: 0 (Checksum: 2674950334)
[2019.04.21-06.53.57:722][  0]LogPackageLocalizationCache: Processed 10 localized package path(s) for 1 prioritized culture(s) in 0.808526 seconds
[2019.04.21-06.53.57:739][  0]LogUObjectArray: 42205 objects as part of root set at end of initial load.
[2019.04.21-06.53.57:739][  0]LogUObjectAllocator: 7325032 out of 0 bytes used by permanent object pool.
[2019.04.21-06.53.57:739][  0]LogUObjectArray: CloseDisregardForGC: 0/0 objects in disregard for GC pool
[2019.04.21-06.54.06:683][  0]LogTcpMessaging: Initializing TcpMessaging bridge
[2019.04.21-06.54.06:763][  0]LogUdpMessaging: Initializing bridge on interface 0.0.0.0:0 to multicast group 230.0.0.1:6666.
[2019.04.21-06.54.07:327][  0]SourceControl: Source control is disabled
[2019.04.21-06.54.07:327][  0]SourceControl: Source control is disabled
[2019.04.21-06.54.07:460][  0]SourceControl: Source control is disabled
[2019.04.21-06.54.07:485][  0]SourceControl: Source control is disabled
[2019.04.21-06.54.08:667][  0]LogAndroidPermission: UAndroidPermissionCallbackProxy::GetInstance
[2019.04.21-06.54.09:119][  0]LogOcInput: OculusInput pre-init called
[2019.04.21-06.54.11:044][  0]LogEngine: Initializing Engine...
[2019.04.21-06.54.11:190][  0]LogHMD: Failed to initialize OpenVR with code 108
[2019.04.21-06.54.11:192][  0]LogStats: UGameplayTagsManager::InitializeManager -  0.001 s
[2019.04.21-06.54.11:836][  0]LogInit: Initializing FReadOnlyCVARCache
[2019.04.21-06.54.12:061][  0]LogAIModule: Creating AISystem for world Untitled
[2019.04.21-06.54.12:171][  0]LogInit: XAudio2 using 'Speakers (Realtek High Definition Audio)' : 6 channels at 48 kHz using 32 bits per sample (channel mask 0x3f)
[2019.04.21-06.54.12:302][  0]LogInit: FAudioDevice initialized.
[2019.04.21-06.54.12:302][  0]LogNetVersion: Set ProjectVersion to 1.0.0.0. Version Checksum will be recalculated on next use.
[2019.04.21-06.54.12:359][  0]LogDerivedDataCache: Saved boot cache 0.06s 71MB C:/Users/Darren Chua/AppData/Local/UnrealEngine/4.22/DerivedDataCache/Boot.ddc.
[2019.04.21-06.54.12:368][  0]LogInit: Texture streaming: Enabled
[2019.04.21-06.54.12:682][  0]LogEngineSessionManager: EngineSessionManager initialized
[2019.04.21-06.54.13:045][  0]LogInit: Transaction tracking system initialized
[2019.04.21-06.54.13:782][  0]BlueprintLog: New page: Editor Load
[2019.04.21-06.54.16:419][  0]LocalizationService: Localization service is disabled
[2019.04.21-06.54.20:145][  0]LogCook: Display: Max memory allowance for cook 16384mb min free memory 0mb
[2019.04.21-06.54.20:146][  0]LogCook: Display: Mobile HDR setting 1
[2019.04.21-06.54.20:957][  0]LogFileCache: Scanning file cache for directory 'E:/Users/Darren Chua/Documents/Unreal Projects/N_Prototype4/Prototype4/Content/' took 0.18s
[2019.04.21-06.54.24:550][  0]SourceControl: Source control is disabled
[2019.04.21-06.54.24:574][  0]Cmd: MAP LOAD FILE="E:/Users/Darren Chua/Documents/Unreal Projects/N_Prototype4/Prototype4/Content/ThirdPersonBP/Maps/ThirdPersonExampleMap.umap" TEMPLATE=0 SHOWPROGRESS=1 FEATURELEVEL=3
[2019.04.21-06.54.24:599][  0]LightingResults: New page: Lighting Build
[2019.04.21-06.54.24:742][  0]MapCheck: New page: Map Check
[2019.04.21-06.54.24:742][  0]LightingResults: New page: Lighting Build
[2019.04.21-06.54.24:927][  0]LogUObjectHash: Compacting FUObjectHashTables data took   1.58ms
[2019.04.21-06.54.27:868][  0]LogAIModule: Creating AISystem for world ThirdPersonExampleMap
[2019.04.21-06.54.28:267][  0]LogEditorServer: Finished looking for orphan Actors (0.000 secs)
[2019.04.21-06.54.28:357][  0]LogUObjectHash: Compacting FUObjectHashTables data took   2.10ms
[2019.04.21-06.54.28:357][  0]Cmd: MAP CHECKDEP NOCLEARLOG
[2019.04.21-06.54.28:357][  0]MapCheck: Map check complete: 0 Error(s), 0 Warning(s), took 0.171ms to complete.
[2019.04.21-06.54.28:357][  0]LogFileHelpers: Loading map 'ThirdPersonExampleMap' took 3.802
[2019.04.21-06.54.29:516][  0]LogSlate: Updating window title bar state: overlay mode, drag disabled, window buttons hidden, title bar hidden
[2019.04.21-06.54.29:524][  0]LogSlate: Updating window title bar state: overlay mode, drag disabled, window buttons hidden, title bar hidden
[2019.04.21-06.54.29:532][  0]LogSlate: Updating window title bar state: overlay mode, drag disabled, window buttons hidden, title bar hidden
[2019.04.21-06.54.29:541][  0]LogSlate: Updating window title bar state: overlay mode, drag disabled, window buttons hidden, title bar hidden
[2019.04.21-06.54.29:654][  0]LogCollectionManager: Loaded 0 collections in 0.024341 seconds
[2019.04.21-06.54.29:747][  0]LogFileCache: Scanning file cache for directory 'E:/Users/Darren Chua/Documents/Unreal Projects/N_Prototype4/Prototype4/Saved/Collections/' took 0.01s
[2019.04.21-06.54.29:747][  0]LogFileCache: Scanning file cache for directory 'E:/Users/Darren Chua/Documents/Unreal Projects/N_Prototype4/Prototype4/Content/Developers/DarrenChua/Collections/' took 0.00s
[2019.04.21-06.54.29:747][  0]LogFileCache: Scanning file cache for directory 'E:/Users/Darren Chua/Documents/Unreal Projects/N_Prototype4/Prototype4/Content/Collections/' took 0.00s
[2019.04.21-06.54.29:747][  0]LogCollectionManager: Rebuilt the GUID cache for 0 collections in 0.000000 seconds
[2019.04.21-06.54.29:760][  0]LogContentBrowser: Native class hierarchy populated in 0.0098 seconds. Added 2732 classes and 659 folders.
[2019.04.21-06.54.29:816][  0]LogContentBrowser: Native class hierarchy updated for 'WidgetCarousel' in 0.0003 seconds. Added 0 classes and 0 folders.
[2019.04.21-06.54.29:887][  0]LogPakFile: Registered encryption key '00000000000000000000000000000000': 0 pak files mounted, 0 remain pending
[2019.04.21-06.54.29:908][  0]LogPakFile: Registered encryption key '00000000000000000000000000000000': 0 pak files mounted, 0 remain pending
[2019.04.21-06.54.29:921][  0]LogPakFile: Registered encryption key '00000000000000000000000000000000': 0 pak files mounted, 0 remain pending
[2019.04.21-06.54.29:936][  0]LogPakFile: Registered encryption key '00000000000000000000000000000000': 0 pak files mounted, 0 remain pending
[2019.04.21-06.54.29:961][  0]LogPakFile: Registered encryption key '00000000000000000000000000000000': 0 pak files mounted, 0 remain pending
[2019.04.21-06.54.29:974][  0]LogPakFile: Registered encryption key '00000000000000000000000000000000': 0 pak files mounted, 0 remain pending
[2019.04.21-06.54.29:987][  0]LogPakFile: Registered encryption key '00000000000000000000000000000000': 0 pak files mounted, 0 remain pending
[2019.04.21-06.54.29:995][  0]LogPakFile: Registered encryption key '00000000000000000000000000000000': 0 pak files mounted, 0 remain pending
[2019.04.21-06.54.30:003][  0]LogPakFile: Registered encryption key '00000000000000000000000000000000': 0 pak files mounted, 0 remain pending
[2019.04.21-06.54.30:006][  0]LogPakFile: Registered encryption key '00000000000000000000000000000000': 0 pak files mounted, 0 remain pending
[2019.04.21-06.54.30:008][  0]LogPakFile: Registered encryption key '00000000000000000000000000000000': 0 pak files mounted, 0 remain pending
[2019.04.21-06.54.30:011][  0]LogPakFile: Registered encryption key '00000000000000000000000000000000': 0 pak files mounted, 0 remain pending
[2019.04.21-06.54.30:035][  0]LogPakFile: Registered encryption key '00000000000000000000000000000000': 0 pak files mounted, 0 remain pending
[2019.04.21-06.54.30:049][  0]LogPakFile: Registered encryption key '00000000000000000000000000000000': 0 pak files mounted, 0 remain pending
[2019.04.21-06.54.30:065][  0]LogPakFile: Registered encryption key '00000000000000000000000000000000': 0 pak files mounted, 0 remain pending
[2019.04.21-06.54.30:073][  0]LogPakFile: Registered encryption key '00000000000000000000000000000000': 0 pak files mounted, 0 remain pending
[2019.04.21-06.54.30:090][  0]LogPakFile: Registered encryption key '00000000000000000000000000000000': 0 pak files mounted, 0 remain pending
[2019.04.21-06.54.30:093][  0]LogPakFile: Registered encryption key '00000000000000000000000000000000': 0 pak files mounted, 0 remain pending
[2019.04.21-06.54.30:108][  0]LogPakFile: Registered encryption key '00000000000000000000000000000000': 0 pak files mounted, 0 remain pending
[2019.04.21-06.54.30:121][  0]LogPakFile: Registered encryption key '00000000000000000000000000000000': 0 pak files mounted, 0 remain pending
[2019.04.21-06.54.30:158][  0]LogPakFile: Registered encryption key '00000000000000000000000000000000': 0 pak files mounted, 0 remain pending
[2019.04.21-06.54.30:163][  0]LogPakFile: Registered encryption key '00000000000000000000000000000000': 0 pak files mounted, 0 remain pending
[2019.04.21-06.54.30:165][  0]LogPakFile: Registered encryption key '00000000000000000000000000000000': 0 pak files mounted, 0 remain pending
[2019.04.21-06.54.30:169][  0]LogPakFile: Registered encryption key '00000000000000000000000000000000': 0 pak files mounted, 0 remain pending
[2019.04.21-06.54.30:184][  0]LogPakFile: Registered encryption key '00000000000000000000000000000000': 0 pak files mounted, 0 remain pending
[2019.04.21-06.54.30:209][  0]LogPakFile: Registered encryption key '00000000000000000000000000000000': 0 pak files mounted, 0 remain pending
[2019.04.21-06.54.31:246][  0]LogContentBrowser: Native class hierarchy updated for 'AddContentDialog' in 0.0003 seconds. Added 0 classes and 0 folders.
[2019.04.21-06.54.31:308][  0]LogContentBrowser: Native class hierarchy updated for 'SceneOutliner' in 0.0004 seconds. Added 1 classes and 2 folders.
[2019.04.21-06.54.31:775][  0]LogSlate: Took 0.026264 seconds to synchronously load lazily loaded font '../../../Engine/Content/Slate/Fonts/Roboto-Regular.ttf' (155K)
[2019.04.21-06.54.31:796][  0]LogSlate: Took 0.017696 seconds to synchronously load lazily loaded font '../../../Engine/Content/Slate/Fonts/Roboto-Bold.ttf' (160K)
[2019.04.21-06.54.31:813][  0]LogSlate: Took 0.010734 seconds to synchronously load lazily loaded font '../../../Engine/Content/Editor/Slate/Fonts/FontAwesome.ttf' (139K)
[2019.04.21-06.54.32:204][  0]LogRenderer: Reallocating scene render targets to support 1008x572 Format 10 NumSamples 1 (Frame:1).
[2019.04.21-06.54.32:715][  0]LogContentBrowser: Native class hierarchy updated for 'HierarchicalLODOutliner' in 0.0004 seconds. Added 0 classes and 0 folders.
[2019.04.21-06.54.32:715][  0]LogLoad: (Engine Initialization) Total time: 92.57 seconds
[2019.04.21-06.54.32:715][  0]LogLoad: (Engine Initialization) Total Blueprint compile time: 0.00 seconds
[2019.04.21-06.54.32:827][  0]LogAssetRegistry: Asset discovery search completed in 42.8268 seconds
[2019.04.21-06.54.32:829][  0]LogCollectionManager: Rebuilt the object cache for 0 collections in 0.000000 seconds (found 0 objects)
[2019.04.21-06.54.32:829][  0]LogCollectionManager: Fixed up redirectors for 0 collections in 0.000057 seconds (updated 0 objects)
[2019.04.21-06.54.32:880][  0]LogContentStreaming: Texture pool size now 1000 MB
[2019.04.21-06.54.32:963][  0]LogSlate: Took 0.014238 seconds to synchronously load lazily loaded font '../../../Engine/Content/Slate/Fonts/Roboto-Light.ttf' (167K)
[2019.04.21-06.54.38:113][ 16]LogFileCache: Retrieving MD5 hashes for directory 'E:/Users/Darren Chua/Documents/Unreal Projects/N_Prototype4/Prototype4/Content/' took 5.34s
[2019.04.21-06.54.46:882][265]LogSlate: FSceneViewport::OnFocusLost() reason 0
[2019.04.21-06.54.49:661][353]LogSlate: Took 0.000193 seconds to synchronously load lazily loaded font '../../../Engine/Content/Slate/Fonts/Roboto-Light.ttf' (167K)
[2019.04.21-06.54.49:669][353]LogAssetEditorManager: Opening Asset editor for Blueprint /Game/ThirdPersonBP/Blueprints/ThirdPersonCharacter.ThirdPersonCharacter
[2019.04.21-06.54.50:509][353]LogContentBrowser: Native class hierarchy updated for 'BlueprintGraph' in 0.0011 seconds. Added 121 classes and 0 folders.
[2019.04.21-06.54.52:212][353]LogSlate: Took 0.010701 seconds to synchronously load lazily loaded font '../../../Engine/Content/Slate/Fonts/Roboto-BoldCondensed.ttf' (158K)
[2019.04.21-06.54.54:666][407]LogSlate: Took 0.014163 seconds to synchronously load lazily loaded font '../../../Engine/Content/Slate/Fonts/Roboto-Italic.ttf' (157K)
[2019.04.21-06.54.56:732][458]LogRenderer: Reallocating scene render targets to support 1008x712 Format 10 NumSamples 1 (Frame:1).
[2019.04.21-06.55.11:384][812]LogSlate: FSceneViewport::OnFocusLost() reason 0
[2019.04.21-06.55.11:482][814]BlueprintLog: New page: Compile ThirdPersonCharacter
[2019.04.21-06.55.13:396][814]LogUObjectHash: Compacting FUObjectHashTables data took   3.01ms
[2019.04.21-06.55.14:652][839]LogSlate: Window 'ThirdPersonCharacter' being destroyed
[2019.04.21-06.55.15:782][864]LogTemp: Repeating last play command: Selected Viewport
[2019.04.21-06.55.15:793][864]LogBlueprintUserMessages: Early PlayInEditor Detection: Level '/Game/ThirdPersonBP/Maps/ThirdPersonExampleMap.ThirdPersonExampleMap:PersistentLevel' has LevelScriptBlueprint '/Game/ThirdPersonBP/Maps/ThirdPersonExampleMap.ThirdPersonExampleMap:PersistentLevel.ThirdPersonExampleMap' with GeneratedClass '/Game/ThirdPersonBP/Maps/ThirdPersonExampleMap.ThirdPersonExampleMap_C' with ClassGeneratedBy '/Game/ThirdPersonBP/Maps/ThirdPersonExampleMap.ThirdPersonExampleMap:PersistentLevel.ThirdPersonExampleMap'
[2019.04.21-06.55.15:804][864]LogPlayLevel: PlayLevel: No blueprints needed recompiling
[2019.04.21-06.55.15:833][864]PIE: New page: PIE session: ThirdPersonExampleMap (21 Apr 2019 10:55:15 pm)
[2019.04.21-06.55.15:920][864]LogPlayLevel: Creating play world package: /Game/ThirdPersonBP/Maps/UEDPIE_0_ThirdPersonExampleMap
[2019.04.21-06.55.15:943][864]LogPlayLevel: PIE: StaticDuplicateObject took: (0.023454s)
[2019.04.21-06.55.15:944][864]LogAIModule: Creating AISystem for world ThirdPersonExampleMap
[2019.04.21-06.55.15:955][864]LogPlayLevel: PIE: World Init took: (0.012043s)
[2019.04.21-06.55.15:956][864]LogPlayLevel: PIE: Created PIE world by copying editor world from /Game/ThirdPersonBP/Maps/ThirdPersonExampleMap.ThirdPersonExampleMap to /Game/ThirdPersonBP/Maps/UEDPIE_0_ThirdPersonExampleMap.ThirdPersonExampleMap (0.036143s)
[2019.04.21-06.55.16:054][864]LogUObjectHash: Compacting FUObjectHashTables data took   2.50ms
[2019.04.21-06.55.16:092][864]LogInit: XAudio2 using 'Speakers (Realtek High Definition Audio)' : 6 channels at 48 kHz using 32 bits per sample (channel mask 0x3f)
[2019.04.21-06.55.16:202][864]LogInit: FAudioDevice initialized.
[2019.04.21-06.55.16:297][864]LogLoad: Game class is 'ThirdPersonGameMode_C'
[2019.04.21-06.55.16:351][864]LogWorld: Bringing World /Game/ThirdPersonBP/Maps/UEDPIE_0_ThirdPersonExampleMap.ThirdPersonExampleMap up for play (max tick rate 0) at 2019.04.21-14.55.16
[2019.04.21-06.55.16:362][864]LogWorld: Bringing up level for play took: 0.015253
[2019.04.21-06.55.16:513][864]LogContentBrowser: Native class hierarchy updated for 'MovieSceneCapture' in 0.0005 seconds. Added 20 classes and 0 folders.
[2019.04.21-06.55.16:539][864]PIE: Play in editor start time for /Game/ThirdPersonBP/Maps/UEDPIE_0_ThirdPersonExampleMap 0.989
[2019.04.21-06.55.16:540][864]LogBlueprintUserMessages: Late PlayInEditor Detection: Level '/Game/ThirdPersonBP/Maps/ThirdPersonExampleMap.ThirdPersonExampleMap:PersistentLevel' has LevelScriptBlueprint '/Game/ThirdPersonBP/Maps/ThirdPersonExampleMap.ThirdPersonExampleMap:PersistentLevel.ThirdPersonExampleMap' with GeneratedClass '/Game/ThirdPersonBP/Maps/ThirdPersonExampleMap.ThirdPersonExampleMap_C' with ClassGeneratedBy '/Game/ThirdPersonBP/Maps/ThirdPersonExampleMap.ThirdPersonExampleMap:PersistentLevel.ThirdPersonExampleMap'
[2019.04.21-06.55.31:520][449]LogBlueprintUserMessages: Early EndPlayMap Detection: Level '/Game/ThirdPersonBP/Maps/ThirdPersonExampleMap.ThirdPersonExampleMap:PersistentLevel' has LevelScriptBlueprint '/Game/ThirdPersonBP/Maps/ThirdPersonExampleMap.ThirdPersonExampleMap:PersistentLevel.ThirdPersonExampleMap' with GeneratedClass '/Game/ThirdPersonBP/Maps/ThirdPersonExampleMap.ThirdPersonExampleMap_C' with ClassGeneratedBy '/Game/ThirdPersonBP/Maps/ThirdPersonExampleMap.ThirdPersonExampleMap:PersistentLevel.ThirdPersonExampleMap'
[2019.04.21-06.55.31:570][449]LogSlate: Updating window title bar state: overlay mode, drag disabled, window buttons hidden, title bar hidden
[2019.04.21-06.55.31:636][449]LogPlayLevel: Display: Shutting down PIE online subsystems
[2019.04.21-06.55.31:636][449]LogBlueprintUserMessages: Late EndPlayMap Detection: Level '/Game/ThirdPersonBP/Maps/ThirdPersonExampleMap.ThirdPersonExampleMap:PersistentLevel' has LevelScriptBlueprint '/Game/ThirdPersonBP/Maps/ThirdPersonExampleMap.ThirdPersonExampleMap:PersistentLevel.ThirdPersonExampleMap' with GeneratedClass '/Game/ThirdPersonBP/Maps/ThirdPersonExampleMap.ThirdPersonExampleMap_C' with ClassGeneratedBy '/Game/ThirdPersonBP/Maps/ThirdPersonExampleMap.ThirdPersonExampleMap:PersistentLevel.ThirdPersonExampleMap'
[2019.04.21-06.55.32:201][449]LogSlate: Updating window title bar state: overlay mode, drag disabled, window buttons hidden, title bar hidden
[2019.04.21-06.55.32:307][449]LogUObjectHash: Compacting FUObjectHashTables data took   5.58ms
[2019.04.21-06.55.32:434][450]LogPlayLevel: Display: Destroying online subsystem :Context_5
[2019.04.21-06.55.34:738][518]LogSlate: FSceneViewport::OnFocusLost() reason 0
[2019.04.21-06.55.34:997][522]LogAssetEditorManager: Opening Asset editor for Blueprint /Game/ThirdPersonBP/Blueprints/ThirdPersonCharacter.ThirdPersonCharacter
[2019.04.21-06.55.54:079][834]BlueprintLog: New page: Compile ThirdPersonCharacter
[2019.04.21-06.55.55:113][834]LogUObjectHash: Compacting FUObjectHashTables data took   4.84ms
[2019.04.21-06.55.55:666][843]LogSlate: Window 'ThirdPersonCharacter' being destroyed
[2019.04.21-06.56.00:832][124]LogSlate: FSceneViewport::OnFocusLost() reason 0
[2019.04.21-06.56.00:897][126]LogTemp: Repeating last play command: Selected Viewport
[2019.04.21-06.56.00:904][126]LogBlueprintUserMessages: Early PlayInEditor Detection: Level '/Game/ThirdPersonBP/Maps/ThirdPersonExampleMap.ThirdPersonExampleMap:PersistentLevel' has LevelScriptBlueprint '/Game/ThirdPersonBP/Maps/ThirdPersonExampleMap.ThirdPersonExampleMap:PersistentLevel.ThirdPersonExampleMap' with GeneratedClass '/Game/ThirdPersonBP/Maps/ThirdPersonExampleMap.ThirdPersonExampleMap_C' with ClassGeneratedBy '/Game/ThirdPersonBP/Maps/ThirdPersonExampleMap.ThirdPersonExampleMap:PersistentLevel.ThirdPersonExampleMap'
[2019.04.21-06.56.00:905][126]LogPlayLevel: PlayLevel: No blueprints needed recompiling
[2019.04.21-06.56.00:905][126]PIE: New page: PIE session: ThirdPersonExampleMap (21 Apr 2019 10:56:00 pm)
[2019.04.21-06.56.00:905][126]LogPlayLevel: Creating play world package: /Game/ThirdPersonBP/Maps/UEDPIE_0_ThirdPersonExampleMap
[2019.04.21-06.56.00:918][126]LogPlayLevel: PIE: StaticDuplicateObject took: (0.013241s)
[2019.04.21-06.56.00:919][126]LogAIModule: Creating AISystem for world ThirdPersonExampleMap
[2019.04.21-06.56.00:919][126]LogPlayLevel: PIE: World Init took: (0.000553s)
[2019.04.21-06.56.00:919][126]LogPlayLevel: PIE: Created PIE world by copying editor world from /Game/ThirdPersonBP/Maps/ThirdPersonExampleMap.ThirdPersonExampleMap to /Game/ThirdPersonBP/Maps/UEDPIE_0_ThirdPersonExampleMap.ThirdPersonExampleMap (0.013961s)
[2019.04.21-06.56.00:956][126]LogUObjectHash: Compacting FUObjectHashTables data took   2.74ms
[2019.04.21-06.56.00:984][126]LogInit: XAudio2 using 'Speakers (Realtek High Definition Audio)' : 6 channels at 48 kHz using 32 bits per sample (channel mask 0x3f)
[2019.04.21-06.56.01:097][126]LogInit: FAudioDevice initialized.
[2019.04.21-06.56.01:361][126]LogLoad: Game class is 'ThirdPersonGameMode_C'
[2019.04.21-06.56.01:363][126]LogWorld: Bringing World /Game/ThirdPersonBP/Maps/UEDPIE_0_ThirdPersonExampleMap.ThirdPersonExampleMap up for play (max tick rate 0) at 2019.04.21-14.56.01
[2019.04.21-06.56.01:363][126]LogWorld: Bringing up level for play took: 0.001955
[2019.04.21-06.56.01:376][126]PIE: Play in editor start time for /Game/ThirdPersonBP/Maps/UEDPIE_0_ThirdPersonExampleMap -0.175
[2019.04.21-06.56.01:376][126]LogBlueprintUserMessages: Late PlayInEditor Detection: Level '/Game/ThirdPersonBP/Maps/ThirdPersonExampleMap.ThirdPersonExampleMap:PersistentLevel' has LevelScriptBlueprint '/Game/ThirdPersonBP/Maps/ThirdPersonExampleMap.ThirdPersonExampleMap:PersistentLevel.ThirdPersonExampleMap' with GeneratedClass '/Game/ThirdPersonBP/Maps/ThirdPersonExampleMap.ThirdPersonExampleMap_C' with ClassGeneratedBy '/Game/ThirdPersonBP/Maps/ThirdPersonExampleMap.ThirdPersonExampleMap:PersistentLevel.ThirdPersonExampleMap'
[2019.04.21-06.56.16:832][903]LogBlueprintUserMessages: Early EndPlayMap Detection: Level '/Game/ThirdPersonBP/Maps/ThirdPersonExampleMap.ThirdPersonExampleMap:PersistentLevel' has LevelScriptBlueprint '/Game/ThirdPersonBP/Maps/ThirdPersonExampleMap.ThirdPersonExampleMap:PersistentLevel.ThirdPersonExampleMap' with GeneratedClass '/Game/ThirdPersonBP/Maps/ThirdPersonExampleMap.ThirdPersonExampleMap_C' with ClassGeneratedBy '/Game/ThirdPersonBP/Maps/ThirdPersonExampleMap.ThirdPersonExampleMap:PersistentLevel.ThirdPersonExampleMap'
[2019.04.21-06.56.16:832][903]LogSlate: Updating window title bar state: overlay mode, drag disabled, window buttons hidden, title bar hidden
[2019.04.21-06.56.16:878][903]LogPlayLevel: Display: Shutting down PIE online subsystems
[2019.04.21-06.56.16:878][903]LogBlueprintUserMessages: Late EndPlayMap Detection: Level '/Game/ThirdPersonBP/Maps/ThirdPersonExampleMap.ThirdPersonExampleMap:PersistentLevel' has LevelScriptBlueprint '/Game/ThirdPersonBP/Maps/ThirdPersonExampleMap.ThirdPersonExampleMap:PersistentLevel.ThirdPersonExampleMap' with GeneratedClass '/Game/ThirdPersonBP/Maps/ThirdPersonExampleMap.ThirdPersonExampleMap_C' with ClassGeneratedBy '/Game/ThirdPersonBP/Maps/ThirdPersonExampleMap.ThirdPersonExampleMap:PersistentLevel.ThirdPersonExampleMap'
[2019.04.21-06.56.16:913][903]LogSlate: Updating window title bar state: overlay mode, drag disabled, window buttons hidden, title bar hidden
[2019.04.21-06.56.16:917][903]LogUObjectHash: Compacting FUObjectHashTables data took   2.22ms
[2019.04.21-06.56.16:939][904]LogPlayLevel: Display: Destroying online subsystem :Context_7
[2019.04.21-06.57.02:936][136]LogAssetTools: Warning: Failed to import 'E:\Users\Darren Chua\Documents\Magic_n_Slash\Content\Assets\Character\Animations\Player_Dodge.uasset'. Unknown extension 'uasset'.
[2019.04.21-06.57.02:960][137]LogSlate: FSceneViewport::OnFocusLost() reason 0
