Log file open, 05/30/19 01:05:49
LogWindows: Failed to load 'aqProf.dll' (GetLastError=126)
LogWindows: File 'aqProf.dll' does not exist
LogWindows: Failed to load 'VtuneApi.dll' (GetLastError=126)
LogWindows: File 'VtuneApi.dll' does not exist
LogWindows: Failed to load 'VtuneApi32e.dll' (GetLastError=126)
LogWindows: File 'VtuneApi32e.dll' does not exist
LogConsoleResponse: Display: Failed to find resolution value strings in scalability ini. Falling back to default.
LogInit: Display: Running engine for game: Prototype4
LogPakFile: Registered encryption key '00000000000000000000000000000000': 0 pak files mounted, 0 remain pending
LogPlatformFile: Not using cached read wrapper
LogTaskGraph: Started task graph with 5 named threads and 11 total threads with 3 sets of task threads.
LogStats: Stats thread started at 1.022684
LogD3D11RHI: Loaded GFSDK_Aftermath_Lib.x64.dll
LogICUInternationalization: ICU TimeZone Detection - Raw Offset: +12:00, Platform Override: ''
LogPluginManager: Mounting plugin Paper2D
LogPluginManager: Mounting plugin AISupport
LogPluginManager: Mounting plugin LightPropagationVolume
LogPluginManager: Mounting plugin ActorLayerUtilities
LogPluginManager: Mounting plugin AnimationSharing
LogPluginManager: Mounting plugin CLionSourceCodeAccess
LogPluginManager: Mounting plugin CodeLiteSourceCodeAccess
LogPluginManager: Mounting plugin ConcertFrontend
LogPluginManager: Mounting plugin ConcertMain
LogPluginManager: Mounting plugin ConcertSyncClient
LogPluginManager: Mounting plugin ConcertSyncCore
LogPluginManager: Found config from plugin[ConcertSyncCore] C:/Users/Administrator/Documents/N_Prototype4/Prototype4/Saved/Config/Windows/Engine.ini
LogPluginManager: Mounting plugin GitSourceControl
LogPluginManager: Mounting plugin KDevelopSourceCodeAccess
LogPluginManager: Mounting plugin NullSourceCodeAccess
LogPluginManager: Mounting plugin PerforceSourceControl
LogPluginManager: Mounting plugin SubversionSourceControl
LogPluginManager: Mounting plugin UObjectPlugin
LogPluginManager: Mounting plugin VisualStudioCodeSourceCodeAccess
LogPluginManager: Mounting plugin VisualStudioSourceCodeAccess
LogPluginManager: Mounting plugin XCodeSourceCodeAccess
LogPluginManager: Mounting plugin AssetManagerEditor
LogPluginManager: Mounting plugin CryptoKeys
LogPluginManager: Mounting plugin DataValidation
LogPluginManager: Mounting plugin FacialAnimation
LogPluginManager: Mounting plugin GameplayTagsEditor
LogPluginManager: Mounting plugin MacGraphicsSwitching
LogPluginManager: Mounting plugin MaterialAnalyzer
LogPluginManager: Mounting plugin MobileLauncherProfileWizard
LogPluginManager: Mounting plugin PluginBrowser
LogPluginManager: Mounting plugin SpeedTreeImporter
LogPluginManager: Mounting plugin DatasmithContent
LogPluginManager: Mounting plugin VariantManagerContent
LogPluginManager: Mounting plugin AlembicImporter
LogPluginManager: Mounting plugin AppleImageUtils
LogPluginManager: Mounting plugin AppleVision
LogPluginManager: Mounting plugin BackChannel
LogPluginManager: Mounting plugin CharacterAI
LogPluginManager: Mounting plugin GeometryCache
LogPluginManager: Mounting plugin HTML5Networking
LogPluginManager: Mounting plugin ProxyLODPlugin
LogPluginManager: Mounting plugin SkeletalReduction
LogPluginManager: Mounting plugin MagicLeap
LogPluginManager: Mounting plugin MagicLeapMedia
LogPluginManager: Mounting plugin AndroidMedia
LogPluginManager: Mounting plugin AvfMedia
LogPluginManager: Mounting plugin ImgMedia
LogPluginManager: Mounting plugin LinearTimecode
LogPluginManager: Mounting plugin MediaCompositing
LogPluginManager: Mounting plugin MediaPlayerEditor
LogPluginManager: Mounting plugin WebMMedia
LogPluginManager: Mounting plugin WmfMedia
LogPluginManager: Mounting plugin TcpMessaging
LogPluginManager: Mounting plugin UdpMessaging
LogPluginManager: Mounting plugin ActorSequence
LogPluginManager: Mounting plugin LevelSequenceEditor
LogPluginManager: Mounting plugin MatineeToLevelSequence
LogPluginManager: Mounting plugin NetcodeUnitTest
LogPluginManager: Mounting plugin NUTUnrealEngine4
LogPluginManager: Mounting plugin OnlineSubsystemGooglePlay
LogPluginManager: Mounting plugin OnlineSubsystemIOS
LogPluginManager: Mounting plugin OnlineSubsystem
LogPluginManager: Mounting plugin OnlineSubsystemNull
LogPluginManager: Mounting plugin OnlineSubsystemUtils
LogPluginManager: Mounting plugin LauncherChunkInstaller
LogPluginManager: Mounting plugin AndroidDeviceProfileSelector
LogPluginManager: Mounting plugin AndroidMoviePlayer
LogPluginManager: Mounting plugin AndroidPermission
LogPluginManager: Mounting plugin AppleMoviePlayer
LogPluginManager: Mounting plugin ArchVisCharacter
LogPluginManager: Mounting plugin AudioCapture
LogPluginManager: Mounting plugin CableComponent
LogPluginManager: Mounting plugin CustomMeshComponent
LogPluginManager: Mounting plugin EditableMesh
LogPluginManager: Mounting plugin ExampleDeviceProfileSelector
LogPluginManager: Mounting plugin Firebase
LogPluginManager: Mounting plugin GoogleCloudMessaging
LogPluginManager: Mounting plugin IOSDeviceProfileSelector
LogPluginManager: Mounting plugin LinuxDeviceProfileSelector
LogPluginManager: Mounting plugin LocationServicesBPLibrary
LogPluginManager: Mounting plugin MobilePatchingUtils
LogPluginManager: Mounting plugin OculusVR
LogPluginManager: Mounting plugin PhysXVehicles
LogPluginManager: Mounting plugin ProceduralMeshComponent
LogPluginManager: Mounting plugin RuntimePhysXCooking
LogPluginManager: Mounting plugin SignificanceManager
LogPluginManager: Mounting plugin SteamVR
LogPluginManager: Mounting plugin WebMMoviePlayer
LogPluginManager: Mounting plugin WindowsMoviePlayer
LogInit: Using libcurl 7.55.1-DEV
LogInit:  - built for x86_64-pc-win32
LogInit:  - supports SSL with OpenSSL/1.1.1
LogInit:  - supports HTTP deflate (compression) using libz 1.2.8
LogInit:  - other features:
LogInit:      CURL_VERSION_SSL
LogInit:      CURL_VERSION_LIBZ
LogInit:      CURL_VERSION_IPV6
LogInit:      CURL_VERSION_ASYNCHDNS
LogInit:      CURL_VERSION_LARGEFILE
LogInit:      CURL_VERSION_IDN
LogInit:  CurlRequestOptions (configurable via config and command line):
LogInit:  - bVerifyPeer = true  - Libcurl will verify peer certificate
LogInit:  - bUseHttpProxy = false  - Libcurl will NOT use HTTP proxy
LogInit:  - bDontReuseConnections = false  - Libcurl will reuse connections
LogInit:  - MaxHostConnections = 16  - Libcurl will limit the number of connections to a host
LogInit:  - LocalHostAddr = Default
LogInit:  - BufferSize = 65536
LogInit: WinSock: version 1.1 (2.2), MaxSocks=32767, MaxUdp=65467
LogInit: Build: ++UE4+Release-4.22-CL-6574378
LogInit: Engine Version: 4.22.2-6574378+++UE4+Release-4.22
LogInit: Compatible Engine Version: 4.22.0-5660361+++UE4+Release-4.22
LogInit: Net CL: 5660361
LogInit: OS: Windows 10 (Release 1607) (), CPU: Intel(R) Core(TM) i5-4210M CPU @ 2.60GHz, GPU: Intel(R) HD Graphics 4600
LogInit: Compiled (64-bit): May 20 2019 09:54:56
LogInit: Compiled with Visual C++: 19.16.27025.01
LogInit: Build Configuration: Development
LogInit: Branch Name: ++UE4+Release-4.22
LogInit: Command Line: 
LogInit: Base Directory: D:/unreal/UE_4.22/Engine/Binaries/Win64/
LogInit: Installed Engine Build: 1
LogDevObjectVersion: Number of dev versions registered: 23
LogDevObjectVersion:   Dev-Blueprints (B0D832E4-1F89-4F0D-ACCF-7EB736FD4AA2): 10
LogDevObjectVersion:   Dev-Build (E1C64328-A22C-4D53-A36C-8E866417BD8C): 0
LogDevObjectVersion:   Dev-Core (375EC13C-06E4-48FB-B500-84F0262A717E): 3
LogDevObjectVersion:   Dev-Editor (E4B068ED-F494-42E9-A231-DA0B2E46BB41): 30
LogDevObjectVersion:   Dev-Framework (CFFC743F-43B0-4480-9391-14DF171D2073): 35
LogDevObjectVersion:   Dev-Mobile (B02B49B5-BB20-44E9-A304-32B752E40360): 2
LogDevObjectVersion:   Dev-Networking (A4E4105C-59A1-49B5-A7C5-40C4547EDFEE): 0
LogDevObjectVersion:   Dev-Online (39C831C9-5AE6-47DC-9A44-9C173E1C8E7C): 0
LogDevObjectVersion:   Dev-Physics (78F01B33-EBEA-4F98-B9B4-84EACCB95AA2): 0
LogDevObjectVersion:   Dev-Platform (6631380F-2D4D-43E0-8009-CF276956A95A): 0
LogDevObjectVersion:   Dev-Rendering (12F88B9F-8875-4AFC-A67C-D90C383ABD29): 28
LogDevObjectVersion:   Dev-Sequencer (7B5AE74C-D270-4C10-A958-57980B212A5A): 11
LogDevObjectVersion:   Dev-VR (D7296918-1DD6-4BDD-9DE2-64A83CC13884): 2
LogDevObjectVersion:   Dev-LoadTimes (C2A15278-BFE7-4AFE-6C17-90FF531DF755): 1
LogDevObjectVersion:   Private-Geometry (6EACA3D4-40EC-4CC1-B786-8BED09428FC5): 3
LogDevObjectVersion:   Dev-AnimPhys (29E575DD-E0A3-4627-9D10-D276232CDCEA): 17
LogDevObjectVersion:   Dev-Anim (AF43A65D-7FD3-4947-9873-3E8ED9C1BB05): 2
LogDevObjectVersion:   Dev-ReflectionCapture (6B266CEC-1EC7-4B8F-A30B-E4D90942FC07): 1
LogDevObjectVersion:   Dev-Automation (0DF73D61-A23F-47EA-B727-89E90C41499A): 1
LogDevObjectVersion:   FortniteMain (601D1886-AC64-4F84-AA16-D3DE0DEAC7D6): 25
LogDevObjectVersion:   Dev-Enterprise (9DFFBCD6-494F-0158-E221-12823C92A888): 6
LogDevObjectVersion:   Dev-Niagara (F2AED0AC-9AFE-416F-8664-AA7FFA26D6FC): 1
LogDevObjectVersion:   Dev-Destruction (174F1F0B-B4C6-45A5-B13F-2EE8D0FB917D): 2
LogInit: Presizing for max 16777216 objects, including 0 objects not considered by GC, pre-allocating 0 bytes for permanent pool.
LogInit: Object subsystem initialized
LogConfig: Setting CVar [[con.DebugEarlyDefault:1]]
LogConfig: Setting CVar [[r.setres:1280x720]]
[2019.05.29-13.05.53:203][  0]LogConfig: Setting CVar [[r.VSync:0]]
[2019.05.29-13.05.53:203][  0]LogConfig: Setting CVar [[r.RHICmdBypass:0]]
[2019.05.29-13.05.53:203][  0]LogConfig: Applying CVar settings from Section [/Script/Engine.RendererSettings] File [C:/Users/Administrator/Documents/N_Prototype4/Prototype4/Saved/Config/Windows/Engine.ini]
[2019.05.29-13.05.53:203][  0]LogConfig: Setting CVar [[r.GPUCrashDebugging:0]]
[2019.05.29-13.05.53:203][  0]LogConfig: Applying CVar settings from Section [/Script/Engine.RendererOverrideSettings] File [C:/Users/Administrator/Documents/N_Prototype4/Prototype4/Saved/Config/Windows/Engine.ini]
[2019.05.29-13.05.53:203][  0]LogConfig: Applying CVar settings from Section [/Script/Engine.StreamingSettings] File [C:/Users/Administrator/Documents/N_Prototype4/Prototype4/Saved/Config/Windows/Engine.ini]
[2019.05.29-13.05.53:203][  0]LogConfig: Setting CVar [[s.MinBulkDataSizeForAsyncLoading:131072]]
[2019.05.29-13.05.53:203][  0]LogConfig: Setting CVar [[s.AsyncLoadingThreadEnabled:0]]
[2019.05.29-13.05.53:203][  0]LogConfig: Setting CVar [[s.EventDrivenLoaderEnabled:1]]
[2019.05.29-13.05.53:203][  0]LogConfig: Setting CVar [[s.WarnIfTimeLimitExceeded:0]]
[2019.05.29-13.05.53:203][  0]LogConfig: Setting CVar [[s.TimeLimitExceededMultiplier:1.5]]
[2019.05.29-13.05.53:203][  0]LogConfig: Setting CVar [[s.TimeLimitExceededMinTime:0.005]]
[2019.05.29-13.05.53:203][  0]LogConfig: Setting CVar [[s.UseBackgroundLevelStreaming:1]]
[2019.05.29-13.05.53:203][  0]LogConfig: Setting CVar [[s.PriorityAsyncLoadingExtraTime:15.0]]
[2019.05.29-13.05.53:203][  0]LogConfig: Setting CVar [[s.LevelStreamingActorsUpdateTimeLimit:5.0]]
[2019.05.29-13.05.53:203][  0]LogConfig: Setting CVar [[s.PriorityLevelStreamingActorsUpdateExtraTime:5.0]]
[2019.05.29-13.05.53:204][  0]LogConfig: Setting CVar [[s.LevelStreamingComponentsRegistrationGranularity:10]]
[2019.05.29-13.05.53:204][  0]LogConfig: Setting CVar [[s.UnregisterComponentsTimeLimit:1.0]]
[2019.05.29-13.05.53:204][  0]LogConfig: Setting CVar [[s.LevelStreamingComponentsUnregistrationGranularity:5]]
[2019.05.29-13.05.53:204][  0]LogConfig: Applying CVar settings from Section [/Script/Engine.GarbageCollectionSettings] File [C:/Users/Administrator/Documents/N_Prototype4/Prototype4/Saved/Config/Windows/Engine.ini]
[2019.05.29-13.05.53:204][  0]LogConfig: Setting CVar [[gc.MaxObjectsNotConsideredByGC:1]]
[2019.05.29-13.05.53:204][  0]LogConfig: Setting CVar [[gc.SizeOfPermanentObjectPool:0]]
[2019.05.29-13.05.53:204][  0]LogConfig: Setting CVar [[gc.FlushStreamingOnGC:0]]
[2019.05.29-13.05.53:204][  0]LogConfig: Setting CVar [[gc.NumRetriesBeforeForcingGC:10]]
[2019.05.29-13.05.53:204][  0]LogConfig: Setting CVar [[gc.AllowParallelGC:1]]
[2019.05.29-13.05.53:204][  0]LogConfig: Setting CVar [[gc.TimeBetweenPurgingPendingKillObjects:61.1]]
[2019.05.29-13.05.53:204][  0]LogConfig: Setting CVar [[gc.MaxObjectsInEditor:16777216]]
[2019.05.29-13.05.53:204][  0]LogConfig: Setting CVar [[gc.IncrementalBeginDestroyEnabled:1]]
[2019.05.29-13.05.53:204][  0]LogConfig: Setting CVar [[gc.CreateGCClusters:1]]
[2019.05.29-13.05.53:204][  0]LogConfig: Setting CVar [[gc.MinGCClusterSize:5]]
[2019.05.29-13.05.53:204][  0]LogConfig: Setting CVar [[gc.ActorClusteringEnabled:0]]
[2019.05.29-13.05.53:204][  0]LogConfig: Setting CVar [[gc.BlueprintClusteringEnabled:0]]
[2019.05.29-13.05.53:204][  0]LogConfig: Setting CVar [[gc.UseDisregardForGCOnDedicatedServers:0]]
[2019.05.29-13.05.53:204][  0]LogConfig: Applying CVar settings from Section [/Script/Engine.NetworkSettings] File [C:/Users/Administrator/Documents/N_Prototype4/Prototype4/Saved/Config/Windows/Engine.ini]
[2019.05.29-13.05.53:204][  0]LogConfig: Applying CVar settings from Section [/Script/UnrealEd.CookerSettings] File [C:/Users/Administrator/Documents/N_Prototype4/Prototype4/Saved/Config/Windows/Engine.ini]
[2019.05.29-13.05.53:257][  0]LogConfig: Applying CVar settings from Section [ViewDistanceQuality@3] File [C:/Users/Administrator/Documents/N_Prototype4/Prototype4/Saved/Config/Windows/Scalability.ini]
[2019.05.29-13.05.53:257][  0]LogConfig: Setting CVar [[r.SkeletalMeshLODBias:0]]
[2019.05.29-13.05.53:257][  0]LogConfig: Setting CVar [[r.ViewDistanceScale:1.0]]
[2019.05.29-13.05.53:257][  0]LogConfig: Applying CVar settings from Section [AntiAliasingQuality@3] File [C:/Users/Administrator/Documents/N_Prototype4/Prototype4/Saved/Config/Windows/Scalability.ini]
[2019.05.29-13.05.53:257][  0]LogConfig: Setting CVar [[r.PostProcessAAQuality:4]]
[2019.05.29-13.05.53:258][  0]LogConfig: Applying CVar settings from Section [ShadowQuality@3] File [C:/Users/Administrator/Documents/N_Prototype4/Prototype4/Saved/Config/Windows/Scalability.ini]
[2019.05.29-13.05.53:258][  0]LogConfig: Setting CVar [[r.LightFunctionQuality:1]]
[2019.05.29-13.05.53:258][  0]LogConfig: Setting CVar [[r.ShadowQuality:5]]
[2019.05.29-13.05.53:258][  0]LogConfig: Setting CVar [[r.Shadow.CSM.MaxCascades:10]]
[2019.05.29-13.05.53:258][  0]LogConfig: Setting CVar [[r.Shadow.MaxResolution:2048]]
[2019.05.29-13.05.53:258][  0]LogConfig: Setting CVar [[r.Shadow.MaxCSMResolution:2048]]
[2019.05.29-13.05.53:258][  0]LogConfig: Setting CVar [[r.Shadow.RadiusThreshold:0.01]]
[2019.05.29-13.05.53:258][  0]LogConfig: Setting CVar [[r.Shadow.DistanceScale:1.0]]
[2019.05.29-13.05.53:258][  0]LogConfig: Setting CVar [[r.Shadow.CSM.TransitionScale:1.0]]
[2019.05.29-13.05.53:258][  0]LogConfig: Setting CVar [[r.Shadow.PreShadowResolutionFactor:1.0]]
[2019.05.29-13.05.53:258][  0]LogConfig: Setting CVar [[r.DistanceFieldShadowing:1]]
[2019.05.29-13.05.53:258][  0]LogConfig: Setting CVar [[r.DistanceFieldAO:1]]
[2019.05.29-13.05.53:258][  0]LogConfig: Setting CVar [[r.AOQuality:2]]
[2019.05.29-13.05.53:258][  0]LogConfig: Setting CVar [[r.VolumetricFog:1]]
[2019.05.29-13.05.53:258][  0]LogConfig: Setting CVar [[r.VolumetricFog.GridPixelSize:8]]
[2019.05.29-13.05.53:258][  0]LogConfig: Setting CVar [[r.VolumetricFog.GridSizeZ:128]]
[2019.05.29-13.05.53:258][  0]LogConfig: Setting CVar [[r.VolumetricFog.HistoryMissSupersampleCount:4]]
[2019.05.29-13.05.53:258][  0]LogConfig: Setting CVar [[r.LightMaxDrawDistanceScale:1]]
[2019.05.29-13.05.53:258][  0]LogConfig: Setting CVar [[r.CapsuleShadows:1]]
[2019.05.29-13.05.53:258][  0]LogConfig: Applying CVar settings from Section [PostProcessQuality@3] File [C:/Users/Administrator/Documents/N_Prototype4/Prototype4/Saved/Config/Windows/Scalability.ini]
[2019.05.29-13.05.53:258][  0]LogConfig: Setting CVar [[r.MotionBlurQuality:4]]
[2019.05.29-13.05.53:258][  0]LogConfig: Setting CVar [[r.AmbientOcclusionMipLevelFactor:0.4]]
[2019.05.29-13.05.53:258][  0]LogConfig: Setting CVar [[r.AmbientOcclusionMaxQuality:100]]
[2019.05.29-13.05.53:258][  0]LogConfig: Setting CVar [[r.AmbientOcclusionLevels:-1]]
[2019.05.29-13.05.53:258][  0]LogConfig: Setting CVar [[r.AmbientOcclusionRadiusScale:1.0]]
[2019.05.29-13.05.53:258][  0]LogConfig: Setting CVar [[r.DepthOfFieldQuality:2]]
[2019.05.29-13.05.53:258][  0]LogConfig: Setting CVar [[r.RenderTargetPoolMin:400]]
[2019.05.29-13.05.53:258][  0]LogConfig: Setting CVar [[r.LensFlareQuality:2]]
[2019.05.29-13.05.53:259][  0]LogConfig: Setting CVar [[r.SceneColorFringeQuality:1]]
[2019.05.29-13.05.53:259][  0]LogConfig: Setting CVar [[r.EyeAdaptationQuality:2]]
[2019.05.29-13.05.53:259][  0]LogConfig: Setting CVar [[r.BloomQuality:5]]
[2019.05.29-13.05.53:259][  0]LogConfig: Setting CVar [[r.FastBlurThreshold:100]]
[2019.05.29-13.05.53:259][  0]LogConfig: Setting CVar [[r.Upscale.Quality:3]]
[2019.05.29-13.05.53:259][  0]LogConfig: Setting CVar [[r.Tonemapper.GrainQuantization:1]]
[2019.05.29-13.05.53:259][  0]LogConfig: Setting CVar [[r.LightShaftQuality:1]]
[2019.05.29-13.05.53:259][  0]LogConfig: Setting CVar [[r.Filter.SizeScale:1]]
[2019.05.29-13.05.53:259][  0]LogConfig: Setting CVar [[r.Tonemapper.Quality:5]]
[2019.05.29-13.05.53:259][  0]LogConfig: Setting CVar [[r.DOF.Gather.AccumulatorQuality:1        ; higher gathering accumulator quality]]
[2019.05.29-13.05.53:259][  0]LogConfig: Setting CVar [[r.DOF.Gather.PostfilterMethod:1          ; Median3x3 postfilering method]]
[2019.05.29-13.05.53:259][  0]LogConfig: Setting CVar [[r.DOF.Gather.EnableBokehSettings:0       ; no bokeh simulation when gathering]]
[2019.05.29-13.05.53:259][  0]LogConfig: Setting CVar [[r.DOF.Gather.RingCount:4                 ; medium number of samples when gathering]]
[2019.05.29-13.05.53:259][  0]LogConfig: Setting CVar [[r.DOF.Scatter.ForegroundCompositing:1    ; additive foreground scattering]]
[2019.05.29-13.05.53:259][  0]LogConfig: Setting CVar [[r.DOF.Scatter.BackgroundCompositing:2    ; additive background scattering]]
[2019.05.29-13.05.53:259][  0]LogConfig: Setting CVar [[r.DOF.Scatter.EnableBokehSettings:1      ; bokeh simulation when scattering]]
[2019.05.29-13.05.53:259][  0]LogConfig: Setting CVar [[r.DOF.Scatter.MaxSpriteRatio:0.1         ; only a maximum of 10% of scattered bokeh]]
[2019.05.29-13.05.53:259][  0]LogConfig: Setting CVar [[r.DOF.Recombine.Quality:1                ; cheap slight out of focus]]
[2019.05.29-13.05.53:259][  0]LogConfig: Setting CVar [[r.DOF.Recombine.EnableBokehSettings:0    ; no bokeh simulation on slight out of focus]]
[2019.05.29-13.05.53:259][  0]LogConfig: Setting CVar [[r.DOF.TemporalAAQuality:1                ; more stable temporal accumulation]]
[2019.05.29-13.05.53:259][  0]LogConfig: Setting CVar [[r.DOF.Kernel.MaxForegroundRadius:0.025]]
[2019.05.29-13.05.53:259][  0]LogConfig: Setting CVar [[r.DOF.Kernel.MaxBackgroundRadius:0.025]]
[2019.05.29-13.05.53:259][  0]LogConfig: Applying CVar settings from Section [TextureQuality@3] File [C:/Users/Administrator/Documents/N_Prototype4/Prototype4/Saved/Config/Windows/Scalability.ini]
[2019.05.29-13.05.53:259][  0]LogConfig: Setting CVar [[r.Streaming.MipBias:0]]
[2019.05.29-13.05.53:259][  0]LogConfig: Setting CVar [[r.Streaming.AmortizeCPUToGPUCopy:0]]
[2019.05.29-13.05.53:259][  0]LogConfig: Setting CVar [[r.Streaming.MaxNumTexturesToStreamPerFrame:0]]
[2019.05.29-13.05.53:260][  0]LogConfig: Setting CVar [[r.Streaming.Boost:1]]
[2019.05.29-13.05.53:260][  0]LogConfig: Setting CVar [[r.MaxAnisotropy:8]]
[2019.05.29-13.05.53:260][  0]LogConfig: Setting CVar [[r.Streaming.LimitPoolSizeToVRAM:0]]
[2019.05.29-13.05.53:260][  0]LogConfig: Setting CVar [[r.Streaming.PoolSize:1000]]
[2019.05.29-13.05.53:260][  0]LogConfig: Setting CVar [[r.Streaming.MaxEffectiveScreenSize:0]]
[2019.05.29-13.05.53:260][  0]LogConfig: Applying CVar settings from Section [EffectsQuality@3] File [C:/Users/Administrator/Documents/N_Prototype4/Prototype4/Saved/Config/Windows/Scalability.ini]
[2019.05.29-13.05.53:260][  0]LogConfig: Setting CVar [[r.TranslucencyLightingVolumeDim:64]]
[2019.05.29-13.05.53:260][  0]LogConfig: Setting CVar [[r.RefractionQuality:2]]
[2019.05.29-13.05.53:260][  0]LogConfig: Setting CVar [[r.SSR.Quality:3]]
[2019.05.29-13.05.53:260][  0]LogConfig: Setting CVar [[r.SceneColorFormat:4]]
[2019.05.29-13.05.53:260][  0]LogConfig: Setting CVar [[r.DetailMode:2]]
[2019.05.29-13.05.53:260][  0]LogConfig: Setting CVar [[r.TranslucencyVolumeBlur:1]]
[2019.05.29-13.05.53:260][  0]LogConfig: Setting CVar [[r.MaterialQualityLevel:1 ; High quality]]
[2019.05.29-13.05.53:260][  0]LogConfig: Setting CVar [[r.SSS.Scale:1]]
[2019.05.29-13.05.53:260][  0]LogConfig: Setting CVar [[r.SSS.SampleSet:2]]
[2019.05.29-13.05.53:260][  0]LogConfig: Setting CVar [[r.SSS.Quality:1]]
[2019.05.29-13.05.53:260][  0]LogConfig: Setting CVar [[r.SSS.HalfRes:1]]
[2019.05.29-13.05.53:260][  0]LogConfig: Setting CVar [[r.EmitterSpawnRateScale:1.0]]
[2019.05.29-13.05.53:260][  0]LogConfig: Setting CVar [[r.ParticleLightQuality:2]]
[2019.05.29-13.05.53:260][  0]LogConfig: Applying CVar settings from Section [FoliageQuality@3] File [C:/Users/Administrator/Documents/N_Prototype4/Prototype4/Saved/Config/Windows/Scalability.ini]
[2019.05.29-13.05.53:260][  0]LogConfig: Setting CVar [[foliage.DensityScale:1.0]]
[2019.05.29-13.05.53:260][  0]LogConfig: Setting CVar [[grass.DensityScale:1.0]]
[2019.05.29-13.05.53:271][  0]LogInit: Selected Device Profile: [Windows]
[2019.05.29-13.05.53:271][  0]LogInit: Applying CVar settings loaded from the selected device profile: [Windows]
[2019.05.29-13.05.53:325][  0]LogHAL: Display: Platform has ~ 8 GB [8512647168 / 8589934592 / 8], which maps to Default [LargestMinGB=32, LargerMinGB=12, DefaultMinGB=8, SmallerMinGB=6, SmallestMinGB=0)
[2019.05.29-13.05.53:326][  0]LogConfig: Setting CVar [[r.Vulkan.UseRealUBs:0		; Required until we fix HLR fall-out]]
[2019.05.29-13.05.53:326][  0]LogInit: Going up to parent DeviceProfile []
[2019.05.29-13.05.53:339][  0]LogConfig: Applying CVar settings from Section [ViewDistanceQuality@3] File [C:/Users/Administrator/Documents/N_Prototype4/Prototype4/Saved/Config/Windows/Scalability.ini]
[2019.05.29-13.05.53:339][  0]LogConfig: Setting CVar [[r.SkeletalMeshLODBias:0]]
[2019.05.29-13.05.53:339][  0]LogConfig: Setting CVar [[r.ViewDistanceScale:1.0]]
[2019.05.29-13.05.53:339][  0]LogConfig: Applying CVar settings from Section [AntiAliasingQuality@3] File [C:/Users/Administrator/Documents/N_Prototype4/Prototype4/Saved/Config/Windows/Scalability.ini]
[2019.05.29-13.05.53:339][  0]LogConfig: Setting CVar [[r.PostProcessAAQuality:4]]
[2019.05.29-13.05.53:339][  0]LogConfig: Applying CVar settings from Section [ShadowQuality@3] File [C:/Users/Administrator/Documents/N_Prototype4/Prototype4/Saved/Config/Windows/Scalability.ini]
[2019.05.29-13.05.53:339][  0]LogConfig: Setting CVar [[r.LightFunctionQuality:1]]
[2019.05.29-13.05.53:339][  0]LogConfig: Setting CVar [[r.ShadowQuality:5]]
[2019.05.29-13.05.53:339][  0]LogConfig: Setting CVar [[r.Shadow.CSM.MaxCascades:10]]
[2019.05.29-13.05.53:339][  0]LogConfig: Setting CVar [[r.Shadow.MaxResolution:2048]]
[2019.05.29-13.05.53:339][  0]LogConfig: Setting CVar [[r.Shadow.MaxCSMResolution:2048]]
[2019.05.29-13.05.53:340][  0]LogConfig: Setting CVar [[r.Shadow.RadiusThreshold:0.01]]
[2019.05.29-13.05.53:340][  0]LogConfig: Setting CVar [[r.Shadow.DistanceScale:1.0]]
[2019.05.29-13.05.53:340][  0]LogConfig: Setting CVar [[r.Shadow.CSM.TransitionScale:1.0]]
[2019.05.29-13.05.53:340][  0]LogConfig: Setting CVar [[r.Shadow.PreShadowResolutionFactor:1.0]]
[2019.05.29-13.05.53:340][  0]LogConfig: Setting CVar [[r.DistanceFieldShadowing:1]]
[2019.05.29-13.05.53:340][  0]LogConfig: Setting CVar [[r.DistanceFieldAO:1]]
[2019.05.29-13.05.53:340][  0]LogConfig: Setting CVar [[r.AOQuality:2]]
[2019.05.29-13.05.53:340][  0]LogConfig: Setting CVar [[r.VolumetricFog:1]]
[2019.05.29-13.05.53:340][  0]LogConfig: Setting CVar [[r.VolumetricFog.GridPixelSize:8]]
[2019.05.29-13.05.53:340][  0]LogConfig: Setting CVar [[r.VolumetricFog.GridSizeZ:128]]
[2019.05.29-13.05.53:340][  0]LogConfig: Setting CVar [[r.VolumetricFog.HistoryMissSupersampleCount:4]]
[2019.05.29-13.05.53:340][  0]LogConfig: Setting CVar [[r.LightMaxDrawDistanceScale:1]]
[2019.05.29-13.05.53:340][  0]LogConfig: Setting CVar [[r.CapsuleShadows:1]]
[2019.05.29-13.05.53:340][  0]LogConfig: Applying CVar settings from Section [PostProcessQuality@3] File [C:/Users/Administrator/Documents/N_Prototype4/Prototype4/Saved/Config/Windows/Scalability.ini]
[2019.05.29-13.05.53:340][  0]LogConfig: Setting CVar [[r.MotionBlurQuality:4]]
[2019.05.29-13.05.53:340][  0]LogConfig: Setting CVar [[r.AmbientOcclusionMipLevelFactor:0.4]]
[2019.05.29-13.05.53:340][  0]LogConfig: Setting CVar [[r.AmbientOcclusionMaxQuality:100]]
[2019.05.29-13.05.53:340][  0]LogConfig: Setting CVar [[r.AmbientOcclusionLevels:-1]]
[2019.05.29-13.05.53:340][  0]LogConfig: Setting CVar [[r.AmbientOcclusionRadiusScale:1.0]]
[2019.05.29-13.05.53:340][  0]LogConfig: Setting CVar [[r.DepthOfFieldQuality:2]]
[2019.05.29-13.05.53:340][  0]LogConfig: Setting CVar [[r.RenderTargetPoolMin:400]]
[2019.05.29-13.05.53:340][  0]LogConfig: Setting CVar [[r.LensFlareQuality:2]]
[2019.05.29-13.05.53:340][  0]LogConfig: Setting CVar [[r.SceneColorFringeQuality:1]]
[2019.05.29-13.05.53:340][  0]LogConfig: Setting CVar [[r.EyeAdaptationQuality:2]]
[2019.05.29-13.05.53:340][  0]LogConfig: Setting CVar [[r.BloomQuality:5]]
[2019.05.29-13.05.53:340][  0]LogConfig: Setting CVar [[r.FastBlurThreshold:100]]
[2019.05.29-13.05.53:341][  0]LogConfig: Setting CVar [[r.Upscale.Quality:3]]
[2019.05.29-13.05.53:341][  0]LogConfig: Setting CVar [[r.Tonemapper.GrainQuantization:1]]
[2019.05.29-13.05.53:341][  0]LogConfig: Setting CVar [[r.LightShaftQuality:1]]
[2019.05.29-13.05.53:341][  0]LogConfig: Setting CVar [[r.Filter.SizeScale:1]]
[2019.05.29-13.05.53:341][  0]LogConfig: Setting CVar [[r.Tonemapper.Quality:5]]
[2019.05.29-13.05.53:341][  0]LogConfig: Setting CVar [[r.DOF.Gather.AccumulatorQuality:1        ; higher gathering accumulator quality]]
[2019.05.29-13.05.53:341][  0]LogConfig: Setting CVar [[r.DOF.Gather.PostfilterMethod:1          ; Median3x3 postfilering method]]
[2019.05.29-13.05.53:341][  0]LogConfig: Setting CVar [[r.DOF.Gather.EnableBokehSettings:0       ; no bokeh simulation when gathering]]
[2019.05.29-13.05.53:341][  0]LogConfig: Setting CVar [[r.DOF.Gather.RingCount:4                 ; medium number of samples when gathering]]
[2019.05.29-13.05.53:341][  0]LogConfig: Setting CVar [[r.DOF.Scatter.ForegroundCompositing:1    ; additive foreground scattering]]
[2019.05.29-13.05.53:341][  0]LogConfig: Setting CVar [[r.DOF.Scatter.BackgroundCompositing:2    ; additive background scattering]]
[2019.05.29-13.05.53:341][  0]LogConfig: Setting CVar [[r.DOF.Scatter.EnableBokehSettings:1      ; bokeh simulation when scattering]]
[2019.05.29-13.05.53:341][  0]LogConfig: Setting CVar [[r.DOF.Scatter.MaxSpriteRatio:0.1         ; only a maximum of 10% of scattered bokeh]]
[2019.05.29-13.05.53:341][  0]LogConfig: Setting CVar [[r.DOF.Recombine.Quality:1                ; cheap slight out of focus]]
[2019.05.29-13.05.53:341][  0]LogConfig: Setting CVar [[r.DOF.Recombine.EnableBokehSettings:0    ; no bokeh simulation on slight out of focus]]
[2019.05.29-13.05.53:341][  0]LogConfig: Setting CVar [[r.DOF.TemporalAAQuality:1                ; more stable temporal accumulation]]
[2019.05.29-13.05.53:341][  0]LogConfig: Setting CVar [[r.DOF.Kernel.MaxForegroundRadius:0.025]]
[2019.05.29-13.05.53:341][  0]LogConfig: Setting CVar [[r.DOF.Kernel.MaxBackgroundRadius:0.025]]
[2019.05.29-13.05.53:341][  0]LogConfig: Applying CVar settings from Section [TextureQuality@3] File [C:/Users/Administrator/Documents/N_Prototype4/Prototype4/Saved/Config/Windows/Scalability.ini]
[2019.05.29-13.05.53:341][  0]LogConfig: Setting CVar [[r.Streaming.MipBias:0]]
[2019.05.29-13.05.53:341][  0]LogConfig: Setting CVar [[r.Streaming.AmortizeCPUToGPUCopy:0]]
[2019.05.29-13.05.53:341][  0]LogConfig: Setting CVar [[r.Streaming.MaxNumTexturesToStreamPerFrame:0]]
[2019.05.29-13.05.53:341][  0]LogConfig: Setting CVar [[r.Streaming.Boost:1]]
[2019.05.29-13.05.53:341][  0]LogConfig: Setting CVar [[r.MaxAnisotropy:8]]
[2019.05.29-13.05.53:341][  0]LogConfig: Setting CVar [[r.Streaming.LimitPoolSizeToVRAM:0]]
[2019.05.29-13.05.53:342][  0]LogConfig: Setting CVar [[r.Streaming.PoolSize:1000]]
[2019.05.29-13.05.53:342][  0]LogConfig: Setting CVar [[r.Streaming.MaxEffectiveScreenSize:0]]
[2019.05.29-13.05.53:342][  0]LogConfig: Applying CVar settings from Section [EffectsQuality@3] File [C:/Users/Administrator/Documents/N_Prototype4/Prototype4/Saved/Config/Windows/Scalability.ini]
[2019.05.29-13.05.53:342][  0]LogConfig: Setting CVar [[r.TranslucencyLightingVolumeDim:64]]
[2019.05.29-13.05.53:342][  0]LogConfig: Setting CVar [[r.RefractionQuality:2]]
[2019.05.29-13.05.53:342][  0]LogConfig: Setting CVar [[r.SSR.Quality:3]]
[2019.05.29-13.05.53:342][  0]LogConfig: Setting CVar [[r.SceneColorFormat:4]]
[2019.05.29-13.05.53:342][  0]LogConfig: Setting CVar [[r.DetailMode:2]]
[2019.05.29-13.05.53:342][  0]LogConfig: Setting CVar [[r.TranslucencyVolumeBlur:1]]
[2019.05.29-13.05.53:342][  0]LogConfig: Setting CVar [[r.MaterialQualityLevel:1 ; High quality]]
[2019.05.29-13.05.53:342][  0]LogConfig: Setting CVar [[r.SSS.Scale:1]]
[2019.05.29-13.05.53:342][  0]LogConfig: Setting CVar [[r.SSS.SampleSet:2]]
[2019.05.29-13.05.53:342][  0]LogConfig: Setting CVar [[r.SSS.Quality:1]]
[2019.05.29-13.05.53:342][  0]LogConfig: Setting CVar [[r.SSS.HalfRes:1]]
[2019.05.29-13.05.53:342][  0]LogConfig: Setting CVar [[r.EmitterSpawnRateScale:1.0]]
[2019.05.29-13.05.53:342][  0]LogConfig: Setting CVar [[r.ParticleLightQuality:2]]
[2019.05.29-13.05.53:342][  0]LogConfig: Applying CVar settings from Section [FoliageQuality@3] File [C:/Users/Administrator/Documents/N_Prototype4/Prototype4/Saved/Config/Windows/Scalability.ini]
[2019.05.29-13.05.53:342][  0]LogConfig: Setting CVar [[foliage.DensityScale:1.0]]
[2019.05.29-13.05.53:342][  0]LogConfig: Setting CVar [[grass.DensityScale:1.0]]
[2019.05.29-13.05.53:342][  0]LogConfig: Applying CVar settings from Section [Startup] File [../../../Engine/Config/ConsoleVariables.ini]
[2019.05.29-13.05.53:362][  0]LogConfig: Setting CVar [[net.UseAdaptiveNetUpdateFrequency:0]]
[2019.05.29-13.05.53:362][  0]LogConfig: Setting CVar [[p.chaos.AllowCreatePhysxBodies:1]]
[2019.05.29-13.05.53:363][  0]LogConfig: Applying CVar settings from Section [ConsoleVariables] File [C:/Users/Administrator/Documents/N_Prototype4/Prototype4/Saved/Config/Windows/Engine.ini]
[2019.05.29-13.05.53:395][  0]LogInit: Computer: HARRYFANHE
[2019.05.29-13.05.53:395][  0]LogInit: User: Administrator
[2019.05.29-13.05.53:395][  0]LogInit: CPU Page size=4096, Cores=2
[2019.05.29-13.05.53:396][  0]LogInit: High frequency timer resolution =2.533205 MHz
[2019.05.29-13.05.53:396][  0]LogMemory: Memory total: Physical=7.9GB (8GB approx)
[2019.05.29-13.05.53:396][  0]LogMemory: Platform Memory Stats for Windows
[2019.05.29-13.05.53:396][  0]LogMemory: Process Physical Memory: 97.30 MB used, 97.30 MB peak
[2019.05.29-13.05.53:396][  0]LogMemory: Process Virtual Memory: 95.75 MB used, 95.75 MB peak
[2019.05.29-13.05.53:396][  0]LogMemory: Physical Memory: 4471.31 MB used,  3646.98 MB free, 8118.29 MB total
[2019.05.29-13.05.53:396][  0]LogMemory: Virtual Memory: 515.52 MB used,  134217216.00 MB free, 134217728.00 MB total
[2019.05.29-13.05.54:329][  0]LogInit: Using OS detected language (zh-CN).
[2019.05.29-13.05.54:329][  0]LogInit: Using OS detected locale (zh-CN).
[2019.05.29-13.05.54:373][  0]LogTextLocalizationResource: LocRes '../../../Engine/Content/Localization/Editor/zh-Hans-CN/Editor.locres' could not be opened for reading!
[2019.05.29-13.05.54:373][  0]LogTextLocalizationResource: LocRes '../../../Engine/Content/Localization/EditorTutorials/zh-Hans-CN/EditorTutorials.locres' could not be opened for reading!
[2019.05.29-13.05.54:373][  0]LogTextLocalizationResource: LocRes '../../../Engine/Content/Localization/Keywords/zh-Hans-CN/Keywords.locres' could not be opened for reading!
[2019.05.29-13.05.54:374][  0]LogTextLocalizationResource: LocRes '../../../Engine/Content/Localization/Category/zh-Hans-CN/Category.locres' could not be opened for reading!
[2019.05.29-13.05.54:374][  0]LogTextLocalizationResource: LocRes '../../../Engine/Content/Localization/ToolTips/zh-Hans-CN/ToolTips.locres' could not be opened for reading!
[2019.05.29-13.05.54:375][  0]LogTextLocalizationResource: LocRes '../../../Engine/Content/Localization/PropertyNames/zh-Hans-CN/PropertyNames.locres' could not be opened for reading!
[2019.05.29-13.05.54:375][  0]LogTextLocalizationResource: LocRes '../../../Engine/Content/Localization/Engine/zh-Hans-CN/Engine.locres' could not be opened for reading!
[2019.05.29-13.05.54:376][  0]LogTextLocalizationResource: LocRes '../../../Engine/Plugins/Online/Android/OnlineSubsystemGooglePlay/Content/Localization/OnlineSubsystemGooglePlay/zh-Hans-CN/OnlineSubsystemGooglePlay.locres' could not be opened for reading!
[2019.05.29-13.05.54:376][  0]LogTextLocalizationResource: LocRes '../../../Engine/Plugins/Online/IOS/OnlineSubsystemIOS/Content/Localization/OnlineSubsystemIOS/zh-Hans-CN/OnlineSubsystemIOS.locres' could not be opened for reading!
[2019.05.29-13.05.54:376][  0]LogTextLocalizationResource: LocRes '../../../Engine/Plugins/Online/OnlineSubsystem/Content/Localization/OnlineSubsystem/zh-Hans-CN/OnlineSubsystem.locres' could not be opened for reading!
[2019.05.29-13.05.54:377][  0]LogTextLocalizationResource: LocRes '../../../Engine/Plugins/Online/OnlineSubsystemUtils/Content/Localization/OnlineSubsystemUtils/zh-Hans-CN/OnlineSubsystemUtils.locres' could not be opened for reading!
[2019.05.29-13.05.54:678][  0]LogTextLocalizationResource: LocRes '../../../Engine/Plugins/Online/Android/OnlineSubsystemGooglePlay/Content/Localization/OnlineSubsystemGooglePlay/zh-CN/OnlineSubsystemGooglePlay.locres' could not be opened for reading!
[2019.05.29-13.05.54:679][  0]LogTextLocalizationResource: LocRes '../../../Engine/Plugins/Online/IOS/OnlineSubsystemIOS/Content/Localization/OnlineSubsystemIOS/zh-CN/OnlineSubsystemIOS.locres' could not be opened for reading!
[2019.05.29-13.05.54:679][  0]LogTextLocalizationResource: LocRes '../../../Engine/Plugins/Online/OnlineSubsystem/Content/Localization/OnlineSubsystem/zh-CN/OnlineSubsystem.locres' could not be opened for reading!
[2019.05.29-13.05.54:680][  0]LogTextLocalizationResource: LocRes '../../../Engine/Plugins/Online/OnlineSubsystemUtils/Content/Localization/OnlineSubsystemUtils/zh-CN/OnlineSubsystemUtils.locres' could not be opened for reading!
[2019.05.29-13.05.54:680][  0]LogTextLocalizationResource: LocRes '../../../Engine/Content/Localization/Editor/zh-Hans/Editor.locres' could not be opened for reading!
[2019.05.29-13.05.54:681][  0]LogTextLocalizationResource: LocRes '../../../Engine/Content/Localization/EditorTutorials/zh-Hans/EditorTutorials.locres' could not be opened for reading!
[2019.05.29-13.05.54:681][  0]LogTextLocalizationResource: LocRes '../../../Engine/Content/Localization/Keywords/zh-Hans/Keywords.locres' could not be opened for reading!
[2019.05.29-13.05.54:681][  0]LogTextLocalizationResource: LocRes '../../../Engine/Content/Localization/Category/zh-Hans/Category.locres' could not be opened for reading!
[2019.05.29-13.05.54:682][  0]LogTextLocalizationResource: LocRes '../../../Engine/Content/Localization/ToolTips/zh-Hans/ToolTips.locres' could not be opened for reading!
[2019.05.29-13.05.54:682][  0]LogTextLocalizationResource: LocRes '../../../Engine/Content/Localization/PropertyNames/zh-Hans/PropertyNames.locres' could not be opened for reading!
[2019.05.29-13.05.54:683][  0]LogTextLocalizationResource: LocRes '../../../Engine/Content/Localization/Engine/zh-Hans/Engine.locres' could not be opened for reading!
[2019.05.29-13.05.54:729][  0]LogTextLocalizationResource: LocRes '../../../Engine/Content/Localization/Editor/zh/Editor.locres' could not be opened for reading!
[2019.05.29-13.05.54:730][  0]LogTextLocalizationResource: LocRes '../../../Engine/Content/Localization/EditorTutorials/zh/EditorTutorials.locres' could not be opened for reading!
[2019.05.29-13.05.54:730][  0]LogTextLocalizationResource: LocRes '../../../Engine/Content/Localization/Keywords/zh/Keywords.locres' could not be opened for reading!
[2019.05.29-13.05.54:730][  0]LogTextLocalizationResource: LocRes '../../../Engine/Content/Localization/Category/zh/Category.locres' could not be opened for reading!
[2019.05.29-13.05.54:731][  0]LogTextLocalizationResource: LocRes '../../../Engine/Content/Localization/ToolTips/zh/ToolTips.locres' could not be opened for reading!
[2019.05.29-13.05.54:731][  0]LogTextLocalizationResource: LocRes '../../../Engine/Content/Localization/PropertyNames/zh/PropertyNames.locres' could not be opened for reading!
[2019.05.29-13.05.54:731][  0]LogTextLocalizationResource: LocRes '../../../Engine/Content/Localization/Engine/zh/Engine.locres' could not be opened for reading!
[2019.05.29-13.05.54:732][  0]LogTextLocalizationResource: LocRes '../../../Engine/Plugins/Online/Android/OnlineSubsystemGooglePlay/Content/Localization/OnlineSubsystemGooglePlay/zh/OnlineSubsystemGooglePlay.locres' could not be opened for reading!
[2019.05.29-13.05.54:732][  0]LogTextLocalizationResource: LocRes '../../../Engine/Plugins/Online/IOS/OnlineSubsystemIOS/Content/Localization/OnlineSubsystemIOS/zh/OnlineSubsystemIOS.locres' could not be opened for reading!
[2019.05.29-13.05.54:733][  0]LogTextLocalizationResource: LocRes '../../../Engine/Plugins/Online/OnlineSubsystem/Content/Localization/OnlineSubsystem/zh/OnlineSubsystem.locres' could not be opened for reading!
[2019.05.29-13.05.54:734][  0]LogTextLocalizationResource: LocRes '../../../Engine/Plugins/Online/OnlineSubsystemUtils/Content/Localization/OnlineSubsystemUtils/zh/OnlineSubsystemUtils.locres' could not be opened for reading!
[2019.05.29-13.05.54:861][  0]LogInit: Setting process to per monitor DPI aware
[2019.05.29-13.05.55:454][  0]LogSlate: New Slate User Created.  User Index 0, Is Virtual User: 0
[2019.05.29-13.05.55:455][  0]LogSlate: Slate User Registered.  User Index 0, Is Virtual User: 0
[2019.05.29-13.05.56:696][  0]LogHMD: Failed to initialize OpenVR with code 110
[2019.05.29-13.05.56:696][  0]LogD3D11RHI: D3D11 adapters:
[2019.05.29-13.05.56:999][  0]LogD3D11RHI:    0. 'NVIDIA GeForce GTX 860M' (Feature Level 11_0)
[2019.05.29-13.05.56:999][  0]LogD3D11RHI:       2010/0/4059 MB DedicatedVideo/DedicatedSystem/SharedSystem, Outputs:1, VendorId:0x10de
[2019.05.29-13.05.57:019][  0]LogD3D11RHI:    1. 'Intel(R) HD Graphics 4600' (Feature Level 11_0)
[2019.05.29-13.05.57:019][  0]LogD3D11RHI:       112/0/2048 MB DedicatedVideo/DedicatedSystem/SharedSystem, Outputs:0, VendorId:0x8086
[2019.05.29-13.05.57:025][  0]LogD3D11RHI:    2. 'Microsoft Basic Render Driver' (Feature Level 11_0)
[2019.05.29-13.05.57:025][  0]LogD3D11RHI:       0/0/4059 MB DedicatedVideo/DedicatedSystem/SharedSystem, Outputs:0, VendorId:0x1414
[2019.05.29-13.05.57:025][  0]LogD3D11RHI: Chosen D3D11 Adapter: 0
[2019.05.29-13.05.57:040][  0]LogD3D11RHI: Creating new Direct3DDevice
[2019.05.29-13.05.57:040][  0]LogD3D11RHI:     GPU DeviceId: 0x1392 (for the marketing name, search the web for "GPU Device Id")
[2019.05.29-13.05.57:040][  0]LogWindows: EnumDisplayDevices:
[2019.05.29-13.05.57:041][  0]LogWindows:    0. 'Intel(R) HD Graphics 4600' (P:1 D:1)
[2019.05.29-13.05.57:045][  0]LogWindows:    1. 'Intel(R) HD Graphics 4600' (P:0 D:0)
[2019.05.29-13.05.57:050][  0]LogWindows:    2. 'Intel(R) HD Graphics 4600' (P:0 D:0)
[2019.05.29-13.05.57:053][  0]LogWindows: DebugString: PrimaryIsNotTheChoosenAdapter PrimaryIsNotTheChoosenAdapter PrimaryIsNotTheChoosenAdapter FoundDriverCount:0 
[2019.05.29-13.05.57:053][  0]LogD3D11RHI:     Adapter Name: NVIDIA GeForce GTX 860M
[2019.05.29-13.05.57:053][  0]LogD3D11RHI:   Driver Version: Unknown (internal:Unknown, unified:Unknown)
[2019.05.29-13.05.57:053][  0]LogD3D11RHI:      Driver Date: Unknown
[2019.05.29-13.05.57:053][  0]LogRHI: Texture pool is 1407 MB (70% of 2010 MB)
[2019.05.29-13.05.57:256][  0]LogD3D11RHI: Async texture creation enabled
[2019.05.29-13.05.57:503][  0]LogRendererCore: FGlobalReadBuffer::InitRHI
[2019.05.29-13.05.57:516][  0]LogRendererCore: FGlobalReadBuffer::InitRHI
[2019.05.29-13.05.57:516][  0]LogRendererCore: FGlobalReadBuffer::InitRHI
[2019.05.29-13.05.57:586][  0]LogD3D11RHI: GPU Timing Frequency: 1000.000000 (Debug: 2 2)
[2019.05.29-13.06.01:395][  0]LogTemp: Display: Module 'AllDesktopTargetPlatform' loaded TargetPlatform 'AllDesktop'
[2019.05.29-13.06.01:457][  0]LogTemp: Display: Module 'MacClientTargetPlatform' loaded TargetPlatform 'MacClient'
[2019.05.29-13.06.01:509][  0]LogTemp: Display: Module 'MacNoEditorTargetPlatform' loaded TargetPlatform 'MacNoEditor'
[2019.05.29-13.06.01:550][  0]LogTemp: Display: Module 'MacServerTargetPlatform' loaded TargetPlatform 'MacServer'
[2019.05.29-13.06.01:601][  0]LogTemp: Display: Module 'MacTargetPlatform' loaded TargetPlatform 'Mac'
[2019.05.29-13.06.01:651][  0]LogTemp: Display: Module 'WindowsClientTargetPlatform' loaded TargetPlatform 'WindowsClient'
[2019.05.29-13.06.01:697][  0]LogTemp: Display: Module 'WindowsNoEditorTargetPlatform' loaded TargetPlatform 'WindowsNoEditor'
[2019.05.29-13.06.01:749][  0]LogTemp: Display: Module 'WindowsServerTargetPlatform' loaded TargetPlatform 'WindowsServer'
[2019.05.29-13.06.01:776][  0]LogTemp: Display: Module 'WindowsTargetPlatform' loaded TargetPlatform 'Windows'
[2019.05.29-13.06.02:025][  0]LogTemp: Display: Module 'AndroidTargetPlatform' loaded TargetPlatform 'Android'
[2019.05.29-13.06.02:025][  0]LogTemp: Display: Module 'AndroidTargetPlatform' loaded TargetPlatform 'Android_ASTC'
[2019.05.29-13.06.02:025][  0]LogTemp: Display: Module 'AndroidTargetPlatform' loaded TargetPlatform 'Android_ATC'
[2019.05.29-13.06.02:025][  0]LogTemp: Display: Module 'AndroidTargetPlatform' loaded TargetPlatform 'Android_DXT'
[2019.05.29-13.06.02:025][  0]LogTemp: Display: Module 'AndroidTargetPlatform' loaded TargetPlatform 'Android_ETC1'
[2019.05.29-13.06.02:025][  0]LogTemp: Display: Module 'AndroidTargetPlatform' loaded TargetPlatform 'Android_ETC1a'
[2019.05.29-13.06.02:026][  0]LogTemp: Display: Module 'AndroidTargetPlatform' loaded TargetPlatform 'Android_ETC2'
[2019.05.29-13.06.02:026][  0]LogTemp: Display: Module 'AndroidTargetPlatform' loaded TargetPlatform 'Android_PVRTC'
[2019.05.29-13.06.02:026][  0]LogTemp: Display: Module 'AndroidTargetPlatform' loaded TargetPlatform 'AndroidClient'
[2019.05.29-13.06.02:026][  0]LogTemp: Display: Module 'AndroidTargetPlatform' loaded TargetPlatform 'Android_ASTCClient'
[2019.05.29-13.06.02:026][  0]LogTemp: Display: Module 'AndroidTargetPlatform' loaded TargetPlatform 'Android_ATCClient'
[2019.05.29-13.06.02:026][  0]LogTemp: Display: Module 'AndroidTargetPlatform' loaded TargetPlatform 'Android_DXTClient'
[2019.05.29-13.06.02:026][  0]LogTemp: Display: Module 'AndroidTargetPlatform' loaded TargetPlatform 'Android_ETC1Client'
[2019.05.29-13.06.02:026][  0]LogTemp: Display: Module 'AndroidTargetPlatform' loaded TargetPlatform 'Android_ETC1aClient'
[2019.05.29-13.06.02:026][  0]LogTemp: Display: Module 'AndroidTargetPlatform' loaded TargetPlatform 'Android_ETC2Client'
[2019.05.29-13.06.02:026][  0]LogTemp: Display: Module 'AndroidTargetPlatform' loaded TargetPlatform 'Android_PVRTCClient'
[2019.05.29-13.06.02:026][  0]LogTemp: Display: Module 'AndroidTargetPlatform' loaded TargetPlatform 'Android_Multi'
[2019.05.29-13.06.02:027][  0]LogTemp: Display: Module 'AndroidTargetPlatform' loaded TargetPlatform 'Android_MultiClient'
[2019.05.29-13.06.02:038][  0]LogTemp: Display: Module 'HTML5TargetPlatform' loaded TargetPlatform 'HTML5'
[2019.05.29-13.06.02:135][  0]LogTemp: Display: Module 'IOSTargetPlatform' loaded TargetPlatform 'IOSClient'
[2019.05.29-13.06.02:135][  0]LogTemp: Display: Module 'IOSTargetPlatform' loaded TargetPlatform 'IOS'
[2019.05.29-13.06.02:213][  0]LogTemp: Display: Module 'TVOSTargetPlatform' loaded TargetPlatform 'TVOSClient'
[2019.05.29-13.06.02:213][  0]LogTemp: Display: Module 'TVOSTargetPlatform' loaded TargetPlatform 'TVOS'
[2019.05.29-13.06.02:253][  0]LogTemp: Display: Module 'LinuxClientTargetPlatform' loaded TargetPlatform 'LinuxClient'
[2019.05.29-13.06.02:296][  0]LogTemp: Display: Module 'LinuxNoEditorTargetPlatform' loaded TargetPlatform 'LinuxNoEditor'
[2019.05.29-13.06.02:339][  0]LogTemp: Display: Module 'LinuxServerTargetPlatform' loaded TargetPlatform 'LinuxServer'
[2019.05.29-13.06.02:391][  0]LogTemp: Display: Module 'LinuxTargetPlatform' loaded TargetPlatform 'Linux'
[2019.05.29-13.06.02:574][  0]LogTemp: Display: Module 'LuminTargetPlatform' loaded TargetPlatform 'Lumin'
[2019.05.29-13.06.02:574][  0]LogTemp: Display: Module 'LuminTargetPlatform' loaded TargetPlatform 'LuminClient'
[2019.05.29-13.06.02:574][  0]LogTargetPlatformManager: Display: Building Assets For Windows
[2019.05.29-13.06.02:732][  0]LogAudioDebug: Display: Lib vorbis DLL was dynamically loaded.
[2019.05.29-13.06.03:521][  0]LogShaderCompilers: Guid format shader working directory is -2 characters bigger than the processId version (C:/Users/Administrator/Documents/N_Prototype4/Prototype4/Intermediate/Shaders/WorkingDirectory/7032/).
[2019.05.29-13.06.03:522][  0]LogShaderCompilers: Cleaned the shader compiler working directory 'C:/Users/Administrator/AppData/Local/Temp/UnrealShaderWorkingDir/8BCF8D0A4977D90ACAA579B4F560EE8D/'.
[2019.05.29-13.06.03:555][  0]LogXGEController: Cleaning working directory: C:/Users/Administrator/AppData/Local/Temp/UnrealXGEWorkingDir/
[2019.05.29-13.06.03:558][  0]LogXGEController: Cannot use XGE Controller as Incredibuild is not installed on this machine.
[2019.05.29-13.06.03:558][  0]LogShaderCompilers: Cannot use XGE Shader Compiler as Incredibuild is not installed on this machine.
[2019.05.29-13.06.03:558][  0]LogShaderCompilers: Display: Using Local Shader Compiler.
[2019.05.29-13.06.06:423][  0]LogDerivedDataCache: Display: Max Cache Size: 512 MB
[2019.05.29-13.06.06:767][  0]LogDerivedDataCache: Loaded boot cache 0.34s 71MB C:/Users/Administrator/AppData/Local/UnrealEngine/4.22/DerivedDataCache/Boot.ddc.
[2019.05.29-13.06.06:767][  0]LogDerivedDataCache: Display: Loaded Boot cache: C:/Users/Administrator/AppData/Local/UnrealEngine/4.22/DerivedDataCache/Boot.ddc
[2019.05.29-13.06.06:767][  0]LogDerivedDataCache: FDerivedDataBackendGraph:  Pak pak cache file C:/Users/Administrator/Documents/N_Prototype4/Prototype4/DerivedDataCache/DDC.ddp not found, will not use a pak cache.
[2019.05.29-13.06.06:767][  0]LogDerivedDataCache: Unable to find inner node Pak for hierarchical cache Hierarchy.
[2019.05.29-13.06.06:768][  0]LogDerivedDataCache: FDerivedDataBackendGraph:  CompressedPak pak cache file C:/Users/Administrator/Documents/N_Prototype4/Prototype4/DerivedDataCache/Compressed.ddp not found, will not use a pak cache.
[2019.05.29-13.06.06:768][  0]LogDerivedDataCache: Unable to find inner node CompressedPak for hierarchical cache Hierarchy.
[2019.05.29-13.06.06:806][  0]LogDerivedDataCache: Display: Pak cache opened for reading ../../../Engine/DerivedDataCache/Compressed.ddp.
[2019.05.29-13.06.06:806][  0]LogDerivedDataCache: FDerivedDataBackendGraph:  EnterprisePak pak cache file ../../../Enterprise/DerivedDataCache/Compressed.ddp not found, will not use a pak cache.
[2019.05.29-13.06.06:806][  0]LogDerivedDataCache: Unable to find inner node EnterprisePak for hierarchical cache Hierarchy.
[2019.05.29-13.06.06:825][  0]LogDerivedDataCache: Using Local data cache path C:/Users/Administrator/AppData/Local/UnrealEngine/Common/DerivedDataCache: Writable
[2019.05.29-13.06.06:825][  0]LogDerivedDataCache: Shared data cache path not found in *engine.ini, will not use an Shared cache.
[2019.05.29-13.06.06:825][  0]LogDerivedDataCache: Unable to find inner node Shared for hierarchical cache Hierarchy.
[2019.05.29-13.06.06:965][  0]LogMaterial: Verifying Global Shaders for PCD3D_SM5
[2019.05.29-13.06.07:051][  0]LogSlate: Using FreeType 2.6.0
[2019.05.29-13.06.07:141][  0]LogSlate: SlateFontServices - WITH_FREETYPE: 1, WITH_HARFBUZZ: 1
[2019.05.29-13.06.07:965][  0]LogAssetRegistry: FAssetRegistry took 0.0704 seconds to start up
[2019.05.29-13.06.13:337][  0]LogAssetRegistry: Error: Failed to open file for write C:/Users/Administrator/Documents/N_Prototype4/Prototype4/Intermediate/CachedAssetRegistry.bin
[2019.05.29-13.06.13:337][  0]LogInit: Selected Device Profile: [Windows]
[2019.05.29-13.06.14:959][  0]LogMeshReduction: Using QuadricMeshReduction for automatic static mesh reduction
[2019.05.29-13.06.14:959][  0]LogMeshReduction: Using SimplygonMeshReduction for automatic skeletal mesh reduction
[2019.05.29-13.06.14:959][  0]LogMeshReduction: Using ProxyLODMeshReduction for automatic mesh merging
[2019.05.29-13.06.14:959][  0]LogMeshReduction: No distributed automatic mesh merging module available
[2019.05.29-13.06.14:963][  0]LogMeshMerging: No distributed automatic mesh merging module available
[2019.05.29-13.06.15:301][  0]LogNetVersion: Prototype4 1.0.0, NetCL: 5660361, EngineNetVer: 10, GameNetVer: 0 (Checksum: 2674950334)
[2019.05.29-13.06.20:186][  0]LogPackageLocalizationCache: Processed 11 localized package path(s) for 4 prioritized culture(s) in 0.522517 seconds
[2019.05.29-13.06.20:234][  0]LogUObjectArray: 42205 objects as part of root set at end of initial load.
[2019.05.29-13.06.20:234][  0]LogUObjectAllocator: 7325032 out of 0 bytes used by permanent object pool.
[2019.05.29-13.06.20:234][  0]LogUObjectArray: CloseDisregardForGC: 0/0 objects in disregard for GC pool
[2019.05.29-13.06.33:384][  0]LogTcpMessaging: Initializing TcpMessaging bridge
[2019.05.29-13.06.33:421][  0]LogUdpMessaging: Initializing bridge on interface 0.0.0.0:0 to multicast group 230.0.0.1:6666.
[2019.05.29-13.06.34:429][  0]SourceControl: 源码控制已禁用
[2019.05.29-13.06.34:442][  0]SourceControl: 源码控制已禁用
[2019.05.29-13.06.34:533][  0]SourceControl: 源码控制已禁用
[2019.05.29-13.06.34:567][  0]SourceControl: 源码控制已禁用
[2019.05.29-13.06.35:471][  0]LogAndroidPermission: UAndroidPermissionCallbackProxy::GetInstance
[2019.05.29-13.06.36:122][  0]LogOcInput: OculusInput pre-init called
[2019.05.29-13.06.39:053][  0]LogEngine: Initializing Engine...
[2019.05.29-13.06.39:099][  0]LogHMD: Failed to initialize OpenVR with code 110
[2019.05.29-13.06.39:111][  0]LogStats: UGameplayTagsManager::InitializeManager -  0.001 s
[2019.05.29-13.06.40:353][  0]LogInit: Initializing FReadOnlyCVARCache
[2019.05.29-13.06.40:926][  0]LogAIModule: Creating AISystem for world Untitled
[2019.05.29-13.06.41:190][  0]LogInit: XAudio2 using '扬声器 (Realtek High Definition Audio)' : 2 channels at 48 kHz using 32 bits per sample (channel mask 0x3)
[2019.05.29-13.06.41:291][  0]LogInit: FAudioDevice initialized.
[2019.05.29-13.06.41:309][  0]LogNetVersion: Set ProjectVersion to 1.0.0.0. Version Checksum will be recalculated on next use.
[2019.05.29-13.06.41:331][  0]LogDerivedDataCache: Error: Could not save memory cache C:/Users/Administrator/AppData/Local/UnrealEngine/4.22/DerivedDataCache/Boot.ddc.
[2019.05.29-13.06.41:350][  0]LogInit: Texture streaming: Enabled
[2019.05.29-13.06.41:581][  0]LogEngineSessionManager: EngineSessionManager initialized
[2019.05.29-13.06.41:887][  0]LogInit: Transaction tracking system initialized
[2019.05.29-13.06.42:308][  0]BlueprintLog: New page: 编辑器加载
[2019.05.29-13.06.43:833][  0]LocalizationService: 本地化服务已禁用
[2019.05.29-13.06.47:318][  0]LogCook: Display: Max memory allowance for cook 16384mb min free memory 0mb
[2019.05.29-13.06.47:319][  0]LogCook: Display: Mobile HDR setting 1
[2019.05.29-13.06.47:695][  0]LogFileCache: Scanning file cache for directory 'C:/Users/Administrator/Documents/N_Prototype4/Prototype4/Content/' took 0.80s
[2019.05.29-13.06.50:206][  0]SourceControl: 源码控制已禁用
[2019.05.29-13.06.50:255][  0]Cmd: MAP LOAD FILE="C:/Users/Administrator/Documents/N_Prototype4/Prototype4/Content/ThirdPersonBP/Maps/ThirdPersonExampleMap.umap" TEMPLATE=0 SHOWPROGRESS=1 FEATURELEVEL=3
[2019.05.29-13.06.50:281][  0]LightingResults: New page: 光照构建
[2019.05.29-13.06.50:502][  0]MapCheck: New page: 地图检测
[2019.05.29-13.06.50:502][  0]LightingResults: New page: 光照构建
[2019.05.29-13.06.51:033][  0]LogUObjectHash: Compacting FUObjectHashTables data took   8.23ms
[2019.05.29-13.06.54:494][  0]LogMaterial: Display: Missing cached shader map for material M_blood, compiling. 
[2019.05.29-13.06.55:084][  0]LogMaterial: Display: Missing cached shader map for material M_bossSowrd_trail, compiling. 
[2019.05.29-13.06.55:194][  0]LogMaterial: Display: Missing cached shader map for material M_Sword_trail2, compiling. 
[2019.05.29-13.06.55:350][  0]LogMaterial: Display: Missing cached shader map for material katana_tusba, compiling. 
[2019.05.29-13.06.55:560][  0]LogMaterial: Display: Missing cached shader map for material katana, compiling. 
[2019.05.29-13.06.55:837][  0]LogMaterial: Display: Missing cached shader map for material lambert1, compiling. 
[2019.05.29-13.06.56:079][  0]LogMaterial: Display: Missing cached shader map for material M_Sword_trail, compiling. 
[2019.05.29-13.06.56:148][  0]LogAIModule: Creating AISystem for world ThirdPersonExampleMap
[2019.05.29-13.06.57:957][  0]LogEditorServer: Finished looking for orphan Actors (0.000 secs)
[2019.05.29-13.06.58:559][  0]LogUObjectHash: Compacting FUObjectHashTables data took   8.24ms
[2019.05.29-13.06.58:596][  0]Cmd: MAP CHECKDEP NOCLEARLOG
[2019.05.29-13.06.58:624][  0]MapCheck: 地图检测完成：0个错误，0 个警告，用时16.755毫秒完成。
[2019.05.29-13.06.58:635][  0]LogFileHelpers: Loading map 'ThirdPersonExampleMap' took 8.416
[2019.05.29-13.07.01:815][  0]LogSlate: Updating window title bar state: overlay mode, drag disabled, window buttons hidden, title bar hidden
[2019.05.29-13.07.01:882][  0]LogSlate: Updating window title bar state: overlay mode, drag disabled, window buttons hidden, title bar hidden
[2019.05.29-13.07.01:942][  0]LogSlate: Updating window title bar state: overlay mode, drag disabled, window buttons hidden, title bar hidden
[2019.05.29-13.07.01:990][  0]LogSlate: Updating window title bar state: overlay mode, drag disabled, window buttons hidden, title bar hidden
[2019.05.29-13.07.02:123][  0]LogCollectionManager: Loaded 0 collections in 0.009619 seconds
[2019.05.29-13.07.02:375][  0]LogFileCache: Scanning file cache for directory 'C:/Users/Administrator/Documents/N_Prototype4/Prototype4/Saved/Collections/' took 0.02s
[2019.05.29-13.07.02:376][  0]LogFileCache: Scanning file cache for directory 'C:/Users/Administrator/Documents/N_Prototype4/Prototype4/Content/Developers/Administrator/Collections/' took 0.00s
[2019.05.29-13.07.02:376][  0]LogFileCache: Scanning file cache for directory 'C:/Users/Administrator/Documents/N_Prototype4/Prototype4/Content/Collections/' took 0.02s
[2019.05.29-13.07.02:376][  0]LogCollectionManager: Rebuilt the GUID cache for 0 collections in 0.000001 seconds
[2019.05.29-13.07.02:429][  0]LogContentBrowser: Native class hierarchy populated in 0.0428 seconds. Added 2741 classes and 672 folders.
[2019.05.29-13.07.02:593][  0]LogContentBrowser: Native class hierarchy updated for 'WidgetCarousel' in 0.0013 seconds. Added 0 classes and 0 folders.
[2019.05.29-13.07.02:676][  0]LogPakFile: Registered encryption key '00000000000000000000000000000000': 0 pak files mounted, 0 remain pending
[2019.05.29-13.07.02:727][  0]LogPakFile: Registered encryption key '00000000000000000000000000000000': 0 pak files mounted, 0 remain pending
[2019.05.29-13.07.02:731][  0]LogPakFile: Registered encryption key '00000000000000000000000000000000': 0 pak files mounted, 0 remain pending
[2019.05.29-13.07.02:734][  0]LogPakFile: Registered encryption key '00000000000000000000000000000000': 0 pak files mounted, 0 remain pending
[2019.05.29-13.07.02:740][  0]LogPakFile: Registered encryption key '00000000000000000000000000000000': 0 pak files mounted, 0 remain pending
[2019.05.29-13.07.02:743][  0]LogPakFile: Registered encryption key '00000000000000000000000000000000': 0 pak files mounted, 0 remain pending
[2019.05.29-13.07.02:746][  0]LogPakFile: Registered encryption key '00000000000000000000000000000000': 0 pak files mounted, 0 remain pending
[2019.05.29-13.07.02:749][  0]LogPakFile: Registered encryption key '00000000000000000000000000000000': 0 pak files mounted, 0 remain pending
[2019.05.29-13.07.02:754][  0]LogPakFile: Registered encryption key '00000000000000000000000000000000': 0 pak files mounted, 0 remain pending
[2019.05.29-13.07.02:757][  0]LogPakFile: Registered encryption key '00000000000000000000000000000000': 0 pak files mounted, 0 remain pending
[2019.05.29-13.07.02:760][  0]LogPakFile: Registered encryption key '00000000000000000000000000000000': 0 pak files mounted, 0 remain pending
[2019.05.29-13.07.02:763][  0]LogPakFile: Registered encryption key '00000000000000000000000000000000': 0 pak files mounted, 0 remain pending
[2019.05.29-13.07.02:766][  0]LogPakFile: Registered encryption key '00000000000000000000000000000000': 0 pak files mounted, 0 remain pending
[2019.05.29-13.07.02:772][  0]LogPakFile: Registered encryption key '00000000000000000000000000000000': 0 pak files mounted, 0 remain pending
[2019.05.29-13.07.02:776][  0]LogPakFile: Registered encryption key '00000000000000000000000000000000': 0 pak files mounted, 0 remain pending
[2019.05.29-13.07.02:779][  0]LogPakFile: Registered encryption key '00000000000000000000000000000000': 0 pak files mounted, 0 remain pending
[2019.05.29-13.07.02:781][  0]LogPakFile: Registered encryption key '00000000000000000000000000000000': 0 pak files mounted, 0 remain pending
[2019.05.29-13.07.02:784][  0]LogPakFile: Registered encryption key '00000000000000000000000000000000': 0 pak files mounted, 0 remain pending
[2019.05.29-13.07.02:787][  0]LogPakFile: Registered encryption key '00000000000000000000000000000000': 0 pak files mounted, 0 remain pending
[2019.05.29-13.07.02:790][  0]LogPakFile: Registered encryption key '00000000000000000000000000000000': 0 pak files mounted, 0 remain pending
[2019.05.29-13.07.02:794][  0]LogPakFile: Registered encryption key '00000000000000000000000000000000': 0 pak files mounted, 0 remain pending
[2019.05.29-13.07.02:799][  0]LogPakFile: Registered encryption key '00000000000000000000000000000000': 0 pak files mounted, 0 remain pending
[2019.05.29-13.07.02:803][  0]LogPakFile: Registered encryption key '00000000000000000000000000000000': 0 pak files mounted, 0 remain pending
[2019.05.29-13.07.02:806][  0]LogPakFile: Registered encryption key '00000000000000000000000000000000': 0 pak files mounted, 0 remain pending
[2019.05.29-13.07.02:810][  0]LogPakFile: Registered encryption key '00000000000000000000000000000000': 0 pak files mounted, 0 remain pending
[2019.05.29-13.07.02:813][  0]LogPakFile: Registered encryption key '00000000000000000000000000000000': 0 pak files mounted, 0 remain pending
[2019.05.29-13.07.03:525][  0]LogContentBrowser: Native class hierarchy updated for 'AddContentDialog' in 0.0011 seconds. Added 0 classes and 0 folders.
[2019.05.29-13.07.03:608][  0]LogContentBrowser: Native class hierarchy updated for 'SceneOutliner' in 0.0014 seconds. Added 1 classes and 2 folders.
[2019.05.29-13.07.04:550][  0]LogSlate: Took 0.030735 seconds to synchronously load lazily loaded font '../../../Engine/Content/Slate/Fonts/Roboto-Regular.ttf' (155K)
[2019.05.29-13.07.04:632][  0]LogSlate: Took 0.055513 seconds to synchronously load lazily loaded font '../../../Engine/Content/Slate/Fonts/DroidSansFallback.ttf' (3848K)
[2019.05.29-13.07.04:649][  0]LogSlate: Took 0.013218 seconds to synchronously load lazily loaded font '../../../Engine/Content/Slate/Fonts/Roboto-Bold.ttf' (160K)
[2019.05.29-13.07.04:824][  0]LogSlate: Took 0.020598 seconds to synchronously load lazily loaded font '../../../Engine/Content/Editor/Slate/Fonts/FontAwesome.ttf' (139K)
[2019.05.29-13.07.05:980][  0]LogRenderer: Reallocating scene render targets to support 1208x572 Format 10 NumSamples 1 (Frame:1).
[2019.05.29-13.07.06:940][  0]LogSlate: Warning: Legacy localized fallback font '../../../Engine/Content/Slate/Fonts/DroidSansFallback.ttf' was requested. Font: '/Engine/EngineFonts/Faces/RobotoRegular.RobotoRegular', Character: '光 (U+5149)'
Legacy localized fallback fonts were deprecated in 4.22 and will be removed in a future version!
Please update your composite fonts to use localized sub-font families: https://docs.unrealengine.com/en-US/Engine/UMG/UserGuide/Fonts/Overview
[2019.05.29-13.07.07:875][  0]LogContentBrowser: Native class hierarchy updated for 'HierarchicalLODOutliner' in 0.0012 seconds. Added 0 classes and 0 folders.
[2019.05.29-13.07.07:875][  0]LogLoad: (Engine Initialization) Total time: 92.94 seconds
[2019.05.29-13.07.07:876][  0]LogLoad: (Engine Initialization) Total Blueprint compile time: 0.00 seconds
[2019.05.29-13.07.12:666][  0]LogContentStreaming: Texture pool size now 1000 MB
[2019.05.29-13.07.14:775][  1]LogFileCache: Retrieving MD5 hashes for directory 'C:/Users/Administrator/Documents/N_Prototype4/Prototype4/Content/' took 6.47s
[2019.05.29-13.07.16:209][  2]LogSlate: Took 0.009507 seconds to synchronously load lazily loaded font '../../../Engine/Content/Slate/Fonts/Roboto-Light.ttf' (167K)
[2019.05.29-13.07.21:008][ 14]LogAssetRegistry: Asset discovery search completed in 73.0672 seconds
[2019.05.29-13.07.21:038][ 14]LogCollectionManager: Rebuilt the object cache for 0 collections in 0.000001 seconds (found 0 objects)
[2019.05.29-13.07.21:038][ 14]LogCollectionManager: Fixed up redirectors for 0 collections in 0.011392 seconds (updated 0 objects)
[2019.05.29-13.08.00:633][168]LogSlate: Took 0.000391 seconds to synchronously load lazily loaded font '../../../Engine/Content/Slate/Fonts/Roboto-Light.ttf' (167K)
[2019.05.29-13.10.09:306][320]LogUnrealEdMisc: Warning: Heartbeat event firing too frequently (53.111 sec). This should never happen. Something is wrong with the timer delegate!
[2019.05.29-13.14.54:851][601]LogSlate: FSceneViewport::OnFocusLost() reason 0
[2019.05.29-13.14.54:924][603]LogTemp: Repeating last play command: 选中的视口
[2019.05.29-13.14.55:080][603]LogBlueprintUserMessages: Early PlayInEditor Detection: Level '/Game/ThirdPersonBP/Maps/ThirdPersonExampleMap.ThirdPersonExampleMap:PersistentLevel' has LevelScriptBlueprint '/Game/ThirdPersonBP/Maps/ThirdPersonExampleMap.ThirdPersonExampleMap:PersistentLevel.ThirdPersonExampleMap' with GeneratedClass '/Game/ThirdPersonBP/Maps/ThirdPersonExampleMap.ThirdPersonExampleMap_C' with ClassGeneratedBy '/Game/ThirdPersonBP/Maps/ThirdPersonExampleMap.ThirdPersonExampleMap:PersistentLevel.ThirdPersonExampleMap'
[2019.05.29-13.14.55:096][603]LogPlayLevel: PlayLevel: No blueprints needed recompiling
[2019.05.29-13.14.55:172][603]PIE: New page: PIE会话: ThirdPersonExampleMap (2019年5月30日 下午1:14:55)
[2019.05.29-13.14.55:323][603]LogPlayLevel: Creating play world package: /Game/ThirdPersonBP/Maps/UEDPIE_0_ThirdPersonExampleMap
[2019.05.29-13.14.55:510][603]LogPlayLevel: PIE: StaticDuplicateObject took: (0.184155s)
[2019.05.29-13.14.55:518][603]LogAIModule: Creating AISystem for world ThirdPersonExampleMap
[2019.05.29-13.14.55:544][603]LogPlayLevel: PIE: World Init took: (0.033472s)
[2019.05.29-13.14.55:544][603]LogPlayLevel: PIE: Created PIE world by copying editor world from /Game/ThirdPersonBP/Maps/ThirdPersonExampleMap.ThirdPersonExampleMap to /Game/ThirdPersonBP/Maps/UEDPIE_0_ThirdPersonExampleMap.ThirdPersonExampleMap (0.220925s)
[2019.05.29-13.14.55:691][603]LogUObjectHash: Compacting FUObjectHashTables data took   7.65ms
[2019.05.29-13.14.55:740][603]LogInit: XAudio2 using '扬声器 (Realtek High Definition Audio)' : 2 channels at 48 kHz using 32 bits per sample (channel mask 0x3)
[2019.05.29-13.14.55:898][603]LogInit: FAudioDevice initialized.
[2019.05.29-13.14.56:063][603]LogLoad: Game class is 'ThirdPersonGameMode_C'
[2019.05.29-13.14.56:212][603]LogWorld: Bringing World /Game/ThirdPersonBP/Maps/UEDPIE_0_ThirdPersonExampleMap.ThirdPersonExampleMap up for play (max tick rate 60) at 2019.05.30-01.14.56
[2019.05.29-13.14.56:391][603]LogWorld: Bringing up level for play took: 0.199729
[2019.05.29-13.14.56:807][603]LogContentBrowser: Native class hierarchy updated for 'MovieSceneCapture' in 0.0024 seconds. Added 20 classes and 0 folders.
[2019.05.29-13.14.56:896][603]LogAnimMontage: Warning: Playing a Montage (ExoGame_Troll_Aggro_Montage) for the wrong Skeleton (Boss1Skin_Skeleton) instead of (SK_Troll_Poison_Skeleton).
[2019.05.29-13.14.56:945][603]PIE: /Game/ThirdPersonBP/Maps/UEDPIE_0_ThirdPersonExampleMap的‘在编辑器中播放’的起始时间1.964
[2019.05.29-13.14.56:946][603]LogBlueprintUserMessages: Late PlayInEditor Detection: Level '/Game/ThirdPersonBP/Maps/ThirdPersonExampleMap.ThirdPersonExampleMap:PersistentLevel' has LevelScriptBlueprint '/Game/ThirdPersonBP/Maps/ThirdPersonExampleMap.ThirdPersonExampleMap:PersistentLevel.ThirdPersonExampleMap' with GeneratedClass '/Game/ThirdPersonBP/Maps/ThirdPersonExampleMap.ThirdPersonExampleMap_C' with ClassGeneratedBy '/Game/ThirdPersonBP/Maps/ThirdPersonExampleMap.ThirdPersonExampleMap:PersistentLevel.ThirdPersonExampleMap'
[2019.05.29-13.15.07:986][740]LogUnrealEdMisc: Warning: Heartbeat event firing too frequently (51.725 sec). This should never happen. Something is wrong with the timer delegate!
[2019.05.29-13.15.34:001][176]LogCharacterMovement: Warning: GetSimulationTimeStep() - Max iterations 8 hit while remaining time 0.087599 > MaxSimulationTimeStep (0.050) for 'ThirdPersonCharacter_167', movement 'Walking'
[2019.05.29-13.16.02:804][965]LogBlueprintUserMessages: Early EndPlayMap Detection: Level '/Game/ThirdPersonBP/Maps/ThirdPersonExampleMap.ThirdPersonExampleMap:PersistentLevel' has LevelScriptBlueprint '/Game/ThirdPersonBP/Maps/ThirdPersonExampleMap.ThirdPersonExampleMap:PersistentLevel.ThirdPersonExampleMap' with GeneratedClass '/Game/ThirdPersonBP/Maps/ThirdPersonExampleMap.ThirdPersonExampleMap_C' with ClassGeneratedBy '/Game/ThirdPersonBP/Maps/ThirdPersonExampleMap.ThirdPersonExampleMap:PersistentLevel.ThirdPersonExampleMap'
[2019.05.29-13.16.02:816][965]LogSlate: Updating window title bar state: overlay mode, drag disabled, window buttons hidden, title bar hidden
[2019.05.29-13.16.02:951][965]LogPlayLevel: Display: Shutting down PIE online subsystems
[2019.05.29-13.16.02:951][965]LogBlueprintUserMessages: Late EndPlayMap Detection: Level '/Game/ThirdPersonBP/Maps/ThirdPersonExampleMap.ThirdPersonExampleMap:PersistentLevel' has LevelScriptBlueprint '/Game/ThirdPersonBP/Maps/ThirdPersonExampleMap.ThirdPersonExampleMap:PersistentLevel.ThirdPersonExampleMap' with GeneratedClass '/Game/ThirdPersonBP/Maps/ThirdPersonExampleMap.ThirdPersonExampleMap_C' with ClassGeneratedBy '/Game/ThirdPersonBP/Maps/ThirdPersonExampleMap.ThirdPersonExampleMap:PersistentLevel.ThirdPersonExampleMap'
[2019.05.29-13.16.03:284][965]LogSlate: Updating window title bar state: overlay mode, drag disabled, window buttons hidden, title bar hidden
[2019.05.29-13.16.03:452][965]LogUObjectHash: Compacting FUObjectHashTables data took  12.00ms
[2019.05.29-13.16.05:710][966]LogPlayLevel: Display: Destroying online subsystem :Context_1
[2019.05.29-13.17.35:757][742]LogSlate: FSceneViewport::OnFocusLost() reason 0
[2019.05.29-13.17.44:588][974]LogEditorViewport: Clicking on Actor (LMB): ThirdPersonCharacter_C (ThirdPersonCharacter)
[2019.05.29-13.18.04:082][221]LogSlate: FSceneViewport::OnFocusLost() reason 0
[2019.05.29-13.18.04:169][223]LogTemp: Repeating last play command: 选中的视口
[2019.05.29-13.18.04:264][223]LogBlueprintUserMessages: Early PlayInEditor Detection: Level '/Game/ThirdPersonBP/Maps/ThirdPersonExampleMap.ThirdPersonExampleMap:PersistentLevel' has LevelScriptBlueprint '/Game/ThirdPersonBP/Maps/ThirdPersonExampleMap.ThirdPersonExampleMap:PersistentLevel.ThirdPersonExampleMap' with GeneratedClass '/Game/ThirdPersonBP/Maps/ThirdPersonExampleMap.ThirdPersonExampleMap_C' with ClassGeneratedBy '/Game/ThirdPersonBP/Maps/ThirdPersonExampleMap.ThirdPersonExampleMap:PersistentLevel.ThirdPersonExampleMap'
[2019.05.29-13.18.04:264][223]LogPlayLevel: PlayLevel: No blueprints needed recompiling
[2019.05.29-13.18.04:265][223]PIE: New page: PIE会话: ThirdPersonExampleMap (2019年5月30日 下午1:18:04)
[2019.05.29-13.18.04:266][223]LogPlayLevel: Creating play world package: /Game/ThirdPersonBP/Maps/UEDPIE_0_ThirdPersonExampleMap
[2019.05.29-13.18.04:326][223]LogPlayLevel: PIE: StaticDuplicateObject took: (0.059512s)
[2019.05.29-13.18.04:330][223]LogAIModule: Creating AISystem for world ThirdPersonExampleMap
[2019.05.29-13.18.04:330][223]LogPlayLevel: PIE: World Init took: (0.003857s)
[2019.05.29-13.18.04:330][223]LogPlayLevel: PIE: Created PIE world by copying editor world from /Game/ThirdPersonBP/Maps/ThirdPersonExampleMap.ThirdPersonExampleMap to /Game/ThirdPersonBP/Maps/UEDPIE_0_ThirdPersonExampleMap.ThirdPersonExampleMap (0.064405s)
[2019.05.29-13.18.04:472][223]LogUObjectHash: Compacting FUObjectHashTables data took   7.06ms
[2019.05.29-13.18.04:843][223]LogInit: XAudio2 using '扬声器 (Realtek High Definition Audio)' : 2 channels at 48 kHz using 32 bits per sample (channel mask 0x3)
[2019.05.29-13.18.04:965][223]LogInit: FAudioDevice initialized.
[2019.05.29-13.18.05:020][223]LogLoad: Game class is 'ThirdPersonGameMode_C'
[2019.05.29-13.18.05:030][223]LogWorld: Bringing World /Game/ThirdPersonBP/Maps/UEDPIE_0_ThirdPersonExampleMap.ThirdPersonExampleMap up for play (max tick rate 60) at 2019.05.30-01.18.05
[2019.05.29-13.18.05:033][223]LogWorld: Bringing up level for play took: 0.011690
[2019.05.29-13.18.05:054][223]LogAnimMontage: Warning: Playing a Montage (ExoGame_Troll_Aggro_Montage) for the wrong Skeleton (Boss1Skin_Skeleton) instead of (SK_Troll_Poison_Skeleton).
[2019.05.29-13.18.05:055][223]PIE: /Game/ThirdPersonBP/Maps/UEDPIE_0_ThirdPersonExampleMap的‘在编辑器中播放’的起始时间0.073
[2019.05.29-13.18.05:055][223]LogBlueprintUserMessages: Late PlayInEditor Detection: Level '/Game/ThirdPersonBP/Maps/ThirdPersonExampleMap.ThirdPersonExampleMap:PersistentLevel' has LevelScriptBlueprint '/Game/ThirdPersonBP/Maps/ThirdPersonExampleMap.ThirdPersonExampleMap:PersistentLevel.ThirdPersonExampleMap' with GeneratedClass '/Game/ThirdPersonBP/Maps/ThirdPersonExampleMap.ThirdPersonExampleMap_C' with ClassGeneratedBy '/Game/ThirdPersonBP/Maps/ThirdPersonExampleMap.ThirdPersonExampleMap:PersistentLevel.ThirdPersonExampleMap'
[2019.05.29-13.18.18:012][429]LogBlueprintUserMessages: Early EndPlayMap Detection: Level '/Game/ThirdPersonBP/Maps/ThirdPersonExampleMap.ThirdPersonExampleMap:PersistentLevel' has LevelScriptBlueprint '/Game/ThirdPersonBP/Maps/ThirdPersonExampleMap.ThirdPersonExampleMap:PersistentLevel.ThirdPersonExampleMap' with GeneratedClass '/Game/ThirdPersonBP/Maps/ThirdPersonExampleMap.ThirdPersonExampleMap_C' with ClassGeneratedBy '/Game/ThirdPersonBP/Maps/ThirdPersonExampleMap.ThirdPersonExampleMap:PersistentLevel.ThirdPersonExampleMap'
[2019.05.29-13.18.18:013][429]LogSlate: Updating window title bar state: overlay mode, drag disabled, window buttons hidden, title bar hidden
[2019.05.29-13.18.18:054][429]LogPlayLevel: Display: Shutting down PIE online subsystems
[2019.05.29-13.18.18:055][429]LogBlueprintUserMessages: Late EndPlayMap Detection: Level '/Game/ThirdPersonBP/Maps/ThirdPersonExampleMap.ThirdPersonExampleMap:PersistentLevel' has LevelScriptBlueprint '/Game/ThirdPersonBP/Maps/ThirdPersonExampleMap.ThirdPersonExampleMap:PersistentLevel.ThirdPersonExampleMap' with GeneratedClass '/Game/ThirdPersonBP/Maps/ThirdPersonExampleMap.ThirdPersonExampleMap_C' with ClassGeneratedBy '/Game/ThirdPersonBP/Maps/ThirdPersonExampleMap.ThirdPersonExampleMap:PersistentLevel.ThirdPersonExampleMap'
[2019.05.29-13.18.18:230][429]LogSlate: Updating window title bar state: overlay mode, drag disabled, window buttons hidden, title bar hidden
[2019.05.29-13.18.18:250][429]LogUObjectHash: Compacting FUObjectHashTables data took   5.22ms
[2019.05.29-13.18.18:305][430]LogPlayLevel: Display: Destroying online subsystem :Context_4
[2019.05.29-13.19.42:454][253]LogSlate: FSceneViewport::OnFocusLost() reason 0
[2019.05.29-13.19.53:901][523]LogAssetEditorManager: Opening Asset editor for Texture2D /Game/Boss/target.target
[2019.05.29-13.19.53:970][523]LogContentBrowser: Native class hierarchy updated for 'TextureEditor' in 0.0018 seconds. Added 1 classes and 2 folders.
[2019.05.29-13.19.58:964][641]LogSlate: Window 'target' being destroyed
[2019.05.29-13.19.58:974][641]LogSlate: Window 'target' being destroyed
[2019.05.29-13.20.16:508][729]LogEditorFactories: Performing atomic reimport of [C:/Users/Administrator/Desktop/Target.png]
[2019.05.29-13.20.16:511][729]LogFactory: FactoryCreateFile: Texture2D with ReimportTextureFactory (0 0 C:/Users/Administrator/Desktop/Target.png)
[2019.05.29-13.20.16:664][729]LogTexture: Display: 正在编译纹理：target（AutoDXT、512X512）
[2019.05.29-13.20.16:950][729]LogEditorFactories: -- imported successfully
[2019.05.29-13.20.21:391][848]LogTemp: Repeating last play command: 选中的视口
[2019.05.29-13.20.21:466][848]LogBlueprintUserMessages: Early PlayInEditor Detection: Level '/Game/ThirdPersonBP/Maps/ThirdPersonExampleMap.ThirdPersonExampleMap:PersistentLevel' has LevelScriptBlueprint '/Game/ThirdPersonBP/Maps/ThirdPersonExampleMap.ThirdPersonExampleMap:PersistentLevel.ThirdPersonExampleMap' with GeneratedClass '/Game/ThirdPersonBP/Maps/ThirdPersonExampleMap.ThirdPersonExampleMap_C' with ClassGeneratedBy '/Game/ThirdPersonBP/Maps/ThirdPersonExampleMap.ThirdPersonExampleMap:PersistentLevel.ThirdPersonExampleMap'
[2019.05.29-13.20.21:467][848]LogPlayLevel: PlayLevel: No blueprints needed recompiling
[2019.05.29-13.20.21:468][848]PIE: New page: PIE会话: ThirdPersonExampleMap (2019年5月30日 下午1:20:21)
[2019.05.29-13.20.21:470][848]LogPlayLevel: Creating play world package: /Game/ThirdPersonBP/Maps/UEDPIE_0_ThirdPersonExampleMap
[2019.05.29-13.20.21:539][848]LogPlayLevel: PIE: StaticDuplicateObject took: (0.069194s)
[2019.05.29-13.20.21:543][848]LogAIModule: Creating AISystem for world ThirdPersonExampleMap
[2019.05.29-13.20.21:544][848]LogPlayLevel: PIE: World Init took: (0.004438s)
[2019.05.29-13.20.21:544][848]LogPlayLevel: PIE: Created PIE world by copying editor world from /Game/ThirdPersonBP/Maps/ThirdPersonExampleMap.ThirdPersonExampleMap to /Game/ThirdPersonBP/Maps/UEDPIE_0_ThirdPersonExampleMap.ThirdPersonExampleMap (0.074533s)
[2019.05.29-13.20.22:188][848]LogUObjectHash: Compacting FUObjectHashTables data took   4.80ms
[2019.05.29-13.20.22:213][848]LogInit: XAudio2 using '扬声器 (Realtek High Definition Audio)' : 2 channels at 48 kHz using 32 bits per sample (channel mask 0x3)
[2019.05.29-13.20.22:321][848]LogInit: FAudioDevice initialized.
[2019.05.29-13.20.22:362][848]LogLoad: Game class is 'ThirdPersonGameMode_C'
[2019.05.29-13.20.22:373][848]LogWorld: Bringing World /Game/ThirdPersonBP/Maps/UEDPIE_0_ThirdPersonExampleMap.ThirdPersonExampleMap up for play (max tick rate 60) at 2019.05.30-01.20.22
[2019.05.29-13.20.22:375][848]LogWorld: Bringing up level for play took: 0.011512
[2019.05.29-13.20.22:396][848]LogAnimMontage: Warning: Playing a Montage (ExoGame_Troll_Aggro_Montage) for the wrong Skeleton (Boss1Skin_Skeleton) instead of (SK_Troll_Poison_Skeleton).
[2019.05.29-13.20.22:396][848]PIE: /Game/ThirdPersonBP/Maps/UEDPIE_0_ThirdPersonExampleMap的‘在编辑器中播放’的起始时间1.414
[2019.05.29-13.20.22:397][848]LogBlueprintUserMessages: Late PlayInEditor Detection: Level '/Game/ThirdPersonBP/Maps/ThirdPersonExampleMap.ThirdPersonExampleMap:PersistentLevel' has LevelScriptBlueprint '/Game/ThirdPersonBP/Maps/ThirdPersonExampleMap.ThirdPersonExampleMap:PersistentLevel.ThirdPersonExampleMap' with GeneratedClass '/Game/ThirdPersonBP/Maps/ThirdPersonExampleMap.ThirdPersonExampleMap_C' with ClassGeneratedBy '/Game/ThirdPersonBP/Maps/ThirdPersonExampleMap.ThirdPersonExampleMap:PersistentLevel.ThirdPersonExampleMap'
[2019.05.29-13.20.36:793][331]LogBlueprintUserMessages: Early EndPlayMap Detection: Level '/Game/ThirdPersonBP/Maps/ThirdPersonExampleMap.ThirdPersonExampleMap:PersistentLevel' has LevelScriptBlueprint '/Game/ThirdPersonBP/Maps/ThirdPersonExampleMap.ThirdPersonExampleMap:PersistentLevel.ThirdPersonExampleMap' with GeneratedClass '/Game/ThirdPersonBP/Maps/ThirdPersonExampleMap.ThirdPersonExampleMap_C' with ClassGeneratedBy '/Game/ThirdPersonBP/Maps/ThirdPersonExampleMap.ThirdPersonExampleMap:PersistentLevel.ThirdPersonExampleMap'
[2019.05.29-13.20.36:794][331]LogSlate: Updating window title bar state: overlay mode, drag disabled, window buttons hidden, title bar hidden
[2019.05.29-13.20.36:865][331]LogPlayLevel: Display: Shutting down PIE online subsystems
[2019.05.29-13.20.36:866][331]LogBlueprintUserMessages: Late EndPlayMap Detection: Level '/Game/ThirdPersonBP/Maps/ThirdPersonExampleMap.ThirdPersonExampleMap:PersistentLevel' has LevelScriptBlueprint '/Game/ThirdPersonBP/Maps/ThirdPersonExampleMap.ThirdPersonExampleMap:PersistentLevel.ThirdPersonExampleMap' with GeneratedClass '/Game/ThirdPersonBP/Maps/ThirdPersonExampleMap.ThirdPersonExampleMap_C' with ClassGeneratedBy '/Game/ThirdPersonBP/Maps/ThirdPersonExampleMap.ThirdPersonExampleMap:PersistentLevel.ThirdPersonExampleMap'
[2019.05.29-13.20.36:985][331]LogSlate: Updating window title bar state: overlay mode, drag disabled, window buttons hidden, title bar hidden
[2019.05.29-13.20.36:999][331]LogUObjectHash: Compacting FUObjectHashTables data took   5.86ms
[2019.05.29-13.20.37:064][332]LogPlayLevel: Display: Destroying online subsystem :Context_9
[2019.05.29-13.21.08:398][416]LogUnrealEdMisc: Warning: Heartbeat event firing too frequently (51.291 sec). This should never happen. Something is wrong with the timer delegate!
[2019.05.29-13.21.19:366][435]LogSlate: FSceneViewport::OnFocusLost() reason 2
[2019.05.29-13.21.44:919][551]LogSlate: FSceneViewport::OnFocusLost() reason 2
[2019.05.29-13.21.48:332][623]LogEditorFactories: Performing atomic reimport of [C:/Users/Administrator/Desktop/Target.png]
[2019.05.29-13.21.48:335][623]LogFactory: FactoryCreateFile: Texture2D with ReimportTextureFactory (0 0 C:/Users/Administrator/Desktop/Target.png)
[2019.05.29-13.21.48:387][623]LogTexture: Display: 正在编译纹理：target（AutoDXT、512X512）
[2019.05.29-13.21.48:559][623]LogEditorFactories: -- imported successfully
[2019.05.29-13.22.14:302][716]LogUObjectHash: Compacting FUObjectHashTables data took   3.19ms
